{"/Users/jaredpace/Documents/code/pitch-perfect/app/api/cleanup/route.ts": {"path":"/Users/jaredpace/Documents/code/pitch-perfect/app/api/cleanup/route.ts","statementMap":{"0":{"start":{"line":108,"column":22},"end":{"line":108,"column":25}},"1":{"start":{"line":7,"column":22},"end":{"line":7,"column":26}},"2":{"start":{"line":2,"column":42},"end":{"line":2,"column":null}},"3":{"start":{"line":3,"column":47},"end":{"line":3,"column":null}},"4":{"start":{"line":4,"column":28},"end":{"line":4,"column":null}},"5":{"start":{"line":5,"column":28},"end":{"line":5,"column":null}},"6":{"start":{"line":8,"column":2},"end":{"line":8,"column":null}},"7":{"start":{"line":10,"column":2},"end":{"line":105,"column":null}},"8":{"start":{"line":11,"column":17},"end":{"line":11,"column":null}},"9":{"start":{"line":11,"column":51},"end":{"line":11,"column":null}},"10":{"start":{"line":19,"column":8},"end":{"line":19,"column":null}},"11":{"start":{"line":22,"column":4},"end":{"line":27,"column":null}},"12":{"start":{"line":23,"column":6},"end":{"line":25,"column":null}},"13":{"start":{"line":29,"column":4},"end":{"line":29,"column":null}},"14":{"start":{"line":34,"column":4},"end":{"line":63,"column":null}},"15":{"start":{"line":36,"column":8},"end":{"line":36,"column":null}},"16":{"start":{"line":37,"column":8},"end":{"line":37,"column":null}},"17":{"start":{"line":40,"column":8},"end":{"line":40,"column":null}},"18":{"start":{"line":41,"column":8},"end":{"line":41,"column":null}},"19":{"start":{"line":44,"column":8},"end":{"line":49,"column":null}},"20":{"start":{"line":45,"column":10},"end":{"line":47,"column":null}},"21":{"start":{"line":50,"column":8},"end":{"line":50,"column":null}},"22":{"start":{"line":51,"column":8},"end":{"line":51,"column":null}},"23":{"start":{"line":55,"column":40},"end":{"line":60,"column":null}},"24":{"start":{"line":61,"column":8},"end":{"line":61,"column":null}},"25":{"start":{"line":62,"column":8},"end":{"line":62,"column":null}},"26":{"start":{"line":66,"column":21},"end":{"line":86,"column":null}},"27":{"start":{"line":88,"column":23},"end":{"line":88,"column":61}},"28":{"start":{"line":89,"column":4},"end":{"line":89,"column":null}},"29":{"start":{"line":92,"column":4},"end":{"line":92,"column":null}},"30":{"start":{"line":94,"column":25},"end":{"line":94,"column":null}},"31":{"start":{"line":96,"column":4},"end":{"line":103,"column":null}},"32":{"start":{"line":109,"column":2},"end":{"line":109,"column":null}},"33":{"start":{"line":111,"column":2},"end":{"line":166,"column":null}},"34":{"start":{"line":112,"column":29},"end":{"line":112,"column":null}},"35":{"start":{"line":113,"column":17},"end":{"line":113,"column":null}},"36":{"start":{"line":116,"column":20},"end":{"line":116,"column":null}},"37":{"start":{"line":119,"column":25},"end":{"line":119,"column":null}},"38":{"start":{"line":122,"column":26},"end":{"line":122,"column":null}},"39":{"start":{"line":124,"column":21},"end":{"line":148,"column":null}},"40":{"start":{"line":150,"column":4},"end":{"line":150,"column":null}},"41":{"start":{"line":153,"column":4},"end":{"line":153,"column":null}},"42":{"start":{"line":155,"column":25},"end":{"line":155,"column":null}},"43":{"start":{"line":157,"column":4},"end":{"line":164,"column":null}},"44":{"start":{"line":171,"column":2},"end":{"line":171,"column":null}},"45":{"start":{"line":171,"column":19},"end":{"line":171,"column":null}},"46":{"start":{"line":173,"column":12},"end":{"line":173,"column":null}},"47":{"start":{"line":174,"column":16},"end":{"line":174,"column":null}},"48":{"start":{"line":175,"column":12},"end":{"line":175,"column":null}},"49":{"start":{"line":177,"column":2},"end":{"line":177,"column":null}}},"fnMap":{"0":{"name":"POST","decl":{"start":{"line":7,"column":22},"end":{"line":7,"column":26}},"loc":{"start":{"line":7,"column":47},"end":{"line":106,"column":null}}},"1":{"name":"(anonymous_4)","decl":{"start":{"line":11,"column":44},"end":{"line":11,"column":51}},"loc":{"start":{"line":11,"column":51},"end":{"line":11,"column":null}}},"2":{"name":"GET","decl":{"start":{"line":108,"column":22},"end":{"line":108,"column":25}},"loc":{"start":{"line":108,"column":46},"end":{"line":167,"column":null}}},"3":{"name":"formatBytes","decl":{"start":{"line":170,"column":9},"end":{"line":170,"column":21}},"loc":{"start":{"line":170,"column":34},"end":{"line":178,"column":null}}}},"branchMap":{"0":{"loc":{"start":{"line":14,"column":6},"end":{"line":14,"column":20}},"type":"default-arg","locations":[{"start":{"line":14,"column":15},"end":{"line":14,"column":20}}]},"1":{"loc":{"start":{"line":15,"column":6},"end":{"line":15,"column":19}},"type":"default-arg","locations":[{"start":{"line":15,"column":14},"end":{"line":15,"column":19}}]},"2":{"loc":{"start":{"line":16,"column":6},"end":{"line":16,"column":28}},"type":"default-arg","locations":[{"start":{"line":16,"column":24},"end":{"line":16,"column":28}}]},"3":{"loc":{"start":{"line":17,"column":6},"end":{"line":17,"column":21}},"type":"default-arg","locations":[{"start":{"line":17,"column":17},"end":{"line":17,"column":21}}]},"4":{"loc":{"start":{"line":18,"column":6},"end":{"line":18,"column":19}},"type":"default-arg","locations":[{"start":{"line":18,"column":13},"end":{"line":18,"column":19}}]},"5":{"loc":{"start":{"line":22,"column":4},"end":{"line":27,"column":null}},"type":"if","locations":[{"start":{"line":22,"column":4},"end":{"line":27,"column":null}}]},"6":{"loc":{"start":{"line":22,"column":8},"end":{"line":22,"column":67}},"type":"binary-expr","locations":[{"start":{"line":22,"column":8},"end":{"line":22,"column":39}},{"start":{"line":22,"column":39},"end":{"line":22,"column":67}}]},"7":{"loc":{"start":{"line":34,"column":4},"end":{"line":63,"column":null}},"type":"switch","locations":[{"start":{"line":35,"column":6},"end":{"line":37,"column":null}},{"start":{"line":39,"column":6},"end":{"line":41,"column":null}},{"start":{"line":43,"column":6},"end":{"line":51,"column":null}},{"start":{"line":53,"column":6},"end":{"line":53,"column":null}},{"start":{"line":54,"column":6},"end":{"line":62,"column":null}}]},"8":{"loc":{"start":{"line":44,"column":8},"end":{"line":49,"column":null}},"type":"if","locations":[{"start":{"line":44,"column":8},"end":{"line":49,"column":null}}]},"9":{"loc":{"start":{"line":88,"column":23},"end":{"line":88,"column":61}},"type":"cond-expr","locations":[{"start":{"line":88,"column":50},"end":{"line":88,"column":56}},{"start":{"line":88,"column":56},"end":{"line":88,"column":61}}]},"10":{"loc":{"start":{"line":94,"column":25},"end":{"line":94,"column":null}},"type":"cond-expr","locations":[{"start":{"line":94,"column":50},"end":{"line":94,"column":63}},{"start":{"line":94,"column":66},"end":{"line":94,"column":null}}]},"11":{"loc":{"start":{"line":113,"column":17},"end":{"line":113,"column":null}},"type":"binary-expr","locations":[{"start":{"line":113,"column":17},"end":{"line":113,"column":45}},{"start":{"line":113,"column":45},"end":{"line":113,"column":null}}]},"12":{"loc":{"start":{"line":155,"column":25},"end":{"line":155,"column":null}},"type":"cond-expr","locations":[{"start":{"line":155,"column":50},"end":{"line":155,"column":63}},{"start":{"line":155,"column":66},"end":{"line":155,"column":null}}]},"13":{"loc":{"start":{"line":171,"column":2},"end":{"line":171,"column":null}},"type":"if","locations":[{"start":{"line":171,"column":2},"end":{"line":171,"column":null}}]}},"s":{"0":0,"1":0,"2":0,"3":0,"4":0,"5":0,"6":0,"7":0,"8":0,"9":0,"10":0,"11":0,"12":0,"13":0,"14":0,"15":0,"16":0,"17":0,"18":0,"19":0,"20":0,"21":0,"22":0,"23":0,"24":0,"25":0,"26":0,"27":0,"28":0,"29":0,"30":0,"31":0,"32":0,"33":0,"34":0,"35":0,"36":0,"37":0,"38":0,"39":0,"40":0,"41":0,"42":0,"43":0,"44":0,"45":0,"46":0,"47":0,"48":0,"49":0},"f":{"0":0,"1":0,"2":0,"3":0},"b":{"0":[0],"1":[0],"2":[0],"3":[0],"4":[0],"5":[0],"6":[0,0],"7":[0,0,0,0,0],"8":[0],"9":[0,0],"10":[0,0],"11":[0,0],"12":[0,0],"13":[0]}}
,"/Users/jaredpace/Documents/code/pitch-perfect/app/api/cleanup/status/route.ts": {"path":"/Users/jaredpace/Documents/code/pitch-perfect/app/api/cleanup/status/route.ts","statementMap":{"0":{"start":{"line":5,"column":22},"end":{"line":5,"column":25}},"1":{"start":{"line":58,"column":22},"end":{"line":58,"column":26}},"2":{"start":{"line":2,"column":42},"end":{"line":2,"column":null}},"3":{"start":{"line":3,"column":33},"end":{"line":3,"column":null}},"4":{"start":{"line":6,"column":2},"end":{"line":55,"column":null}},"5":{"start":{"line":7,"column":4},"end":{"line":7,"column":null}},"6":{"start":{"line":10,"column":19},"end":{"line":10,"column":null}},"7":{"start":{"line":11,"column":19},"end":{"line":11,"column":null}},"8":{"start":{"line":13,"column":21},"end":{"line":37,"column":null}},"9":{"start":{"line":39,"column":4},"end":{"line":39,"column":null}},"10":{"start":{"line":42,"column":4},"end":{"line":42,"column":null}},"11":{"start":{"line":44,"column":25},"end":{"line":44,"column":null}},"12":{"start":{"line":46,"column":4},"end":{"line":53,"column":null}},"13":{"start":{"line":59,"column":2},"end":{"line":112,"column":null}},"14":{"start":{"line":60,"column":17},"end":{"line":60,"column":null}},"15":{"start":{"line":60,"column":51},"end":{"line":60,"column":null}},"16":{"start":{"line":61,"column":34},"end":{"line":61,"column":null}},"17":{"start":{"line":63,"column":4},"end":{"line":63,"column":null}},"18":{"start":{"line":67,"column":4},"end":{"line":89,"column":null}},"19":{"start":{"line":69,"column":8},"end":{"line":69,"column":null}},"20":{"start":{"line":70,"column":8},"end":{"line":70,"column":null}},"21":{"start":{"line":71,"column":8},"end":{"line":71,"column":null}},"22":{"start":{"line":74,"column":34},"end":{"line":74,"column":null}},"23":{"start":{"line":75,"column":8},"end":{"line":75,"column":null}},"24":{"start":{"line":76,"column":8},"end":{"line":76,"column":null}},"25":{"start":{"line":77,"column":8},"end":{"line":77,"column":null}},"26":{"start":{"line":80,"column":8},"end":{"line":80,"column":null}},"27":{"start":{"line":81,"column":8},"end":{"line":81,"column":null}},"28":{"start":{"line":82,"column":8},"end":{"line":82,"column":null}},"29":{"start":{"line":85,"column":8},"end":{"line":87,"column":null}},"30":{"start":{"line":91,"column":4},"end":{"line":96,"column":null}},"31":{"start":{"line":99,"column":4},"end":{"line":99,"column":null}},"32":{"start":{"line":101,"column":25},"end":{"line":101,"column":null}},"33":{"start":{"line":103,"column":4},"end":{"line":110,"column":null}}},"fnMap":{"0":{"name":"GET","decl":{"start":{"line":5,"column":22},"end":{"line":5,"column":25}},"loc":{"start":{"line":5,"column":47},"end":{"line":56,"column":null}}},"1":{"name":"POST","decl":{"start":{"line":58,"column":22},"end":{"line":58,"column":26}},"loc":{"start":{"line":58,"column":47},"end":{"line":113,"column":null}}},"2":{"name":"(anonymous_5)","decl":{"start":{"line":60,"column":44},"end":{"line":60,"column":51}},"loc":{"start":{"line":60,"column":51},"end":{"line":60,"column":null}}}},"branchMap":{"0":{"loc":{"start":{"line":30,"column":18},"end":{"line":30,"column":null}},"type":"cond-expr","locations":[{"start":{"line":30,"column":60},"end":{"line":30,"column":72}},{"start":{"line":30,"column":72},"end":{"line":30,"column":null}}]},"1":{"loc":{"start":{"line":31,"column":19},"end":{"line":33,"column":null}},"type":"cond-expr","locations":[{"start":{"line":32,"column":14},"end":{"line":32,"column":null}},{"start":{"line":33,"column":14},"end":{"line":33,"column":null}}]},"2":{"loc":{"start":{"line":44,"column":25},"end":{"line":44,"column":null}},"type":"cond-expr","locations":[{"start":{"line":44,"column":50},"end":{"line":44,"column":63}},{"start":{"line":44,"column":66},"end":{"line":44,"column":null}}]},"3":{"loc":{"start":{"line":67,"column":4},"end":{"line":89,"column":null}},"type":"switch","locations":[{"start":{"line":68,"column":6},"end":{"line":71,"column":null}},{"start":{"line":73,"column":6},"end":{"line":77,"column":null}},{"start":{"line":79,"column":6},"end":{"line":82,"column":null}},{"start":{"line":84,"column":6},"end":{"line":87,"column":null}}]},"4":{"loc":{"start":{"line":74,"column":16},"end":{"line":74,"column":29}},"type":"default-arg","locations":[{"start":{"line":74,"column":25},"end":{"line":74,"column":29}}]},"5":{"loc":{"start":{"line":76,"column":45},"end":{"line":76,"column":71}},"type":"cond-expr","locations":[{"start":{"line":76,"column":54},"end":{"line":76,"column":68}},{"start":{"line":76,"column":68},"end":{"line":76,"column":71}}]},"6":{"loc":{"start":{"line":101,"column":25},"end":{"line":101,"column":null}},"type":"cond-expr","locations":[{"start":{"line":101,"column":50},"end":{"line":101,"column":63}},{"start":{"line":101,"column":66},"end":{"line":101,"column":null}}]}},"s":{"0":0,"1":0,"2":0,"3":0,"4":0,"5":0,"6":0,"7":0,"8":0,"9":0,"10":0,"11":0,"12":0,"13":0,"14":0,"15":0,"16":0,"17":0,"18":0,"19":0,"20":0,"21":0,"22":0,"23":0,"24":0,"25":0,"26":0,"27":0,"28":0,"29":0,"30":0,"31":0,"32":0,"33":0},"f":{"0":0,"1":0,"2":0},"b":{"0":[0,0],"1":[0,0],"2":[0,0],"3":[0,0,0,0],"4":[0],"5":[0,0],"6":[0,0]}}
,"/Users/jaredpace/Documents/code/pitch-perfect/app/api/health/route.ts": {"path":"/Users/jaredpace/Documents/code/pitch-perfect/app/api/health/route.ts","statementMap":{"0":{"start":{"line":44,"column":22},"end":{"line":44,"column":null}},"1":{"start":{"line":2,"column":29},"end":{"line":2,"column":null}},"2":{"start":{"line":3,"column":37},"end":{"line":3,"column":null}},"3":{"start":{"line":4,"column":31},"end":{"line":4,"column":null}},"4":{"start":{"line":5,"column":34},"end":{"line":5,"column":null}},"5":{"start":{"line":42,"column":18},"end":{"line":42,"column":null}},"6":{"start":{"line":45,"column":20},"end":{"line":45,"column":null}},"7":{"start":{"line":46,"column":20},"end":{"line":46,"column":null}},"8":{"start":{"line":48,"column":2},"end":{"line":126,"column":null}},"9":{"start":{"line":50,"column":33},"end":{"line":50,"column":null}},"10":{"start":{"line":53,"column":32},"end":{"line":53,"column":null}},"11":{"start":{"line":56,"column":25},"end":{"line":56,"column":null}},"12":{"start":{"line":57,"column":28},"end":{"line":57,"column":null}},"13":{"start":{"line":60,"column":21},"end":{"line":64,"column":null}},"14":{"start":{"line":66,"column":26},"end":{"line":66,"column":null}},"15":{"start":{"line":68,"column":42},"end":{"line":85,"column":null}},"16":{"start":{"line":88,"column":23},"end":{"line":89,"column":null}},"17":{"start":{"line":91,"column":4},"end":{"line":91,"column":null}},"18":{"start":{"line":95,"column":42},"end":{"line":123,"column":null}},"19":{"start":{"line":125,"column":4},"end":{"line":125,"column":null}},"20":{"start":{"line":130,"column":2},"end":{"line":171,"column":null}},"21":{"start":{"line":131,"column":18},"end":{"line":131,"column":null}},"22":{"start":{"line":134,"column":24},"end":{"line":135,"column":null}},"23":{"start":{"line":137,"column":4},"end":{"line":149,"column":null}},"24":{"start":{"line":138,"column":6},"end":{"line":142,"column":null}},"25":{"start":{"line":143,"column":11},"end":{"line":149,"column":null}},"26":{"start":{"line":144,"column":6},"end":{"line":148,"column":null}},"27":{"start":{"line":152,"column":4},"end":{"line":158,"column":null}},"28":{"start":{"line":153,"column":6},"end":{"line":157,"column":null}},"29":{"start":{"line":160,"column":4},"end":{"line":163,"column":null}},"30":{"start":{"line":166,"column":4},"end":{"line":170,"column":null}},"31":{"start":{"line":175,"column":2},"end":{"line":216,"column":null}},"32":{"start":{"line":176,"column":25},"end":{"line":176,"column":null}},"33":{"start":{"line":179,"column":23},"end":{"line":179,"column":46}},"34":{"start":{"line":181,"column":21},"end":{"line":181,"column":36}},"35":{"start":{"line":184,"column":4},"end":{"line":190,"column":null}},"36":{"start":{"line":185,"column":6},"end":{"line":189,"column":null}},"37":{"start":{"line":187,"column":77},"end":{"line":187,"column":82}},"38":{"start":{"line":193,"column":32},"end":{"line":194,"column":null}},"39":{"start":{"line":194,"column":23},"end":{"line":194,"column":null}},"40":{"start":{"line":197,"column":4},"end":{"line":203,"column":null}},"41":{"start":{"line":198,"column":6},"end":{"line":202,"column":null}},"42":{"start":{"line":200,"column":79},"end":{"line":200,"column":85}},"43":{"start":{"line":205,"column":4},"end":{"line":208,"column":null}},"44":{"start":{"line":211,"column":4},"end":{"line":215,"column":null}},"45":{"start":{"line":222,"column":55},"end":{"line":222,"column":null}},"46":{"start":{"line":224,"column":2},"end":{"line":241,"column":null}},"47":{"start":{"line":227,"column":4},"end":{"line":233,"column":null}},"48":{"start":{"line":228,"column":6},"end":{"line":228,"column":null}},"49":{"start":{"line":229,"column":11},"end":{"line":233,"column":null}},"50":{"start":{"line":230,"column":6},"end":{"line":230,"column":null}},"51":{"start":{"line":232,"column":6},"end":{"line":232,"column":null}},"52":{"start":{"line":235,"column":4},"end":{"line":240,"column":null}},"53":{"start":{"line":243,"column":2},"end":{"line":243,"column":null}},"54":{"start":{"line":247,"column":22},"end":{"line":251,"column":null}},"55":{"start":{"line":250,"column":57},"end":{"line":250,"column":66}},"56":{"start":{"line":253,"column":2},"end":{"line":259,"column":null}},"57":{"start":{"line":253,"column":33},"end":{"line":253,"column":58}},"58":{"start":{"line":254,"column":4},"end":{"line":254,"column":null}},"59":{"start":{"line":255,"column":9},"end":{"line":259,"column":null}},"60":{"start":{"line":255,"column":40},"end":{"line":255,"column":64}},"61":{"start":{"line":256,"column":4},"end":{"line":256,"column":null}},"62":{"start":{"line":258,"column":4},"end":{"line":258,"column":null}}},"fnMap":{"0":{"name":"GET","decl":{"start":{"line":44,"column":22},"end":{"line":44,"column":null}},"loc":{"start":{"line":44,"column":22},"end":{"line":127,"column":null}}},"1":{"name":"checkVideoProcessorHealth","decl":{"start":{"line":129,"column":15},"end":{"line":129,"column":null}},"loc":{"start":{"line":129,"column":15},"end":{"line":172,"column":null}}},"2":{"name":"checkErrorHandlingHealth","decl":{"start":{"line":174,"column":9},"end":{"line":174,"column":null}},"loc":{"start":{"line":174,"column":9},"end":{"line":217,"column":null}}},"3":{"name":"(anonymous_4)","decl":{"start":{"line":181,"column":6},"end":{"line":181,"column":7}},"loc":{"start":{"line":181,"column":21},"end":{"line":181,"column":36}}},"4":{"name":"(anonymous_5)","decl":{"start":{"line":187,"column":66},"end":{"line":187,"column":67}},"loc":{"start":{"line":187,"column":77},"end":{"line":187,"column":82}}},"5":{"name":"(anonymous_6)","decl":{"start":{"line":194,"column":6},"end":{"line":194,"column":7}},"loc":{"start":{"line":194,"column":23},"end":{"line":194,"column":null}}},"6":{"name":"(anonymous_7)","decl":{"start":{"line":200,"column":67},"end":{"line":200,"column":68}},"loc":{"start":{"line":200,"column":79},"end":{"line":200,"column":85}}},"7":{"name":"transformCircuitBreakerMetrics","decl":{"start":{"line":219,"column":9},"end":{"line":219,"column":null}},"loc":{"start":{"line":220,"column":107},"end":{"line":244,"column":null}}},"8":{"name":"determineOverallStatus","decl":{"start":{"line":246,"column":9},"end":{"line":246,"column":32}},"loc":{"start":{"line":246,"column":73},"end":{"line":260,"column":null}}},"9":{"name":"(anonymous_10)","decl":{"start":{"line":250,"column":51},"end":{"line":250,"column":57}},"loc":{"start":{"line":250,"column":57},"end":{"line":250,"column":66}}},"10":{"name":"(anonymous_11)","decl":{"start":{"line":253,"column":23},"end":{"line":253,"column":33}},"loc":{"start":{"line":253,"column":33},"end":{"line":253,"column":58}}},"11":{"name":"(anonymous_12)","decl":{"start":{"line":255,"column":30},"end":{"line":255,"column":40}},"loc":{"start":{"line":255,"column":40},"end":{"line":255,"column":64}}}},"branchMap":{"0":{"loc":{"start":{"line":80,"column":23},"end":{"line":81,"column":null}},"type":"cond-expr","locations":[{"start":{"line":81,"column":13},"end":{"line":81,"column":87}},{"start":{"line":81,"column":87},"end":{"line":81,"column":null}}]},"1":{"loc":{"start":{"line":88,"column":23},"end":{"line":89,"column":null}},"type":"cond-expr","locations":[{"start":{"line":88,"column":53},"end":{"line":88,"column":null}},{"start":{"line":89,"column":22},"end":{"line":89,"column":null}}]},"2":{"loc":{"start":{"line":89,"column":22},"end":{"line":89,"column":null}},"type":"cond-expr","locations":[{"start":{"line":89,"column":53},"end":{"line":89,"column":59}},{"start":{"line":89,"column":59},"end":{"line":89,"column":null}}]},"3":{"loc":{"start":{"line":134,"column":24},"end":{"line":135,"column":null}},"type":"cond-expr","locations":[{"start":{"line":135,"column":6},"end":{"line":135,"column":56}},{"start":{"line":135,"column":56},"end":{"line":135,"column":null}}]},"4":{"loc":{"start":{"line":137,"column":4},"end":{"line":149,"column":null}},"type":"if","locations":[{"start":{"line":137,"column":4},"end":{"line":149,"column":null}},{"start":{"line":143,"column":11},"end":{"line":149,"column":null}}]},"5":{"loc":{"start":{"line":143,"column":11},"end":{"line":149,"column":null}},"type":"if","locations":[{"start":{"line":143,"column":11},"end":{"line":149,"column":null}}]},"6":{"loc":{"start":{"line":152,"column":4},"end":{"line":158,"column":null}},"type":"if","locations":[{"start":{"line":152,"column":4},"end":{"line":158,"column":null}}]},"7":{"loc":{"start":{"line":168,"column":15},"end":{"line":168,"column":null}},"type":"cond-expr","locations":[{"start":{"line":168,"column":40},"end":{"line":168,"column":53}},{"start":{"line":168,"column":56},"end":{"line":168,"column":null}}]},"8":{"loc":{"start":{"line":184,"column":4},"end":{"line":190,"column":null}},"type":"if","locations":[{"start":{"line":184,"column":4},"end":{"line":190,"column":null}}]},"9":{"loc":{"start":{"line":197,"column":4},"end":{"line":203,"column":null}},"type":"if","locations":[{"start":{"line":197,"column":4},"end":{"line":203,"column":null}}]},"10":{"loc":{"start":{"line":213,"column":15},"end":{"line":213,"column":null}},"type":"cond-expr","locations":[{"start":{"line":213,"column":40},"end":{"line":213,"column":53}},{"start":{"line":213,"column":56},"end":{"line":213,"column":null}}]},"11":{"loc":{"start":{"line":227,"column":4},"end":{"line":233,"column":null}},"type":"if","locations":[{"start":{"line":227,"column":4},"end":{"line":233,"column":null}},{"start":{"line":229,"column":11},"end":{"line":233,"column":null}}]},"12":{"loc":{"start":{"line":229,"column":11},"end":{"line":233,"column":null}},"type":"if","locations":[{"start":{"line":229,"column":11},"end":{"line":233,"column":null}},{"start":{"line":231,"column":11},"end":{"line":233,"column":null}}]},"13":{"loc":{"start":{"line":229,"column":15},"end":{"line":229,"column":72}},"type":"binary-expr","locations":[{"start":{"line":229,"column":15},"end":{"line":229,"column":47}},{"start":{"line":229,"column":47},"end":{"line":229,"column":72}}]},"14":{"loc":{"start":{"line":253,"column":2},"end":{"line":259,"column":null}},"type":"if","locations":[{"start":{"line":253,"column":2},"end":{"line":259,"column":null}},{"start":{"line":255,"column":9},"end":{"line":259,"column":null}}]},"15":{"loc":{"start":{"line":255,"column":9},"end":{"line":259,"column":null}},"type":"if","locations":[{"start":{"line":255,"column":9},"end":{"line":259,"column":null}},{"start":{"line":257,"column":9},"end":{"line":259,"column":null}}]}},"s":{"0":0,"1":0,"2":0,"3":0,"4":0,"5":0,"6":0,"7":0,"8":0,"9":0,"10":0,"11":0,"12":0,"13":0,"14":0,"15":0,"16":0,"17":0,"18":0,"19":0,"20":0,"21":0,"22":0,"23":0,"24":0,"25":0,"26":0,"27":0,"28":0,"29":0,"30":0,"31":0,"32":0,"33":0,"34":0,"35":0,"36":0,"37":0,"38":0,"39":0,"40":0,"41":0,"42":0,"43":0,"44":0,"45":0,"46":0,"47":0,"48":0,"49":0,"50":0,"51":0,"52":0,"53":0,"54":0,"55":0,"56":0,"57":0,"58":0,"59":0,"60":0,"61":0,"62":0},"f":{"0":0,"1":0,"2":0,"3":0,"4":0,"5":0,"6":0,"7":0,"8":0,"9":0,"10":0,"11":0},"b":{"0":[0,0],"1":[0,0],"2":[0,0],"3":[0,0],"4":[0,0],"5":[0],"6":[0],"7":[0,0],"8":[0],"9":[0],"10":[0,0],"11":[0,0],"12":[0,0],"13":[0,0],"14":[0,0],"15":[0,0]}}
,"/Users/jaredpace/Documents/code/pitch-perfect/app/api/openai/cost-monitoring/route.ts": {"path":"/Users/jaredpace/Documents/code/pitch-perfect/app/api/openai/cost-monitoring/route.ts","statementMap":{"0":{"start":{"line":126,"column":22},"end":{"line":126,"column":25}},"1":{"start":{"line":301,"column":22},"end":{"line":301,"column":26}},"2":{"start":{"line":2,"column":28},"end":{"line":2,"column":null}},"3":{"start":{"line":3,"column":33},"end":{"line":3,"column":null}},"4":{"start":{"line":4,"column":94},"end":{"line":4,"column":null}},"5":{"start":{"line":5,"column":36},"end":{"line":5,"column":null}},"6":{"start":{"line":127,"column":20},"end":{"line":127,"column":null}},"7":{"start":{"line":129,"column":2},"end":{"line":294,"column":null}},"8":{"start":{"line":131,"column":23},"end":{"line":131,"column":null}},"9":{"start":{"line":132,"column":4},"end":{"line":135,"column":null}},"10":{"start":{"line":133,"column":24},"end":{"line":133,"column":null}},"11":{"start":{"line":134,"column":6},"end":{"line":134,"column":null}},"12":{"start":{"line":137,"column":29},"end":{"line":137,"column":null}},"13":{"start":{"line":138,"column":27},"end":{"line":138,"column":null}},"14":{"start":{"line":139,"column":22},"end":{"line":139,"column":57}},"15":{"start":{"line":140,"column":20},"end":{"line":140,"column":58}},"16":{"start":{"line":143,"column":27},"end":{"line":143,"column":null}},"17":{"start":{"line":144,"column":22},"end":{"line":144,"column":null}},"18":{"start":{"line":145,"column":20},"end":{"line":145,"column":null}},"19":{"start":{"line":148,"column":23},"end":{"line":148,"column":null}},"20":{"start":{"line":151,"column":26},"end":{"line":151,"column":null}},"21":{"start":{"line":154,"column":29},"end":{"line":154,"column":null}},"22":{"start":{"line":157,"column":25},"end":{"line":157,"column":null}},"23":{"start":{"line":160,"column":23},"end":{"line":160,"column":null}},"24":{"start":{"line":162,"column":37},"end":{"line":262,"column":null}},"25":{"start":{"line":198,"column":79},"end":{"line":202,"column":null}},"26":{"start":{"line":203,"column":88},"end":{"line":207,"column":null}},"27":{"start":{"line":214,"column":92},"end":{"line":220,"column":null}},"28":{"start":{"line":221,"column":101},"end":{"line":227,"column":null}},"29":{"start":{"line":265,"column":4},"end":{"line":287,"column":null}},"30":{"start":{"line":266,"column":28},"end":{"line":270,"column":null}},"31":{"start":{"line":272,"column":6},"end":{"line":286,"column":null}},"32":{"start":{"line":273,"column":52},"end":{"line":284,"column":null}},"33":{"start":{"line":289,"column":4},"end":{"line":289,"column":null}},"34":{"start":{"line":292,"column":28},"end":{"line":292,"column":null}},"35":{"start":{"line":293,"column":4},"end":{"line":293,"column":null}},"36":{"start":{"line":302,"column":20},"end":{"line":302,"column":null}},"37":{"start":{"line":304,"column":2},"end":{"line":379,"column":null}},"38":{"start":{"line":306,"column":23},"end":{"line":306,"column":null}},"39":{"start":{"line":307,"column":4},"end":{"line":310,"column":null}},"40":{"start":{"line":308,"column":24},"end":{"line":308,"column":null}},"41":{"start":{"line":309,"column":6},"end":{"line":309,"column":null}},"42":{"start":{"line":312,"column":17},"end":{"line":312,"column":null}},"43":{"start":{"line":313,"column":32},"end":{"line":313,"column":null}},"44":{"start":{"line":315,"column":4},"end":{"line":374,"column":null}},"45":{"start":{"line":317,"column":27},"end":{"line":317,"column":null}},"46":{"start":{"line":318,"column":8},"end":{"line":321,"column":null}},"47":{"start":{"line":325,"column":28},"end":{"line":338,"column":null}},"48":{"start":{"line":341,"column":8},"end":{"line":348,"column":null}},"49":{"start":{"line":351,"column":26},"end":{"line":351,"column":null}},"50":{"start":{"line":352,"column":24},"end":{"line":352,"column":null}},"51":{"start":{"line":353,"column":27},"end":{"line":353,"column":null}},"52":{"start":{"line":355,"column":8},"end":{"line":359,"column":null}},"53":{"start":{"line":363,"column":29},"end":{"line":363,"column":null}},"54":{"start":{"line":365,"column":8},"end":{"line":368,"column":null}},"55":{"start":{"line":371,"column":8},"end":{"line":372,"column":null}},"56":{"start":{"line":377,"column":28},"end":{"line":377,"column":null}},"57":{"start":{"line":378,"column":4},"end":{"line":378,"column":null}},"58":{"start":{"line":386,"column":45},"end":{"line":391,"column":null}},"59":{"start":{"line":393,"column":2},"end":{"line":393,"column":38}},"60":{"start":{"line":400,"column":2},"end":{"line":400,"column":null}},"61":{"start":{"line":413,"column":2},"end":{"line":421,"column":null}},"62":{"start":{"line":414,"column":4},"end":{"line":420,"column":null}},"63":{"start":{"line":423,"column":20},"end":{"line":423,"column":null}},"64":{"start":{"line":423,"column":51},"end":{"line":423,"column":65}},"65":{"start":{"line":424,"column":27},"end":{"line":424,"column":55}},"66":{"start":{"line":427,"column":18},"end":{"line":427,"column":null}},"67":{"start":{"line":427,"column":49},"end":{"line":427,"column":null}},"68":{"start":{"line":428,"column":20},"end":{"line":428,"column":null}},"69":{"start":{"line":428,"column":51},"end":{"line":428,"column":null}},"70":{"start":{"line":431,"column":2},"end":{"line":439,"column":null}},"71":{"start":{"line":432,"column":4},"end":{"line":438,"column":null}},"72":{"start":{"line":441,"column":19},"end":{"line":441,"column":null}},"73":{"start":{"line":442,"column":20},"end":{"line":442,"column":null}},"74":{"start":{"line":443,"column":21},"end":{"line":443,"column":null}},"75":{"start":{"line":445,"column":23},"end":{"line":445,"column":91}},"76":{"start":{"line":445,"column":54},"end":{"line":445,"column":68}},"77":{"start":{"line":446,"column":24},"end":{"line":446,"column":94}},"78":{"start":{"line":446,"column":56},"end":{"line":446,"column":70}},"79":{"start":{"line":448,"column":27},"end":{"line":450,"column":null}},"80":{"start":{"line":452,"column":44},"end":{"line":452,"column":null}},"81":{"start":{"line":453,"column":2},"end":{"line":455,"column":null}},"82":{"start":{"line":454,"column":4},"end":{"line":454,"column":null}},"83":{"start":{"line":457,"column":2},"end":{"line":463,"column":null}}},"fnMap":{"0":{"name":"GET","decl":{"start":{"line":126,"column":22},"end":{"line":126,"column":25}},"loc":{"start":{"line":126,"column":46},"end":{"line":295,"column":null}}},"1":{"name":"(anonymous_4)","decl":{"start":{"line":198,"column":58},"end":{"line":198,"column":59}},"loc":{"start":{"line":198,"column":79},"end":{"line":202,"column":null}}},"2":{"name":"(anonymous_5)","decl":{"start":{"line":203,"column":64},"end":{"line":203,"column":65}},"loc":{"start":{"line":203,"column":88},"end":{"line":207,"column":null}}},"3":{"name":"(anonymous_6)","decl":{"start":{"line":214,"column":71},"end":{"line":214,"column":72}},"loc":{"start":{"line":214,"column":92},"end":{"line":220,"column":null}}},"4":{"name":"(anonymous_7)","decl":{"start":{"line":221,"column":77},"end":{"line":221,"column":78}},"loc":{"start":{"line":221,"column":101},"end":{"line":227,"column":null}}},"5":{"name":"(anonymous_8)","decl":{"start":{"line":273,"column":41},"end":{"line":273,"column":52}},"loc":{"start":{"line":273,"column":52},"end":{"line":284,"column":null}}},"6":{"name":"POST","decl":{"start":{"line":301,"column":22},"end":{"line":301,"column":26}},"loc":{"start":{"line":301,"column":47},"end":{"line":380,"column":null}}},"7":{"name":"parseTimeRange","decl":{"start":{"line":385,"column":9},"end":{"line":385,"column":24}},"loc":{"start":{"line":385,"column":37},"end":{"line":394,"column":null}}},"8":{"name":"calculatePercentage","decl":{"start":{"line":399,"column":9},"end":{"line":399,"column":29}},"loc":{"start":{"line":399,"column":57},"end":{"line":401,"column":null}}},"9":{"name":"calculateCostTrends","decl":{"start":{"line":406,"column":9},"end":{"line":406,"column":29}},"loc":{"start":{"line":406,"column":96},"end":{"line":464,"column":null}}},"10":{"name":"(anonymous_13)","decl":{"start":{"line":423,"column":37},"end":{"line":423,"column":38}},"loc":{"start":{"line":423,"column":51},"end":{"line":423,"column":65}}},"11":{"name":"(anonymous_14)","decl":{"start":{"line":427,"column":35},"end":{"line":427,"column":36}},"loc":{"start":{"line":427,"column":49},"end":{"line":427,"column":null}}},"12":{"name":"(anonymous_15)","decl":{"start":{"line":428,"column":37},"end":{"line":428,"column":38}},"loc":{"start":{"line":428,"column":51},"end":{"line":428,"column":null}}},"13":{"name":"(anonymous_16)","decl":{"start":{"line":445,"column":40},"end":{"line":445,"column":41}},"loc":{"start":{"line":445,"column":54},"end":{"line":445,"column":68}}},"14":{"name":"(anonymous_17)","decl":{"start":{"line":446,"column":42},"end":{"line":446,"column":43}},"loc":{"start":{"line":446,"column":56},"end":{"line":446,"column":70}}}},"branchMap":{"0":{"loc":{"start":{"line":132,"column":4},"end":{"line":135,"column":null}},"type":"if","locations":[{"start":{"line":132,"column":4},"end":{"line":135,"column":null}}]},"1":{"loc":{"start":{"line":133,"column":49},"end":{"line":133,"column":102}},"type":"binary-expr","locations":[{"start":{"line":133,"column":49},"end":{"line":133,"column":65}},{"start":{"line":133,"column":69},"end":{"line":133,"column":102}}]},"2":{"loc":{"start":{"line":139,"column":22},"end":{"line":139,"column":57}},"type":"binary-expr","locations":[{"start":{"line":139,"column":22},"end":{"line":139,"column":51}},{"start":{"line":139,"column":51},"end":{"line":139,"column":57}}]},"3":{"loc":{"start":{"line":140,"column":20},"end":{"line":140,"column":58}},"type":"binary-expr","locations":[{"start":{"line":140,"column":20},"end":{"line":140,"column":51}},{"start":{"line":140,"column":51},"end":{"line":140,"column":58}}]},"4":{"loc":{"start":{"line":218,"column":23},"end":{"line":218,"column":null}},"type":"cond-expr","locations":[{"start":{"line":218,"column":44},"end":{"line":218,"column":71}},{"start":{"line":218,"column":74},"end":{"line":218,"column":null}}]},"5":{"loc":{"start":{"line":219,"column":25},"end":{"line":219,"column":null}},"type":"cond-expr","locations":[{"start":{"line":219,"column":46},"end":{"line":219,"column":75}},{"start":{"line":219,"column":78},"end":{"line":219,"column":null}}]},"6":{"loc":{"start":{"line":225,"column":23},"end":{"line":225,"column":null}},"type":"cond-expr","locations":[{"start":{"line":225,"column":44},"end":{"line":225,"column":71}},{"start":{"line":225,"column":74},"end":{"line":225,"column":null}}]},"7":{"loc":{"start":{"line":226,"column":25},"end":{"line":226,"column":null}},"type":"cond-expr","locations":[{"start":{"line":226,"column":46},"end":{"line":226,"column":75}},{"start":{"line":226,"column":78},"end":{"line":226,"column":null}}]},"8":{"loc":{"start":{"line":241,"column":33},"end":{"line":241,"column":null}},"type":"binary-expr","locations":[{"start":{"line":241,"column":33},"end":{"line":241,"column":71}},{"start":{"line":241,"column":71},"end":{"line":241,"column":null}}]},"9":{"loc":{"start":{"line":253,"column":31},"end":{"line":253,"column":null}},"type":"cond-expr","locations":[{"start":{"line":253,"column":60},"end":{"line":253,"column":105}},{"start":{"line":253,"column":108},"end":{"line":253,"column":null}}]},"10":{"loc":{"start":{"line":254,"column":36},"end":{"line":256,"column":null}},"type":"cond-expr","locations":[{"start":{"line":255,"column":14},"end":{"line":255,"column":104}},{"start":{"line":256,"column":14},"end":{"line":256,"column":null}}]},"11":{"loc":{"start":{"line":254,"column":36},"end":{"line":254,"column":null}},"type":"binary-expr","locations":[{"start":{"line":254,"column":36},"end":{"line":254,"column":74}},{"start":{"line":254,"column":74},"end":{"line":254,"column":null}}]},"12":{"loc":{"start":{"line":257,"column":27},"end":{"line":259,"column":null}},"type":"cond-expr","locations":[{"start":{"line":258,"column":14},"end":{"line":258,"column":75}},{"start":{"line":259,"column":14},"end":{"line":259,"column":null}}]},"13":{"loc":{"start":{"line":265,"column":4},"end":{"line":287,"column":null}},"type":"if","locations":[{"start":{"line":265,"column":4},"end":{"line":287,"column":null}}]},"14":{"loc":{"start":{"line":307,"column":4},"end":{"line":310,"column":null}},"type":"if","locations":[{"start":{"line":307,"column":4},"end":{"line":310,"column":null}}]},"15":{"loc":{"start":{"line":308,"column":49},"end":{"line":308,"column":102}},"type":"binary-expr","locations":[{"start":{"line":308,"column":49},"end":{"line":308,"column":65}},{"start":{"line":308,"column":69},"end":{"line":308,"column":102}}]},"16":{"loc":{"start":{"line":315,"column":4},"end":{"line":374,"column":null}},"type":"switch","locations":[{"start":{"line":316,"column":6},"end":{"line":321,"column":null}},{"start":{"line":323,"column":6},"end":{"line":348,"column":null}},{"start":{"line":350,"column":6},"end":{"line":359,"column":null}},{"start":{"line":361,"column":6},"end":{"line":368,"column":null}},{"start":{"line":370,"column":6},"end":{"line":372,"column":null}}]},"17":{"loc":{"start":{"line":351,"column":26},"end":{"line":351,"column":null}},"type":"cond-expr","locations":[{"start":{"line":351,"column":43},"end":{"line":351,"column":70}},{"start":{"line":351,"column":70},"end":{"line":351,"column":null}}]},"18":{"loc":{"start":{"line":352,"column":24},"end":{"line":352,"column":null}},"type":"cond-expr","locations":[{"start":{"line":352,"column":39},"end":{"line":352,"column":64}},{"start":{"line":352,"column":64},"end":{"line":352,"column":null}}]},"19":{"loc":{"start":{"line":393,"column":9},"end":{"line":393,"column":38}},"type":"binary-expr","locations":[{"start":{"line":393,"column":9},"end":{"line":393,"column":26}},{"start":{"line":393,"column":30},"end":{"line":393,"column":38}}]},"20":{"loc":{"start":{"line":400,"column":9},"end":{"line":400,"column":null}},"type":"cond-expr","locations":[{"start":{"line":400,"column":21},"end":{"line":400,"column":69}},{"start":{"line":400,"column":69},"end":{"line":400,"column":null}}]},"21":{"loc":{"start":{"line":413,"column":2},"end":{"line":421,"column":null}},"type":"if","locations":[{"start":{"line":413,"column":2},"end":{"line":421,"column":null}}]},"22":{"loc":{"start":{"line":427,"column":49},"end":{"line":427,"column":null}},"type":"cond-expr","locations":[{"start":{"line":427,"column":71},"end":{"line":427,"column":77}},{"start":{"line":427,"column":77},"end":{"line":427,"column":null}}]},"23":{"loc":{"start":{"line":428,"column":51},"end":{"line":428,"column":null}},"type":"cond-expr","locations":[{"start":{"line":428,"column":73},"end":{"line":428,"column":79}},{"start":{"line":428,"column":79},"end":{"line":428,"column":null}}]},"24":{"loc":{"start":{"line":431,"column":2},"end":{"line":439,"column":null}},"type":"if","locations":[{"start":{"line":431,"column":2},"end":{"line":439,"column":null}}]},"25":{"loc":{"start":{"line":448,"column":27},"end":{"line":450,"column":null}},"type":"cond-expr","locations":[{"start":{"line":449,"column":6},"end":{"line":449,"column":null}},{"start":{"line":450,"column":6},"end":{"line":450,"column":null}}]},"26":{"loc":{"start":{"line":453,"column":2},"end":{"line":455,"column":null}},"type":"if","locations":[{"start":{"line":453,"column":2},"end":{"line":455,"column":null}}]},"27":{"loc":{"start":{"line":454,"column":16},"end":{"line":454,"column":null}},"type":"cond-expr","locations":[{"start":{"line":454,"column":39},"end":{"line":454,"column":46}},{"start":{"line":454,"column":46},"end":{"line":454,"column":null}}]}},"s":{"0":0,"1":0,"2":0,"3":0,"4":0,"5":0,"6":0,"7":0,"8":0,"9":0,"10":0,"11":0,"12":0,"13":0,"14":0,"15":0,"16":0,"17":0,"18":0,"19":0,"20":0,"21":0,"22":0,"23":0,"24":0,"25":0,"26":0,"27":0,"28":0,"29":0,"30":0,"31":0,"32":0,"33":0,"34":0,"35":0,"36":0,"37":0,"38":0,"39":0,"40":0,"41":0,"42":0,"43":0,"44":0,"45":0,"46":0,"47":0,"48":0,"49":0,"50":0,"51":0,"52":0,"53":0,"54":0,"55":0,"56":0,"57":0,"58":0,"59":0,"60":0,"61":0,"62":0,"63":0,"64":0,"65":0,"66":0,"67":0,"68":0,"69":0,"70":0,"71":0,"72":0,"73":0,"74":0,"75":0,"76":0,"77":0,"78":0,"79":0,"80":0,"81":0,"82":0,"83":0},"f":{"0":0,"1":0,"2":0,"3":0,"4":0,"5":0,"6":0,"7":0,"8":0,"9":0,"10":0,"11":0,"12":0,"13":0,"14":0},"b":{"0":[0],"1":[0,0],"2":[0,0],"3":[0,0],"4":[0,0],"5":[0,0],"6":[0,0],"7":[0,0],"8":[0,0],"9":[0,0],"10":[0,0],"11":[0,0],"12":[0,0],"13":[0],"14":[0],"15":[0,0],"16":[0,0,0,0,0],"17":[0,0],"18":[0,0],"19":[0,0],"20":[0,0],"21":[0],"22":[0,0],"23":[0,0],"24":[0],"25":[0,0],"26":[0],"27":[0,0]}}
,"/Users/jaredpace/Documents/code/pitch-perfect/app/api/openai/debug/route.ts": {"path":"/Users/jaredpace/Documents/code/pitch-perfect/app/api/openai/debug/route.ts","statementMap":{"0":{"start":{"line":3,"column":22},"end":{"line":3,"column":26}},"1":{"start":{"line":1,"column":42},"end":{"line":1,"column":null}},"2":{"start":{"line":4,"column":2},"end":{"line":27,"column":null}},"3":{"start":{"line":5,"column":19},"end":{"line":5,"column":45}},"4":{"start":{"line":7,"column":4},"end":{"line":16,"column":null}},"5":{"start":{"line":14,"column":54},"end":{"line":14,"column":null}},"6":{"start":{"line":19,"column":4},"end":{"line":25,"column":null}}},"fnMap":{"0":{"name":"GET","decl":{"start":{"line":3,"column":22},"end":{"line":3,"column":26}},"loc":{"start":{"line":3,"column":46},"end":{"line":28,"column":null}}},"1":{"name":"(anonymous_2)","decl":{"start":{"line":14,"column":47},"end":{"line":14,"column":54}},"loc":{"start":{"line":14,"column":54},"end":{"line":14,"column":null}}}},"branchMap":{"0":{"loc":{"start":{"line":10,"column":17},"end":{"line":10,"column":null}},"type":"cond-expr","locations":[{"start":{"line":10,"column":26},"end":{"line":10,"column":39}},{"start":{"line":10,"column":42},"end":{"line":10,"column":null}}]},"1":{"loc":{"start":{"line":11,"column":20},"end":{"line":11,"column":null}},"type":"cond-expr","locations":[{"start":{"line":11,"column":29},"end":{"line":11,"column":56}},{"start":{"line":11,"column":56},"end":{"line":11,"column":null}}]},"2":{"loc":{"start":{"line":12,"column":18},"end":{"line":12,"column":null}},"type":"cond-expr","locations":[{"start":{"line":12,"column":27},"end":{"line":12,"column":52}},{"start":{"line":12,"column":52},"end":{"line":12,"column":null}}]},"3":{"loc":{"start":{"line":13,"column":17},"end":{"line":13,"column":null}},"type":"cond-expr","locations":[{"start":{"line":13,"column":26},"end":{"line":13,"column":64}},{"start":{"line":13,"column":64},"end":{"line":13,"column":null}}]},"4":{"loc":{"start":{"line":23,"column":17},"end":{"line":23,"column":null}},"type":"cond-expr","locations":[{"start":{"line":23,"column":42},"end":{"line":23,"column":55}},{"start":{"line":23,"column":58},"end":{"line":23,"column":null}}]}},"s":{"0":0,"1":0,"2":0,"3":0,"4":0,"5":0,"6":0},"f":{"0":0,"1":0},"b":{"0":[0,0],"1":[0,0],"2":[0,0],"3":[0,0],"4":[0,0]}}
,"/Users/jaredpace/Documents/code/pitch-perfect/app/api/openai/rate-limit/route.ts": {"path":"/Users/jaredpace/Documents/code/pitch-perfect/app/api/openai/rate-limit/route.ts","statementMap":{"0":{"start":{"line":10,"column":22},"end":{"line":10,"column":25}},"1":{"start":{"line":131,"column":22},"end":{"line":131,"column":27}},"2":{"start":{"line":56,"column":22},"end":{"line":56,"column":26}},"3":{"start":{"line":2,"column":28},"end":{"line":2,"column":null}},"4":{"start":{"line":3,"column":94},"end":{"line":3,"column":null}},"5":{"start":{"line":4,"column":36},"end":{"line":4,"column":null}},"6":{"start":{"line":11,"column":20},"end":{"line":11,"column":null}},"7":{"start":{"line":13,"column":2},"end":{"line":49,"column":null}},"8":{"start":{"line":15,"column":23},"end":{"line":15,"column":null}},"9":{"start":{"line":16,"column":4},"end":{"line":19,"column":null}},"10":{"start":{"line":17,"column":24},"end":{"line":17,"column":null}},"11":{"start":{"line":18,"column":6},"end":{"line":18,"column":null}},"12":{"start":{"line":21,"column":19},"end":{"line":21,"column":null}},"13":{"start":{"line":22,"column":22},"end":{"line":22,"column":null}},"14":{"start":{"line":24,"column":21},"end":{"line":42,"column":null}},"15":{"start":{"line":30,"column":77},"end":{"line":30,"column":104}},"16":{"start":{"line":31,"column":75},"end":{"line":31,"column":100}},"17":{"start":{"line":44,"column":4},"end":{"line":44,"column":null}},"18":{"start":{"line":47,"column":28},"end":{"line":47,"column":null}},"19":{"start":{"line":48,"column":4},"end":{"line":48,"column":null}},"20":{"start":{"line":57,"column":20},"end":{"line":57,"column":null}},"21":{"start":{"line":59,"column":2},"end":{"line":124,"column":null}},"22":{"start":{"line":61,"column":23},"end":{"line":61,"column":null}},"23":{"start":{"line":62,"column":4},"end":{"line":65,"column":null}},"24":{"start":{"line":63,"column":24},"end":{"line":63,"column":null}},"25":{"start":{"line":64,"column":6},"end":{"line":64,"column":null}},"26":{"start":{"line":71,"column":4},"end":{"line":76,"column":null}},"27":{"start":{"line":72,"column":6},"end":{"line":72,"column":null}},"28":{"start":{"line":74,"column":25},"end":{"line":74,"column":null}},"29":{"start":{"line":75,"column":6},"end":{"line":75,"column":null}},"30":{"start":{"line":79,"column":4},"end":{"line":119,"column":null}},"31":{"start":{"line":81,"column":6},"end":{"line":81,"column":null}},"32":{"start":{"line":83,"column":6},"end":{"line":87,"column":null}},"33":{"start":{"line":89,"column":11},"end":{"line":119,"column":null}},"34":{"start":{"line":91,"column":6},"end":{"line":100,"column":null}},"35":{"start":{"line":94,"column":8},"end":{"line":99,"column":null}},"36":{"start":{"line":102,"column":11},"end":{"line":119,"column":null}},"37":{"start":{"line":104,"column":21},"end":{"line":104,"column":null}},"38":{"start":{"line":105,"column":24},"end":{"line":105,"column":null}},"39":{"start":{"line":107,"column":6},"end":{"line":114,"column":null}},"40":{"start":{"line":117,"column":26},"end":{"line":117,"column":null}},"41":{"start":{"line":118,"column":6},"end":{"line":118,"column":null}},"42":{"start":{"line":122,"column":28},"end":{"line":122,"column":null}},"43":{"start":{"line":123,"column":4},"end":{"line":123,"column":null}},"44":{"start":{"line":132,"column":20},"end":{"line":132,"column":null}},"45":{"start":{"line":134,"column":2},"end":{"line":185,"column":null}},"46":{"start":{"line":136,"column":23},"end":{"line":136,"column":null}},"47":{"start":{"line":137,"column":4},"end":{"line":140,"column":null}},"48":{"start":{"line":138,"column":24},"end":{"line":138,"column":null}},"49":{"start":{"line":139,"column":6},"end":{"line":139,"column":null}},"50":{"start":{"line":145,"column":4},"end":{"line":150,"column":null}},"51":{"start":{"line":146,"column":6},"end":{"line":146,"column":null}},"52":{"start":{"line":148,"column":25},"end":{"line":148,"column":null}},"53":{"start":{"line":149,"column":6},"end":{"line":149,"column":null}},"54":{"start":{"line":153,"column":4},"end":{"line":177,"column":null}},"55":{"start":{"line":154,"column":26},"end":{"line":154,"column":null}},"56":{"start":{"line":156,"column":6},"end":{"line":158,"column":null}},"57":{"start":{"line":157,"column":8},"end":{"line":157,"column":null}},"58":{"start":{"line":159,"column":6},"end":{"line":161,"column":null}},"59":{"start":{"line":160,"column":8},"end":{"line":160,"column":null}},"60":{"start":{"line":162,"column":6},"end":{"line":164,"column":null}},"61":{"start":{"line":163,"column":8},"end":{"line":163,"column":null}},"62":{"start":{"line":165,"column":6},"end":{"line":167,"column":null}},"63":{"start":{"line":166,"column":8},"end":{"line":166,"column":null}},"64":{"start":{"line":169,"column":6},"end":{"line":169,"column":null}},"65":{"start":{"line":171,"column":6},"end":{"line":176,"column":null}},"66":{"start":{"line":179,"column":24},"end":{"line":179,"column":null}},"67":{"start":{"line":180,"column":4},"end":{"line":180,"column":null}},"68":{"start":{"line":183,"column":28},"end":{"line":183,"column":null}},"69":{"start":{"line":184,"column":4},"end":{"line":184,"column":null}}},"fnMap":{"0":{"name":"GET","decl":{"start":{"line":10,"column":22},"end":{"line":10,"column":25}},"loc":{"start":{"line":10,"column":47},"end":{"line":50,"column":null}}},"1":{"name":"(anonymous_5)","decl":{"start":{"line":30,"column":58},"end":{"line":30,"column":59}},"loc":{"start":{"line":30,"column":77},"end":{"line":30,"column":104}}},"2":{"name":"(anonymous_6)","decl":{"start":{"line":31,"column":56},"end":{"line":31,"column":57}},"loc":{"start":{"line":31,"column":75},"end":{"line":31,"column":100}}},"3":{"name":"POST","decl":{"start":{"line":56,"column":22},"end":{"line":56,"column":26}},"loc":{"start":{"line":56,"column":47},"end":{"line":125,"column":null}}},"4":{"name":"PATCH","decl":{"start":{"line":131,"column":22},"end":{"line":131,"column":27}},"loc":{"start":{"line":131,"column":48},"end":{"line":186,"column":null}}}},"branchMap":{"0":{"loc":{"start":{"line":16,"column":4},"end":{"line":19,"column":null}},"type":"if","locations":[{"start":{"line":16,"column":4},"end":{"line":19,"column":null}}]},"1":{"loc":{"start":{"line":17,"column":49},"end":{"line":17,"column":102}},"type":"binary-expr","locations":[{"start":{"line":17,"column":49},"end":{"line":17,"column":65}},{"start":{"line":17,"column":69},"end":{"line":17,"column":102}}]},"2":{"loc":{"start":{"line":62,"column":4},"end":{"line":65,"column":null}},"type":"if","locations":[{"start":{"line":62,"column":4},"end":{"line":65,"column":null}}]},"3":{"loc":{"start":{"line":63,"column":49},"end":{"line":63,"column":102}},"type":"binary-expr","locations":[{"start":{"line":63,"column":49},"end":{"line":63,"column":65}},{"start":{"line":63,"column":69},"end":{"line":63,"column":102}}]},"4":{"loc":{"start":{"line":79,"column":4},"end":{"line":119,"column":null}},"type":"if","locations":[{"start":{"line":79,"column":4},"end":{"line":119,"column":null}},{"start":{"line":89,"column":11},"end":{"line":119,"column":null}}]},"5":{"loc":{"start":{"line":89,"column":11},"end":{"line":119,"column":null}},"type":"if","locations":[{"start":{"line":89,"column":11},"end":{"line":119,"column":null}},{"start":{"line":102,"column":11},"end":{"line":119,"column":null}}]},"6":{"loc":{"start":{"line":91,"column":6},"end":{"line":100,"column":null}},"type":"if","locations":[{"start":{"line":91,"column":6},"end":{"line":100,"column":null}}]},"7":{"loc":{"start":{"line":102,"column":11},"end":{"line":119,"column":null}},"type":"if","locations":[{"start":{"line":102,"column":11},"end":{"line":119,"column":null}},{"start":{"line":116,"column":11},"end":{"line":119,"column":null}}]},"8":{"loc":{"start":{"line":137,"column":4},"end":{"line":140,"column":null}},"type":"if","locations":[{"start":{"line":137,"column":4},"end":{"line":140,"column":null}}]},"9":{"loc":{"start":{"line":138,"column":49},"end":{"line":138,"column":102}},"type":"binary-expr","locations":[{"start":{"line":138,"column":49},"end":{"line":138,"column":65}},{"start":{"line":138,"column":69},"end":{"line":138,"column":102}}]},"10":{"loc":{"start":{"line":153,"column":4},"end":{"line":177,"column":null}},"type":"if","locations":[{"start":{"line":153,"column":4},"end":{"line":177,"column":null}}]},"11":{"loc":{"start":{"line":156,"column":6},"end":{"line":158,"column":null}},"type":"if","locations":[{"start":{"line":156,"column":6},"end":{"line":158,"column":null}}]},"12":{"loc":{"start":{"line":159,"column":6},"end":{"line":161,"column":null}},"type":"if","locations":[{"start":{"line":159,"column":6},"end":{"line":161,"column":null}}]},"13":{"loc":{"start":{"line":162,"column":6},"end":{"line":164,"column":null}},"type":"if","locations":[{"start":{"line":162,"column":6},"end":{"line":164,"column":null}}]},"14":{"loc":{"start":{"line":165,"column":6},"end":{"line":167,"column":null}},"type":"if","locations":[{"start":{"line":165,"column":6},"end":{"line":167,"column":null}}]}},"s":{"0":0,"1":0,"2":0,"3":0,"4":0,"5":0,"6":0,"7":0,"8":0,"9":0,"10":0,"11":0,"12":0,"13":0,"14":0,"15":0,"16":0,"17":0,"18":0,"19":0,"20":0,"21":0,"22":0,"23":0,"24":0,"25":0,"26":0,"27":0,"28":0,"29":0,"30":0,"31":0,"32":0,"33":0,"34":0,"35":0,"36":0,"37":0,"38":0,"39":0,"40":0,"41":0,"42":0,"43":0,"44":0,"45":0,"46":0,"47":0,"48":0,"49":0,"50":0,"51":0,"52":0,"53":0,"54":0,"55":0,"56":0,"57":0,"58":0,"59":0,"60":0,"61":0,"62":0,"63":0,"64":0,"65":0,"66":0,"67":0,"68":0,"69":0},"f":{"0":0,"1":0,"2":0,"3":0,"4":0},"b":{"0":[0],"1":[0,0],"2":[0],"3":[0,0],"4":[0,0],"5":[0,0],"6":[0],"7":[0,0],"8":[0],"9":[0,0],"10":[0],"11":[0],"12":[0],"13":[0],"14":[0]}}
,"/Users/jaredpace/Documents/code/pitch-perfect/app/api/openai/setup/route.ts": {"path":"/Users/jaredpace/Documents/code/pitch-perfect/app/api/openai/setup/route.ts","statementMap":{"0":{"start":{"line":4,"column":22},"end":{"line":4,"column":25}},"1":{"start":{"line":31,"column":22},"end":{"line":31,"column":26}},"2":{"start":{"line":1,"column":42},"end":{"line":1,"column":null}},"3":{"start":{"line":2,"column":52},"end":{"line":2,"column":null}},"4":{"start":{"line":5,"column":2},"end":{"line":28,"column":null}},"5":{"start":{"line":7,"column":24},"end":{"line":7,"column":null}},"6":{"start":{"line":8,"column":23},"end":{"line":8,"column":null}},"7":{"start":{"line":10,"column":4},"end":{"line":15,"column":null}},"8":{"start":{"line":18,"column":4},"end":{"line":18,"column":null}},"9":{"start":{"line":20,"column":4},"end":{"line":26,"column":null}},"10":{"start":{"line":32,"column":2},"end":{"line":77,"column":null}},"11":{"start":{"line":33,"column":17},"end":{"line":33,"column":null}},"12":{"start":{"line":34,"column":23},"end":{"line":34,"column":null}},"13":{"start":{"line":36,"column":4},"end":{"line":45,"column":null}},"14":{"start":{"line":37,"column":26},"end":{"line":37,"column":null}},"15":{"start":{"line":39,"column":6},"end":{"line":44,"column":null}},"16":{"start":{"line":47,"column":4},"end":{"line":55,"column":null}},"17":{"start":{"line":48,"column":25},"end":{"line":48,"column":null}},"18":{"start":{"line":50,"column":6},"end":{"line":54,"column":null}},"19":{"start":{"line":57,"column":4},"end":{"line":63,"column":null}},"20":{"start":{"line":67,"column":4},"end":{"line":67,"column":null}},"21":{"start":{"line":69,"column":4},"end":{"line":75,"column":null}}},"fnMap":{"0":{"name":"GET","decl":{"start":{"line":4,"column":22},"end":{"line":4,"column":25}},"loc":{"start":{"line":4,"column":46},"end":{"line":29,"column":null}}},"1":{"name":"POST","decl":{"start":{"line":31,"column":22},"end":{"line":31,"column":26}},"loc":{"start":{"line":31,"column":47},"end":{"line":78,"column":null}}}},"branchMap":{"0":{"loc":{"start":{"line":24,"column":17},"end":{"line":24,"column":null}},"type":"cond-expr","locations":[{"start":{"line":24,"column":42},"end":{"line":24,"column":55}},{"start":{"line":24,"column":58},"end":{"line":24,"column":null}}]},"1":{"loc":{"start":{"line":36,"column":4},"end":{"line":45,"column":null}},"type":"if","locations":[{"start":{"line":36,"column":4},"end":{"line":45,"column":null}}]},"2":{"loc":{"start":{"line":47,"column":4},"end":{"line":55,"column":null}},"type":"if","locations":[{"start":{"line":47,"column":4},"end":{"line":55,"column":null}}]},"3":{"loc":{"start":{"line":73,"column":17},"end":{"line":73,"column":null}},"type":"cond-expr","locations":[{"start":{"line":73,"column":42},"end":{"line":73,"column":55}},{"start":{"line":73,"column":58},"end":{"line":73,"column":null}}]}},"s":{"0":0,"1":0,"2":0,"3":0,"4":0,"5":0,"6":0,"7":0,"8":0,"9":0,"10":0,"11":0,"12":0,"13":0,"14":0,"15":0,"16":0,"17":0,"18":0,"19":0,"20":0,"21":0},"f":{"0":0,"1":0},"b":{"0":[0,0],"1":[0],"2":[0],"3":[0,0]}}
,"/Users/jaredpace/Documents/code/pitch-perfect/app/api/openai/test/route.ts": {"path":"/Users/jaredpace/Documents/code/pitch-perfect/app/api/openai/test/route.ts","statementMap":{"0":{"start":{"line":4,"column":22},"end":{"line":4,"column":25}},"1":{"start":{"line":66,"column":22},"end":{"line":66,"column":26}},"2":{"start":{"line":1,"column":42},"end":{"line":1,"column":null}},"3":{"start":{"line":2,"column":53},"end":{"line":2,"column":null}},"4":{"start":{"line":5,"column":2},"end":{"line":63,"column":null}},"5":{"start":{"line":7,"column":19},"end":{"line":7,"column":45}},"6":{"start":{"line":9,"column":4},"end":{"line":18,"column":null}},"7":{"start":{"line":10,"column":6},"end":{"line":16,"column":null}},"8":{"start":{"line":21,"column":4},"end":{"line":30,"column":null}},"9":{"start":{"line":22,"column":6},"end":{"line":28,"column":null}},"10":{"start":{"line":33,"column":27},"end":{"line":33,"column":null}},"11":{"start":{"line":35,"column":4},"end":{"line":51,"column":null}},"12":{"start":{"line":36,"column":6},"end":{"line":41,"column":null}},"13":{"start":{"line":43,"column":6},"end":{"line":49,"column":null}},"14":{"start":{"line":53,"column":4},"end":{"line":53,"column":null}},"15":{"start":{"line":55,"column":4},"end":{"line":61,"column":null}},"16":{"start":{"line":67,"column":2},"end":{"line":112,"column":null}},"17":{"start":{"line":68,"column":17},"end":{"line":68,"column":null}},"18":{"start":{"line":69,"column":35},"end":{"line":69,"column":null}},"19":{"start":{"line":71,"column":4},"end":{"line":80,"column":null}},"20":{"start":{"line":72,"column":6},"end":{"line":78,"column":null}},"21":{"start":{"line":83,"column":4},"end":{"line":92,"column":null}},"22":{"start":{"line":84,"column":6},"end":{"line":90,"column":null}},"23":{"start":{"line":94,"column":4},"end":{"line":99,"column":null}},"24":{"start":{"line":102,"column":4},"end":{"line":102,"column":null}},"25":{"start":{"line":104,"column":4},"end":{"line":110,"column":null}}},"fnMap":{"0":{"name":"GET","decl":{"start":{"line":4,"column":22},"end":{"line":4,"column":25}},"loc":{"start":{"line":4,"column":46},"end":{"line":64,"column":null}}},"1":{"name":"POST","decl":{"start":{"line":66,"column":22},"end":{"line":66,"column":26}},"loc":{"start":{"line":66,"column":47},"end":{"line":113,"column":null}}}},"branchMap":{"0":{"loc":{"start":{"line":9,"column":4},"end":{"line":18,"column":null}},"type":"if","locations":[{"start":{"line":9,"column":4},"end":{"line":18,"column":null}}]},"1":{"loc":{"start":{"line":21,"column":4},"end":{"line":30,"column":null}},"type":"if","locations":[{"start":{"line":21,"column":4},"end":{"line":30,"column":null}}]},"2":{"loc":{"start":{"line":35,"column":4},"end":{"line":51,"column":null}},"type":"if","locations":[{"start":{"line":35,"column":4},"end":{"line":51,"column":null}},{"start":{"line":42,"column":11},"end":{"line":51,"column":null}}]},"3":{"loc":{"start":{"line":59,"column":17},"end":{"line":59,"column":null}},"type":"cond-expr","locations":[{"start":{"line":59,"column":42},"end":{"line":59,"column":55}},{"start":{"line":59,"column":58},"end":{"line":59,"column":null}}]},"4":{"loc":{"start":{"line":71,"column":4},"end":{"line":80,"column":null}},"type":"if","locations":[{"start":{"line":71,"column":4},"end":{"line":80,"column":null}}]},"5":{"loc":{"start":{"line":83,"column":4},"end":{"line":92,"column":null}},"type":"if","locations":[{"start":{"line":83,"column":4},"end":{"line":92,"column":null}}]},"6":{"loc":{"start":{"line":108,"column":17},"end":{"line":108,"column":null}},"type":"cond-expr","locations":[{"start":{"line":108,"column":42},"end":{"line":108,"column":55}},{"start":{"line":108,"column":58},"end":{"line":108,"column":null}}]}},"s":{"0":0,"1":0,"2":0,"3":0,"4":0,"5":0,"6":0,"7":0,"8":0,"9":0,"10":0,"11":0,"12":0,"13":0,"14":0,"15":0,"16":0,"17":0,"18":0,"19":0,"20":0,"21":0,"22":0,"23":0,"24":0,"25":0},"f":{"0":0,"1":0},"b":{"0":[0],"1":[0],"2":[0,0],"3":[0,0],"4":[0],"5":[0],"6":[0,0]}}
,"/Users/jaredpace/Documents/code/pitch-perfect/app/api/openai/vision/route.ts": {"path":"/Users/jaredpace/Documents/code/pitch-perfect/app/api/openai/vision/route.ts","statementMap":{"0":{"start":{"line":125,"column":22},"end":{"line":125,"column":25}},"1":{"start":{"line":253,"column":22},"end":{"line":253,"column":29}},"2":{"start":{"line":41,"column":22},"end":{"line":41,"column":26}},"3":{"start":{"line":2,"column":96},"end":{"line":2,"column":null}},"4":{"start":{"line":3,"column":94},"end":{"line":3,"column":null}},"5":{"start":{"line":4,"column":36},"end":{"line":4,"column":null}},"6":{"start":{"line":42,"column":20},"end":{"line":42,"column":null}},"7":{"start":{"line":44,"column":2},"end":{"line":118,"column":null}},"8":{"start":{"line":46,"column":23},"end":{"line":46,"column":null}},"9":{"start":{"line":47,"column":4},"end":{"line":50,"column":null}},"10":{"start":{"line":48,"column":24},"end":{"line":48,"column":null}},"11":{"start":{"line":49,"column":6},"end":{"line":49,"column":null}},"12":{"start":{"line":54,"column":4},"end":{"line":59,"column":null}},"13":{"start":{"line":55,"column":6},"end":{"line":55,"column":null}},"14":{"start":{"line":57,"column":25},"end":{"line":57,"column":null}},"15":{"start":{"line":58,"column":6},"end":{"line":58,"column":null}},"16":{"start":{"line":62,"column":28},"end":{"line":62,"column":null}},"17":{"start":{"line":63,"column":4},"end":{"line":66,"column":null}},"18":{"start":{"line":64,"column":20},"end":{"line":64,"column":null}},"19":{"start":{"line":65,"column":6},"end":{"line":65,"column":null}},"20":{"start":{"line":69,"column":4},"end":{"line":113,"column":null}},"21":{"start":{"line":71,"column":52},"end":{"line":76,"column":null}},"22":{"start":{"line":78,"column":21},"end":{"line":78,"column":null}},"23":{"start":{"line":80,"column":6},"end":{"line":85,"column":null}},"24":{"start":{"line":87,"column":11},"end":{"line":113,"column":null}},"25":{"start":{"line":89,"column":49},"end":{"line":99,"column":null}},"26":{"start":{"line":90,"column":42},"end":{"line":95,"column":null}},"27":{"start":{"line":101,"column":21},"end":{"line":101,"column":null}},"28":{"start":{"line":103,"column":6},"end":{"line":108,"column":null}},"29":{"start":{"line":111,"column":24},"end":{"line":111,"column":null}},"30":{"start":{"line":112,"column":6},"end":{"line":112,"column":null}},"31":{"start":{"line":116,"column":28},"end":{"line":116,"column":null}},"32":{"start":{"line":117,"column":4},"end":{"line":117,"column":null}},"33":{"start":{"line":126,"column":20},"end":{"line":126,"column":null}},"34":{"start":{"line":128,"column":2},"end":{"line":157,"column":null}},"35":{"start":{"line":129,"column":56},"end":{"line":135,"column":null}},"36":{"start":{"line":137,"column":19},"end":{"line":142,"column":null}},"37":{"start":{"line":144,"column":19},"end":{"line":150,"column":null}},"38":{"start":{"line":152,"column":4},"end":{"line":152,"column":null}},"39":{"start":{"line":155,"column":28},"end":{"line":155,"column":null}},"40":{"start":{"line":156,"column":4},"end":{"line":156,"column":null}},"41":{"start":{"line":164,"column":2},"end":{"line":166,"column":null}},"42":{"start":{"line":165,"column":4},"end":{"line":165,"column":null}},"43":{"start":{"line":168,"column":22},"end":{"line":168,"column":null}},"44":{"start":{"line":170,"column":2},"end":{"line":172,"column":null}},"45":{"start":{"line":171,"column":4},"end":{"line":171,"column":null}},"46":{"start":{"line":174,"column":2},"end":{"line":176,"column":null}},"47":{"start":{"line":175,"column":4},"end":{"line":175,"column":null}},"48":{"start":{"line":178,"column":45},"end":{"line":184,"column":null}},"49":{"start":{"line":186,"column":2},"end":{"line":188,"column":null}},"50":{"start":{"line":187,"column":4},"end":{"line":187,"column":null}},"51":{"start":{"line":190,"column":2},"end":{"line":245,"column":null}},"52":{"start":{"line":191,"column":4},"end":{"line":193,"column":null}},"53":{"start":{"line":192,"column":6},"end":{"line":192,"column":null}},"54":{"start":{"line":195,"column":4},"end":{"line":197,"column":null}},"55":{"start":{"line":196,"column":6},"end":{"line":196,"column":null}},"56":{"start":{"line":200,"column":4},"end":{"line":204,"column":null}},"57":{"start":{"line":201,"column":6},"end":{"line":201,"column":null}},"58":{"start":{"line":203,"column":6},"end":{"line":203,"column":null}},"59":{"start":{"line":206,"column":9},"end":{"line":245,"column":null}},"60":{"start":{"line":207,"column":4},"end":{"line":209,"column":null}},"61":{"start":{"line":208,"column":6},"end":{"line":208,"column":null}},"62":{"start":{"line":211,"column":4},"end":{"line":213,"column":null}},"63":{"start":{"line":212,"column":6},"end":{"line":212,"column":null}},"64":{"start":{"line":215,"column":4},"end":{"line":217,"column":null}},"65":{"start":{"line":216,"column":6},"end":{"line":216,"column":null}},"66":{"start":{"line":220,"column":4},"end":{"line":236,"column":null}},"67":{"start":{"line":220,"column":17},"end":{"line":220,"column":20}},"68":{"start":{"line":221,"column":20},"end":{"line":221,"column":41}},"69":{"start":{"line":223,"column":6},"end":{"line":225,"column":null}},"70":{"start":{"line":224,"column":8},"end":{"line":224,"column":null}},"71":{"start":{"line":227,"column":6},"end":{"line":229,"column":null}},"72":{"start":{"line":228,"column":8},"end":{"line":228,"column":null}},"73":{"start":{"line":231,"column":6},"end":{"line":235,"column":null}},"74":{"start":{"line":232,"column":8},"end":{"line":232,"column":null}},"75":{"start":{"line":234,"column":8},"end":{"line":234,"column":null}},"76":{"start":{"line":239,"column":4},"end":{"line":241,"column":null}},"77":{"start":{"line":240,"column":6},"end":{"line":240,"column":null}},"78":{"start":{"line":244,"column":4},"end":{"line":244,"column":null}},"79":{"start":{"line":247,"column":2},"end":{"line":247,"column":15}},"80":{"start":{"line":254,"column":2},"end":{"line":261,"column":null}}},"fnMap":{"0":{"name":"POST","decl":{"start":{"line":41,"column":22},"end":{"line":41,"column":26}},"loc":{"start":{"line":41,"column":47},"end":{"line":119,"column":null}}},"1":{"name":"(anonymous_5)","decl":{"start":{"line":90,"column":32},"end":{"line":90,"column":42}},"loc":{"start":{"line":90,"column":42},"end":{"line":95,"column":null}}},"2":{"name":"GET","decl":{"start":{"line":125,"column":22},"end":{"line":125,"column":25}},"loc":{"start":{"line":125,"column":22},"end":{"line":158,"column":null}}},"3":{"name":"validateRequestBody","decl":{"start":{"line":163,"column":9},"end":{"line":163,"column":29}},"loc":{"start":{"line":163,"column":42},"end":{"line":248,"column":null}}},"4":{"name":"OPTIONS","decl":{"start":{"line":253,"column":22},"end":{"line":253,"column":29}},"loc":{"start":{"line":253,"column":22},"end":{"line":262,"column":null}}}},"branchMap":{"0":{"loc":{"start":{"line":47,"column":4},"end":{"line":50,"column":null}},"type":"if","locations":[{"start":{"line":47,"column":4},"end":{"line":50,"column":null}}]},"1":{"loc":{"start":{"line":48,"column":49},"end":{"line":48,"column":102}},"type":"binary-expr","locations":[{"start":{"line":48,"column":49},"end":{"line":48,"column":65}},{"start":{"line":48,"column":69},"end":{"line":48,"column":102}}]},"2":{"loc":{"start":{"line":63,"column":4},"end":{"line":66,"column":null}},"type":"if","locations":[{"start":{"line":63,"column":4},"end":{"line":66,"column":null}}]},"3":{"loc":{"start":{"line":69,"column":4},"end":{"line":113,"column":null}},"type":"if","locations":[{"start":{"line":69,"column":4},"end":{"line":113,"column":null}},{"start":{"line":87,"column":11},"end":{"line":113,"column":null}}]},"4":{"loc":{"start":{"line":87,"column":11},"end":{"line":113,"column":null}},"type":"if","locations":[{"start":{"line":87,"column":11},"end":{"line":113,"column":null}},{"start":{"line":110,"column":11},"end":{"line":113,"column":null}}]},"5":{"loc":{"start":{"line":164,"column":2},"end":{"line":166,"column":null}},"type":"if","locations":[{"start":{"line":164,"column":2},"end":{"line":166,"column":null}}]},"6":{"loc":{"start":{"line":164,"column":6},"end":{"line":164,"column":41}},"type":"binary-expr","locations":[{"start":{"line":164,"column":6},"end":{"line":164,"column":15}},{"start":{"line":164,"column":15},"end":{"line":164,"column":41}}]},"7":{"loc":{"start":{"line":170,"column":2},"end":{"line":172,"column":null}},"type":"if","locations":[{"start":{"line":170,"column":2},"end":{"line":172,"column":null}}]},"8":{"loc":{"start":{"line":174,"column":2},"end":{"line":176,"column":null}},"type":"if","locations":[{"start":{"line":174,"column":2},"end":{"line":176,"column":null}}]},"9":{"loc":{"start":{"line":186,"column":2},"end":{"line":188,"column":null}},"type":"if","locations":[{"start":{"line":186,"column":2},"end":{"line":188,"column":null}}]},"10":{"loc":{"start":{"line":190,"column":2},"end":{"line":245,"column":null}},"type":"if","locations":[{"start":{"line":190,"column":2},"end":{"line":245,"column":null}},{"start":{"line":206,"column":9},"end":{"line":245,"column":null}}]},"11":{"loc":{"start":{"line":191,"column":4},"end":{"line":193,"column":null}},"type":"if","locations":[{"start":{"line":191,"column":4},"end":{"line":193,"column":null}}]},"12":{"loc":{"start":{"line":191,"column":8},"end":{"line":191,"column":75}},"type":"binary-expr","locations":[{"start":{"line":191,"column":8},"end":{"line":191,"column":29}},{"start":{"line":191,"column":33},"end":{"line":191,"column":75}}]},"13":{"loc":{"start":{"line":195,"column":4},"end":{"line":197,"column":null}},"type":"if","locations":[{"start":{"line":195,"column":4},"end":{"line":197,"column":null}}]},"14":{"loc":{"start":{"line":206,"column":9},"end":{"line":245,"column":null}},"type":"if","locations":[{"start":{"line":206,"column":9},"end":{"line":245,"column":null}},{"start":{"line":243,"column":9},"end":{"line":245,"column":null}}]},"15":{"loc":{"start":{"line":207,"column":4},"end":{"line":209,"column":null}},"type":"if","locations":[{"start":{"line":207,"column":4},"end":{"line":209,"column":null}}]},"16":{"loc":{"start":{"line":211,"column":4},"end":{"line":213,"column":null}},"type":"if","locations":[{"start":{"line":211,"column":4},"end":{"line":213,"column":null}}]},"17":{"loc":{"start":{"line":215,"column":4},"end":{"line":217,"column":null}},"type":"if","locations":[{"start":{"line":215,"column":4},"end":{"line":217,"column":null}}]},"18":{"loc":{"start":{"line":223,"column":6},"end":{"line":225,"column":null}},"type":"if","locations":[{"start":{"line":223,"column":6},"end":{"line":225,"column":null}}]},"19":{"loc":{"start":{"line":223,"column":10},"end":{"line":223,"column":65}},"type":"binary-expr","locations":[{"start":{"line":223,"column":10},"end":{"line":223,"column":25}},{"start":{"line":223,"column":29},"end":{"line":223,"column":65}}]},"20":{"loc":{"start":{"line":227,"column":6},"end":{"line":229,"column":null}},"type":"if","locations":[{"start":{"line":227,"column":6},"end":{"line":229,"column":null}}]},"21":{"loc":{"start":{"line":239,"column":4},"end":{"line":241,"column":null}},"type":"if","locations":[{"start":{"line":239,"column":4},"end":{"line":241,"column":null}}]},"22":{"loc":{"start":{"line":239,"column":8},"end":{"line":239,"column":151}},"type":"binary-expr","locations":[{"start":{"line":239,"column":8},"end":{"line":239,"column":48}},{"start":{"line":239,"column":48},"end":{"line":239,"column":93}},{"start":{"line":239,"column":93},"end":{"line":239,"column":122}},{"start":{"line":239,"column":122},"end":{"line":239,"column":147}}]}},"s":{"0":0,"1":0,"2":0,"3":0,"4":0,"5":0,"6":0,"7":0,"8":0,"9":0,"10":0,"11":0,"12":0,"13":0,"14":0,"15":0,"16":0,"17":0,"18":0,"19":0,"20":0,"21":0,"22":0,"23":0,"24":0,"25":0,"26":0,"27":0,"28":0,"29":0,"30":0,"31":0,"32":0,"33":0,"34":0,"35":0,"36":0,"37":0,"38":0,"39":0,"40":0,"41":0,"42":0,"43":0,"44":0,"45":0,"46":0,"47":0,"48":0,"49":0,"50":0,"51":0,"52":0,"53":0,"54":0,"55":0,"56":0,"57":0,"58":0,"59":0,"60":0,"61":0,"62":0,"63":0,"64":0,"65":0,"66":0,"67":0,"68":0,"69":0,"70":0,"71":0,"72":0,"73":0,"74":0,"75":0,"76":0,"77":0,"78":0,"79":0,"80":0},"f":{"0":0,"1":0,"2":0,"3":0,"4":0},"b":{"0":[0],"1":[0,0],"2":[0],"3":[0,0],"4":[0,0],"5":[0],"6":[0,0],"7":[0],"8":[0],"9":[0],"10":[0,0],"11":[0],"12":[0,0],"13":[0],"14":[0,0],"15":[0],"16":[0],"17":[0],"18":[0],"19":[0,0],"20":[0],"21":[0],"22":[0,0,0,0]}}
,"/Users/jaredpace/Documents/code/pitch-perfect/app/api/storage/analytics/route.ts": {"path":"/Users/jaredpace/Documents/code/pitch-perfect/app/api/storage/analytics/route.ts","statementMap":{"0":{"start":{"line":31,"column":22},"end":{"line":31,"column":25}},"1":{"start":{"line":192,"column":22},"end":{"line":192,"column":26}},"2":{"start":{"line":3,"column":39},"end":{"line":3,"column":null}},"3":{"start":{"line":4,"column":28},"end":{"line":4,"column":null}},"4":{"start":{"line":5,"column":28},"end":{"line":5,"column":null}},"5":{"start":{"line":11,"column":7},"end":{"line":11,"column":null}},"6":{"start":{"line":14,"column":7},"end":{"line":14,"column":null}},"7":{"start":{"line":18,"column":2},"end":{"line":18,"column":null}},"8":{"start":{"line":18,"column":19},"end":{"line":18,"column":null}},"9":{"start":{"line":19,"column":12},"end":{"line":19,"column":null}},"10":{"start":{"line":20,"column":16},"end":{"line":20,"column":null}},"11":{"start":{"line":21,"column":12},"end":{"line":21,"column":null}},"12":{"start":{"line":22,"column":2},"end":{"line":22,"column":null}},"13":{"start":{"line":27,"column":2},"end":{"line":27,"column":null}},"14":{"start":{"line":32,"column":20},"end":{"line":32,"column":null}},"15":{"start":{"line":34,"column":2},"end":{"line":188,"column":null}},"16":{"start":{"line":35,"column":29},"end":{"line":35,"column":null}},"17":{"start":{"line":36,"column":27},"end":{"line":36,"column":null}},"18":{"start":{"line":37,"column":22},"end":{"line":37,"column":58}},"19":{"start":{"line":40,"column":29},"end":{"line":40,"column":null}},"20":{"start":{"line":44,"column":4},"end":{"line":54,"column":null}},"21":{"start":{"line":45,"column":6},"end":{"line":45,"column":null}},"22":{"start":{"line":47,"column":6},"end":{"line":47,"column":null}},"23":{"start":{"line":48,"column":6},"end":{"line":53,"column":null}},"24":{"start":{"line":57,"column":26},"end":{"line":57,"column":null}},"25":{"start":{"line":60,"column":22},"end":{"line":137,"column":null}},"26":{"start":{"line":71,"column":98},"end":{"line":77,"column":null}},"27":{"start":{"line":125,"column":93},"end":{"line":129,"column":null}},"28":{"start":{"line":140,"column":4},"end":{"line":146,"column":null}},"29":{"start":{"line":141,"column":6},"end":{"line":145,"column":null}},"30":{"start":{"line":148,"column":4},"end":{"line":154,"column":null}},"31":{"start":{"line":149,"column":6},"end":{"line":153,"column":null}},"32":{"start":{"line":156,"column":4},"end":{"line":162,"column":null}},"33":{"start":{"line":157,"column":6},"end":{"line":161,"column":null}},"34":{"start":{"line":165,"column":30},"end":{"line":170,"column":null}},"35":{"start":{"line":172,"column":4},"end":{"line":178,"column":null}},"36":{"start":{"line":173,"column":6},"end":{"line":177,"column":null}},"37":{"start":{"line":180,"column":4},"end":{"line":180,"column":null}},"38":{"start":{"line":183,"column":27},"end":{"line":185,"column":null}},"39":{"start":{"line":187,"column":4},"end":{"line":187,"column":null}},"40":{"start":{"line":193,"column":20},"end":{"line":193,"column":null}},"41":{"start":{"line":195,"column":2},"end":{"line":235,"column":null}},"42":{"start":{"line":196,"column":17},"end":{"line":196,"column":null}},"43":{"start":{"line":202,"column":8},"end":{"line":202,"column":null}},"44":{"start":{"line":205,"column":28},"end":{"line":225,"column":null}},"45":{"start":{"line":227,"column":4},"end":{"line":227,"column":null}},"46":{"start":{"line":230,"column":27},"end":{"line":232,"column":null}},"47":{"start":{"line":234,"column":4},"end":{"line":234,"column":null}}},"fnMap":{"0":{"name":"formatBytes","decl":{"start":{"line":17,"column":9},"end":{"line":17,"column":21}},"loc":{"start":{"line":17,"column":34},"end":{"line":23,"column":null}}},"1":{"name":"calculatePercentage","decl":{"start":{"line":26,"column":9},"end":{"line":26,"column":29}},"loc":{"start":{"line":26,"column":57},"end":{"line":28,"column":null}}},"2":{"name":"GET","decl":{"start":{"line":31,"column":22},"end":{"line":31,"column":25}},"loc":{"start":{"line":31,"column":46},"end":{"line":189,"column":null}}},"3":{"name":"(anonymous_6)","decl":{"start":{"line":71,"column":79},"end":{"line":71,"column":80}},"loc":{"start":{"line":71,"column":98},"end":{"line":77,"column":null}}},"4":{"name":"(anonymous_7)","decl":{"start":{"line":125,"column":71},"end":{"line":125,"column":72}},"loc":{"start":{"line":125,"column":93},"end":{"line":129,"column":null}}},"5":{"name":"POST","decl":{"start":{"line":192,"column":22},"end":{"line":192,"column":26}},"loc":{"start":{"line":192,"column":47},"end":{"line":236,"column":null}}}},"branchMap":{"0":{"loc":{"start":{"line":18,"column":2},"end":{"line":18,"column":null}},"type":"if","locations":[{"start":{"line":18,"column":2},"end":{"line":18,"column":null}}]},"1":{"loc":{"start":{"line":27,"column":9},"end":{"line":27,"column":null}},"type":"cond-expr","locations":[{"start":{"line":27,"column":21},"end":{"line":27,"column":66}},{"start":{"line":27,"column":66},"end":{"line":27,"column":null}}]},"2":{"loc":{"start":{"line":37,"column":22},"end":{"line":37,"column":58}},"type":"binary-expr","locations":[{"start":{"line":37,"column":22},"end":{"line":37,"column":51}},{"start":{"line":37,"column":51},"end":{"line":37,"column":58}}]},"3":{"loc":{"start":{"line":140,"column":4},"end":{"line":146,"column":null}},"type":"if","locations":[{"start":{"line":140,"column":4},"end":{"line":146,"column":null}}]},"4":{"loc":{"start":{"line":148,"column":4},"end":{"line":154,"column":null}},"type":"if","locations":[{"start":{"line":148,"column":4},"end":{"line":154,"column":null}}]},"5":{"loc":{"start":{"line":156,"column":4},"end":{"line":162,"column":null}},"type":"if","locations":[{"start":{"line":156,"column":4},"end":{"line":162,"column":null}}]},"6":{"loc":{"start":{"line":172,"column":4},"end":{"line":178,"column":null}},"type":"if","locations":[{"start":{"line":172,"column":4},"end":{"line":178,"column":null}}]},"7":{"loc":{"start":{"line":183,"column":27},"end":{"line":185,"column":null}},"type":"cond-expr","locations":[{"start":{"line":184,"column":8},"end":{"line":184,"column":null}},{"start":{"line":185,"column":8},"end":{"line":185,"column":null}}]},"8":{"loc":{"start":{"line":198,"column":6},"end":{"line":198,"column":18}},"type":"default-arg","locations":[{"start":{"line":198,"column":16},"end":{"line":198,"column":18}}]},"9":{"loc":{"start":{"line":199,"column":6},"end":{"line":199,"column":23}},"type":"default-arg","locations":[{"start":{"line":199,"column":18},"end":{"line":199,"column":23}}]},"10":{"loc":{"start":{"line":200,"column":6},"end":{"line":200,"column":23}},"type":"default-arg","locations":[{"start":{"line":200,"column":21},"end":{"line":200,"column":23}}]},"11":{"loc":{"start":{"line":201,"column":6},"end":{"line":201,"column":32}},"type":"default-arg","locations":[{"start":{"line":201,"column":27},"end":{"line":201,"column":32}}]},"12":{"loc":{"start":{"line":230,"column":27},"end":{"line":232,"column":null}},"type":"cond-expr","locations":[{"start":{"line":231,"column":8},"end":{"line":231,"column":null}},{"start":{"line":232,"column":8},"end":{"line":232,"column":null}}]}},"s":{"0":0,"1":0,"2":0,"3":0,"4":0,"5":0,"6":0,"7":0,"8":0,"9":0,"10":0,"11":0,"12":0,"13":0,"14":0,"15":0,"16":0,"17":0,"18":0,"19":0,"20":0,"21":0,"22":0,"23":0,"24":0,"25":0,"26":0,"27":0,"28":0,"29":0,"30":0,"31":0,"32":0,"33":0,"34":0,"35":0,"36":0,"37":0,"38":0,"39":0,"40":0,"41":0,"42":0,"43":0,"44":0,"45":0,"46":0,"47":0},"f":{"0":0,"1":0,"2":0,"3":0,"4":0,"5":0},"b":{"0":[0],"1":[0,0],"2":[0,0],"3":[0],"4":[0],"5":[0],"6":[0],"7":[0,0],"8":[0],"9":[0],"10":[0],"11":[
[...]
}}]},"17":{"loc":{"start":{"line":207,"column":14},"end":{"line":207,"column":49}},"type":"default-arg","locations":[{"start":{"line":207,"column":24},"end":{"line":207,"column":49}}]},"18":{"loc":{"start":{"line":216,"column":14},"end":{"line":216,"column":50}},"type":"default-arg","locations":[{"start":{"line":216,"column":24},"end":{"line":216,"column":50}}]},"19":{"loc":{"start":{"line":225,"column":14},"end":{"line":225,"column":63}},"type":"default-arg","locations":[{"start":{"line":225,"column":24},"end":{"line":225,"column":63}}]},"20":{"loc":{"start":{"line":234,"column":14},"end":{"line":234,"column":49}},"type":"default-arg","locations":[{"start":{"line":234,"column":24},"end":{"line":234,"column":49}}]},"21":{"loc":{"start":{"line":243,"column":14},"end":{"line":243,"column":49}},"type":"default-arg","locations":[{"start":{"line":243,"column":24},"end":{"line":243,"column":49}}]},"22":{"loc":{"start":{"line":252,"column":14},"end":{"line":252,"column":49}},"type":"default-arg","locations":[{"start":{"line":252,"column":24},"end":{"line":252,"column":49}}]},"23":{"loc":{"start":{"line":261,"column":14},"end":{"line":261,"column":52}},"type":"default-arg","locations":[{"start":{"line":261,"column":24},"end":{"line":261,"column":52}}]},"24":{"loc":{"start":{"line":270,"column":14},"end":{"line":270,"column":50}},"type":"default-arg","locations":[{"start":{"line":270,"column":24},"end":{"line":270,"column":50}}]},"25":{"loc":{"start":{"line":281,"column":9},"end":{"line":282,"column":null}},"type":"binary-expr","locations":[{"start":{"line":281,"column":9},"end":{"line":281,"column":null}},{"start":{"line":282,"column":4},"end":{"line":282,"column":null}}]},"26":{"loc":{"start":{"line":286,"column":9},"end":{"line":287,"column":null}},"type":"binary-expr","locations":[{"start":{"line":286,"column":9},"end":{"line":286,"column":null}},{"start":{"line":287,"column":4},"end":{"line":287,"column":null}}]},"27":{"loc":{"start":{"line":291,"column":9},"end":{"line":292,"column":null}},"type":"binary-expr","locations":[{"start":{"line":291,"column":9},"end":{"line":291,"column":null}},{"start":{"line":292,"column":4},"end":{"line":292,"column":null}}]},"28":{"loc":{"start":{"line":331,"column":2},"end":{"line":331,"column":null}},"type":"if","locations":[{"start":{"line":331,"column":2},"end":{"line":331,"column":null}}]}},"s":{"0":0,"1":0,"2":0,"3":0,"4":0,"5":0,"6":1,"7":0,"8":7,"9":2,"10":0,"11":0,"12":5,"13":1,"14":0,"15":0,"16":0,"17":0,"18":0,"19":0,"20":0,"21":0,"22":0,"23":0,"24":25,"25":0,"26":0,"27":3,"28":1,"29":4,"30":0,"31":0,"32":13,"33":0,"34":42,"35":42,"36":42,"37":42,"38":42,"39":0,"40":0,"41":0,"42":4,"43":6,"44":0,"45":0,"46":0,"47":0,"48":0,"49":0,"50":0,"51":0,"52":1,"53":0,"54":0,"55":1,"56":5,"57":25,"58":0,"59":0,"60":0,"61":0,"62":0,"63":0,"64":0,"65":13,"66":0,"67":0,"68":0,"69":0,"70":3,"71":4,"72":1,"73":6,"74":6,"75":0,"76":6,"77":6},"f":{"0":42,"1":0,"2":0,"3":0,"4":4,"5":6,"6":0,"7":0,"8":0,"9":0,"10":0,"11":0,"12":0,"13":0,"14":1,"15":0,"16":0,"17":1,"18":5,"19":25,"20":0,"21":0,"22":0,"23":0,"24":0,"25":0,"26":0,"27":13,"28":0,"29":0,"30":0,"31":0,"32":3,"33":4,"34":1,"35":6},"b":{"0":[0],"1":[0],"2":[0],"3":[0],"4":[0],"5":[0],"6":[0],"7":[0],"8":[0],"9":[0],"10":[0],"11":[0],"12":[0],"13":[0],"14":[0],"15":[0],"16":[0],"17":[0],"18":[0],"19":[0],"20":[0],"21":[0],"22":[0],"23":[0],"24":[0],"25":[0,0],"26":[0,0],"27":[0,0],"28":[0]}}
,"/Users/jaredpace/Documents/code/pitch-perfect/lib/validation/index.ts": {"path":"/Users/jaredpace/Documents/code/pitch-perfect/lib/validation/index.ts","statementMap":{"0":{"start":{"line":14,"column":13},"end":{"line":14,"column":35}},"1":{"start":{"line":357,"column":16},"end":{"line":357,"column":32}},"2":{"start":{"line":177,"column":16},"end":{"line":177,"column":36}},"3":{"start":{"line":313,"column":16},"end":{"line":313,"column":33}},"4":{"start":{"line":34,"column":16},"end":{"line":34,"column":28}},"5":{"start":{"line":91,"column":16},"end":{"line":91,"column":36}},"6":{"start":{"line":204,"column":16},"end":{"line":204,"column":36}},"7":{"start":{"line":160,"column":16},"end":{"line":160,"column":37}},"8":{"start":{"line":253,"column":16},"end":{"line":253,"column":35}},"9":{"start":{"line":11,"column":7},"end":{"line":11,"column":null}},"10":{"start":{"line":14,"column":38},"end":{"line":19,"column":null}},"11":{"start":{"line":35,"column":2},"end":{"line":37,"column":null}},"12":{"start":{"line":36,"column":4},"end":{"line":36,"column":null}},"13":{"start":{"line":40,"column":2},"end":{"line":46,"column":null}},"14":{"start":{"line":41,"column":4},"end":{"line":44,"column":null}},"15":{"start":{"line":49,"column":2},"end":{"line":55,"column":null}},"16":{"start":{"line":50,"column":4},"end":{"line":53,"column":null}},"17":{"start":{"line":57,"column":2},"end":{"line":66,"column":null}},"18":{"start":{"line":58,"column":4},"end":{"line":64,"column":null}},"19":{"start":{"line":69,"column":2},"end":{"line":78,"column":null}},"20":{"start":{"line":70,"column":4},"end":{"line":76,"column":null}},"21":{"start":{"line":81,"column":2},"end":{"line":87,"column":null}},"22":{"start":{"line":82,"column":4},"end":{"line":85,"column":null}},"23":{"start":{"line":92,"column":39},"end":{"line":96,"column":null}},"24":{"start":{"line":98,"column":2},"end":{"line":102,"column":null}},"25":{"start":{"line":99,"column":4},"end":{"line":99,"column":null}},"26":{"start":{"line":100,"column":4},"end":{"line":100,"column":null}},"27":{"start":{"line":101,"column":4},"end":{"line":101,"column":null}},"28":{"start":{"line":104,"column":2},"end":{"line":108,"column":null}},"29":{"start":{"line":111,"column":2},"end":{"line":116,"column":null}},"30":{"start":{"line":112,"column":4},"end":{"line":112,"column":null}},"31":{"start":{"line":113,"column":4},"end":{"line":114,"column":null}},"32":{"start":{"line":119,"column":2},"end":{"line":124,"column":null}},"33":{"start":{"line":120,"column":4},"end":{"line":120,"column":null}},"34":{"start":{"line":121,"column":4},"end":{"line":122,"column":null}},"35":{"start":{"line":126,"column":2},"end":{"line":131,"column":null}},"36":{"start":{"line":127,"column":4},"end":{"line":127,"column":null}},"37":{"start":{"line":128,"column":4},"end":{"line":129,"column":null}},"38":{"start":{"line":134,"column":2},"end":{"line":139,"column":null}},"39":{"start":{"line":135,"column":4},"end":{"line":135,"column":null}},"40":{"start":{"line":136,"column":4},"end":{"line":137,"column":null}},"41":{"start":{"line":142,"column":2},"end":{"line":145,"column":null}},"42":{"start":{"line":143,"column":4},"end":{"line":143,"column":null}},"43":{"start":{"line":144,"column":4},"end":{"line":144,"column":null}},"44":{"start":{"line":148,"column":2},"end":{"line":150,"column":null}},"45":{"start":{"line":149,"column":4},"end":{"line":149,"column":null}},"46":{"start":{"line":152,"column":2},"end":{"line":154,"column":null}},"47":{"start":{"line":153,"column":4},"end":{"line":153,"column":null}},"48":{"start":{"line":156,"column":2},"end":{"line":156,"column":null}},"49":{"start":{"line":165,"column":2},"end":{"line":173,"column":null}},"50":{"start":{"line":166,"column":4},"end":{"line":172,"column":null}},"51":{"start":{"line":167,"column":6},"end":{"line":170,"column":null}},"52":{"start":{"line":182,"column":2},"end":{"line":184,"column":null}},"53":{"start":{"line":183,"column":4},"end":{"line":183,"column":null}},"54":{"start":{"line":186,"column":2},"end":{"line":190,"column":null}},"55":{"start":{"line":187,"column":23},"end":{"line":187,"column":null}},"56":{"start":{"line":188,"column":4},"end":{"line":188,"column":null}},"57":{"start":{"line":188,"column":53},"end":{"line":188,"column":null}},"58":{"start":{"line":189,"column":4},"end":{"line":189,"column":null}},"59":{"start":{"line":189,"column":54},"end":{"line":189,"column":null}},"60":{"start":{"line":192,"column":2},"end":{"line":199,"column":null}},"61":{"start":{"line":211,"column":14},"end":{"line":211,"column":null}},"62":{"start":{"line":213,"column":2},"end":{"line":223,"column":null}},"63":{"start":{"line":214,"column":4},"end":{"line":221,"column":null}},"64":{"start":{"line":225,"column":2},"end":{"line":235,"column":null}},"65":{"start":{"line":226,"column":4},"end":{"line":233,"column":null}},"66":{"start":{"line":237,"column":2},"end":{"line":247,"column":null}},"67":{"start":{"line":238,"column":4},"end":{"line":245,"column":null}},"68":{"start":{"line":249,"column":2},"end":{"line":249,"column":null}},"69":{"start":{"line":261,"column":2},"end":{"line":271,"column":null}},"70":{"start":{"line":262,"column":4},"end":{"line":269,"column":null}},"71":{"start":{"line":273,"column":2},"end":{"line":283,"column":null}},"72":{"start":{"line":274,"column":4},"end":{"line":281,"column":null}},"73":{"start":{"line":285,"column":2},"end":{"line":295,"column":null}},"74":{"start":{"line":286,"column":4},"end":{"line":293,"column":null}},"75":{"start":{"line":297,"column":2},"end":{"line":307,"column":null}},"76":{"start":{"line":298,"column":4},"end":{"line":305,"column":null}},"77":{"start":{"line":309,"column":2},"end":{"line":309,"column":null}},"78":{"start":{"line":319,"column":2},"end":{"line":329,"column":null}},"79":{"start":{"line":320,"column":4},"end":{"line":327,"column":null}},"80":{"start":{"line":331,"column":2},"end":{"line":331,"column":null}},"81":{"start":{"line":336,"column":29},"end":{"line":342,"column":null}},"82":{"start":{"line":344,"column":2},"end":{"line":344,"column":null}},"83":{"start":{"line":344,"column":44},"end":{"line":344,"column":null}},"84":{"start":{"line":349,"column":2},"end":{"line":349,"column":null}},"85":{"start":{"line":349,"column":19},"end":{"line":349,"column":null}},"86":{"start":{"line":350,"column":12},"end":{"line":350,"column":null}},"87":{"start":{"line":351,"column":16},"end":{"line":351,"column":null}},"88":{"start":{"line":352,"column":12},"end":{"line":352,"column":null}},"89":{"start":{"line":353,"column":2},"end":{"line":353,"column":null}},"90":{"start":{"line":358,"column":2},"end":{"line":363,"column":null}}},"fnMap":{"0":{"name":"validateFile","decl":{"start":{"line":34,"column":16},"end":{"line":34,"column":28}},"loc":{"start":{"line":34,"column":65},"end":{"line":88,"column":null}}},"1":{"name":"validateFileDetailed","decl":{"start":{"line":91,"column":16},"end":{"line":91,"column":36}},"loc":{"start":{"line":91,"column":54},"end":{"line":157,"column":null}}},"2":{"name":"validateRequestParams","decl":{"start":{"line":160,"column":16},"end":{"line":160,"column":37}},"loc":{"start":{"line":163,"column":19},"end":{"line":174,"column":null}}},"3":{"name":"validateBooleanParam","decl":{"start":{"line":177,"column":16},"end":{"line":177,"column":36}},"loc":{"start":{"line":180,"column":19},"end":{"line":201,"column":null}}},"4":{"name":"validateNumericParam","decl":{"start":{"line":204,"column":16},"end":{"line":204,"column":36}},"loc":{"start":{"line":209,"column":20},"end":{"line":250,"column":null}}},"5":{"name":"validateStringParam","decl":{"start":{"line":253,"column":16},"end":{"line":253,"column":35}},"loc":{"start":{"line":259,"column":20},"end":{"line":310,"column":null}}},"6":{"name":"validateEnumParam","decl":{"start":{"line":313,"column":16},"end":{"line":313,"column":33}},"loc":{"start":{"line":317,"column":20},"end":{"line":332,"column":null}}},"7":{"name":"containsSuspiciousPatterns","decl":{"start":{"line":335,"column":9},"end":{"line":335,"column":36}},"loc":{"start":{"line":335,"column":52},"end":{"line":345,"column":null}}},"8":{"name":"(anonymous_18)","decl":{"start":{"line":344,"column":33},"end":{"line":344,"column":44}},"loc":{"start":{"line":344,"column":44},"end":{"line":344,"column":null}}},"9":{"name":"formatBytes","decl":{"start":{"line":348,"column":9},"end":{"line":348,"column":21}},"loc":{"start":{"line":348,"column":34},"end":{"line":354,"column":null}}},"10":{"name":"sanitizeFilename","decl":{"start":{"line":357,"column":16},"end":{"line":357,"column":32}},"loc":{"start":{"line":357,"column":49},"end":{"line":364,"column":null}}}},"branchMap":{"0":{"loc":{"start":{"line":35,"column":2},"end":{"line":37,"column":null}},"type":"if","locations":[{"start":{"line":35,"column":2},"end":{"line":37,"column":null}}]},"1":{"loc":{"start":{"line":40,"column":2},"end":{"line":46,"column":null}},"type":"if","locations":[{"start":{"line":40,"column":2},"end":{"line":46,"column":null}}]},"2":{"loc":{"start":{"line":49,"column":2},"end":{"line":55,"column":null}},"type":"if","locations":[{"start":{"line":49,"column":2},"end":{"line":55,"column":null}}]},"3":{"loc":{"start":{"line":57,"column":2},"end":{"line":66,"column":null}},"type":"if","locations":[{"start":{"line":57,"column":2},"end":{"line":66,"column":null}}]},"4":{"loc":{"start":{"line":69,"column":2},"end":{"line":78,"column":null}},"type":"if","locations":[{"start":{"line":69,"column":2},"end":{"line":78,"column":null}}]},"5":{"loc":{"start":{"line":81,"column":2},"end":{"line":87,"column":null}},"type":"if","locations":[{"start":{"line":81,"column":2},"end":{"line":87,"column":null}}]},"6":{"loc":{"start":{"line":98,"column":2},"end":{"line":102,"column":null}},"type":"if","locations":[{"start":{"line":98,"column":2},"end":{"line":102,"column":null}}]},"7":{"loc":{"start":{"line":111,"column":2},"end":{"line":116,"column":null}},"type":"if","locations":[{"start":{"line":111,"column":2},"end":{"line":116,"column":null}}]},"8":{"loc":{"start":{"line":119,"column":2},"end":{"line":124,"column":null}},"type":"if","locations":[{"start":{"line":119,"column":2},"end":{"line":124,"column":null}}]},"9":{"loc":{"start":{"line":126,"column":2},"end":{"line":131,"column":null}},"type":"if","locations":[{"start":{"line":126,"column":2},"end":{"line":131,"column":null}}]},"10":{"loc":{"start":{"line":134,"column":2},"end":{"line":139,"column":null}},"type":"if","locations":[{"start":{"line":134,"column":2},"end":{"line":139,"column":null}}]},"11":{"loc":{"start":{"line":142,"column":2},"end":{"line":145,"column":null}},"type":"if","locations":[{"start":{"line":142,"column":2},"end":{"line":145,"column":null}}]},"12":{"loc":{"start":{"line":148,"column":2},"end":{"line":150,"column":null}},"type":"if","locations":[{"start":{"line":148,"column":2},"end":{"line":150,"column":null}}]},"13":{"loc":{"start":{"line":152,"column":2},"end":{"line":154,"column":null}},"type":"if","locations":[{"start":{"line":152,"column":2},"end":{"line":154,"column":null}}]},"14":{"loc":{"start":{"line":166,"column":4},"end":{"line":172,"column":null}},"type":"if","locations":[{"start":{"line":166,"column":4},"end":{"line":172,"column":null}}]},"15":{"loc":{"start":{"line":166,"column":8},"end":{"line":166,"column":85}},"type":"binary-expr","locations":[{"start":{"line":166,"column":8},"end":{"line":166,"column":30}},{"start":{"line":166,"column":30},"end":{"line":166,"column":61}},{"start":{"line":166,"column":61},"end":{"line":166,"column":85}}]},"16":{"loc":{"start":{"line":182,"column":2},"end":{"line":184,"column":null}},"type":"if","locations":[{"start":{"line":182,"column":2},"end":{"line":184,"column":null}}]},"17":{"loc":{"start":{"line":186,"column":2},"end":{"line":190,"column":null}},"type":"if","locations":[{"start":{"line":186,"column":2},"end":{"line":190,"column":null}}]},"18":{"loc":{"start":{"line":188,"column":4},"end":{"line":188,"column":null}},"type":"if","locations":[{"start":{"line":188,"column":4},"end":{"line":188,"column":null}}]},"19":{"loc":{"start":{"line":188,"column":8},"end":{"line":188,"column":53}},"type":"binary-expr","locations":[{"start":{"line":188,"column":8},"end":{"line":188,"column":33}},{"start":{"line":188,"column":33},"end":{"line":188,"column":53}}]},"20":{"loc":{"start":{"line":189,"column":4},"end":{"line":189,"column":null}},"type":"if","locations":[{"start":{"line":189,"column":4},"end":{"line":189,"column":null}}]},"21":{"loc":{"start":{"line":189,"column":8},"end":{"line":189,"column":54}},"type":"binary-expr","locations":[{"start":{"line":189,"column":8},"end":{"line":189,"column":34}},{"start":{"line":189,"column":34},"end":{"line":189,"column":54}}]},"22":{"loc":{"start":{"line":213,"column":2},"end":{"line":223,"column":null}},"type":"if","locations":[{"start":{"line":213,"column":2},"end":{"line":223,"column":null}}]},"23":{"loc":{"start":{"line":225,"column":2},"end":{"line":235,"column":null}},"type":"if","locations":[{"start":{"line":225,"column":2},"end":{"line":235,"column":null}}]},"24":{"loc":{"start":{"line":225,"column":6},"end":{"line":225,"column":38}},"type":"binary-expr","locations":[{"start":{"line":225,"column":6},"end":{"line":225,"column":27}},{"start":{"line":225,"column":27},"end":{"line":225,"column":38}}]},"25":{"loc":{"start":{"line":237,"column":2},"end":{"line":247,"column":null}},"type":"if","locations":[{"start":{"line":237,"column":2},"end":{"line":247,"column":null}}]},"26":{"loc":{"start":{"line":237,"column":6},"end":{"line":237,"column":38}},"type":"binary-expr","locations":[{"start":{"line":237,"column":6},"end":{"line":237,"column":27}},{"start":{"line":237,"column":27},"end":{"line":237,"column":38}}]},"27":{"loc":{"start":{"line":261,"column":2},"end":{"line":271,"column":null}},"type":"if","locations":[{"start":{"line":261,"column":2},"end":{"line":271,"column":null}}]},"28":{"loc":{"start":{"line":273,"column":2},"end":{"line":283,"column":null}},"type":"if","locations":[{"start":{"line":273,"column":2},"end":{"line":283,"column":null}}]},"29":{"loc":{"start":{"line":273,"column":6},"end":{"line":273,"column":59}},"type":"binary-expr","locations":[{"start":{"line":273,"column":6},"end":{"line":273,"column":33}},{"start":{"line":273,"column":33},"end":{"line":273,"column":59}}]},"30":{"loc":{"start":{"line":285,"column":2},"end":{"line":295,"column":null}},"type":"if","locations":[{"start":{"line":285,"column":2},"end":{"line":295,"column":null}}]},"31":{"loc":{"start":{"line":285,"column":6},"end":{"line":285,"column":59}},"type":"binary-expr","locations":[{"start":{"line":285,"column":6},"end":{"line":285,"column":33}},{"start":{"line":285,"column":33},"end":{"line":285,"column":59}}]},"32":{"loc":{"start":{"line":297,"column":2},"end":{"line":307,"column":null}},"type":"if","locations":[{"start":{"line":297,"column":2},"end":{"line":307,"column":null}}]},"33":{"loc":{"start":{"line":297,"column":6},"end":{"line":297,"column":39}},"type":"binary-expr","locations":[{"start":{"line":297,"column":6},"end":{"line":297,"column":17}},{"start":{"line":297,"column":17},"end":{"line":297,"column":39}}]},"34":{"loc":{"start":{"line":319,"column":2},"end":{"line":329,"column":null}},"type":"if","locations":[{"start":{"line":319,"column":2},"end":{"line":329,"column":null}}]},"35":{"loc":{"start":{"line":349,"column":2},"end":{"line":349,"column":null}},"type":"if","locations":[{"start":{"line":349,"column":2},"end":{"line":349,"column":null}}]}},"s":{"0":0,"1":0,"2":0,"3":0,"4":25,"5":0,"6":0,"7":0,"8":0,"9":1,"10":1,"11":25,"12":1,"13":24,"14":4,"15":20,"16":3,"17":17,"18":3,"19":14,"20":0,"21":14,"22":0,"23":0,"24":0,"25":0,"26":0,"27":0,"28":0,"29":0,"30":0,"31":0,"32":0,"33":0,"34":0,"35":0,"36":0,"37":0,"38":0,"39":0,"40":0,"41":0,"42":0,"43":0,"44":0,"45":0,"46":0,"47":0,"48":0,"49":0,"50":0,"51":0,"52":0,"53":0,"54":0,"55":0,"56":0,"57":0,"58":0,"59":0,"60":0,"61":0,"62":0,"63":0,"64":0,"65":0,"66":0,"67":0,"68":0,"69":0,"70":0,"71":0,"72":0,"73":0,"74":0,"75":0,"76":0,"77":0,"78":0,"79":0,"80":0,"81":14,"82":14,"83":70,"84":3,"85":0,"86":3,"87":3,"88":3,"89":3,"90":0},"f":{"0":25,"1":0,"2":0,"3":0,"4":0,"5":0,"6":0,"7":14,"8":70,"9":3,"10":0},"b":{"0":[1],"1":[4],"2":[3],"3":[3],"4":[0],"5":[0],"6":[0],"7":[0],"8":[0],"9":[0],"10":[0],"11":[0],"12":[0],"13":[0],"14":[0],"15":[0,0,0],"16":[0],"17":[0],"18":[0],"19":[0,0],"20":[0],"21":[0,0],"22":[0],"23":[0],"24":[0,0],"25":[0],"26":[0,0],"27":[0],"28":[0],"29":[0,0],"30":[0],"31":[0,0],"32":[0],"33":[0,0],"34":[0],"35":[0]}}
}
