TN:
SF:app/api/cleanup/route.ts
FN:7,POST
FN:11,(anonymous_4)
FN:108,GET
FN:170,formatBytes
FNF:4
FNH:0
FNDA:0,POST
FNDA:0,(anonymous_4)
FNDA:0,GET
FNDA:0,formatBytes
DA:2,0
DA:3,0
DA:4,0
DA:5,0
DA:7,0
DA:8,0
DA:10,0
DA:11,0
DA:19,0
DA:22,0
DA:23,0
DA:29,0
DA:34,0
DA:36,0
DA:37,0
DA:40,0
DA:41,0
DA:44,0
DA:45,0
DA:50,0
DA:51,0
DA:55,0
DA:61,0
DA:62,0
DA:66,0
DA:88,0
DA:89,0
DA:92,0
DA:94,0
DA:96,0
DA:108,0
DA:109,0
DA:111,0
DA:112,0
DA:113,0
DA:116,0
DA:119,0
DA:122,0
DA:124,0
DA:150,0
DA:153,0
DA:155,0
DA:157,0
DA:171,0
DA:173,0
DA:174,0
DA:175,0
DA:177,0
LF:48
LH:0
BRDA:14,0,0,0
BRDA:15,1,0,0
BRDA:16,2,0,0
BRDA:17,3,0,0
BRDA:18,4,0,0
BRDA:22,5,0,0
BRDA:22,6,0,0
BRDA:22,6,1,0
BRDA:34,7,0,0
BRDA:34,7,1,0
BRDA:34,7,2,0
BRDA:34,7,3,0
BRDA:34,7,4,0
BRDA:44,8,0,0
BRDA:88,9,0,0
BRDA:88,9,1,0
BRDA:94,10,0,0
BRDA:94,10,1,0
BRDA:113,11,0,0
BRDA:113,11,1,0
BRDA:155,12,0,0
BRDA:155,12,1,0
BRDA:171,13,0,0
BRF:23
BRH:0
end_of_record
TN:
SF:app/api/cleanup/status/route.ts
FN:5,GET
FN:58,POST
FN:60,(anonymous_5)
FNF:3
FNH:0
FNDA:0,GET
FNDA:0,POST
FNDA:0,(anonymous_5)
DA:2,0
DA:3,0
DA:5,0
DA:6,0
DA:7,0
DA:10,0
DA:11,0
DA:13,0
DA:39,0
DA:42,0
DA:44,0
DA:46,0
DA:58,0
DA:59,0
DA:60,0
DA:61,0
DA:63,0
DA:67,0
DA:69,0
DA:70,0
DA:71,0
DA:74,0
DA:75,0
DA:76,0
DA:77,0
DA:80,0
DA:81,0
DA:82,0
DA:85,0
DA:91,0
DA:99,0
DA:101,0
DA:103,0
LF:33
LH:0
BRDA:30,0,0,0
BRDA:30,0,1,0
BRDA:31,1,0,0
BRDA:31,1,1,0
BRDA:44,2,0,0
BRDA:44,2,1,0
BRDA:67,3,0,0
BRDA:67,3,1,0
BRDA:67,3,2,0
BRDA:67,3,3,0
BRDA:74,4,0,0
BRDA:76,5,0,0
BRDA:76,5,1,0
BRDA:101,6,0,0
BRDA:101,6,1,0
BRF:15
BRH:0
end_of_record
TN:
SF:app/api/export/route.ts
FN:36,POST
FN:121,GET
FNF:2
FNH:0
FNDA:0,POST
FNDA:0,GET
DA:8,0
DA:14,0
DA:19,0
DA:36,0
DA:37,0
DA:38,0
DA:41,0
DA:42,0
DA:48,0
DA:49,0
DA:55,0
DA:56,0
DA:63,0
DA:64,0
DA:70,0
DA:71,0
DA:78,0
DA:86,0
DA:87,0
DA:90,0
DA:91,0
DA:92,0
DA:93,0
DA:94,0
DA:96,0
DA:100,0
DA:109,0
DA:110,0
DA:121,0
DA:122,0
LF:30
LH:0
BRDA:41,0,0,0
BRDA:41,1,0,0
BRDA:41,1,1,0
BRDA:48,2,0,0
BRDA:48,3,0,0
BRDA:48,3,1,0
BRDA:55,4,0,0
BRDA:70,5,0,0
BRDA:72,6,0,0
BRDA:72,6,1,0
BRDA:90,7,0,0
BRDA:94,8,0,0
BRDA:94,8,1,0
BRDA:103,9,0,0
BRDA:103,9,1,0
BRF:15
BRH:0
end_of_record
TN:
SF:app/api/health/route.ts
FN:45,healthHandler
FN:137,checkVideoProcessorHealth
FN:182,checkErrorHandlingHealth
FN:189,(anonymous_6)
FN:195,(anonymous_7)
FN:202,(anonymous_8)
FN:208,(anonymous_9)
FN:227,transformCircuitBreakerMetrics
FN:254,determineOverallStatus
FN:258,(anonymous_12)
FN:261,(anonymous_13)
FN:263,(anonymous_14)
FNF:12
FNH:0
FNDA:0,healthHandler
FNDA:0,checkVideoProcessorHealth
FNDA:0,checkErrorHandlingHealth
FNDA:0,(anonymous_6)
FNDA:0,(anonymous_7)
FNDA:0,(anonymous_8)
FNDA:0,(anonymous_9)
FNDA:0,transformCircuitBreakerMetrics
FNDA:0,determineOverallStatus
FNDA:0,(anonymous_12)
FNDA:0,(anonymous_13)
FNDA:0,(anonymous_14)
DA:2,0
DA:3,0
DA:4,0
DA:5,0
DA:6,0
DA:43,0
DA:46,0
DA:47,0
DA:49,0
DA:51,0
DA:54,0
DA:57,0
DA:58,0
DA:61,0
DA:67,0
DA:69,0
DA:89,0
DA:92,0
DA:96,0
DA:126,0
DA:131,0
DA:135,0
DA:138,0
DA:139,0
DA:142,0
DA:145,0
DA:146,0
DA:151,0
DA:152,0
DA:160,0
DA:161,0
DA:168,0
DA:174,0
DA:183,0
DA:184,0
DA:187,0
DA:189,0
DA:192,0
DA:193,0
DA:195,0
DA:201,0
DA:202,0
DA:205,0
DA:206,0
DA:208,0
DA:213,0
DA:219,0
DA:230,0
DA:232,0
DA:235,0
DA:236,0
DA:237,0
DA:238,0
DA:240,0
DA:243,0
DA:251,0
DA:255,0
DA:258,0
DA:261,0
DA:262,0
DA:263,0
DA:264,0
DA:266,0
LF:63
LH:0
BRDA:81,0,0,0
BRDA:81,0,1,0
BRDA:89,1,0,0
BRDA:89,1,1,0
BRDA:90,2,0,0
BRDA:90,2,1,0
BRDA:142,3,0,0
BRDA:142,3,1,0
BRDA:145,4,0,0
BRDA:145,4,1,0
BRDA:151,5,0,0
BRDA:160,6,0,0
BRDA:176,7,0,0
BRDA:176,7,1,0
BRDA:192,8,0,0
BRDA:205,9,0,0
BRDA:221,10,0,0
BRDA:221,10,1,0
BRDA:235,11,0,0
BRDA:235,11,1,0
BRDA:237,12,0,0
BRDA:237,12,1,0
BRDA:237,13,0,0
BRDA:237,13,1,0
BRDA:261,14,0,0
BRDA:261,14,1,0
BRDA:263,15,0,0
BRDA:263,15,1,0
BRF:28
BRH:0
end_of_record
TN:
SF:app/api/health/serverless/route.ts
FN:10,GET
FNF:1
FNH:0
FNDA:0,GET
DA:7,0
DA:10,0
DA:11,0
DA:12,0
DA:14,0
DA:16,0
DA:30,0
DA:45,0
DA:57,0
DA:69,0
DA:76,0
DA:80,0
DA:84,0
DA:98,0
DA:101,0
DA:103,0
LF:16
LH:0
BRDA:33,0,0,0
BRDA:33,0,1,0
BRDA:34,1,0,0
BRDA:34,1,1,0
BRDA:39,2,0,0
BRDA:39,2,1,0
BRDA:40,3,0,0
BRDA:40,3,1,0
BRDA:48,4,0,0
BRDA:48,4,1,0
BRDA:52,5,0,0
BRDA:52,5,1,0
BRDA:80,6,0,0
BRDA:80,6,1,0
BRDA:80,6,2,0
BRDA:85,7,0,0
BRDA:85,7,1,0
BRDA:92,8,0,0
BRDA:92,8,1,0
BRDA:93,9,0,0
BRDA:93,9,1,0
BRDA:93,10,0,0
BRDA:93,10,1,0
BRDA:94,11,0,0
BRDA:94,11,1,0
BRF:25
BRH:0
end_of_record
TN:
SF:app/api/openai/cost-monitoring/route.ts
FN:126,GET
FN:198,(anonymous_4)
FN:203,(anonymous_5)
FN:214,(anonymous_6)
FN:221,(anonymous_7)
FN:273,(anonymous_8)
FN:301,POST
FN:385,parseTimeRange
FN:399,calculatePercentage
FN:406,calculateCostTrends
FN:423,(anonymous_13)
FN:427,(anonymous_14)
FN:428,(anonymous_15)
FN:445,(anonymous_16)
FN:446,(anonymous_17)
FNF:15
FNH:0
FNDA:0,GET
FNDA:0,(anonymous_4)
FNDA:0,(anonymous_5)
FNDA:0,(anonymous_6)
FNDA:0,(anonymous_7)
FNDA:0,(anonymous_8)
FNDA:0,POST
FNDA:0,parseTimeRange
FNDA:0,calculatePercentage
FNDA:0,calculateCostTrends
FNDA:0,(anonymous_13)
FNDA:0,(anonymous_14)
FNDA:0,(anonymous_15)
FNDA:0,(anonymous_16)
FNDA:0,(anonymous_17)
DA:2,0
DA:3,0
DA:4,0
DA:5,0
DA:126,0
DA:127,0
DA:129,0
DA:131,0
DA:132,0
DA:133,0
DA:134,0
DA:137,0
DA:138,0
DA:139,0
DA:140,0
DA:143,0
DA:144,0
DA:145,0
DA:148,0
DA:151,0
DA:154,0
DA:157,0
DA:160,0
DA:162,0
DA:198,0
DA:203,0
DA:214,0
DA:221,0
DA:265,0
DA:266,0
DA:272,0
DA:273,0
DA:289,0
DA:292,0
DA:293,0
DA:301,0
DA:302,0
DA:304,0
DA:306,0
DA:307,0
DA:308,0
DA:309,0
DA:312,0
DA:313,0
DA:315,0
DA:317,0
DA:318,0
DA:325,0
DA:341,0
DA:351,0
DA:352,0
DA:353,0
DA:355,0
DA:363,0
DA:365,0
DA:371,0
DA:377,0
DA:378,0
DA:386,0
DA:393,0
DA:400,0
DA:413,0
DA:414,0
DA:423,0
DA:424,0
DA:427,0
DA:428,0
DA:431,0
DA:432,0
DA:441,0
DA:442,0
DA:443,0
DA:445,0
DA:446,0
DA:448,0
DA:452,0
DA:453,0
DA:454,0
DA:457,0
LF:79
LH:0
BRDA:132,0,0,0
BRDA:133,1,0,0
BRDA:133,1,1,0
BRDA:139,2,0,0
BRDA:139,2,1,0
BRDA:140,3,0,0
BRDA:140,3,1,0
BRDA:218,4,0,0
BRDA:218,4,1,0
BRDA:219,5,0,0
BRDA:219,5,1,0
BRDA:225,6,0,0
BRDA:225,6,1,0
BRDA:226,7,0,0
BRDA:226,7,1,0
BRDA:241,8,0,0
BRDA:241,8,1,0
BRDA:253,9,0,0
BRDA:253,9,1,0
BRDA:254,10,0,0
BRDA:254,10,1,0
BRDA:254,11,0,0
BRDA:254,11,1,0
BRDA:257,12,0,0
BRDA:257,12,1,0
BRDA:265,13,0,0
BRDA:307,14,0,0
BRDA:308,15,0,0
BRDA:308,15,1,0
BRDA:315,16,0,0
BRDA:315,16,1,0
BRDA:315,16,2,0
BRDA:315,16,3,0
BRDA:315,16,4,0
BRDA:351,17,0,0
BRDA:351,17,1,0
BRDA:352,18,0,0
BRDA:352,18,1,0
BRDA:393,19,0,0
BRDA:393,19,1,0
BRDA:400,20,0,0
BRDA:400,20,1,0
BRDA:413,21,0,0
BRDA:427,22,0,0
BRDA:427,22,1,0
BRDA:428,23,0,0
BRDA:428,23,1,0
BRDA:431,24,0,0
BRDA:448,25,0,0
BRDA:448,25,1,0
BRDA:453,26,0,0
BRDA:454,27,0,0
BRDA:454,27,1,0
BRF:53
BRH:0
end_of_record
TN:
SF:app/api/openai/debug/route.ts
FN:3,GET
FN:14,(anonymous_2)
FNF:2
FNH:0
FNDA:0,GET
FNDA:0,(anonymous_2)
DA:1,0
DA:3,0
DA:4,0
DA:5,0
DA:7,0
DA:14,0
DA:19,0
LF:7
LH:0
BRDA:10,0,0,0
BRDA:10,0,1,0
BRDA:11,1,0,0
BRDA:11,1,1,0
BRDA:12,2,0,0
BRDA:12,2,1,0
BRDA:13,3,0,0
BRDA:13,3,1,0
BRDA:23,4,0,0
BRDA:23,4,1,0
BRF:10
BRH:0
end_of_record
TN:
SF:app/api/openai/rate-limit/route.ts
FN:12,handleGet
FN:32,(anonymous_5)
FN:33,(anonymous_6)
FN:58,handlePost
FN:150,handlePatch
FNF:5
FNH:0
FNDA:0,handleGet
FNDA:0,(anonymous_5)
FNDA:0,(anonymous_6)
FNDA:0,handlePost
FNDA:0,handlePatch
DA:2,0
DA:3,0
DA:4,0
DA:5,0
DA:6,0
DA:13,0
DA:15,0
DA:17,0
DA:18,0
DA:19,0
DA:20,0
DA:23,0
DA:24,0
DA:26,0
DA:32,0
DA:33,0
DA:46,0
DA:49,0
DA:50,0
DA:59,0
DA:61,0
DA:63,0
DA:64,0
DA:65,0
DA:66,0
DA:75,0
DA:76,0
DA:78,0
DA:79,0
DA:80,0
DA:82,0
DA:83,0
DA:88,0
DA:91,0
DA:93,0
DA:95,0
DA:101,0
DA:103,0
DA:105,0
DA:109,0
DA:117,0
DA:118,0
DA:121,0
DA:123,0
DA:124,0
DA:126,0
DA:136,0
DA:137,0
DA:141,0
DA:142,0
DA:151,0
DA:153,0
DA:155,0
DA:156,0
DA:157,0
DA:158,0
DA:166,0
DA:167,0
DA:169,0
DA:170,0
DA:171,0
DA:173,0
DA:174,0
DA:179,0
DA:181,0
DA:182,0
DA:185,0
DA:192,0
DA:193,0
DA:194,0
DA:195,0
DA:196,0
DA:201,0
DA:203,0
DA:211,0
DA:212,0
DA:215,0
DA:216,0
DA:221,0
DA:222,0
DA:223,0
LF:81
LH:0
BRDA:18,0,0,0
BRDA:19,1,0,0
BRDA:19,1,1,0
BRDA:64,2,0,0
BRDA:65,3,0,0
BRDA:65,3,1,0
BRDA:75,4,0,0
BRDA:75,4,1,0
BRDA:88,5,0,0
BRDA:88,5,1,0
BRDA:91,6,0,0
BRDA:91,6,1,0
BRDA:101,7,0,0
BRDA:101,7,1,0
BRDA:103,8,0,0
BRDA:103,8,1,0
BRDA:121,9,0,0
BRDA:121,9,1,0
BRDA:156,10,0,0
BRDA:157,11,0,0
BRDA:157,11,1,0
BRDA:166,12,0,0
BRDA:166,12,1,0
BRDA:179,13,0,0
BRDA:193,14,0,0
BRDA:195,15,0,0
BRDA:195,16,0,0
BRDA:195,16,1,0
BRF:28
BRH:0
end_of_record
TN:
SF:app/api/openai/setup/route.ts
FN:4,GET
FN:31,POST
FNF:2
FNH:0
FNDA:0,GET
FNDA:0,POST
DA:1,0
DA:2,0
DA:4,0
DA:5,0
DA:7,0
DA:8,0
DA:10,0
DA:18,0
DA:20,0
DA:31,0
DA:32,0
DA:33,0
DA:34,0
DA:36,0
DA:37,0
DA:39,0
DA:47,0
DA:48,0
DA:50,0
DA:57,0
DA:67,0
DA:69,0
LF:22
LH:0
BRDA:24,0,0,0
BRDA:24,0,1,0
BRDA:36,1,0,0
BRDA:47,2,0,0
BRDA:73,3,0,0
BRDA:73,3,1,0
BRF:6
BRH:0
end_of_record
TN:
SF:app/api/openai/test/route.ts
FN:8,handleGet
FN:75,handlePost
FNF:2
FNH:2
FNDA:5,handleGet
FNDA:6,handlePost
DA:1,1
DA:2,1
DA:3,1
DA:4,1
DA:5,1
DA:6,1
DA:9,5
DA:11,5
DA:13,5
DA:16,5
DA:18,5
DA:19,1
DA:30,4
DA:31,1
DA:42,3
DA:44,2
DA:45,1
DA:52,1
DA:62,1
DA:64,1
DA:76,6
DA:78,6
DA:80,6
DA:87,6
DA:88,0
DA:90,6
DA:91,6
DA:92,5
DA:94,1
DA:106,5
DA:108,5
DA:109,3
DA:120,2
DA:121,0
DA:132,2
DA:133,1
DA:143,1
DA:151,0
DA:153,0
DA:165,5
DA:166,6
LF:41
LH:37
BRDA:18,0,0,1
BRDA:30,1,0,1
BRDA:44,2,0,1
BRDA:44,2,1,1
BRDA:68,3,0,1
BRDA:68,3,1,0
BRDA:87,4,0,0
BRDA:87,4,1,6
BRDA:106,5,0,2
BRDA:106,5,1,3
BRDA:108,6,0,3
BRDA:120,7,0,0
BRDA:132,8,0,1
BRDA:157,9,0,0
BRDA:157,9,1,0
BRF:15
BRH:10
end_of_record
TN:
SF:app/api/openai/vision/route.ts
FN:41,POST
FN:90,(anonymous_5)
FN:125,GET
FN:163,validateRequestBody
FN:253,OPTIONS
FNF:5
FNH:0
FNDA:0,POST
FNDA:0,(anonymous_5)
FNDA:0,GET
FNDA:0,validateRequestBody
FNDA:0,OPTIONS
DA:2,0
DA:3,0
DA:4,0
DA:41,0
DA:42,0
DA:44,0
DA:46,0
DA:47,0
DA:48,0
DA:49,0
DA:54,0
DA:55,0
DA:57,0
DA:58,0
DA:62,0
DA:63,0
DA:64,0
DA:65,0
DA:69,0
DA:71,0
DA:78,0
DA:80,0
DA:87,0
DA:89,0
DA:90,0
DA:101,0
DA:103,0
DA:111,0
DA:112,0
DA:116,0
DA:117,0
DA:125,0
DA:126,0
DA:128,0
DA:129,0
DA:137,0
DA:144,0
DA:152,0
DA:155,0
DA:156,0
DA:164,0
DA:165,0
DA:168,0
DA:170,0
DA:171,0
DA:174,0
DA:175,0
DA:178,0
DA:186,0
DA:187,0
DA:190,0
DA:191,0
DA:192,0
DA:195,0
DA:196,0
DA:200,0
DA:201,0
DA:203,0
DA:206,0
DA:207,0
DA:208,0
DA:211,0
DA:212,0
DA:215,0
DA:216,0
DA:220,0
DA:221,0
DA:223,0
DA:224,0
DA:227,0
DA:228,0
DA:231,0
DA:232,0
DA:234,0
DA:239,0
DA:240,0
DA:244,0
DA:247,0
DA:253,0
DA:254,0
LF:80
LH:0
BRDA:47,0,0,0
BRDA:48,1,0,0
BRDA:48,1,1,0
BRDA:63,2,0,0
BRDA:69,3,0,0
BRDA:69,3,1,0
BRDA:87,4,0,0
BRDA:87,4,1,0
BRDA:164,5,0,0
BRDA:164,6,0,0
BRDA:164,6,1,0
BRDA:170,7,0,0
BRDA:174,8,0,0
BRDA:186,9,0,0
BRDA:190,10,0,0
BRDA:190,10,1,0
BRDA:191,11,0,0
BRDA:191,12,0,0
BRDA:191,12,1,0
BRDA:195,13,0,0
BRDA:206,14,0,0
BRDA:206,14,1,0
BRDA:207,15,0,0
BRDA:211,16,0,0
BRDA:215,17,0,0
BRDA:223,18,0,0
BRDA:223,19,0,0
BRDA:223,19,1,0
BRDA:227,20,0,0
BRDA:239,21,0,0
BRDA:239,22,0,0
BRDA:239,22,1,0
BRDA:239,22,2,0
BRDA:239,22,3,0
BRF:34
BRH:0
end_of_record
TN:
SF:app/api/security/api-keys/route.ts
FN:23,GET
FN:65,POST
FN:108,DELETE
FN:151,handleValidationReport
FN:161,(anonymous_8)
FN:183,handleSecurityReport
FN:194,(anonymous_10)
FN:217,handleKeyValidation
FN:252,handleKeyRegistration
FN:318,handleKeyValidationPost
FN:358,handleKeyRevocation
FN:398,handleKeyRotation
FN:411,(anonymous_16)
FNF:13
FNH:0
FNDA:0,GET
FNDA:0,POST
FNDA:0,DELETE
FNDA:0,handleValidationReport
FNDA:0,(anonymous_8)
FNDA:0,handleSecurityReport
FNDA:0,(anonymous_10)
FNDA:0,handleKeyValidation
FNDA:0,handleKeyRegistration
FNDA:0,handleKeyValidationPost
FNDA:0,handleKeyRevocation
FNDA:0,handleKeyRotation
FNDA:0,(anonymous_16)
DA:6,0
DA:7,0
DA:8,0
DA:9,0
DA:10,0
DA:13,0
DA:23,0
DA:24,0
DA:25,0
DA:26,0
DA:28,0
DA:30,0
DA:32,0
DA:35,0
DA:38,0
DA:39,0
DA:40,0
DA:43,0
DA:50,0
DA:51,0
DA:65,0
DA:66,0
DA:67,0
DA:68,0
DA:70,0
DA:72,0
DA:74,0
DA:77,0
DA:80,0
DA:83,0
DA:86,0
DA:93,0
DA:94,0
DA:108,0
DA:109,0
DA:110,0
DA:111,0
DA:112,0
DA:114,0
DA:115,0
DA:121,0
DA:122,0
DA:124,0
DA:125,0
DA:131,0
DA:138,0
DA:139,0
DA:152,0
DA:153,0
DA:155,0
DA:161,0
DA:173,0
DA:184,0
DA:185,0
DA:187,0
DA:194,0
DA:207,0
DA:218,0
DA:219,0
DA:225,0
DA:226,0
DA:228,0
DA:242,0
DA:253,0
DA:256,0
DA:257,0
DA:264,0
DA:265,0
DA:272,0
DA:273,0
DA:279,0
DA:280,0
DA:289,0
DA:290,0
DA:300,0
DA:308,0
DA:319,0
DA:321,0
DA:322,0
DA:328,0
DA:329,0
DA:331,0
DA:332,0
DA:341,0
DA:348,0
DA:359,0
DA:361,0
DA:362,0
DA:368,0
DA:369,0
DA:371,0
DA:372,0
DA:381,0
DA:388,0
DA:399,0
DA:401,0
DA:402,0
DA:408,0
DA:411,0
DA:413,0
DA:414,0
DA:421,0
DA:430,0
DA:431,0
DA:441,0
DA:443,0
DA:451,0
LF:107
LH:0
BRDA:26,0,0,0
BRDA:26,0,1,0
BRDA:30,1,0,0
BRDA:30,1,1,0
BRDA:30,1,2,0
BRDA:30,1,3,0
BRDA:54,2,0,0
BRDA:54,2,1,0
BRDA:72,3,0,0
BRDA:72,3,1,0
BRDA:72,3,2,0
BRDA:72,3,3,0
BRDA:72,3,4,0
BRDA:97,4,0,0
BRDA:97,4,1,0
BRDA:112,5,0,0
BRDA:112,5,1,0
BRDA:114,6,0,0
BRDA:124,7,0,0
BRDA:142,8,0,0
BRDA:142,8,1,0
BRDA:176,9,0,0
BRDA:176,9,1,0
BRDA:210,10,0,0
BRDA:210,10,1,0
BRDA:218,11,0,0
BRDA:245,12,0,0
BRDA:245,12,1,0
BRDA:256,13,0,0
BRDA:256,14,0,0
BRDA:256,14,1,0
BRDA:256,14,2,0
BRDA:264,15,0,0
BRDA:272,16,0,0
BRDA:272,17,0,0
BRDA:272,17,1,0
BRDA:285,18,0,0
BRDA:285,18,1,0
BRDA:286,19,0,0
BRDA:286,19,1,0
BRDA:289,20,0,0
BRDA:311,21,0,0
BRDA:311,21,1,0
BRDA:321,22,0,0
BRDA:331,23,0,0
BRDA:351,24,0,0
BRDA:351,24,1,0
BRDA:361,25,0,0
BRDA:371,26,0,0
BRDA:391,27,0,0
BRDA:391,27,1,0
BRDA:401,28,0,0
BRDA:401,29,0,0
BRDA:401,29,1,0
BRDA:413,30,0,0
BRDA:430,31,0,0
BRDA:454,32,0,0
BRDA:454,32,1,0
BRF:58
BRH:0
end_of_record
TN:
SF:app/api/storage/analytics/route.ts
FN:17,formatBytes
FN:26,calculatePercentage
FN:31,GET
FN:71,(anonymous_6)
FN:125,(anonymous_7)
FN:192,POST
FNF:6
FNH:0
FNDA:0,formatBytes
FNDA:0,calculatePercentage
FNDA:0,GET
FNDA:0,(anonymous_6)
FNDA:0,(anonymous_7)
FNDA:0,POST
DA:3,0
DA:4,0
DA:5,0
DA:11,0
DA:14,0
DA:18,0
DA:19,0
DA:20,0
DA:21,0
DA:22,0
DA:27,0
DA:31,0
DA:32,0
DA:34,0
DA:35,0
DA:36,0
DA:37,0
DA:40,0
DA:44,0
DA:45,0
DA:47,0
DA:48,0
DA:57,0
DA:60,0
DA:71,0
DA:125,0
DA:140,0
DA:141,0
DA:148,0
DA:149,0
DA:156,0
DA:157,0
DA:165,0
DA:172,0
DA:173,0
DA:180,0
DA:183,0
DA:187,0
DA:192,0
DA:193,0
DA:195,0
DA:196,0
DA:202,0
DA:205,0
DA:227,0
DA:230,0
DA:234,0
LF:47
LH:0
BRDA:18,0,0,0
BRDA:27,1,0,0
BRDA:27,1,1,0
BRDA:37,2,0,0
BRDA:37,2,1,0
BRDA:140,3,0,0
BRDA:148,4,0,0
BRDA:156,5,0,0
BRDA:172,6,0,0
BRDA:183,7,0,0
BRDA:183,7,1,0
BRDA:198,8,0,0
BRDA:199,9,0,0
BRDA:200,10,0,0
BRDA:201,11,0,0
BRDA:230,12,0,0
BRDA:230,12,1,0
BRF:17
BRH:0
end_of_record
TN:
SF:app/api/storage/delivery/route.ts
FN:18,GET
FN:68,POST
FN:73,(anonymous_6)
FN:121,DELETE
FNF:4
FNH:0
FNDA:0,GET
FNDA:0,POST
FNDA:0,(anonymous_6)
FNDA:0,DELETE
DA:3,0
DA:10,0
DA:15,0
DA:18,0
DA:19,0
DA:21,0
DA:22,0
DA:23,0
DA:24,0
DA:25,0
DA:26,0
DA:27,0
DA:29,0
DA:30,0
DA:37,0
DA:44,0
DA:46,0
DA:47,0
DA:52,0
DA:59,0
DA:63,0
DA:68,0
DA:69,0
DA:71,0
DA:72,0
DA:73,0
DA:78,0
DA:80,0
DA:81,0
DA:88,0
DA:89,0
DA:96,0
DA:103,0
DA:105,0
DA:112,0
DA:116,0
DA:121,0
DA:122,0
DA:124,0
DA:125,0
DA:126,0
DA:127,0
DA:129,0
DA:130,0
DA:137,0
DA:139,0
DA:140,0
DA:145,0
DA:152,0
DA:156,0
LF:50
LH:0
BRDA:27,0,0,0
BRDA:27,0,1,0
BRDA:29,1,0,0
BRDA:46,2,0,0
BRDA:48,3,0,0
BRDA:48,3,1,0
BRDA:59,4,0,0
BRDA:59,4,1,0
BRDA:78,5,0,0
BRDA:80,6,0,0
BRDA:80,7,0,0
BRDA:80,7,1,0
BRDA:83,8,0,0
BRDA:83,8,1,0
BRDA:88,9,0,0
BRDA:97,10,0,0
BRDA:97,10,1,0
BRDA:98,11,0,0
BRDA:98,11,1,0
BRDA:112,12,0,0
BRDA:112,12,1,0
BRDA:129,13,0,0
BRDA:139,14,0,0
BRDA:141,15,0,0
BRDA:141,15,1,0
BRDA:152,16,0,0
BRDA:152,16,1,0
BRF:27
BRH:0
end_of_record
TN:
SF:app/api/storage/video/[videoId]/route.ts
FN:17,GET
FN:95,(anonymous_4)
FN:96,(anonymous_5)
FN:97,(anonymous_6)
FN:120,DELETE
FNF:5
FNH:0
FNDA:0,GET
FNDA:0,(anonymous_4)
FNDA:0,(anonymous_5)
FNDA:0,(anonymous_6)
FNDA:0,DELETE
DA:3,0
DA:10,0
DA:14,0
DA:17,0
DA:21,0
DA:23,0
DA:24,0
DA:25,0
DA:27,0
DA:28,0
DA:29,0
DA:30,0
DA:32,0
DA:33,0
DA:42,0
DA:43,0
DA:44,0
DA:45,0
DA:51,0
DA:54,0
DA:60,0
DA:62,0
DA:64,0
DA:69,0
DA:72,0
DA:74,0
DA:75,0
DA:76,0
DA:81,0
DA:82,0
DA:86,0
DA:92,0
DA:95,0
DA:97,0
DA:98,0
DA:103,0
DA:111,0
DA:115,0
DA:120,0
DA:124,0
DA:126,0
DA:127,0
DA:128,0
DA:130,0
DA:131,0
DA:133,0
DA:134,0
DA:143,0
DA:144,0
DA:145,0
DA:146,0
DA:152,0
DA:155,0
DA:156,0
DA:157,0
DA:159,0
DA:163,0
DA:164,0
DA:166,0
DA:168,0
DA:177,0
DA:178,0
DA:179,0
DA:180,0
DA:185,0
DA:186,0
DA:187,0
DA:189,0
DA:190,0
DA:191,0
DA:192,0
DA:196,0
DA:197,0
DA:198,0
DA:203,0
DA:206,0
DA:216,0
DA:224,0
DA:231,0
DA:235,0
LF:80
LH:0
BRDA:32,0,0,0
BRDA:32,1,0,0
BRDA:32,1,1,0
BRDA:42,2,0,0
BRDA:44,3,0,0
BRDA:62,4,0,0
BRDA:62,4,1,0
BRDA:81,5,0,0
BRDA:98,6,0,0
BRDA:98,6,1,0
BRDA:111,7,0,0
BRDA:111,7,1,0
BRDA:133,8,0,0
BRDA:133,9,0,0
BRDA:133,9,1,0
BRDA:143,10,0,0
BRDA:145,11,0,0
BRDA:159,12,0,0
BRDA:159,12,1,0
BRDA:178,13,0,0
BRDA:178,14,0,0
BRDA:178,14,1,0
BRDA:185,15,0,0
BRDA:185,15,1,0
BRDA:191,16,0,0
BRDA:218,17,0,0
BRDA:218,17,1,0
BRDA:231,18,0,0
BRDA:231,18,1,0
BRF:29
BRH:0
end_of_record
TN:
SF:app/api/upload/route.ts
FN:29,handleUpload
FN:49,(anonymous_2)
FN:105,(anonymous_3)
FN:166,(anonymous_4)
FNF:4
FNH:0
FNDA:0,handleUpload
FNDA:0,(anonymous_2)
FNDA:0,(anonymous_3)
FNDA:0,(anonymous_4)
DA:1,0
DA:3,0
DA:4,0
DA:5,0
DA:16,0
DA:17,0
DA:24,0
DA:25,0
DA:26,0
DA:27,0
DA:30,0
DA:31,0
DA:32,0
DA:34,0
DA:36,0
DA:37,0
DA:38,0
DA:39,0
DA:43,0
DA:45,0
DA:48,0
DA:49,0
DA:54,0
DA:57,0
DA:58,0
DA:60,0
DA:66,0
DA:69,0
DA:73,0
DA:76,0
DA:77,0
DA:78,0
DA:80,0
DA:82,0
DA:83,0
DA:84,0
DA:86,0
DA:87,0
DA:88,0
DA:91,0
DA:92,0
DA:104,0
DA:105,0
DA:106,0
DA:107,0
DA:108,0
DA:109,0
DA:111,0
DA:113,0
DA:114,0
DA:126,0
DA:127,0
DA:136,0
DA:137,0
DA:141,0
DA:145,0
DA:146,0
DA:147,0
DA:157,0
DA:158,0
DA:166,0
DA:167,0
DA:168,0
DA:175,0
DA:192,0
DA:196,0
DA:197,0
DA:203,0
DA:208,0
DA:213,0
DA:214,0
DA:222,0
DA:227,0
LF:73
LH:0
BRDA:37,0,0,0
BRDA:57,1,0,0
BRDA:57,1,1,0
BRDA:84,2,0,0
BRDA:95,3,0,0
BRDA:95,3,1,0
BRDA:117,4,0,0
BRDA:117,4,1,0
BRDA:196,5,0,0
BRDA:198,6,0,0
BRDA:198,6,1,0
BRDA:203,7,0,0
BRDA:203,7,1,0
BRDA:208,8,0,0
BRDA:208,8,1,0
BRDA:208,8,2,0
BRDA:208,8,3,0
BRDA:208,8,4,0
BRDA:213,9,0,0
BRDA:213,9,1,0
BRF:20
BRH:0
end_of_record
TN:
SF:app/api/upload/progress/route.ts
FN:4,GET
FN:16,(anonymous_2)
FN:17,(anonymous_3)
FN:42,(anonymous_4)
FN:52,(anonymous_5)
FNF:5
FNH:0
FNDA:0,GET
FNDA:0,(anonymous_2)
FNDA:0,(anonymous_3)
FNDA:0,(anonymous_4)
FNDA:0,(anonymous_5)
DA:2,0
DA:4,0
DA:5,0
DA:6,0
DA:8,0
DA:9,0
DA:13,0
DA:15,0
DA:17,0
DA:18,0
DA:20,0
DA:21,0
DA:24,0
DA:25,0
DA:26,0
DA:29,0
DA:38,0
DA:41,0
DA:42,0
DA:43,0
DA:46,0
DA:47,0
DA:52,0
DA:53,0
DA:54,0
DA:59,0
LF:26
LH:0
BRDA:8,0,0,0
BRDA:20,1,0,0
BRDA:33,2,0,0
BRDA:33,2,1,0
BRDA:41,3,0,0
BRDA:41,4,0,0
BRDA:41,4,1,0
BRF:7
BRH:0
end_of_record
TN:
SF:app/api/video/enhanced/route.ts
FN:20,POST
FN:25,(anonymous_4)
FN:88,GET
FN:106,(anonymous_6)
FN:125,(anonymous_7)
FNF:5
FNH:2
FNDA:2,POST
FNDA:2,(anonymous_4)
FNDA:0,GET
FNDA:0,(anonymous_6)
FNDA:0,(anonymous_7)
DA:6,2
DA:13,2
DA:17,2
DA:20,2
DA:21,2
DA:23,2
DA:24,2
DA:25,2
DA:30,1
DA:32,1
DA:33,0
DA:41,1
DA:59,1
DA:62,1
DA:64,1
DA:79,1
DA:83,1
DA:88,0
DA:89,0
DA:91,0
DA:92,0
DA:93,0
DA:94,0
DA:97,0
DA:101,0
DA:102,0
DA:105,0
DA:106,0
DA:126,0
DA:127,0
DA:135,0
DA:139,0
LF:32
LH:16
BRDA:30,0,0,1
BRDA:32,1,0,0
BRDA:32,2,0,1
BRDA:32,2,1,1
BRDA:42,3,0,1
BRDA:42,3,1,1
BRDA:43,4,0,1
BRDA:43,4,1,1
BRDA:44,5,0,1
BRDA:44,5,1,1
BRDA:45,6,0,1
BRDA:45,6,1,1
BRDA:46,7,0,1
BRDA:46,7,1,1
BRDA:48,8,0,1
BRDA:48,8,1,1
BRDA:53,9,0,1
BRDA:53,9,1,1
BRDA:54,10,0,1
BRDA:54,10,1,1
BRDA:69,11,0,1
BRDA:69,11,1,0
BRDA:79,12,0,1
BRDA:79,12,1,0
BRDA:101,13,0,0
BRDA:126,14,0,0
BRDA:126,14,1,0
BRDA:129,15,0,0
BRDA:129,15,1,0
BRDA:135,16,0,0
BRDA:135,16,1,0
BRF:31
BRH:21
end_of_record
TN:
SF:app/api/video/jobs/route.ts
FN:69,GET
FN:80,(anonymous_2)
FN:88,(anonymous_3)
FN:174,(anonymous_4)
FN:197,(anonymous_5)
FNF:5
FNH:1
FNDA:2,GET
FNDA:0,(anonymous_2)
FNDA:0,(anonymous_3)
FNDA:0,(anonymous_4)
FNDA:0,(anonymous_5)
DA:2,2
DA:3,2
DA:4,2
DA:69,3
DA:70,2
DA:71,2
DA:74,1
DA:77,1
DA:78,1
DA:79,1
DA:80,0
DA:85,1
DA:86,1
DA:87,0
DA:88,0
DA:90,0
DA:94,1
DA:95,1
DA:96,1
DA:97,0
DA:98,0
DA:100,0
DA:101,0
DA:111,0
DA:112,0
DA:122,0
DA:126,1
DA:127,1
DA:129,1
DA:130,1
DA:132,1
DA:133,0
DA:143,1
DA:144,0
DA:155,1
DA:156,1
DA:158,1
DA:159,0
DA:161,1
DA:164,1
DA:165,0
DA:167,1
DA:171,1
DA:174,1
DA:197,0
DA:213,1
DA:234,1
DA:237,1
DA:238,0
DA:242,1
DA:243,1
LF:51
LH:34
BRDA:78,0,0,1
BRDA:79,1,0,0
BRDA:79,1,1,1
BRDA:86,2,0,0
BRDA:87,3,0,0
BRDA:87,3,1,0
BRDA:96,4,0,0
BRDA:96,5,0,1
BRDA:96,5,1,0
BRDA:100,6,0,0
BRDA:100,7,0,0
BRDA:100,7,1,0
BRDA:111,8,0,0
BRDA:129,9,0,0
BRDA:129,9,1,1
BRDA:130,10,0,0
BRDA:130,10,1,1
BRDA:132,11,0,0
BRDA:143,12,0,0
BRDA:158,13,0,0
BRDA:158,13,1,1
BRDA:158,14,0,1
BRDA:158,14,1,0
BRDA:164,15,0,0
BRDA:164,15,1,1
BRDA:164,16,0,1
BRDA:164,16,1,0
BRDA:191,17,0,0
BRDA:191,17,1,0
BRDA:205,18,0,0
BRDA:205,18,1,0
BRDA:224,19,0,0
BRDA:224,19,1,1
BRDA:237,20,0,0
BRF:34
BRH:10
end_of_record
TN:
SF:app/api/video/metrics/route.ts
FN:36,handleGetMetrics
FN:77,(anonymous_2)
FNF:2
FNH:1
FNDA:2,handleGetMetrics
FNDA:0,(anonymous_2)
DA:2,2
DA:3,2
DA:5,2
DA:6,2
DA:37,2
DA:41,1
DA:42,1
DA:44,1
DA:45,0
DA:51,0
DA:52,0
DA:58,0
DA:59,0
DA:71,1
DA:73,1
DA:77,0
DA:87,1
DA:91,3
LF:18
LH:12
BRDA:44,0,0,0
BRDA:44,1,0,1
BRDA:44,1,1,0
BRDA:51,2,0,0
BRDA:51,3,0,0
BRDA:51,3,1,0
BRDA:58,4,0,0
BRF:7
BRH:1
end_of_record
TN:
SF:app/api/video/optimized-status/[jobId]/route.ts
FN:7,GET
FNF:1
FNH:0
FNDA:0,GET
DA:3,0
DA:4,0
DA:5,0
DA:7,0
DA:11,0
DA:13,0
DA:14,0
DA:16,0
DA:18,0
DA:19,0
DA:26,0
DA:47,0
DA:50,0
DA:51,0
LF:14
LH:0
BRDA:18,0,0,0
BRDA:37,1,0,0
BRDA:37,1,1,0
BRF:3
BRH:0
end_of_record
TN:
SF:app/api/video/process/route.ts
FN:23,POST
FNF:1
FNH:1
FNDA:19,POST
DA:2,2
DA:3,2
DA:8,2
DA:9,2
DA:23,21
DA:24,19
DA:25,19
DA:28,7
DA:29,1
DA:36,6
DA:37,6
DA:39,1
DA:46,5
DA:52,3
DA:54,3
DA:61,3
DA:64,16
DA:65,4
DA:69,12
DA:70,12
LF:20
LH:20
BRDA:28,0,0,1
BRDA:48,1,0,5
BRDA:48,1,1,5
BRDA:64,2,0,4
BRF:4
BRH:4
end_of_record
TN:
SF:app/api/video/process-optimized/route.ts
FN:7,POST
FN:50,GET
FN:61,(anonymous_5)
FNF:3
FNH:1
FNDA:2,POST
FNDA:0,GET
FNDA:0,(anonymous_5)
DA:3,2
DA:4,2
DA:5,2
DA:7,2
DA:8,2
DA:10,2
DA:11,2
DA:12,1
DA:14,1
DA:15,0
DA:23,1
DA:24,1
DA:26,0
DA:33,1
DA:35,1
DA:45,1
DA:46,1
DA:50,0
DA:51,0
DA:53,0
DA:54,0
DA:55,0
DA:57,0
DA:58,0
DA:60,0
DA:61,0
DA:83,0
DA:84,0
LF:28
LH:15
BRDA:12,0,0,0
BRDA:14,1,0,0
BRDA:57,2,0,0
BRDA:57,2,1,0
BRF:4
BRH:0
end_of_record
TN:
SF:app/api/video/result/[jobId]/route.ts
FN:18,GET
FNF:1
FNH:0
FNDA:0,GET
DA:2,0
DA:3,0
DA:8,0
DA:9,0
DA:18,0
DA:22,0
DA:23,0
DA:25,0
DA:26,0
DA:32,0
DA:33,0
DA:34,0
DA:41,0
DA:42,0
DA:52,0
DA:53,0
DA:59,0
DA:66,0
DA:69,0
DA:70,0
DA:74,0
DA:75,0
LF:22
LH:0
BRDA:25,0,0,0
BRDA:33,1,0,0
BRDA:41,2,0,0
BRDA:52,3,0,0
BRDA:63,4,0,0
BRDA:63,4,1,0
BRDA:69,5,0,0
BRF:7
BRH:0
end_of_record
TN:
SF:app/api/video/status/[jobId]/route.ts
FN:23,GET
FNF:1
FNH:1
FNDA:2,GET
DA:2,1
DA:3,1
DA:8,1
DA:9,1
DA:23,3
DA:27,2
DA:28,2
DA:30,2
DA:31,0
DA:37,2
DA:38,2
DA:39,2
DA:46,0
DA:47,0
DA:48,0
DA:49,0
DA:50,0
DA:51,0
DA:52,0
DA:53,0
DA:55,0
DA:57,0
DA:58,0
DA:59,0
DA:60,0
DA:65,0
DA:66,0
DA:67,0
DA:68,0
DA:71,0
DA:81,0
DA:82,0
DA:83,0
DA:84,0
DA:87,0
DA:90,2
DA:91,2
DA:95,0
DA:96,0
LF:39
LH:13
BRDA:30,0,0,0
BRDA:38,1,0,2
BRDA:47,2,0,0
BRDA:47,2,1,0
BRDA:48,3,0,0
BRDA:48,3,1,0
BRDA:50,4,0,0
BRDA:50,4,1,0
BRDA:52,5,0,0
BRDA:52,5,1,0
BRDA:57,6,0,0
BRDA:57,6,1,0
BRDA:59,7,0,0
BRDA:65,8,0,0
BRDA:65,9,0,0
BRDA:65,9,1,0
BRDA:81,10,0,0
BRDA:84,11,0,0
BRDA:84,11,1,0
BRDA:90,12,0,2
BRDA:90,13,0,2
BRDA:90,13,1,2
BRF:22
BRH:4
end_of_record
TN:
SF:app/api/whisper/route.ts
FN:24,POST
FN:44,(anonymous_4)
FN:118,(anonymous_5)
FN:178,GET
FNF:4
FNH:0
FNDA:0,POST
FNDA:0,(anonymous_4)
FNDA:0,(anonymous_5)
FNDA:0,GET
DA:2,0
DA:3,0
DA:4,0
DA:5,0
DA:6,0
DA:15,0
DA:21,0
DA:22,0
DA:24,0
DA:25,0
DA:27,0
DA:29,0
DA:32,0
DA:33,0
DA:38,0
DA:39,0
DA:43,0
DA:44,0
DA:49,0
DA:50,0
DA:51,0
DA:52,0
DA:53,0
DA:54,0
DA:57,0
DA:58,0
DA:66,0
DA:69,0
DA:78,0
DA:85,0
DA:86,0
DA:97,0
DA:98,0
DA:99,0
DA:109,0
DA:110,0
DA:118,0
DA:119,0
DA:120,0
DA:127,0
DA:130,0
DA:157,0
DA:161,0
DA:166,0
DA:173,0
DA:178,0
DA:179,0
DA:181,0
DA:183,0
DA:186,0
DA:188,0
DA:189,0
DA:199,0
DA:200,0
DA:203,0
DA:237,0
DA:240,0
DA:241,0
LF:58
LH:0
BRDA:32,0,0,0
BRDA:50,1,0,0
BRDA:50,1,1,0
BRDA:51,2,0,0
BRDA:51,2,1,0
BRDA:52,3,0,0
BRDA:52,3,1,0
BRDA:53,4,0,0
BRDA:53,4,1,0
BRDA:57,5,0,0
BRDA:70,6,0,0
BRDA:70,6,1,0
BRDA:74,7,0,0
BRDA:74,7,1,0
BRDA:85,8,0,0
BRDA:87,9,0,0
BRDA:87,9,1,0
BRDA:151,10,0,0
BRDA:151,10,1,0
BRDA:152,11,0,0
BRDA:152,11,1,0
BRDA:153,12,0,0
BRDA:153,12,1,0
BRDA:161,13,0,0
BRDA:161,13,1,0
BRDA:168,14,0,0
BRDA:168,14,1,0
BRDA:188,15,0,0
BRDA:220,16,0,0
BRDA:220,16,1,0
BRDA:221,17,0,0
BRDA:221,17,1,0
BRDA:222,18,0,0
BRDA:222,18,1,0
BRDA:223,19,0,0
BRDA:223,19,1,0
BRF:36
BRH:0
end_of_record
TN:
SF:components/error-boundary.tsx
FN:28,(anonymous_8)
FN:66,(anonymous_9)
FN:33,(anonymous_10)
FN:40,(anonymous_11)
FN:75,(anonymous_12)
FN:102,DefaultErrorFallback
FN:103,(anonymous_14)
FN:107,(anonymous_15)
FN:111,(anonymous_16)
FN:205,useErrorHandler
FN:206,(anonymous_18)
FN:226,withErrorBoundary
FNF:12
FNH:0
FNDA:0,(anonymous_8)
FNDA:0,(anonymous_9)
FNDA:0,(anonymous_10)
FNDA:0,(anonymous_11)
FNDA:0,(anonymous_12)
FNDA:0,DefaultErrorFallback
FNDA:0,(anonymous_14)
FNDA:0,(anonymous_15)
FNDA:0,(anonymous_16)
FNDA:0,useErrorHandler
FNDA:0,(anonymous_18)
FNDA:0,withErrorBoundary
DA:3,0
DA:4,0
DA:5,0
DA:6,0
DA:7,0
DA:12,0
DA:27,0
DA:29,0
DA:30,0
DA:34,0
DA:42,0
DA:44,0
DA:52,0
DA:53,0
DA:57,0
DA:67,0
DA:76,0
DA:78,0
DA:79,0
DA:97,0
DA:103,0
DA:104,0
DA:107,0
DA:108,0
DA:111,0
DA:113,0
DA:114,0
DA:205,0
DA:206,0
DA:208,0
DA:210,0
DA:221,0
DA:226,0
DA:236,0
DA:238,0
DA:241,0
LF:36
LH:0
BRDA:46,0,0,0
BRDA:46,0,1,0
BRDA:48,1,0,0
BRDA:48,1,1,0
BRDA:52,2,0,0
BRDA:76,3,0,0
BRDA:78,4,0,0
BRDA:188,5,0,0
BRDA:208,6,0,0
BRDA:208,6,1,0
BRDA:236,7,0,0
BRDA:236,7,1,0
BRF:12
BRH:0
end_of_record
TN:
SF:components/export-recommendations.tsx
FN:77,(anonymous_4)
FN:106,(anonymous_5)
FN:141,(anonymous_6)
FN:145,(anonymous_7)
FN:180,(anonymous_8)
FN:215,(anonymous_9)
FN:250,(anonymous_10)
FN:287,(anonymous_11)
FN:296,(anonymous_12)
FN:297,(anonymous_13)
FN:301,(anonymous_14)
FN:307,(anonymous_15)
FN:308,(anonymous_16)
FN:311,(anonymous_17)
FN:312,(anonymous_18)
FN:313,(anonymous_19)
FN:318,(anonymous_20)
FN:338,(anonymous_21)
FN:344,(anonymous_22)
FN:360,(anonymous_23)
FN:374,(anonymous_24)
FN:414,(anonymous_25)
FN:430,(anonymous_26)
FN:438,(anonymous_27)
FN:451,(anonymous_28)
FN:471,(anonymous_29)
FN:471,(anonymous_30)
FN:481,(anonymous_31)
FN:481,(anonymous_32)
FN:491,(anonymous_33)
FN:491,(anonymous_34)
FN:501,(anonymous_35)
FN:501,(anonymous_36)
FN:512,(anonymous_37)
FN:512,(anonymous_38)
FN:531,(anonymous_39)
FN:535,(anonymous_40)
FN:575,validateRecommendationsForExport
FN:598,ExportRecommendations
FN:621,(anonymous_43)
FN:636,(anonymous_44)
FN:676,(anonymous_45)
FN:694,(anonymous_46)
FNF:43
FNH:0
FNDA:0,(anonymous_4)
FNDA:0,(anonymous_5)
FNDA:0,(anonymous_6)
FNDA:0,(anonymous_7)
FNDA:0,(anonymous_8)
FNDA:0,(anonymous_9)
FNDA:0,(anonymous_10)
FNDA:0,(anonymous_11)
FNDA:0,(anonymous_12)
FNDA:0,(anonymous_13)
FNDA:0,(anonymous_14)
FNDA:0,(anonymous_15)
FNDA:0,(anonymous_16)
FNDA:0,(anonymous_17)
FNDA:0,(anonymous_18)
FNDA:0,(anonymous_19)
FNDA:0,(anonymous_20)
FNDA:0,(anonymous_21)
FNDA:0,(anonymous_22)
FNDA:0,(anonymous_23)
FNDA:0,(anonymous_24)
FNDA:0,(anonymous_25)
FNDA:0,(anonymous_26)
FNDA:0,(anonymous_27)
FNDA:0,(anonymous_28)
FNDA:0,(anonymous_29)
FNDA:0,(anonymous_30)
FNDA:0,(anonymous_31)
FNDA:0,(anonymous_32)
FNDA:0,(anonymous_33)
FNDA:0,(anonymous_34)
FNDA:0,(anonymous_35)
FNDA:0,(anonymous_36)
FNDA:0,(anonymous_37)
FNDA:0,(anonymous_38)
FNDA:0,(anonymous_39)
FNDA:0,(anonymous_40)
FNDA:0,validateRecommendationsForExport
FNDA:0,ExportRecommendations
FNDA:0,(anonymous_43)
FNDA:0,(anonymous_44)
FNDA:0,(anonymous_45)
FNDA:0,(anonymous_46)
DA:10,0
DA:11,0
DA:12,0
DA:13,0
DA:26,0
DA:63,0
DA:77,0
DA:78,0
DA:105,0
DA:107,0
DA:108,0
DA:119,0
DA:121,0
DA:122,0
DA:124,0
DA:125,0
DA:126,0
DA:127,0
DA:128,0
DA:129,0
DA:130,0
DA:131,0
DA:132,0
DA:135,0
DA:137,0
DA:142,0
DA:146,0
DA:147,0
DA:158,0
DA:160,0
DA:161,0
DA:163,0
DA:164,0
DA:165,0
DA:166,0
DA:167,0
DA:168,0
DA:169,0
DA:170,0
DA:171,0
DA:174,0
DA:176,0
DA:181,0
DA:182,0
DA:193,0
DA:195,0
DA:196,0
DA:198,0
DA:199,0
DA:200,0
DA:201,0
DA:202,0
DA:203,0
DA:204,0
DA:205,0
DA:206,0
DA:209,0
DA:211,0
DA:216,0
DA:217,0
DA:228,0
DA:230,0
DA:231,0
DA:233,0
DA:234,0
DA:235,0
DA:236,0
DA:237,0
DA:238,0
DA:239,0
DA:240,0
DA:241,0
DA:244,0
DA:246,0
DA:251,0
DA:252,0
DA:263,0
DA:265,0
DA:266,0
DA:268,0
DA:269,0
DA:270,0
DA:271,0
DA:275,0
DA:277,0
DA:287,0
DA:288,0
DA:296,0
DA:297,0
DA:299,0
DA:300,0
DA:301,0
DA:307,0
DA:308,0
DA:311,0
DA:312,0
DA:313,0
DA:318,0
DA:319,0
DA:320,0
DA:328,0
DA:339,0
DA:344,0
DA:360,0
DA:361,0
DA:362,0
DA:371,0
DA:372,0
DA:374,0
DA:375,0
DA:377,0
DA:378,0
DA:389,0
DA:391,0
DA:392,0
DA:394,0
DA:396,0
DA:404,0
DA:405,0
DA:406,0
DA:407,0
DA:408,0
DA:409,0
DA:410,0
DA:411,0
DA:412,0
DA:414,0
DA:415,0
DA:416,0
DA:420,0
DA:430,0
DA:438,0
DA:451,0
DA:471,0
DA:481,0
DA:491,0
DA:501,0
DA:512,0
DA:531,0
DA:535,0
DA:576,0
DA:578,0
DA:579,0
DA:580,0
DA:583,0
DA:584,0
DA:587,0
DA:588,0
DA:591,0
DA:598,0
DA:606,0
DA:608,0
DA:622,0
DA:632,0
DA:636,0
DA:652,0
DA:676,0
DA:694,0
LF:158
LH:0
BRDA:78,0,0,0
BRDA:119,1,0,0
BRDA:122,2,0,0
BRDA:137,3,0,0
BRDA:137,3,1,0
BRDA:158,4,0,0
BRDA:161,5,0,0
BRDA:176,6,0,0
BRDA:176,6,1,0
BRDA:193,7,0,0
BRDA:196,8,0,0
BRDA:211,9,0,0
BRDA:211,9,1,0
BRDA:228,10,0,0
BRDA:231,11,0,0
BRDA:246,12,0,0
BRDA:246,12,1,0
BRDA:263,13,0,0
BRDA:266,14,0,0
BRDA:269,15,0,0
BRDA:277,16,0,0
BRDA:277,16,1,0
BRDA:303,17,0,0
BRDA:303,17,1,0
BRDA:343,18,0,0
BRDA:343,18,1,0
BRDA:389,19,0,0
BRDA:392,20,0,0
BRDA:392,20,1,0
BRDA:394,21,0,0
BRDA:394,22,0,0
BRDA:394,22,1,0
BRDA:507,23,0,0
BRDA:547,24,0,0
BRDA:552,25,0,0
BRDA:557,26,0,0
BRDA:578,27,0,0
BRDA:578,28,0,0
BRDA:578,28,1,0
BRDA:583,29,0,0
BRDA:587,30,0,0
BRDA:601,31,0,0
BRDA:602,32,0,0
BRDA:603,33,0,0
BRDA:608,34,0,0
BRDA:632,35,0,0
BRDA:652,36,0,0
BRDA:672,37,0,0
BRF:48
BRH:0
end_of_record
TN:
SF:components/results-dashboard.tsx
FN:86,getScoreLevel
FN:93,getScoreColor
FN:99,getScoreGradient
FN:104,getScoreSolid
FN:109,getScoreIcon
FN:115,getProgressColor
FN:120,getScoreBadgeVariant
FN:130,ResultsDashboard
FN:139,(anonymous_10)
FN:149,(anonymous_11)
FN:160,(anonymous_12)
FN:219,(anonymous_13)
FN:222,(anonymous_14)
FN:225,(anonymous_15)
FN:228,(anonymous_16)
FN:248,(anonymous_17)
FN:250,(anonymous_18)
FN:261,(anonymous_19)
FN:281,(anonymous_20)
FN:282,(anonymous_21)
FN:293,(anonymous_22)
FN:325,(anonymous_23)
FN:376,(anonymous_24)
FN:389,(anonymous_25)
FN:391,(anonymous_26)
FN:408,(anonymous_27)
FN:427,(anonymous_28)
FN:484,(anonymous_29)
FN:518,(anonymous_30)
FN:530,(anonymous_31)
FN:573,(anonymous_32)
FN:574,(anonymous_33)
FN:597,(anonymous_34)
FN:662,(anonymous_35)
FN:663,(anonymous_36)
FN:664,(anonymous_37)
FN:672,(anonymous_38)
FNF:37
FNH:0
FNDA:0,getScoreLevel
FNDA:0,getScoreColor
FNDA:0,getScoreGradient
FNDA:0,getScoreSolid
FNDA:0,getScoreIcon
FNDA:0,getProgressColor
FNDA:0,getScoreBadgeVariant
FNDA:0,ResultsDashboard
FNDA:0,(anonymous_10)
FNDA:0,(anonymous_11)
FNDA:0,(anonymous_12)
FNDA:0,(anonymous_13)
FNDA:0,(anonymous_14)
FNDA:0,(anonymous_15)
FNDA:0,(anonymous_16)
FNDA:0,(anonymous_17)
FNDA:0,(anonymous_18)
FNDA:0,(anonymous_19)
FNDA:0,(anonymous_20)
FNDA:0,(anonymous_21)
FNDA:0,(anonymous_22)
FNDA:0,(anonymous_23)
FNDA:0,(anonymous_24)
FNDA:0,(anonymous_25)
FNDA:0,(anonymous_26)
FNDA:0,(anonymous_27)
FNDA:0,(anonymous_28)
FNDA:0,(anonymous_29)
FNDA:0,(anonymous_30)
FNDA:0,(anonymous_31)
FNDA:0,(anonymous_32)
FNDA:0,(anonymous_33)
FNDA:0,(anonymous_34)
FNDA:0,(anonymous_35)
FNDA:0,(anonymous_36)
FNDA:0,(anonymous_37)
FNDA:0,(anonymous_38)
DA:3,0
DA:4,0
DA:5,0
DA:6,0
DA:7,0
DA:8,0
DA:9,0
DA:10,0
DA:11,0
DA:35,0
DA:42,0
DA:87,0
DA:88,0
DA:89,0
DA:90,0
DA:94,0
DA:95,0
DA:96,0
DA:100,0
DA:101,0
DA:105,0
DA:106,0
DA:110,0
DA:111,0
DA:116,0
DA:121,0
DA:122,0
DA:123,0
DA:124,0
DA:125,0
DA:126,0
DA:130,0
DA:132,0
DA:133,0
DA:134,0
DA:136,0
DA:139,0
DA:140,0
DA:141,0
DA:142,0
DA:144,0
DA:146,0
DA:149,0
DA:150,0
DA:151,0
DA:152,0
DA:154,0
DA:156,0
DA:160,0
DA:161,0
DA:162,0
DA:164,0
DA:165,0
DA:168,0
DA:219,0
DA:222,0
DA:225,0
DA:228,0
DA:249,0
DA:250,0
DA:251,0
DA:253,0
DA:261,0
DA:281,0
DA:282,0
DA:294,0
DA:326,0
DA:376,0
DA:390,0
DA:391,0
DA:392,0
DA:409,0
DA:410,0
DA:427,0
DA:485,0
DA:519,0
DA:531,0
DA:573,0
DA:575,0
DA:598,0
DA:663,0
DA:664,0
DA:665,0
DA:672,0
LF:84
LH:0
BRDA:87,0,0,0
BRDA:88,1,0,0
BRDA:89,2,0,0
BRDA:122,3,0,0
BRDA:122,3,1,0
BRDA:122,3,2,0
BRDA:122,3,3,0
BRDA:141,4,0,0
BRDA:141,4,1,0
BRDA:151,5,0,0
BRDA:151,5,1,0
BRDA:161,6,0,0
BRDA:222,7,0,0
BRDA:222,7,1,0
BRDA:225,8,0,0
BRDA:225,8,1,0
BRDA:254,9,0,0
BRDA:254,9,1,0
BRDA:263,10,0,0
BRDA:263,10,1,0
BRDA:265,11,0,0
BRDA:287,12,0,0
BRDA:332,13,0,0
BRDA:332,13,1,0
BRDA:333,14,0,0
BRDA:333,14,1,0
BRDA:334,15,0,0
BRDA:334,15,1,0
BRDA:378,16,0,0
BRDA:378,16,1,0
BRDA:380,17,0,0
BRDA:380,17,1,0
BRDA:381,18,0,0
BRDA:386,19,0,0
BRDA:411,20,0,0
BRDA:411,20,1,0
BRDA:429,21,0,0
BRDA:429,21,1,0
BRDA:431,22,0,0
BRDA:465,23,0,0
BRDA:478,24,0,0
BRDA:665,25,0,0
BRDA:665,25,1,0
BRF:43
BRH:0
end_of_record
TN:
SF:components/slide-thumbnail.tsx
FN:37,SlideThumbnail
FN:57,(anonymous_8)
FN:64,(anonymous_9)
FN:71,(anonymous_10)
FN:80,(anonymous_11)
FN:86,(anonymous_12)
FN:229,SlideThumbnailGrid
FN:243,(anonymous_14)
FN:264,(anonymous_15)
FNF:9
FNH:0
FNDA:0,SlideThumbnail
FNDA:0,(anonymous_8)
FNDA:0,(anonymous_9)
FNDA:0,(anonymous_10)
FNDA:0,(anonymous_11)
FNDA:0,(anonymous_12)
FNDA:0,SlideThumbnailGrid
FNDA:0,(anonymous_14)
FNDA:0,(anonymous_15)
DA:3,0
DA:4,0
DA:5,0
DA:22,0
DA:37,0
DA:50,0
DA:51,0
DA:54,0
DA:57,0
DA:58,0
DA:59,0
DA:60,0
DA:64,0
DA:65,0
DA:66,0
DA:71,0
DA:72,0
DA:73,0
DA:74,0
DA:75,0
DA:80,0
DA:81,0
DA:82,0
DA:86,0
DA:87,0
DA:88,0
DA:92,0
DA:93,0
DA:96,0
DA:229,0
DA:243,0
DA:246,0
DA:248,0
DA:265,0
LF:34
LH:0
BRDA:39,0,0,0
BRDA:40,1,0,0
BRDA:41,2,0,0
BRDA:42,3,0,0
BRDA:43,4,0,0
BRDA:44,5,0,0
BRDA:45,6,0,0
BRDA:46,7,0,0
BRDA:65,8,0,0
BRDA:65,9,0,0
BRDA:65,9,1,0
BRDA:72,10,0,0
BRDA:72,11,0,0
BRDA:72,11,1,0
BRDA:92,12,0,0
BRDA:105,13,0,0
BRDA:105,13,1,0
BRDA:106,14,0,0
BRDA:106,14,1,0
BRDA:106,14,2,0
BRDA:107,15,0,0
BRDA:107,15,1,0
BRDA:107,15,2,0
BRDA:108,16,0,0
BRDA:108,16,1,0
BRDA:119,17,0,0
BRDA:119,17,1,0
BRDA:119,18,0,0
BRDA:119,18,1,0
BRDA:119,19,0,0
BRDA:119,19,1,0
BRDA:123,20,0,0
BRDA:123,20,1,0
BRDA:130,21,0,0
BRDA:130,21,1,0
BRDA:138,22,0,0
BRDA:146,23,0,0
BRDA:146,23,1,0
BRDA:150,24,0,0
BRDA:150,24,1,0
BRDA:156,25,0,0
BRDA:159,26,0,0
BRDA:159,26,1,0
BRDA:163,27,0,0
BRDA:163,27,1,0
BRDA:171,28,0,0
BRDA:174,29,0,0
BRDA:174,29,1,0
BRDA:178,30,0,0
BRDA:178,30,1,0
BRDA:187,31,0,0
BRDA:190,32,0,0
BRDA:190,32,1,0
BRDA:193,33,0,0
BRDA:193,33,1,0
BRDA:193,33,2,0
BRDA:201,34,0,0
BRDA:201,34,1,0
BRDA:207,35,0,0
BRDA:234,36,0,0
BRDA:235,37,0,0
BRDA:236,38,0,0
BRDA:237,39,0,0
BRDA:246,40,0,0
BRDA:246,40,1,0
BRDA:248,41,0,0
BRDA:259,42,0,0
BRDA:259,42,1,0
BRDA:280,43,0,0
BRDA:280,43,1,0
BRF:70
BRH:0
end_of_record
TN:
SF:components/timeline-feedback.tsx
FN:22,TimelineFeedback
FN:36,(anonymous_8)
FN:45,(anonymous_9)
FN:61,(anonymous_10)
FN:158,(anonymous_11)
FN:249,(anonymous_12)
FN:279,TimelineFeedbackList
FN:290,(anonymous_14)
FN:305,(anonymous_15)
FN:334,FeedbackSummary
FN:339,(anonymous_17)
FN:346,(anonymous_18)
FN:353,(anonymous_19)
FN:354,(anonymous_20)
FN:360,(anonymous_21)
FN:395,(anonymous_22)
FNF:16
FNH:0
FNDA:0,TimelineFeedback
FNDA:0,(anonymous_8)
FNDA:0,(anonymous_9)
FNDA:0,(anonymous_10)
FNDA:0,(anonymous_11)
FNDA:0,(anonymous_12)
FNDA:0,TimelineFeedbackList
FNDA:0,(anonymous_14)
FNDA:0,(anonymous_15)
FNDA:0,FeedbackSummary
FNDA:0,(anonymous_17)
FNDA:0,(anonymous_18)
FNDA:0,(anonymous_19)
FNDA:0,(anonymous_20)
FNDA:0,(anonymous_21)
FNDA:0,(anonymous_22)
DA:3,0
DA:4,0
DA:5,0
DA:7,0
DA:8,0
DA:9,0
DA:22,0
DA:31,0
DA:34,0
DA:36,0
DA:37,0
DA:38,0
DA:39,0
DA:41,0
DA:45,0
DA:46,0
DA:47,0
DA:48,0
DA:49,0
DA:54,0
DA:55,0
DA:58,0
DA:61,0
DA:62,0
DA:64,0
DA:72,0
DA:80,0
DA:88,0
DA:98,0
DA:99,0
DA:102,0
DA:159,0
DA:250,0
DA:279,0
DA:290,0
DA:293,0
DA:295,0
DA:306,0
DA:334,0
DA:339,0
DA:341,0
DA:342,0
DA:346,0
DA:347,0
DA:348,0
DA:349,0
DA:352,0
DA:353,0
DA:355,0
DA:359,0
DA:360,0
DA:362,0
DA:396,0
DA:403,0
LF:54
LH:0
BRDA:24,0,0,0
BRDA:25,1,0,0
BRDA:26,2,0,0
BRDA:29,3,0,0
BRDA:34,4,0,0
BRDA:34,4,1,0
BRDA:38,5,0,0
BRDA:38,5,1,0
BRDA:46,6,0,0
BRDA:46,7,0,0
BRDA:46,7,1,0
BRDA:54,8,0,0
BRDA:62,9,0,0
BRDA:62,9,1,0
BRDA:62,9,2,0
BRDA:62,9,3,0
BRDA:102,10,0,0
BRDA:116,11,0,0
BRDA:116,11,1,0
BRDA:117,12,0,0
BRDA:117,12,1,0
BRDA:117,12,2,0
BRDA:119,13,0,0
BRDA:119,13,1,0
BRDA:119,14,0,0
BRDA:119,14,1,0
BRDA:119,15,0,0
BRDA:119,15,1,0
BRDA:124,16,0,0
BRDA:127,17,0,0
BRDA:132,18,0,0
BRDA:132,18,1,0
BRDA:133,19,0,0
BRDA:133,19,1,0
BRDA:133,19,2,0
BRDA:145,20,0,0
BRDA:152,21,0,0
BRDA:181,22,0,0
BRDA:181,22,1,0
BRDA:182,23,0,0
BRDA:182,23,1,0
BRDA:182,23,2,0
BRDA:189,24,0,0
BRDA:189,24,1,0
BRDA:190,25,0,0
BRDA:190,25,1,0
BRDA:190,25,2,0
BRDA:196,26,0,0
BRDA:196,26,1,0
BRDA:196,27,0,0
BRDA:196,27,1,0
BRDA:196,28,0,0
BRDA:196,28,1,0
BRDA:208,29,0,0
BRDA:208,29,1,0
BRDA:213,30,0,0
BRDA:216,31,0,0
BRDA:219,32,0,0
BRDA:219,32,1,0
BRDA:228,33,0,0
BRDA:231,34,0,0
BRDA:231,34,1,0
BRDA:233,35,0,0
BRDA:237,36,0,0
BRDA:237,36,1,0
BRDA:245,37,0,0
BRDA:245,37,1,0
BRDA:253,38,0,0
BRDA:253,38,1,0
BRDA:281,39,0,0
BRDA:286,40,0,0
BRDA:293,41,0,0
BRDA:293,41,1,0
BRDA:295,42,0,0
BRDA:318,43,0,0
BRDA:318,43,1,0
BRDA:341,44,0,0
BRDA:348,45,0,0
BRDA:348,45,1,0
BRDA:359,46,0,0
BRDA:359,46,1,0
BRDA:367,47,0,0
BRDA:367,47,1,0
BRDA:373,48,0,0
BRDA:386,49,0,0
BRDA:396,50,0,0
BRDA:396,50,1,0
BRDA:411,51,0,0
BRDA:411,51,1,0
BRDA:421,52,0,0
BRDA:428,53,0,0
BRDA:428,53,1,0
BRF:92
BRH:0
end_of_record
TN:
SF:components/timeline-scroll-area.tsx
FN:25,TimelineScrollArea
FN:51,(anonymous_5)
FN:58,(anonymous_6)
FN:69,(anonymous_7)
FN:82,(anonymous_8)
FN:91,(anonymous_9)
FN:92,(anonymous_10)
FN:99,(anonymous_11)
FN:118,(anonymous_12)
FN:131,(anonymous_13)
FN:140,(anonymous_14)
FN:150,(anonymous_15)
FN:157,(anonymous_16)
FN:164,(anonymous_17)
FN:171,(anonymous_18)
FN:219,(anonymous_19)
FN:246,(anonymous_20)
FN:296,TimelineEventMarker
FN:309,(anonymous_22)
FN:313,(anonymous_23)
FN:321,(anonymous_24)
FN:327,(anonymous_25)
FNF:22
FNH:0
FNDA:0,TimelineScrollArea
FNDA:0,(anonymous_5)
FNDA:0,(anonymous_6)
FNDA:0,(anonymous_7)
FNDA:0,(anonymous_8)
FNDA:0,(anonymous_9)
FNDA:0,(anonymous_10)
FNDA:0,(anonymous_11)
FNDA:0,(anonymous_12)
FNDA:0,(anonymous_13)
FNDA:0,(anonymous_14)
FNDA:0,(anonymous_15)
FNDA:0,(anonymous_16)
FNDA:0,(anonymous_17)
FNDA:0,(anonymous_18)
FNDA:0,(anonymous_19)
FNDA:0,(anonymous_20)
FNDA:0,TimelineEventMarker
FNDA:0,(anonymous_22)
FNDA:0,(anonymous_23)
FNDA:0,(anonymous_24)
FNDA:0,(anonymous_25)
DA:3,0
DA:4,0
DA:5,0
DA:7,0
DA:8,0
DA:14,0
DA:25,0
DA:39,0
DA:40,0
DA:41,0
DA:44,0
DA:51,0
DA:52,0
DA:53,0
DA:54,0
DA:58,0
DA:59,0
DA:61,0
DA:62,0
DA:63,0
DA:65,0
DA:69,0
DA:70,0
DA:72,0
DA:74,0
DA:75,0
DA:76,0
DA:82,0
DA:84,0
DA:91,0
DA:92,0
DA:93,0
DA:94,0
DA:99,0
DA:100,0
DA:102,0
DA:103,0
DA:104,0
DA:108,0
DA:109,0
DA:110,0
DA:112,0
DA:113,0
DA:118,0
DA:119,0
DA:122,0
DA:123,0
DA:127,0
DA:131,0
DA:132,0
DA:133,0
DA:135,0
DA:140,0
DA:142,0
DA:143,0
DA:146,0
DA:150,0
DA:151,0
DA:152,0
DA:157,0
DA:158,0
DA:159,0
DA:164,0
DA:165,0
DA:166,0
DA:171,0
DA:172,0
DA:219,0
DA:247,0
DA:309,0
DA:310,0
DA:313,0
DA:314,0
DA:315,0
DA:316,0
DA:317,0
DA:321,0
DA:322,0
DA:323,0
DA:324,0
DA:327,0
DA:328,0
DA:329,0
DA:330,0
DA:331,0
DA:332,0
DA:333,0
LF:87
LH:0
BRDA:31,0,0,0
BRDA:32,1,0,0
BRDA:33,2,0,0
BRDA:34,3,0,0
BRDA:35,4,0,0
BRDA:59,5,0,0
BRDA:59,6,0,0
BRDA:59,6,1,0
BRDA:69,7,0,0
BRDA:70,8,0,0
BRDA:74,9,0,0
BRDA:74,9,1,0
BRDA:77,10,0,0
BRDA:77,10,1,0
BRDA:85,11,0,0
BRDA:85,11,1,0
BRDA:93,12,0,0
BRDA:100,13,0,0
BRDA:103,14,0,0
BRDA:103,14,1,0
BRDA:104,15,0,0
BRDA:104,15,1,0
BRDA:108,16,0,0
BRDA:122,17,0,0
BRDA:132,18,0,0
BRDA:132,18,1,0
BRDA:142,19,0,0
BRDA:151,20,0,0
BRDA:151,21,0,0
BRDA:151,21,1,0
BRDA:158,22,0,0
BRDA:158,23,0,0
BRDA:158,23,1,0
BRDA:165,24,0,0
BRDA:165,25,0,0
BRDA:165,25,1,0
BRDA:172,26,0,0
BRDA:172,26,1,0
BRDA:180,27,0,0
BRDA:180,27,1,0
BRDA:185,28,0,0
BRDA:185,28,1,0
BRDA:190,29,0,0
BRDA:190,29,1,0
BRDA:217,30,0,0
BRDA:233,31,0,0
BRDA:233,31,1,0
BRDA:240,32,0,0
BRDA:240,32,1,0
BRDA:271,33,0,0
BRDA:300,34,0,0
BRDA:301,35,0,0
BRDA:302,36,0,0
BRDA:305,37,0,0
BRDA:306,38,0,0
BRDA:307,39,0,0
BRDA:314,40,0,0
BRDA:314,41,0,0
BRDA:314,41,1,0
BRDA:328,42,0,0
BRDA:328,42,1,0
BRDA:328,42,2,0
BRDA:328,42,3,0
BRDA:328,42,4,0
BRDA:341,43,0,0
BRDA:341,43,1,0
BRDA:343,44,0,0
BRDA:343,44,1,0
BRDA:345,45,0,0
BRDA:345,45,1,0
BRDA:347,46,0,0
BRDA:347,46,1,0
BRDA:349,47,0,0
BRDA:349,47,1,0
BRDA:349,47,2,0
BRDA:356,48,0,0
BRDA:356,48,1,0
BRDA:356,49,0,0
BRDA:356,49,1,0
BRDA:363,50,0,0
BRDA:363,50,1,0
BRDA:366,51,0,0
BRDA:366,51,1,0
BRDA:373,52,0,0
BRDA:373,52,1,0
BRDA:376,53,0,0
BRDA:376,53,1,0
BRDA:377,54,0,0
BRDA:377,54,1,0
BRDA:378,55,0,0
BRDA:378,55,1,0
BRDA:384,56,0,0
BRDA:384,56,1,0
BRDA:387,57,0,0
BRDA:387,57,1,0
BRDA:389,58,0,0
BRDA:389,58,1,0
BRDA:391,59,0,0
BRDA:391,59,1,0
BRDA:394,60,0,0
BRDA:394,60,1,0
BRDA:405,61,0,0
BRDA:405,61,1,0
BRDA:410,62,0,0
BRDA:410,62,1,0
BRDA:418,63,0,0
BRDA:418,63,1,0
BRDA:428,64,0,0
BRDA:428,64,1,0
BRDA:430,65,0,0
BRDA:430,65,1,0
BRDA:438,66,0,0
BRDA:438,66,1,0
BRDA:445,67,0,0
BRDA:448,68,0,0
BRDA:448,68,1,0
BRF:116
BRH:0
end_of_record
TN:
SF:components/timeline-transcript-view.tsx
FN:81,TimelineTranscriptView
FN:124,(anonymous_7)
FN:130,(anonymous_8)
FN:133,(anonymous_9)
FN:136,(anonymous_10)
FN:140,(anonymous_11)
FN:144,(anonymous_12)
FN:153,(anonymous_13)
FN:157,(anonymous_14)
FN:161,(anonymous_15)
FN:166,(anonymous_16)
FN:177,(anonymous_17)
FN:190,(anonymous_18)
FN:205,(anonymous_19)
FN:220,(anonymous_20)
FN:226,(anonymous_21)
FN:233,(anonymous_22)
FN:245,(anonymous_23)
FN:260,(anonymous_25)
FN:276,(anonymous_26)
FN:313,(anonymous_27)
FN:320,(anonymous_28)
FN:340,(anonymous_29)
FNF:23
FNH:0
FNDA:0,TimelineTranscriptView
FNDA:0,(anonymous_7)
FNDA:0,(anonymous_8)
FNDA:0,(anonymous_9)
FNDA:0,(anonymous_10)
FNDA:0,(anonymous_11)
FNDA:0,(anonymous_12)
FNDA:0,(anonymous_13)
FNDA:0,(anonymous_14)
FNDA:0,(anonymous_15)
FNDA:0,(anonymous_16)
FNDA:0,(anonymous_17)
FNDA:0,(anonymous_18)
FNDA:0,(anonymous_19)
FNDA:0,(anonymous_20)
FNDA:0,(anonymous_21)
FNDA:0,(anonymous_22)
FNDA:0,(anonymous_23)
FNDA:0,(anonymous_25)
FNDA:0,(anonymous_26)
FNDA:0,(anonymous_27)
FNDA:0,(anonymous_28)
FNDA:0,(anonymous_29)
DA:3,0
DA:4,0
DA:8,0
DA:9,0
DA:15,0
DA:16,0
DA:17,0
DA:18,0
DA:19,0
DA:20,0
DA:21,0
DA:34,0
DA:81,0
DA:111,0
DA:112,0
DA:113,0
DA:114,0
DA:115,0
DA:118,0
DA:119,0
DA:120,0
DA:121,0
DA:124,0
DA:125,0
DA:126,0
DA:129,0
DA:131,0
DA:134,0
DA:137,0
DA:138,0
DA:141,0
DA:142,0
DA:145,0
DA:146,0
DA:153,0
DA:154,0
DA:157,0
DA:158,0
DA:161,0
DA:162,0
DA:166,0
DA:167,0
DA:169,0
DA:170,0
DA:171,0
DA:172,0
DA:173,0
DA:174,0
DA:177,0
DA:190,0
DA:191,0
DA:193,0
DA:194,0
DA:195,0
DA:196,0
DA:198,0
DA:200,0
DA:205,0
DA:206,0
DA:208,0
DA:209,0
DA:210,0
DA:211,0
DA:213,0
DA:215,0
DA:220,0
DA:221,0
DA:222,0
DA:226,0
DA:227,0
DA:228,0
DA:229,0
DA:233,0
DA:234,0
DA:235,0
DA:238,0
DA:239,0
DA:240,0
DA:245,0
DA:246,0
DA:247,0
DA:248,0
DA:260,0
DA:276,0
DA:313,0
DA:320,0
DA:337,0
DA:340,0
DA:353,0
DA:396,0
LF:90
LH:0
BRDA:86,0,0,0
BRDA:87,1,0,0
BRDA:91,2,0,0
BRDA:92,3,0,0
BRDA:93,4,0,0
BRDA:94,5,0,0
BRDA:95,6,0,0
BRDA:96,7,0,0
BRDA:97,8,0,0
BRDA:98,9,0,0
BRDA:99,10,0,0
BRDA:100,11,0,0
BRDA:118,12,0,0
BRDA:118,12,1,0
BRDA:119,13,0,0
BRDA:119,13,1,0
BRDA:125,14,0,0
BRDA:169,15,0,0
BRDA:169,15,1,0
BRDA:171,16,0,0
BRDA:171,16,1,0
BRDA:173,17,0,0
BRDA:183,18,0,0
BRDA:183,18,1,0
BRDA:193,19,0,0
BRDA:193,19,1,0
BRDA:193,20,0,0
BRDA:193,20,1,0
BRDA:208,21,0,0
BRDA:208,21,1,0
BRDA:208,22,0,0
BRDA:208,22,1,0
BRDA:238,23,0,0
BRDA:255,24,0,0
BRDA:270,25,0,0
BRDA:284,26,0,0
BRDA:292,27,0,0
BRDA:295,28,0,0
BRDA:311,29,0,0
BRDA:311,29,1,0
BRDA:318,30,0,0
BRDA:318,30,1,0
BRDA:343,31,0,0
BRDA:343,31,1,0
BRDA:357,32,0,0
BRDA:357,32,1,0
BRDA:374,33,0,0
BRDA:374,33,1,0
BRF:48
BRH:0
end_of_record
TN:
SF:components/transcript-display.tsx
FN:61,TranscriptDisplay
FN:86,(anonymous_7)
FN:97,(anonymous_8)
FN:110,(anonymous_9)
FN:120,(anonymous_10)
FN:133,(anonymous_11)
FN:141,(anonymous_12)
FN:147,(anonymous_13)
FN:152,(anonymous_14)
FN:190,(anonymous_15)
FN:209,(anonymous_16)
FN:210,(anonymous_17)
FN:211,(anonymous_18)
FN:229,(anonymous_19)
FNF:14
FNH:0
FNDA:0,TranscriptDisplay
FNDA:0,(anonymous_7)
FNDA:0,(anonymous_8)
FNDA:0,(anonymous_9)
FNDA:0,(anonymous_10)
FNDA:0,(anonymous_11)
FNDA:0,(anonymous_12)
FNDA:0,(anonymous_13)
FNDA:0,(anonymous_14)
FNDA:0,(anonymous_15)
FNDA:0,(anonymous_16)
FNDA:0,(anonymous_17)
FNDA:0,(anonymous_18)
FNDA:0,(anonymous_19)
DA:3,0
DA:4,0
DA:7,0
DA:8,0
DA:9,0
DA:10,0
DA:11,0
DA:55,0
DA:61,0
DA:82,0
DA:83,0
DA:86,0
DA:87,0
DA:89,0
DA:90,0
DA:91,0
DA:92,0
DA:93,0
DA:94,0
DA:97,0
DA:110,0
DA:111,0
DA:112,0
DA:120,0
DA:121,0
DA:122,0
DA:123,0
DA:125,0
DA:126,0
DA:129,0
DA:133,0
DA:134,0
DA:135,0
DA:136,0
DA:137,0
DA:141,0
DA:142,0
DA:143,0
DA:147,0
DA:148,0
DA:152,0
DA:153,0
DA:154,0
DA:157,0
DA:191,0
DA:192,0
DA:193,0
DA:195,0
DA:209,0
DA:210,0
DA:211,0
DA:229,0
DA:270,0
LF:53
LH:0
BRDA:66,0,0,0
BRDA:71,1,0,0
BRDA:72,2,0,0
BRDA:73,3,0,0
BRDA:74,4,0,0
BRDA:75,5,0,0
BRDA:76,6,0,0
BRDA:89,7,0,0
BRDA:89,7,1,0
BRDA:91,8,0,0
BRDA:91,8,1,0
BRDA:93,9,0,0
BRDA:103,10,0,0
BRDA:103,10,1,0
BRDA:111,11,0,0
BRDA:111,12,0,0
BRDA:111,12,1,0
BRDA:125,13,0,0
BRDA:134,14,0,0
BRDA:135,15,0,0
BRDA:136,16,0,0
BRDA:157,17,0,0
BRDA:198,18,0,0
BRDA:198,18,1,0
BRDA:202,19,0,0
BRDA:202,19,1,0
BRDA:203,20,0,0
BRDA:203,20,1,0
BRDA:204,21,0,0
BRDA:204,21,1,0
BRDA:206,22,0,0
BRDA:206,22,1,0
BRDA:207,23,0,0
BRDA:207,23,1,0
BRDA:215,24,0,0
BRDA:221,25,0,0
BRDA:227,26,0,0
BRDA:227,26,1,0
BRDA:233,27,0,0
BRDA:233,27,1,0
BRDA:237,28,0,0
BRDA:237,28,1,0
BRDA:250,29,0,0
BRDA:250,29,1,0
BRDA:251,30,0,0
BRDA:251,30,1,0
BRDA:257,31,0,0
BRF:47
BRH:0
end_of_record
TN:
SF:components/virtual-timeline.tsx
FN:28,VirtualTimeline
FN:52,(anonymous_7)
FN:53,(anonymous_8)
FN:64,(anonymous_9)
FN:74,(anonymous_10)
FN:79,(anonymous_11)
FN:87,(anonymous_12)
FN:91,(anonymous_13)
FN:101,(anonymous_14)
FN:105,(anonymous_15)
FN:110,(anonymous_16)
FN:111,(anonymous_17)
FN:122,(anonymous_18)
FN:176,(anonymous_19)
FNF:14
FNH:0
FNDA:0,VirtualTimeline
FNDA:0,(anonymous_7)
FNDA:0,(anonymous_8)
FNDA:0,(anonymous_9)
FNDA:0,(anonymous_10)
FNDA:0,(anonymous_11)
FNDA:0,(anonymous_12)
FNDA:0,(anonymous_13)
FNDA:0,(anonymous_14)
FNDA:0,(anonymous_15)
FNDA:0,(anonymous_16)
FNDA:0,(anonymous_17)
FNDA:0,(anonymous_18)
FNDA:0,(anonymous_19)
DA:3,0
DA:4,0
DA:6,0
DA:7,0
DA:8,0
DA:28,0
DA:38,0
DA:39,0
DA:40,0
DA:43,0
DA:49,0
DA:52,0
DA:53,0
DA:61,0
DA:64,0
DA:65,0
DA:66,0
DA:70,0
DA:74,0
DA:75,0
DA:79,0
DA:80,0
DA:83,0
DA:87,0
DA:88,0
DA:89,0
DA:91,0
DA:92,0
DA:93,0
DA:96,0
DA:98,0
DA:99,0
DA:101,0
DA:105,0
DA:106,0
DA:110,0
DA:111,0
DA:112,0
DA:113,0
DA:114,0
DA:122,0
DA:123,0
DA:124,0
DA:128,0
DA:142,0
DA:177,0
DA:178,0
DA:180,0
DA:196,0
DA:237,0
LF:50
LH:0
BRDA:30,0,0,0
BRDA:31,1,0,0
BRDA:32,2,0,0
BRDA:33,3,0,0
BRDA:80,4,0,0
BRDA:80,4,1,0
BRDA:89,5,0,0
BRDA:112,6,0,0
BRDA:112,7,0,0
BRDA:112,7,1,0
BRDA:115,8,0,0
BRDA:115,8,1,0
BRDA:123,9,0,0
BRDA:128,10,0,0
BRDA:128,10,1,0
BRDA:142,11,0,0
BRDA:142,11,1,0
BRDA:157,12,0,0
BRDA:162,13,0,0
BRDA:162,13,1,0
BRDA:180,14,0,0
BRDA:180,14,1,0
BRDA:202,15,0,0
BRDA:202,15,1,0
BRDA:203,16,0,0
BRDA:203,16,1,0
BRDA:208,17,0,0
BRDA:208,17,1,0
BRDA:219,18,0,0
BRF:29
BRH:0
end_of_record
TN:
SF:components/providers/theme-provider.tsx
FN:7,ThemeProvider
FNF:1
FNH:0
FNDA:0,ThemeProvider
DA:3,0
DA:4,0
DA:7,0
LF:3
LH:0
BRF:0
BRH:0
end_of_record
TN:
SF:components/ui/accordion.tsx
FN:7,Accordion
FN:13,AccordionItem
FN:26,AccordionTrigger
FN:48,AccordionContent
FNF:4
FNH:0
FNDA:0,Accordion
FNDA:0,AccordionItem
FNDA:0,AccordionTrigger
FNDA:0,AccordionContent
DA:1,0
DA:2,0
DA:3,0
DA:5,0
DA:64,0
LF:5
LH:0
BRF:0
BRH:0
end_of_record
TN:
SF:components/ui/alert.tsx
FNF:0
FNH:0
DA:1,0
DA:2,0
DA:4,0
DA:6,0
DA:33,0
DA:45,0
DA:57,0
DA:59,0
LF:8
LH:0
BRF:0
BRH:0
end_of_record
TN:
SF:components/ui/badge.tsx
FN:28,Badge
FNF:1
FNH:0
FNDA:0,Badge
DA:1,3
DA:2,3
DA:3,3
DA:5,3
DA:7,3
DA:35,0
DA:46,0
LF:7
LH:5
BRDA:31,0,0,0
BRDA:35,1,0,0
BRDA:35,1,1,0
BRF:3
BRH:0
end_of_record
TN:
SF:components/ui/button.tsx
FN:41,(anonymous_6)
FNF:1
FNH:0
FNDA:0,(anonymous_6)
DA:3,0
DA:4,0
DA:5,0
DA:6,0
DA:8,0
DA:40,0
DA:42,0
DA:52,0
DA:54,0
LF:9
LH:0
BRDA:41,0,0,0
BRDA:42,1,0,0
BRDA:42,1,1,0
BRF:3
BRH:0
end_of_record
TN:
SF:components/ui/card.tsx
FN:5,Card
FN:18,CardHeader
FN:31,CardTitle
FN:41,CardDescription
FN:51,CardAction
FN:64,CardContent
FN:74,CardFooter
FNF:7
FNH:0
FNDA:0,Card
FNDA:0,CardHeader
FNDA:0,CardTitle
FNDA:0,CardDescription
FNDA:0,CardAction
FNDA:0,CardContent
FNDA:0,CardFooter
DA:1,3
DA:3,3
DA:85,0
DA:86,0
DA:87,0
DA:88,0
DA:89,0
DA:90,0
DA:91,0
LF:9
LH:2
BRF:0
BRH:0
end_of_record
TN:
SF:components/ui/checkbox.tsx
FN:9,Checkbox
FNF:1
FNH:0
FNDA:0,Checkbox
DA:3,0
DA:4,0
DA:5,0
DA:7,0
DA:32,0
LF:5
LH:0
BRF:0
BRH:0
end_of_record
TN:
SF:components/ui/dialog.tsx
FNF:0
FNH:0
DA:3,0
DA:4,0
DA:5,0
DA:7,0
DA:9,0
DA:11,0
DA:13,0
DA:28,0
DA:48,0
DA:62,0
DA:76,0
DA:91,0
DA:103,0
DA:106,0
DA:107,0
DA:108,0
DA:109,0
DA:110,0
DA:111,0
DA:112,0
DA:113,0
DA:114,0
DA:115,0
LF:23
LH:0
BRF:0
BRH:0
end_of_record
TN:
SF:components/ui/progress.tsx
FN:6,Progress
FNF:1
FNH:0
FNDA:0,Progress
DA:1,0
DA:2,0
DA:4,0
DA:29,0
LF:4
LH:0
BRDA:23,0,0,0
BRDA:23,0,1,0
BRF:2
BRH:0
end_of_record
TN:
SF:components/ui/resizable.tsx
FN:7,ResizablePanelGroup
FN:23,ResizablePanel
FN:29,ResizableHandle
FNF:3
FNH:0
FNDA:0,ResizablePanelGroup
FNDA:0,ResizablePanel
FNDA:0,ResizableHandle
DA:1,0
DA:2,0
DA:3,0
DA:5,0
DA:54,0
LF:5
LH:0
BRDA:45,0,0,0
BRF:1
BRH:0
end_of_record
TN:
SF:components/ui/scroll-area.tsx
FN:6,ScrollArea
FN:29,ScrollBar
FNF:2
FNH:0
FNDA:0,ScrollArea
FNDA:0,ScrollBar
DA:1,0
DA:2,0
DA:4,0
DA:56,0
LF:4
LH:0
BRDA:31,0,0,0
BRDA:40,1,0,0
BRDA:40,1,1,0
BRDA:42,2,0,0
BRDA:42,2,1,0
BRF:5
BRH:0
end_of_record
TN:
SF:components/ui/separator.tsx
FN:8,Separator
FNF:1
FNH:0
FNDA:0,Separator
DA:3,0
DA:4,0
DA:6,0
DA:28,0
LF:4
LH:0
BRDA:10,0,0,0
BRDA:11,1,0,0
BRF:2
BRH:0
end_of_record
TN:
SF:components/ui/switch.tsx
FN:6,Switch
FNF:1
FNH:0
FNDA:0,Switch
DA:1,0
DA:2,0
DA:4,0
DA:29,0
LF:4
LH:0
BRF:0
BRH:0
end_of_record
TN:
SF:components/ui/tabs.tsx
FN:8,Tabs
FN:21,TabsList
FN:37,TabsTrigger
FN:53,TabsContent
FNF:4
FNH:0
FNDA:0,Tabs
FNDA:0,TabsList
FNDA:0,TabsTrigger
FNDA:0,TabsContent
DA:3,0
DA:4,0
DA:6,0
DA:66,0
LF:4
LH:0
BRF:0
BRH:0
end_of_record
TN:
SF:lib/audio-utils.ts
FN:50,isValidAudioFormat
FN:64,getFileExtension
FN:72,validateAudioFile
FN:146,estimateAudioDuration
FN:166,formatFileSize
FN:179,formatDuration
FN:196,getRecommendedTranscriptionOptions
FNF:7
FNH:0
FNDA:0,isValidAudioFormat
FNDA:0,getFileExtension
FNDA:0,validateAudioFile
FNDA:0,estimateAudioDuration
FNDA:0,formatFileSize
FNDA:0,formatDuration
FNDA:0,getRecommendedTranscriptionOptions
DA:2,0
DA:5,0
DA:16,0
DA:26,0
DA:50,0
DA:52,0
DA:53,0
DA:57,0
DA:58,0
DA:64,0
DA:65,0
DA:66,0
DA:72,0
DA:73,0
DA:75,0
DA:84,0
DA:85,0
DA:93,0
DA:94,0
DA:105,0
DA:106,0
DA:119,0
DA:120,0
DA:134,0
DA:137,0
DA:139,0
DA:148,0
DA:159,0
DA:160,0
DA:166,0
DA:167,0
DA:169,0
DA:170,0
DA:171,0
DA:173,0
DA:179,0
DA:180,0
DA:181,0
DA:182,0
DA:183,0
DA:184,0
DA:185,0
DA:187,0
DA:188,0
DA:189,0
DA:196,0
DA:201,0
DA:207,0
DA:208,0
DA:211,0
LF:50
LH:0
BRDA:52,0,0,0
BRDA:66,1,0,0
BRDA:66,1,1,0
BRDA:84,2,0,0
BRDA:93,3,0,0
BRDA:105,4,0,0
BRDA:119,5,0,0
BRDA:159,6,0,0
BRDA:159,6,1,0
BRDA:167,7,0,0
BRDA:180,8,0,0
BRDA:180,8,1,0
BRDA:182,9,0,0
BRDA:182,9,1,0
BRDA:207,10,0,0
BRDA:207,11,0,0
BRDA:207,11,1,0
BRF:17
BRH:0
end_of_record
TN:
SF:lib/blob-manager.ts
FN:49,(anonymous_1)
FN:82,(anonymous_2)
FN:108,(anonymous_3)
FN:168,(anonymous_4)
FN:248,(anonymous_5)
FN:278,(anonymous_6)
FN:307,(anonymous_7)
FN:308,(anonymous_8)
FN:311,(anonymous_9)
FN:321,(anonymous_10)
FN:358,(anonymous_11)
FN:362,(anonymous_12)
FN:365,(anonymous_13)
FN:366,(anonymous_14)
FN:380,(anonymous_15)
FN:401,(anonymous_16)
FN:412,(anonymous_17)
FN:423,(anonymous_18)
FNF:18
FNH:4
FNDA:1,(anonymous_1)
FNDA:0,(anonymous_2)
FNDA:2,(anonymous_3)
FNDA:4,(anonymous_4)
FNDA:0,(anonymous_5)
FNDA:0,(anonymous_6)
FNDA:0,(anonymous_7)
FNDA:0,(anonymous_8)
FNDA:0,(anonymous_9)
FNDA:0,(anonymous_10)
FNDA:0,(anonymous_11)
FNDA:0,(anonymous_12)
FNDA:0,(anonymous_13)
FNDA:0,(anonymous_14)
FNDA:0,(anonymous_15)
FNDA:1,(anonymous_16)
FNDA:0,(anonymous_17)
FNDA:0,(anonymous_18)
DA:2,3
DA:3,3
DA:11,3
DA:18,3
DA:43,14
DA:44,3
DA:59,1
DA:61,1
DA:62,1
DA:63,0
DA:70,1
DA:81,1
DA:82,0
DA:92,0
DA:96,0
DA:101,0
DA:114,2
DA:116,2
DA:117,2
DA:118,0
DA:125,2
DA:131,2
DA:139,0
DA:140,0
DA:141,0
DA:142,0
DA:152,0
DA:156,0
DA:161,0
DA:169,4
DA:170,4
DA:176,4
DA:177,4
DA:178,0
DA:183,0
DA:184,0
DA:189,4
DA:190,4
DA:192,0
DA:195,0
DA:196,0
DA:199,4
DA:200,3
DA:201,3
DA:205,1
DA:211,1
DA:212,1
DA:215,1
DA:216,1
DA:217,1
DA:220,0
DA:221,0
DA:227,1
DA:230,0
DA:234,0
DA:236,0
DA:241,0
DA:249,0
DA:250,0
DA:259,0
DA:260,0
DA:263,0
DA:264,0
DA:265,0
DA:266,0
DA:268,0
DA:269,0
DA:271,0
DA:272,0
DA:273,0
DA:278,0
DA:281,0
DA:282,0
DA:286,0
DA:287,0
DA:294,0
DA:301,0
DA:308,0
DA:311,0
DA:312,0
DA:315,0
DA:327,0
DA:328,0
DA:329,0
DA:331,0
DA:332,0
DA:333,0
DA:335,0
DA:336,0
DA:338,0
DA:339,0
DA:340,0
DA:344,0
DA:347,0
DA:359,0
DA:360,0
DA:361,0
DA:362,0
DA:364,0
DA:365,0
DA:366,0
DA:368,0
DA:369,0
DA:372,0
DA:373,0
DA:381,0
DA:383,0
DA:384,0
DA:394,0
DA:395,0
DA:402,1
DA:403,1
DA:405,1
DA:406,1
DA:418,0
DA:419,0
DA:420,0
DA:421,0
DA:423,0
DA:425,0
DA:432,0
DA:433,0
LF:122
LH:36
BRDA:49,0,0,1
BRDA:62,1,0,0
BRDA:73,2,0,1
BRDA:73,2,1,1
BRDA:92,3,0,0
BRDA:92,3,1,0
BRDA:117,4,0,0
BRDA:139,5,0,0
BRDA:141,6,0,0
BRDA:141,7,0,0
BRDA:141,7,1,0
BRDA:152,8,0,0
BRDA:152,8,1,0
BRDA:177,9,0,0
BRDA:192,10,0,0
BRDA:192,10,1,0
BRDA:199,11,0,3
BRDA:230,12,0,0
BRDA:230,12,1,0
BRDA:259,13,0,0
BRDA:268,14,0,0
BRDA:268,14,1,0
BRDA:272,15,0,0
BRDA:282,16,0,0
BRDA:282,16,1,0
BRDA:335,17,0,0
BRDA:335,17,1,0
BRDA:339,18,0,0
BRDA:344,19,0,0
BRDA:344,19,1,0
BRDA:383,20,0,0
BRDA:406,21,0,0
BRDA:406,21,1,1
BRF:33
BRH:5
end_of_record
TN:
SF:lib/cleanup-scheduler.ts
FN:28,(anonymous_1)
FN:36,(anonymous_2)
FN:88,(anonymous_3)
FN:101,(anonymous_4)
FN:112,(anonymous_5)
FN:127,(anonymous_6)
FN:141,(anonymous_7)
FN:192,(anonymous_8)
FN:201,(anonymous_9)
FNF:9
FNH:0
FNDA:0,(anonymous_1)
FNDA:0,(anonymous_2)
FNDA:0,(anonymous_3)
FNDA:0,(anonymous_4)
FNDA:0,(anonymous_5)
FNDA:0,(anonymous_6)
FNDA:0,(anonymous_7)
FNDA:0,(anonymous_8)
FNDA:0,(anonymous_9)
DA:2,0
DA:3,0
DA:13,0
DA:14,0
DA:22,0
DA:23,0
DA:29,0
DA:30,0
DA:37,0
DA:38,0
DA:41,0
DA:42,0
DA:43,0
DA:46,0
DA:47,0
DA:49,0
DA:51,0
DA:55,0
DA:56,0
DA:57,0
DA:58,0
DA:61,0
DA:62,0
DA:63,0
DA:65,0
DA:67,0
DA:73,0
DA:75,0
DA:78,0
DA:79,0
DA:81,0
DA:90,0
DA:92,0
DA:93,0
DA:94,0
DA:103,0
DA:106,0
DA:114,0
DA:115,0
DA:118,0
DA:119,0
DA:120,0
DA:128,0
DA:129,0
DA:131,0
DA:132,0
DA:134,0
DA:153,0
DA:154,0
DA:156,0
DA:158,0
DA:159,0
DA:162,0
DA:163,0
DA:166,0
DA:167,0
DA:170,0
DA:171,0
DA:175,0
DA:193,0
DA:194,0
DA:195,0
DA:202,0
LF:63
LH:0
BRDA:36,0,0,0
BRDA:37,1,0,0
BRDA:37,2,0,0
BRDA:37,2,1,0
BRDA:41,3,0,0
BRDA:49,4,0,0
BRDA:49,5,0,0
BRDA:49,5,1,0
BRDA:56,6,0,0
BRDA:92,7,0,0
BRDA:114,8,0,0
BRDA:114,8,1,0
BRDA:118,9,0,0
BRDA:127,10,0,0
BRDA:158,11,0,0
BRDA:162,12,0,0
BRDA:166,13,0,0
BRDA:170,14,0,0
BRDA:170,14,1,0
BRDA:171,15,0,0
BRDA:171,15,1,0
BRDA:182,16,0,0
BRDA:182,16,1,0
BRF:23
BRH:0
end_of_record
TN:
SF:lib/cleanup-service.ts
FN:34,(anonymous_1)
FN:71,(anonymous_2)
FN:97,(anonymous_3)
FN:98,(anonymous_4)
FN:108,(anonymous_5)
FN:171,(anonymous_6)
FN:174,(anonymous_7)
FN:192,(anonymous_8)
FN:195,(anonymous_9)
FN:208,(anonymous_10)
FN:213,(anonymous_11)
FN:227,(anonymous_12)
FN:242,(anonymous_13)
FN:250,(anonymous_14)
FN:273,(anonymous_15)
FN:279,(anonymous_16)
FN:309,(anonymous_17)
FN:322,(anonymous_18)
FNF:18
FNH:0
FNDA:0,(anonymous_1)
FNDA:0,(anonymous_2)
FNDA:0,(anonymous_3)
FNDA:0,(anonymous_4)
FNDA:0,(anonymous_5)
FNDA:0,(anonymous_6)
FNDA:0,(anonymous_7)
FNDA:0,(anonymous_8)
FNDA:0,(anonymous_9)
FNDA:0,(anonymous_10)
FNDA:0,(anonymous_11)
FNDA:0,(anonymous_12)
FNDA:0,(anonymous_13)
FNDA:0,(anonymous_14)
FNDA:0,(anonymous_15)
FNDA:0,(anonymous_16)
FNDA:0,(anonymous_17)
FNDA:0,(anonymous_18)
DA:2,0
DA:3,0
DA:29,0
DA:35,0
DA:42,0
DA:44,0
DA:46,0
DA:60,0
DA:62,0
DA:63,0
DA:65,0
DA:68,0
DA:71,0
DA:72,0
DA:73,0
DA:75,0
DA:76,0
DA:77,0
DA:78,0
DA:83,0
DA:85,0
DA:86,0
DA:87,0
DA:88,0
DA:90,0
DA:92,0
DA:93,0
DA:94,0
DA:97,0
DA:98,0
DA:99,0
DA:104,0
DA:105,0
DA:108,0
DA:118,0
DA:119,0
DA:120,0
DA:121,0
DA:122,0
DA:124,0
DA:125,0
DA:127,0
DA:128,0
DA:129,0
DA:130,0
DA:132,0
DA:133,0
DA:136,0
DA:140,0
DA:141,0
DA:142,0
DA:147,0
DA:148,0
DA:152,0
DA:153,0
DA:154,0
DA:157,0
DA:158,0
DA:160,0
DA:161,0
DA:162,0
DA:163,0
DA:165,0
DA:172,0
DA:175,0
DA:176,0
DA:177,0
DA:182,0
DA:193,0
DA:195,0
DA:198,0
DA:209,0
DA:211,0
DA:213,0
DA:216,0
DA:238,0
DA:239,0
DA:240,0
DA:242,0
DA:244,0
DA:250,0
DA:251,0
DA:252,0
DA:254,0
DA:255,0
DA:256,0
DA:257,0
DA:261,0
DA:274,0
DA:276,0
DA:278,0
DA:279,0
DA:281,0
DA:282,0
DA:283,0
DA:284,0
DA:285,0
DA:286,0
DA:287,0
DA:296,0
DA:297,0
DA:300,0
DA:301,0
DA:302,0
DA:310,0
DA:311,0
DA:313,0
DA:314,0
DA:316,0
DA:323,0
DA:325,0
DA:326,0
DA:327,0
DA:329,0
LF:114
LH:0
BRDA:34,0,0,0
BRDA:37,1,0,0
BRDA:38,2,0,0
BRDA:39,3,0,0
BRDA:40,4,0,0
BRDA:41,5,0,0
BRDA:44,6,0,0
BRDA:44,6,1,0
BRDA:75,7,0,0
BRDA:75,7,1,0
BRDA:77,8,0,0
BRDA:85,9,0,0
BRDA:90,10,0,0
BRDA:90,10,1,0
BRDA:98,11,0,0
BRDA:104,12,0,0
BRDA:118,13,0,0
BRDA:124,14,0,0
BRDA:127,15,0,0
BRDA:127,15,1,0
BRDA:132,16,0,0
BRDA:140,17,0,0
BRDA:140,17,1,0
BRDA:147,18,0,0
BRDA:147,19,0,0
BRDA:147,19,1,0
BRDA:152,20,0,0
BRDA:152,20,1,0
BRDA:171,21,0,0
BRDA:192,22,0,0
BRDA:208,23,0,0
BRDA:227,24,0,0
BRDA:254,25,0,0
BRDA:254,25,1,0
BRDA:256,26,0,0
BRDA:278,27,0,0
BRDA:284,28,0,0
BRDA:300,29,0,0
BRDA:300,29,1,0
BRDA:313,30,0,0
BRDA:323,31,0,0
BRF:41
BRH:0
end_of_record
TN:
SF:lib/contextual-feedback-demo.ts
FN:203,(anonymous_4)
FN:210,(anonymous_5)
FN:243,(anonymous_6)
FN:249,(anonymous_7)
FN:253,(anonymous_8)
FN:262,(anonymous_9)
FN:273,(anonymous_10)
FN:288,(anonymous_11)
FN:303,(anonymous_12)
FN:314,(anonymous_13)
FN:328,(anonymous_14)
FN:335,(anonymous_15)
FN:336,(anonymous_16)
FN:347,(anonymous_17)
FN:364,(anonymous_18)
FN:370,(anonymous_19)
FN:390,(anonymous_20)
FN:456,(anonymous_21)
FN:460,(anonymous_22)
FN:468,runContextualFeedbackDemo
FNF:20
FNH:0
FNDA:0,(anonymous_4)
FNDA:0,(anonymous_5)
FNDA:0,(anonymous_6)
FNDA:0,(anonymous_7)
FNDA:0,(anonymous_8)
FNDA:0,(anonymous_9)
FNDA:0,(anonymous_10)
FNDA:0,(anonymous_11)
FNDA:0,(anonymous_12)
FNDA:0,(anonymous_13)
FNDA:0,(anonymous_14)
FNDA:0,(anonymous_15)
FNDA:0,(anonymous_16)
FNDA:0,(anonymous_17)
FNDA:0,(anonymous_18)
FNDA:0,(anonymous_19)
FNDA:0,(anonymous_20)
FNDA:0,(anonymous_21)
FNDA:0,(anonymous_22)
FNDA:0,runContextualFeedbackDemo
DA:13,0
DA:14,0
DA:18,0
DA:200,0
DA:204,0
DA:211,0
DA:213,0
DA:215,0
DA:221,0
DA:224,0
DA:227,0
DA:230,0
DA:233,0
DA:236,0
DA:244,0
DA:246,0
DA:247,0
DA:248,0
DA:249,0
DA:250,0
DA:252,0
DA:253,0
DA:254,0
DA:256,0
DA:263,0
DA:266,0
DA:267,0
DA:268,0
DA:269,0
DA:270,0
DA:271,0
DA:272,0
DA:273,0
DA:274,0
DA:277,0
DA:281,0
DA:282,0
DA:283,0
DA:284,0
DA:285,0
DA:286,0
DA:287,0
DA:288,0
DA:289,0
DA:292,0
DA:296,0
DA:297,0
DA:298,0
DA:299,0
DA:300,0
DA:301,0
DA:302,0
DA:303,0
DA:304,0
DA:307,0
DA:315,0
DA:318,0
DA:324,0
DA:325,0
DA:326,0
DA:328,0
DA:329,0
DA:330,0
DA:332,0
DA:335,0
DA:336,0
DA:338,0
DA:339,0
DA:340,0
DA:341,0
DA:348,0
DA:350,0
DA:351,0
DA:353,0
DA:354,0
DA:355,0
DA:356,0
DA:357,0
DA:358,0
DA:359,0
DA:360,0
DA:361,0
DA:363,0
DA:364,0
DA:365,0
DA:367,0
DA:369,0
DA:370,0
DA:371,0
DA:372,0
DA:374,0
DA:378,0
DA:379,0
DA:380,0
DA:381,0
DA:382,0
DA:383,0
DA:384,0
DA:391,0
DA:394,0
DA:402,0
DA:408,0
DA:409,0
DA:410,0
DA:412,0
DA:415,0
DA:423,0
DA:429,0
DA:430,0
DA:431,0
DA:433,0
DA:436,0
DA:448,0
DA:454,0
DA:455,0
DA:456,0
DA:457,0
DA:458,0
DA:460,0
DA:461,0
DA:463,0
DA:468,0
DA:469,0
DA:470,0
DA:471,0
LF:125
LH:0
BRDA:267,0,0,0
BRDA:271,1,0,0
BRDA:274,2,0,0
BRDA:274,2,1,0
BRDA:282,3,0,0
BRDA:286,4,0,0
BRDA:297,5,0,0
BRDA:301,6,0,0
BRDA:350,7,0,0
BRDA:409,8,0,0
BRDA:430,9,0,0
BRDA:457,10,0,0
BRDA:457,10,1,0
BRF:13
BRH:0
end_of_record
TN:
SF:lib/contextual-feedback.ts
FN:230,(anonymous_4)
FN:255,(anonymous_5)
FN:300,(anonymous_6)
FN:313,(anonymous_7)
FN:369,(anonymous_8)
FN:377,(anonymous_9)
FN:415,(anonymous_10)
FN:416,(anonymous_11)
FN:421,(anonymous_12)
FN:422,(anonymous_13)
FN:426,(anonymous_14)
FN:427,(anonymous_15)
FN:431,(anonymous_16)
FN:445,(anonymous_17)
FN:480,(anonymous_18)
FN:505,(anonymous_19)
FN:541,(anonymous_20)
FN:542,(anonymous_21)
FN:549,(anonymous_22)
FN:565,(anonymous_23)
FN:570,(anonymous_24)
FN:582,(anonymous_25)
FN:583,(anonymous_26)
FN:593,(anonymous_27)
FN:599,(anonymous_28)
FN:604,(anonymous_29)
FN:611,(anonymous_30)
FN:631,(anonymous_31)
FN:651,(anonymous_32)
FN:658,(anonymous_33)
FN:669,(anonymous_34)
FN:677,(anonymous_35)
FN:693,(anonymous_36)
FN:698,(anonymous_37)
FN:704,(anonymous_38)
FN:710,(anonymous_39)
FN:719,(anonymous_40)
FN:723,(anonymous_41)
FN:741,(anonymous_42)
FN:763,(anonymous_43)
FN:764,(anonymous_44)
FN:766,(anonymous_45)
FN:788,(anonymous_46)
FN:788,(anonymous_47)
FN:798,(anonymous_48)
FN:810,(anonymous_49)
FN:828,(anonymous_50)
FN:853,(anonymous_51)
FN:873,(anonymous_52)
FN:894,(anonymous_53)
FN:905,(anonymous_54)
FN:907,(anonymous_55)
FN:908,(anonymous_56)
FN:912,(anonymous_57)
FN:916,(anonymous_58)
FN:934,(anonymous_59)
FN:938,(anonymous_60)
FN:951,(anonymous_61)
FN:952,(anonymous_62)
FN:956,(anonymous_63)
FN:965,(anonymous_64)
FN:977,(anonymous_66)
FN:981,(anonymous_67)
FN:987,(anonymous_68)
FN:995,(anonymous_69)
FN:1019,(anonymous_70)
FN:1025,(anonymous_71)
FN:1030,(anonymous_72)
FN:1037,(anonymous_73)
FNF:69
FNH:0
FNDA:0,(anonymous_4)
FNDA:0,(anonymous_5)
FNDA:0,(anonymous_6)
FNDA:0,(anonymous_7)
FNDA:0,(anonymous_8)
FNDA:0,(anonymous_9)
FNDA:0,(anonymous_10)
FNDA:0,(anonymous_11)
FNDA:0,(anonymous_12)
FNDA:0,(anonymous_13)
FNDA:0,(anonymous_14)
FNDA:0,(anonymous_15)
FNDA:0,(anonymous_16)
FNDA:0,(anonymous_17)
FNDA:0,(anonymous_18)
FNDA:0,(anonymous_19)
FNDA:0,(anonymous_20)
FNDA:0,(anonymous_21)
FNDA:0,(anonymous_22)
FNDA:0,(anonymous_23)
FNDA:0,(anonymous_24)
FNDA:0,(anonymous_25)
FNDA:0,(anonymous_26)
FNDA:0,(anonymous_27)
FNDA:0,(anonymous_28)
FNDA:0,(anonymous_29)
FNDA:0,(anonymous_30)
FNDA:0,(anonymous_31)
FNDA:0,(anonymous_32)
FNDA:0,(anonymous_33)
FNDA:0,(anonymous_34)
FNDA:0,(anonymous_35)
FNDA:0,(anonymous_36)
FNDA:0,(anonymous_37)
FNDA:0,(anonymous_38)
FNDA:0,(anonymous_39)
FNDA:0,(anonymous_40)
FNDA:0,(anonymous_41)
FNDA:0,(anonymous_42)
FNDA:0,(anonymous_43)
FNDA:0,(anonymous_44)
FNDA:0,(anonymous_45)
FNDA:0,(anonymous_46)
FNDA:0,(anonymous_47)
FNDA:0,(anonymous_48)
FNDA:0,(anonymous_49)
FNDA:0,(anonymous_50)
FNDA:0,(anonymous_51)
FNDA:0,(anonymous_52)
FNDA:0,(anonymous_53)
FNDA:0,(anonymous_54)
FNDA:0,(anonymous_55)
FNDA:0,(anonymous_56)
FNDA:0,(anonymous_57)
FNDA:0,(anonymous_58)
FNDA:0,(anonymous_59)
FNDA:0,(anonymous_60)
FNDA:0,(anonymous_61)
FNDA:0,(anonymous_62)
FNDA:0,(anonymous_63)
FNDA:0,(anonymous_64)
FNDA:0,(anonymous_66)
FNDA:0,(anonymous_67)
FNDA:0,(anonymous_68)
FNDA:0,(anonymous_69)
FNDA:0,(anonymous_70)
FNDA:0,(anonymous_71)
FNDA:0,(anonymous_72)
FNDA:0,(anonymous_73)
DA:32,0
DA:224,0
DA:225,0
DA:235,0
DA:237,0
DA:239,0
DA:245,0
DA:249,0
DA:260,0
DA:263,0
DA:268,0
DA:271,0
DA:276,0
DA:279,0
DA:284,0
DA:287,0
DA:292,0
DA:294,0
DA:306,0
DA:311,0
DA:313,0
DA:320,0
DA:326,0
DA:332,0
DA:374,0
DA:377,0
DA:378,0
DA:381,0
DA:383,0
DA:389,0
DA:394,0
DA:400,0
DA:415,0
DA:416,0
DA:421,0
DA:422,0
DA:426,0
DA:427,0
DA:431,0
DA:450,0
DA:452,0
DA:457,0
DA:459,0
DA:465,0
DA:480,0
DA:510,0
DA:513,0
DA:519,0
DA:521,0
DA:527,0
DA:541,0
DA:542,0
DA:549,0
DA:570,0
DA:572,0
DA:573,0
DA:576,0
DA:582,0
DA:583,0
DA:584,0
DA:587,0
DA:588,0
DA:598,0
DA:599,0
DA:601,0
DA:609,0
DA:611,0
DA:612,0
DA:613,0
DA:615,0
DA:616,0
DA:619,0
DA:620,0
DA:623,0
DA:624,0
DA:628,0
DA:635,0
DA:656,0
DA:658,0
DA:673,0
DA:675,0
DA:677,0
DA:678,0
DA:679,0
DA:682,0
DA:698,0
DA:699,0
DA:701,0
DA:708,0
DA:710,0
DA:711,0
DA:712,0
DA:716,0
DA:723,0
DA:725,0
DA:750,0
DA:751,0
DA:759,0
DA:760,0
DA:761,0
DA:763,0
DA:764,0
DA:765,0
DA:766,0
DA:768,0
DA:769,0
DA:772,0
DA:781,0
DA:782,0
DA:787,0
DA:788,0
DA:790,0
DA:803,0
DA:804,0
DA:807,0
DA:811,0
DA:813,0
DA:814,0
DA:815,0
DA:816,0
DA:817,0
DA:818,0
DA:821,0
DA:822,0
DA:825,0
DA:832,0
DA:834,0
DA:835,0
DA:842,0
DA:850,0
DA:858,0
DA:861,0
DA:862,0
DA:863,0
DA:872,0
DA:873,0
DA:874,0
DA:875,0
DA:876,0
DA:877,0
DA:879,0
DA:880,0
DA:891,0
DA:899,0
DA:900,0
DA:902,0
DA:906,0
DA:907,0
DA:908,0
DA:916,0
DA:918,0
DA:938,0
DA:940,0
DA:941,0
DA:943,0
DA:946,0
DA:947,0
DA:952,0
DA:953,0
DA:957,0
DA:962,0
DA:966,0
DA:973,0
DA:981,0
DA:995,0
DA:997,0
DA:998,0
DA:1002,0
DA:1003,0
DA:1004,0
DA:1008,0
DA:1009,0
DA:1012,0
DA:1025,0
DA:1026,0
DA:1027,0
DA:1030,0
DA:1031,0
DA:1032,0
DA:1035,0
DA:1037,0
DA:1039,0
DA:1051,0
LF:183
LH:0
BRDA:268,0,0,0
BRDA:276,1,0,0
BRDA:284,2,0,0
BRDA:292,3,0,0
BRDA:311,4,0,0
BRDA:381,5,0,0
BRDA:426,6,0,0
BRDA:426,6,1,0
BRDA:427,7,0,0
BRDA:427,7,1,0
BRDA:431,8,0,0
BRDA:431,8,1,0
BRDA:450,9,0,0
BRDA:457,10,0,0
BRDA:471,11,0,0
BRDA:471,11,1,0
BRDA:487,12,0,0
BRDA:487,12,1,0
BRDA:519,13,0,0
BRDA:549,14,0,0
BRDA:549,14,1,0
BRDA:577,15,0,0
BRDA:577,15,1,0
BRDA:578,16,0,0
BRDA:578,16,1,0
BRDA:579,17,0,0
BRDA:579,17,1,0
BRDA:584,18,0,0
BRDA:601,19,0,0
BRDA:601,19,1,0
BRDA:615,20,0,0
BRDA:619,21,0,0
BRDA:619,22,0,0
BRDA:619,22,1,0
BRDA:623,23,0,0
BRDA:637,24,0,0
BRDA:637,24,1,0
BRDA:656,25,0,0
BRDA:661,26,0,0
BRDA:661,26,1,0
BRDA:663,27,0,0
BRDA:663,27,1,0
BRDA:673,28,0,0
BRDA:678,29,0,0
BRDA:678,29,1,0
BRDA:679,30,0,0
BRDA:679,30,1,0
BRDA:680,31,0,0
BRDA:680,31,1,0
BRDA:711,32,0,0
BRDA:729,33,0,0
BRDA:729,33,1,0
BRDA:750,34,0,0
BRDA:765,35,0,0
BRDA:765,35,1,0
BRDA:768,36,0,0
BRDA:769,37,0,0
BRDA:769,37,1,0
BRDA:770,38,0,0
BRDA:770,38,1,0
BRDA:781,39,0,0
BRDA:781,40,0,0
BRDA:781,40,1,0
BRDA:787,41,0,0
BRDA:787,41,1,0
BRDA:788,42,0,0
BRDA:788,42,1,0
BRDA:804,43,0,0
BRDA:804,43,1,0
BRDA:805,44,0,0
BRDA:805,44,1,0
BRDA:813,45,0,0
BRDA:813,45,1,0
BRDA:816,46,0,0
BRDA:821,47,0,0
BRDA:834,48,0,0
BRDA:834,48,1,0
BRDA:861,49,0,0
BRDA:862,50,0,0
BRDA:872,51,0,0
BRDA:875,52,0,0
BRDA:879,53,0,0
BRDA:902,54,0,0
BRDA:902,54,1,0
BRDA:907,55,0,0
BRDA:907,55,1,0
BRDA:916,56,0,0
BRDA:916,56,1,0
BRDA:920,57,0,0
BRDA:920,57,1,0
BRDA:943,58,0,0
BRDA:953,59,0,0
BRDA:953,59,1,0
BRDA:997,60,0,0
BRDA:997,61,0,0
BRDA:997,61,1,0
BRDA:998,62,0,0
BRDA:1002,63,0,0
BRDA:1002,64,0,0
BRDA:1002,64,1,0
BRDA:1004,65,0,0
BRDA:1004,66,0,0
BRDA:1004,66,1,0
BRDA:1008,67,0,0
BRDA:1009,68,0,0
BRDA:1026,69,0,0
BRDA:1026,69,1,0
BRDA:1031,70,0,0
BRDA:1031,70,1,0
BRF:109
BRH:0
end_of_record
TN:
SF:lib/cors.ts
FN:60,isOriginAllowed
FN:75,addCORSHeaders
FN:103,handlePreflight
FN:117,withCORS
FN:121,(anonymous_12)
FN:145,corsify
FN:151,(anonymous_14)
FNF:7
FNH:0
FNDA:0,isOriginAllowed
FNDA:0,addCORSHeaders
FNDA:0,handlePreflight
FNDA:0,withCORS
FNDA:0,(anonymous_12)
FNDA:0,corsify
FNDA:0,(anonymous_14)
DA:1,0
DA:13,0
DA:43,0
DA:60,0
DA:61,0
DA:64,0
DA:65,0
DA:69,0
DA:75,0
DA:80,0
DA:81,0
DA:82,0
DA:83,0
DA:85,0
DA:86,0
DA:89,0
DA:90,0
DA:94,0
DA:97,0
DA:103,0
DA:104,0
DA:106,0
DA:107,0
DA:110,0
DA:111,0
DA:117,0
DA:121,0
DA:122,0
DA:125,0
DA:126,0
DA:130,0
DA:131,0
DA:135,0
DA:138,0
DA:145,0
DA:149,0
DA:151,0
LF:37
LH:0
BRDA:61,0,0,0
BRDA:64,1,0,0
BRDA:78,2,0,0
BRDA:80,3,0,0
BRDA:81,4,0,0
BRDA:81,4,1,0
BRDA:85,5,0,0
BRDA:89,6,0,0
BRDA:103,7,0,0
BRDA:106,8,0,0
BRDA:119,9,0,0
BRDA:125,10,0,0
BRDA:130,11,0,0
BRDA:147,12,0,0
BRF:14
BRH:0
end_of_record
TN:
SF:lib/enhanced-error-handling.ts
FN:49,(anonymous_8)
FN:60,(anonymous_9)
FN:90,(anonymous_10)
FN:101,(anonymous_11)
FN:117,(anonymous_12)
FN:124,(anonymous_13)
FN:128,(anonymous_14)
FN:148,(anonymous_15)
FN:164,(anonymous_16)
FN:204,(anonymous_17)
FN:208,(anonymous_18)
FN:219,(anonymous_19)
FN:220,(anonymous_20)
FN:229,(anonymous_21)
FN:238,(anonymous_22)
FN:247,(anonymous_23)
FN:262,(anonymous_24)
FN:287,(anonymous_25)
FN:293,(anonymous_26)
FN:303,(anonymous_27)
FN:309,(anonymous_28)
FN:328,(anonymous_29)
FN:336,(anonymous_30)
FN:343,(anonymous_31)
FN:352,(anonymous_32)
FN:362,(anonymous_33)
FNF:26
FNH:13
FNDA:1,(anonymous_8)
FNDA:3,(anonymous_9)
FNDA:0,(anonymous_10)
FNDA:0,(anonymous_11)
FNDA:0,(anonymous_12)
FNDA:0,(anonymous_13)
FNDA:0,(anonymous_14)
FNDA:2,(anonymous_15)
FNDA:3,(anonymous_16)
FNDA:3,(anonymous_17)
FNDA:3,(anonymous_18)
FNDA:3,(anonymous_19)
FNDA:3,(anonymous_20)
FNDA:2,(anonymous_21)
FNDA:0,(anonymous_22)
FNDA:0,(anonymous_23)
FNDA:0,(anonymous_24)
FNDA:0,(anonymous_25)
FNDA:0,(anonymous_26)
FNDA:0,(anonymous_27)
FNDA:0,(anonymous_28)
FNDA:2,(anonymous_29)
FNDA:3,(anonymous_30)
FNDA:3,(anonymous_31)
FNDA:3,(anonymous_32)
FNDA:0,(anonymous_33)
DA:5,2
DA:6,2
DA:9,2
DA:40,0
DA:41,1
DA:42,1
DA:43,1
DA:44,1
DA:45,1
DA:50,1
DA:51,1
DA:61,3
DA:62,0
DA:63,0
DA:64,0
DA:66,0
DA:78,3
DA:80,3
DA:81,3
DA:82,0
DA:83,0
DA:85,0
DA:86,0
DA:91,0
DA:93,0
DA:94,0
DA:95,0
DA:96,0
DA:102,0
DA:103,0
DA:105,0
DA:106,0
DA:107,0
DA:118,0
DA:125,0
DA:134,0
DA:145,0
DA:149,2
DA:171,3
DA:172,3
DA:173,3
DA:175,3
DA:178,3
DA:179,0
DA:183,3
DA:184,0
DA:188,3
DA:190,3
DA:197,3
DA:201,0
DA:205,3
DA:209,3
DA:213,3
DA:214,3
DA:216,3
DA:220,3
DA:225,0
DA:226,2
DA:230,2
DA:239,0
DA:240,0
DA:243,0
DA:246,0
DA:247,0
DA:250,0
DA:251,0
DA:254,0
DA:255,0
DA:259,0
DA:263,0
DA:265,0
DA:276,0
DA:279,0
DA:288,0
DA:289,0
DA:290,0
DA:292,0
DA:293,0
DA:294,0
DA:295,0
DA:297,0
DA:304,0
DA:305,0
DA:306,0
DA:308,0
DA:309,0
DA:310,0
DA:312,0
DA:318,0
DA:323,0
DA:324,2
DA:332,2
DA:333,2
DA:337,3
DA:338,1
DA:340,3
DA:349,3
DA:351,3
DA:352,3
DA:353,3
DA:356,0
DA:357,0
DA:358,0
DA:366,0
DA:368,0
DA:369,0
DA:372,0
DA:380,3
LF:108
LH:43
BRDA:49,0,0,1
BRDA:61,1,0,0
BRDA:62,2,0,0
BRDA:62,2,1,0
BRDA:93,3,0,0
BRDA:95,4,0,0
BRDA:105,5,0,0
BRDA:119,6,0,0
BRDA:119,6,1,0
BRDA:138,7,0,0
BRDA:138,7,1,0
BRDA:148,8,0,2
BRDA:178,9,0,0
BRDA:183,10,0,0
BRDA:191,11,0,3
BRDA:191,11,1,0
BRDA:229,12,0,2
BRDA:240,13,0,0
BRDA:240,13,1,0
BRDA:243,14,0,0
BRDA:243,14,1,0
BRDA:254,15,0,0
BRDA:263,16,0,0
BRDA:288,17,0,0
BRDA:294,18,0,0
BRDA:294,18,1,0
BRDA:337,19,0,1
BRF:27
BRH:5
end_of_record
TN:
SF:lib/enhanced-video-processor.ts
FN:177,(anonymous_5)
FN:185,(anonymous_6)
FN:222,(anonymous_7)
FN:232,(anonymous_8)
FN:239,(anonymous_9)
FN:241,(anonymous_10)
FN:247,(anonymous_11)
FN:281,(anonymous_12)
FN:329,(anonymous_13)
FN:354,(anonymous_14)
FN:365,(anonymous_15)
FN:415,(anonymous_16)
FN:426,(anonymous_17)
FN:433,(anonymous_18)
FN:436,(anonymous_19)
FN:440,(anonymous_20)
FN:442,(anonymous_21)
FN:517,(anonymous_22)
FN:541,(anonymous_23)
FN:554,(anonymous_24)
FN:556,(anonymous_25)
FN:562,(anonymous_26)
FN:588,(anonymous_27)
FN:591,(anonymous_28)
FN:595,(anonymous_29)
FN:618,(anonymous_30)
FN:650,(anonymous_31)
FN:674,(anonymous_32)
FN:675,(anonymous_33)
FN:676,(anonymous_34)
FN:682,(anonymous_35)
FN:700,(anonymous_36)
FN:705,(anonymous_37)
FN:718,(anonymous_38)
FN:728,(anonymous_39)
FN:735,(anonymous_40)
FN:736,(anonymous_41)
FN:752,(anonymous_42)
FN:753,(anonymous_43)
FN:758,(anonymous_44)
FN:764,(anonymous_45)
FN:776,(anonymous_46)
FN:784,(anonymous_47)
FN:801,(anonymous_48)
FNF:44
FNH:35
FNDA:1,(anonymous_5)
FNDA:2,(anonymous_6)
FNDA:0,(anonymous_7)
FNDA:3,(anonymous_8)
FNDA:0,(anonymous_9)
FNDA:0,(anonymous_10)
FNDA:0,(anonymous_11)
FNDA:0,(anonymous_12)
FNDA:2,(anonymous_13)
FNDA:5,(anonymous_14)
FNDA:3,(anonymous_15)
FNDA:1,(anonymous_16)
FNDA:1,(anonymous_17)
FNDA:1,(anonymous_18)
FNDA:2,(anonymous_19)
FNDA:1,(anonymous_20)
FNDA:3,(anonymous_21)
FNDA:0,(anonymous_22)
FNDA:1,(anonymous_23)
FNDA:1,(anonymous_24)
FNDA:1,(anonymous_25)
FNDA:2,(anonymous_26)
FNDA:1,(anonymous_27)
FNDA:2,(anonymous_28)
FNDA:1,(anonymous_29)
FNDA:1,(anonymous_30)
FNDA:0,(anonymous_31)
FNDA:2,(anonymous_32)
FNDA:2,(anonymous_33)
FNDA:1,(anonymous_34)
FNDA:1,(anonymous_35)
FNDA:1,(anonymous_36)
FNDA:0,(anonymous_37)
FNDA:1,(anonymous_38)
FNDA:1,(anonymous_39)
FNDA:3,(anonymous_40)
FNDA:3,(anonymous_41)
FNDA:1,(anonymous_42)
FNDA:3,(anonymous_43)
FNDA:1,(anonymous_44)
FNDA:3,(anonymous_45)
FNDA:10,(anonymous_46)
FNDA:1,(anonymous_47)
FNDA:0,(anonymous_48)
DA:2,3
DA:3,3
DA:4,3
DA:5,3
DA:6,3
DA:12,3
DA:20,3
DA:21,3
DA:22,3
DA:25,3
DA:26,3
DA:146,3
DA:148,3
DA:149,3
DA:171,3
DA:172,3
DA:178,1
DA:179,1
DA:189,2
DA:190,2
DA:193,2
DA:194,0
DA:201,2
DA:203,2
DA:218,2
DA:221,2
DA:223,0
DA:226,2
DA:233,3
DA:240,0
DA:241,0
DA:255,0
DA:257,0
DA:258,0
DA:279,0
DA:281,0
DA:282,0
DA:289,0
DA:292,0
DA:297,0
DA:304,0
DA:333,2
DA:334,2
DA:335,0
DA:338,2
DA:340,2
DA:341,2
DA:342,2
DA:345,2
DA:346,1
DA:349,1
DA:354,5
DA:359,1
DA:360,1
DA:365,3
DA:368,0
DA:369,0
DA:373,1
DA:374,1
DA:376,1
DA:379,1
DA:380,1
DA:400,1
DA:406,1
DA:408,2
DA:422,1
DA:423,1
DA:425,1
DA:426,1
DA:427,1
DA:434,1
DA:437,2
DA:438,2
DA:441,1
DA:442,3
DA:443,1
DA:446,1
DA:447,3
DA:448,3
DA:449,3
DA:452,3
DA:455,3
DA:470,3
DA:471,3
DA:483,3
DA:484,0
DA:485,0
DA:491,0
DA:492,0
DA:494,0
DA:499,3
DA:503,3
DA:504,3
DA:507,1
DA:510,0
DA:518,0
DA:525,1
DA:530,1
DA:531,1
DA:533,0
DA:548,1
DA:549,1
DA:550,1
DA:551,1
DA:553,1
DA:554,1
DA:556,1
DA:557,1
DA:558,0
DA:559,0
DA:562,2
DA:564,1
DA:566,0
DA:567,0
DA:571,1
DA:573,1
DA:574,1
DA:579,0
DA:585,1
DA:589,1
DA:592,2
DA:593,2
DA:596,1
DA:598,1
DA:601,1
DA:616,1
DA:618,1
DA:619,1
DA:620,1
DA:621,1
DA:623,1
DA:635,1
DA:636,1
DA:639,0
DA:643,0
DA:651,0
DA:658,1
DA:664,1
DA:665,1
DA:667,0
DA:675,2
DA:676,2
DA:677,1
DA:678,0
DA:679,0
DA:682,1
DA:683,1
DA:684,0
DA:685,0
DA:688,1
DA:701,1
DA:702,1
DA:706,0
DA:719,1
DA:720,1
DA:729,1
DA:731,1
DA:732,1
DA:735,3
DA:736,3
DA:740,1
DA:741,1
DA:749,1
DA:753,3
DA:754,1
DA:755,1
DA:761,1
DA:769,3
DA:770,3
DA:771,3
DA:772,3
DA:777,10
DA:778,10
DA:779,10
DA:780,10
DA:785,1
DA:786,1
DA:787,1
DA:788,1
DA:789,1
DA:790,1
DA:791,1
DA:793,1
DA:812,0
DA:813,0
DA:831,0
DA:832,0
DA:833,0
DA:834,0
DA:835,0
DA:836,0
DA:840,0
DA:841,0
DA:842,0
DA:845,0
LF:195
LH:144
BRDA:177,0,0,1
BRDA:187,1,0,1
BRDA:193,2,0,0
BRDA:211,3,0,2
BRDA:211,3,1,0
BRDA:212,4,0,2
BRDA:212,4,1,0
BRDA:213,5,0,2
BRDA:213,5,1,0
BRDA:214,6,0,2
BRDA:214,6,1,0
BRDA:241,7,0,0
BRDA:241,7,1,0
BRDA:249,8,0,0
BRDA:257,9,0,0
BRDA:257,10,0,0
BRDA:257,10,1,0
BRDA:274,11,0,0
BRDA:274,11,1,0
BRDA:334,12,0,0
BRDA:359,13,0,1
BRDA:359,13,1,0
BRDA:437,14,0,2
BRDA:437,14,1,0
BRDA:470,15,0,3
BRDA:483,16,0,0
BRDA:483,17,0,3
BRDA:483,17,1,0
BRDA:488,18,0,0
BRDA:488,18,1,0
BRDA:512,19,0,0
BRDA:512,19,1,0
BRDA:549,20,0,1
BRDA:549,20,1,0
BRDA:557,21,0,0
BRDA:562,22,0,1
BRDA:562,22,1,0
BRDA:564,23,0,0
BRDA:573,24,0,1
BRDA:573,24,1,0
BRDA:592,25,0,2
BRDA:592,25,1,0
BRDA:616,26,0,1
BRDA:616,26,1,0
BRDA:619,27,0,1
BRDA:619,27,1,0
BRDA:620,28,0,1
BRDA:620,28,1,0
BRDA:621,29,0,1
BRDA:621,29,1,0
BRDA:645,30,0,0
BRDA:645,30,1,0
BRDA:677,31,0,0
BRDA:683,32,0,0
BRDA:689,33,0,1
BRDA:689,33,1,0
BRDA:691,34,0,1
BRDA:691,34,1,0
BRDA:692,35,0,1
BRDA:692,35,1,0
BRDA:693,36,0,1
BRDA:693,36,1,0
BRDA:694,37,0,1
BRDA:694,37,1,0
BRDA:702,38,0,1
BRDA:702,38,1,0
BRDA:702,39,0,0
BRDA:702,39,1,0
BRDA:731,40,0,1
BRDA:740,41,0,1
BRDA:754,42,0,1
BRDA:754,42,1,0
BRDA:767,43,0,0
BRDA:770,44,0,3
BRDA:778,45,0,10
BRDA:786,46,0,1
BRDA:833,47,0,0
BRDA:841,48,0,0
BRF:78
BRH:30
end_of_record
TN:
SF:lib/file-tracking.ts
FN:31,(anonymous_3)
FN:61,(anonymous_4)
FN:92,(anonymous_5)
FN:105,(anonymous_6)
FN:119,(anonymous_7)
FN:127,(anonymous_8)
FN:146,(anonymous_9)
FN:153,(anonymous_10)
FN:173,(anonymous_11)
FN:197,(anonymous_12)
FN:210,(anonymous_13)
FN:219,(anonymous_14)
FN:228,(anonymous_15)
FN:240,(anonymous_16)
FNF:14
FNH:0
FNDA:0,(anonymous_3)
FNDA:0,(anonymous_4)
FNDA:0,(anonymous_5)
FNDA:0,(anonymous_6)
FNDA:0,(anonymous_7)
FNDA:0,(anonymous_8)
FNDA:0,(anonymous_9)
FNDA:0,(anonymous_10)
FNDA:0,(anonymous_11)
FNDA:0,(anonymous_12)
FNDA:0,(anonymous_13)
FNDA:0,(anonymous_14)
FNDA:0,(anonymous_15)
FNDA:0,(anonymous_16)
DA:24,2
DA:26,0
DA:39,0
DA:41,0
DA:54,0
DA:55,0
DA:66,0
DA:67,0
DA:68,0
DA:71,0
DA:79,0
DA:80,0
DA:81,0
DA:82,0
DA:85,0
DA:86,0
DA:93,0
DA:94,0
DA:96,0
DA:97,0
DA:99,0
DA:106,0
DA:107,0
DA:108,0
DA:109,0
DA:110,0
DA:113,0
DA:120,0
DA:121,0
DA:128,0
DA:129,0
DA:131,0
DA:132,0
DA:133,0
DA:134,0
DA:135,0
DA:140,0
DA:147,0
DA:160,0
DA:161,0
DA:171,0
DA:173,0
DA:174,0
DA:175,0
DA:177,0
DA:178,0
DA:180,0
DA:181,0
DA:185,0
DA:199,0
DA:200,0
DA:203,0
DA:204,0
DA:211,0
DA:216,2
DA:220,0
DA:221,0
DA:222,0
DA:230,0
DA:231,0
DA:233,0
DA:234,0
DA:235,0
DA:242,0
DA:243,0
DA:245,0
DA:246,0
DA:247,0
LF:68
LH:2
BRDA:67,0,0,0
BRDA:79,1,0,0
BRDA:79,1,1,0
BRDA:79,2,0,0
BRDA:79,2,1,0
BRDA:81,3,0,0
BRDA:81,4,0,0
BRDA:81,4,1,0
BRDA:94,5,0,0
BRDA:107,6,0,0
BRDA:121,7,0,0
BRDA:121,7,1,0
BRDA:133,8,0,0
BRDA:177,9,0,0
BRDA:177,10,0,0
BRDA:177,10,1,0
BRDA:180,11,0,0
BRDA:180,12,0,0
BRDA:180,12,1,0
BRDA:204,13,0,0
BRDA:204,13,1,0
BRDA:230,14,0,0
BRDA:230,15,0,0
BRDA:230,15,1,0
BRDA:242,16,0,0
BRF:25
BRH:0
end_of_record
TN:
SF:lib/framework-weights.js
FN:76,validateFrameworkWeights
FN:81,(anonymous_1)
FN:84,(anonymous_2)
FN:113,getWeightRationale
FN:114,(anonymous_4)
FN:119,getIndividualPointWeight
FN:125,validateCategoryPointConsistency
FN:127,(anonymous_7)
FN:129,(anonymous_8)
FN:131,(anonymous_9)
FN:143,generateWeightSummary
FN:149,(anonymous_11)
FN:157,(anonymous_12)
FN:160,(anonymous_13)
FNF:14
FNH:8
FNDA:2,validateFrameworkWeights
FNDA:8,(anonymous_1)
FNDA:30,(anonymous_2)
FNDA:0,getWeightRationale
FNDA:0,(anonymous_4)
FNDA:18,getIndividualPointWeight
FNDA:1,validateCategoryPointConsistency
FNDA:4,(anonymous_7)
FNDA:60,(anonymous_8)
FNDA:15,(anonymous_9)
FNDA:0,generateWeightSummary
FNDA:0,(anonymous_11)
FNDA:0,(anonymous_12)
FNDA:0,(anonymous_13)
DA:8,1
DA:9,1
DA:10,1
DA:11,1
DA:12,1
DA:13,1
DA:14,1
DA:15,1
DA:17,1
DA:52,1
DA:77,2
DA:78,2
DA:80,2
DA:81,8
DA:83,2
DA:84,30
DA:85,2
DA:86,2
DA:87,0
DA:88,0
DA:90,2
DA:91,0
DA:92,0
DA:95,2
DA:96,0
DA:97,0
DA:99,2
DA:100,0
DA:101,0
DA:103,2
DA:114,0
DA:120,18
DA:126,1
DA:127,1
DA:128,4
DA:129,60
DA:130,4
DA:131,15
DA:132,4
DA:138,1
DA:144,0
DA:145,0
DA:146,0
DA:147,0
DA:148,0
DA:149,0
DA:150,0
DA:151,0
DA:153,0
DA:154,0
DA:155,0
DA:156,0
DA:157,0
DA:159,0
DA:160,0
DA:161,0
DA:163,0
DA:166,1
DA:167,1
LF:59
LH:33
BRDA:85,0,0,2
BRDA:85,0,1,2
BRDA:86,1,0,0
BRDA:90,2,0,0
BRDA:95,3,0,0
BRDA:99,4,0,0
BRDA:120,5,0,18
BRDA:120,5,1,1
BRDA:151,6,0,0
BRDA:151,6,1,0
BRDA:154,7,0,0
BRDA:154,7,1,0
BRDA:155,8,0,0
BRDA:161,9,0,0
BRDA:161,9,1,0
BRF:15
BRH:4
end_of_record
TN:
SF:lib/framework-weights.ts
FN:91,validateFrameworkWeights
FN:97,(anonymous_11)
FN:101,(anonymous_12)
FN:137,getWeightRationale
FN:138,(anonymous_14)
FN:144,getIndividualPointWeight
FN:151,validateCategoryPointConsistency
FN:154,(anonymous_17)
FN:156,(anonymous_18)
FN:159,(anonymous_19)
FN:174,generateWeightSummary
FN:182,(anonymous_21)
FN:192,(anonymous_22)
FN:196,(anonymous_23)
FNF:14
FNH:0
FNDA:0,validateFrameworkWeights
FNDA:0,(anonymous_11)
FNDA:0,(anonymous_12)
FNDA:0,getWeightRationale
FNDA:0,(anonymous_14)
FNDA:0,getIndividualPointWeight
FNDA:0,validateCategoryPointConsistency
FNDA:0,(anonymous_17)
FNDA:0,(anonymous_18)
FNDA:0,(anonymous_19)
FNDA:0,generateWeightSummary
FNDA:0,(anonymous_21)
FNDA:0,(anonymous_22)
FNDA:0,(anonymous_23)
DA:8,0
DA:27,0
DA:63,0
DA:91,0
DA:92,0
DA:93,0
DA:96,0
DA:97,0
DA:100,0
DA:101,0
DA:103,0
DA:105,0
DA:106,0
DA:107,0
DA:110,0
DA:111,0
DA:112,0
DA:116,0
DA:117,0
DA:118,0
DA:121,0
DA:122,0
DA:123,0
DA:126,0
DA:137,0
DA:138,0
DA:144,0
DA:145,0
DA:151,0
DA:152,0
DA:154,0
DA:155,0
DA:156,0
DA:158,0
DA:159,0
DA:161,0
DA:168,0
DA:174,0
DA:175,0
DA:176,0
DA:178,0
DA:179,0
DA:181,0
DA:182,0
DA:183,0
DA:184,0
DA:187,0
DA:188,0
DA:190,0
DA:191,0
DA:192,0
DA:195,0
DA:196,0
DA:197,0
DA:200,0
DA:204,0
DA:205,0
LF:57
LH:0
BRDA:103,0,0,0
BRDA:103,0,1,0
BRDA:105,1,0,0
BRDA:110,2,0,0
BRDA:116,3,0,0
BRDA:121,4,0,0
BRDA:145,5,0,0
BRDA:145,5,1,0
BRDA:184,6,0,0
BRDA:184,6,1,0
BRDA:188,7,0,0
BRDA:188,7,1,0
BRDA:190,8,0,0
BRDA:197,9,0,0
BRDA:197,9,1,0
BRF:15
BRH:0
end_of_record
TN:
SF:lib/openai-auth.ts
FN:13,validateEnvironment
FN:45,checkAuthentication
FN:62,(anonymous_8)
FN:99,getAuthenticatedClient
FN:135,getSetupStatus
FNF:5
FNH:5
FNDA:10,validateEnvironment
FNDA:5,checkAuthentication
FNDA:4,(anonymous_8)
FNDA:2,getAuthenticatedClient
FNDA:2,getSetupStatus
DA:1,1
DA:13,3
DA:18,10
[...]
DA:270,0
DA:271,0
DA:273,0
DA:275,0
DA:277,0
DA:279,0
DA:281,0
DA:286,0
DA:287,0
DA:289,0
DA:291,0
DA:293,0
DA:295,0
DA:297,0
DA:299,0
DA:304,0
DA:305,0
DA:306,0
DA:307,0
DA:308,0
DA:309,0
DA:311,0
DA:312,0
DA:317,0
DA:318,0
DA:319,0
DA:321,0
DA:325,0
DA:330,0
DA:331,0
DA:332,0
LF:93
LH:0
BRDA:119,0,0,0
BRDA:119,1,0,0
BRDA:119,1,1,0
BRDA:124,2,0,0
BRDA:124,3,0,0
BRDA:124,3,1,0
BRDA:130,4,0,0
BRDA:130,5,0,0
BRDA:130,5,1,0
BRDA:130,5,2,0
BRDA:136,6,0,0
BRDA:141,7,0,0
BRDA:180,8,0,0
BRDA:180,8,1,0
BRDA:180,8,2,0
BRDA:180,8,3,0
BRDA:180,8,4,0
BRDA:180,8,5,0
BRDA:180,8,6,0
BRDA:199,9,0,0
BRDA:199,9,1,0
BRDA:199,9,2,0
BRDA:221,10,0,0
BRDA:221,11,0,0
BRDA:221,11,1,0
BRDA:226,12,0,0
BRDA:231,13,0,0
BRDA:236,14,0,0
BRDA:236,15,0,0
BRDA:236,15,1,0
BRDA:251,16,0,0
BRDA:251,17,0,0
BRDA:251,17,1,0
BRDA:256,18,0,0
BRDA:256,19,0,0
BRDA:256,19,1,0
BRDA:261,20,0,0
BRDA:261,21,0,0
BRDA:261,21,1,0
BRDA:271,22,0,0
BRDA:271,22,1,0
BRDA:271,22,2,0
BRDA:271,22,3,0
BRDA:271,22,4,0
BRDA:287,23,0,0
BRDA:287,23,1,0
BRDA:287,23,2,0
BRDA:287,23,3,0
BRDA:287,23,4,0
BRDA:287,23,5,0
BRDA:305,24,0,0
BRDA:305,24,1,0
BRDA:308,25,0,0
BRDA:308,25,1,0
BRDA:318,26,0,0
BRDA:331,27,0,0
BRDA:331,27,1,0
BRF:57
BRH:0
end_of_record
TN:
SF:lib/retry/index.ts
FN:49,withRetry
FN:72,withRetryResult
FN:88,withFastRetry
FN:98,withApiRetry
FN:108,withConservativeRetry
FN:122,withOpenAIChatRetry
FN:132,withOpenAIVisionRetry
FN:142,withOpenAIWhisperRetry
FN:156,withBlobStorageRetry
FN:166,withDatabaseRetry
FN:176,withExternalApiRetry
FN:186,withFileProcessingRetry
FN:197,withEnvironmentRetry
FN:211,getRetrySystemHealth
FN:221,resetRetrySystem
FN:229,resolvePolicy
FN:260,(anonymous_44)
FN:264,(anonymous_45)
FN:270,(anonymous_46)
FN:276,(anonymous_47)
FN:281,(anonymous_48)
FN:286,(anonymous_49)
FN:291,(anonymous_50)
FN:296,(anonymous_51)
FN:301,(anonymous_52)
FN:306,(anonymous_53)
FN:317,(anonymous_54)
FN:322,(anonymous_55)
FN:327,(anonymous_56)
FN:332,(anonymous_57)
FN:337,(anonymous_58)
FN:356,legacyWithRetry
FNF:32
FNH:0
FNDA:0,withRetry
FNDA:0,withRetryResult
FNDA:0,withFastRetry
FNDA:0,withApiRetry
FNDA:0,withConservativeRetry
FNDA:0,withOpenAIChatRetry
FNDA:0,withOpenAIVisionRetry
FNDA:0,withOpenAIWhisperRetry
FNDA:0,withBlobStorageRetry
FNDA:0,withDatabaseRetry
FNDA:0,withExternalApiRetry
FNDA:0,withFileProcessingRetry
FNDA:0,withEnvironmentRetry
FNDA:0,getRetrySystemHealth
FNDA:0,resetRetrySystem
FNDA:0,resolvePolicy
FNDA:0,(anonymous_44)
FNDA:0,(anonymous_45)
FNDA:0,(anonymous_46)
FNDA:0,(anonymous_47)
FNDA:0,(anonymous_48)
FNDA:0,(anonymous_49)
FNDA:0,(anonymous_50)
FNDA:0,(anonymous_51)
FNDA:0,(anonymous_52)
FNDA:0,(anonymous_53)
FNDA:0,(anonymous_54)
FNDA:0,(anonymous_55)
FNDA:0,(anonymous_56)
FNDA:0,(anonymous_57)
FNDA:0,(anonymous_58)
FNDA:0,legacyWithRetry
DA:9,0
DA:10,0
DA:12,0
DA:13,0
DA:14,0
DA:15,0
DA:16,0
DA:17,0
DA:18,0
DA:39,0
DA:49,0
DA:54,0
DA:55,0
DA:57,0
DA:58,0
DA:60,0
DA:72,0
DA:77,0
DA:78,0
DA:88,0
DA:92,0
DA:98,0
DA:102,0
DA:108,0
DA:112,0
DA:122,0
DA:126,0
DA:132,0
DA:136,0
DA:142,0
DA:146,0
DA:156,0
DA:160,0
DA:166,0
DA:170,0
DA:176,0
DA:180,0
DA:186,0
DA:190,0
DA:197,0
DA:203,0
DA:204,0
DA:205,0
DA:211,0
DA:212,0
DA:221,0
DA:222,0
DA:223,0
DA:232,0
DA:233,0
DA:237,0
DA:238,0
DA:242,0
DA:243,0
DA:247,0
DA:257,0
DA:258,0
DA:261,0
DA:265,0
DA:266,0
DA:267,0
DA:271,0
DA:272,0
DA:273,0
DA:277,0
DA:278,0
DA:282,0
DA:283,0
DA:287,0
DA:288,0
DA:292,0
DA:293,0
DA:297,0
DA:298,0
DA:302,0
DA:303,0
DA:307,0
DA:314,0
DA:318,0
DA:319,0
DA:323,0
DA:324,0
DA:328,0
DA:329,0
DA:333,0
DA:334,0
DA:339,0
DA:349,0
DA:356,0
DA:362,0
DA:369,0
LF:91
LH:0
BRDA:57,0,0,0
BRDA:57,0,1,0
BRDA:200,1,0,0
BRDA:232,2,0,0
BRDA:237,3,0,0
BRDA:242,4,0,0
BRDA:358,5,0,0
BRDA:359,6,0,0
BRF:8
BRH:0
end_of_record
TN:
SF:lib/retry/policies.ts
FN:380,getTemplatePolicy
FN:391,getServicePolicy
FN:402,createCustomPolicy
FN:414,(anonymous_14)
FN:421,getEnvironmentAdjustments
FN:471,applyEnvironmentAdjustments
FNF:6
FNH:0
FNDA:0,getTemplatePolicy
FNDA:0,getServicePolicy
FNDA:0,createCustomPolicy
FNDA:0,(anonymous_14)
FNDA:0,getEnvironmentAdjustments
FNDA:0,applyEnvironmentAdjustments
DA:21,0
DA:134,0
DA:380,0
DA:381,0
DA:382,0
DA:383,0
DA:385,0
DA:391,0
DA:392,0
DA:393,0
DA:394,0
DA:396,0
DA:402,0
DA:406,0
DA:407,0
DA:414,0
DA:421,0
DA:424,0
DA:426,0
DA:440,0
DA:452,0
DA:464,0
DA:471,0
DA:475,0
DA:476,0
DA:490,0
DA:491,0
DA:492,0
LF:28
LH:0
BRDA:382,0,0,0
BRDA:393,1,0,0
BRDA:412,2,0,0
BRDA:412,2,1,0
BRDA:413,3,0,0
BRDA:413,3,1,0
BRDA:424,4,0,0
BRDA:424,4,1,0
BRDA:424,4,2,0
BRDA:424,4,3,0
BRDA:480,5,0,0
BRDA:480,5,1,0
BRF:12
BRH:0
end_of_record
TN:
SF:lib/retry/retry-engine.ts
FN:31,(anonymous_4)
FN:48,(anonymous_5)
FN:64,(anonymous_6)
FN:83,(anonymous_7)
FN:87,(anonymous_8)
FN:107,(anonymous_9)
FN:117,(anonymous_10)
FN:128,(anonymous_11)
FN:132,(anonymous_12)
FN:151,(anonymous_13)
FN:156,(anonymous_14)
FN:170,(anonymous_15)
FN:175,(anonymous_16)
FN:179,(anonymous_17)
FN:185,(anonymous_18)
FN:191,(anonymous_19)
FN:197,(anonymous_20)
FN:212,(anonymous_21)
FN:223,(anonymous_22)
FN:250,(anonymous_23)
FN:276,(anonymous_24)
FN:310,(anonymous_25)
FN:343,(anonymous_26)
FN:350,(anonymous_27)
FN:357,(anonymous_28)
FN:387,(anonymous_29)
FN:417,(anonymous_30)
FN:424,(anonymous_31)
FN:446,(anonymous_33)
FN:651,(anonymous_34)
FN:665,(anonymous_35)
FN:687,(anonymous_36)
FN:697,(anonymous_37)
FN:698,(anonymous_38)
FN:705,(anonymous_39)
FN:712,(anonymous_40)
FN:719,(anonymous_41)
FN:720,(anonymous_42)
FN:726,(anonymous_43)
FN:737,(anonymous_44)
FN:748,(anonymous_45)
FN:755,(anonymous_46)
FN:763,(anonymous_47)
FNF:43
FNH:35
FNDA:43,(anonymous_4)
FNDA:2,(anonymous_5)
FNDA:3,(anonymous_6)
FNDA:15,(anonymous_7)
FNDA:140,(anonymous_8)
FNDA:107,(anonymous_9)
FNDA:31,(anonymous_10)
FNDA:26,(anonymous_11)
FNDA:0,(anonymous_12)
FNDA:2,(anonymous_13)
FNDA:7,(anonymous_14)
FNDA:7,(anonymous_15)
FNDA:5,(anonymous_16)
FNDA:0,(anonymous_17)
FNDA:9,(anonymous_18)
FNDA:0,(anonymous_19)
FNDA:12,(anonymous_20)
FNDA:10097,(anonymous_21)
FNDA:10097,(anonymous_22)
FNDA:10097,(anonymous_23)
FNDA:46,(anonymous_24)
FNDA:0,(anonymous_25)
FNDA:2,(anonymous_26)
FNDA:2,(anonymous_27)
FNDA:1,(anonymous_28)
FNDA:2,(anonymous_29)
FNDA:1,(anonymous_30)
FNDA:1,(anonymous_31)
FNDA:124,(anonymous_33)
FNDA:124,(anonymous_34)
FNDA:10,(anonymous_35)
FNDA:37,(anonymous_36)
FNDA:3,(anonymous_37)
FNDA:3,(anonymous_38)
FNDA:112,(anonymous_39)
FNDA:2,(anonymous_40)
FNDA:37,(anonymous_41)
FNDA:37,(anonymous_42)
FNDA:0,(anonymous_43)
FNDA:0,(anonymous_44)
FNDA:0,(anonymous_45)
FNDA:0,(anonymous_46)
FNDA:10020,(anonymous_47)
DA:8,1
DA:9,1
DA:10,1
DA:38,43
DA:39,43
DA:40,43
DA:49,2
DA:65,3
DA:76,5
DA:77,15
DA:78,15
DA:79,15
DA:80,15
DA:84,15
DA:88,140
DA:89,4
DA:90,2
DA:91,2
DA:93,2
DA:97,138
DA:98,138
DA:99,107
DA:100,107
DA:102,31
DA:103,31
DA:108,107
DA:109,107
DA:110,3
DA:111,3
DA:112,1
DA:118,31
DA:119,31
DA:121,31
DA:122,0
DA:123,31
DA:124,5
DA:129,26
DA:133,0
DA:146,2
DA:147,2
DA:148,2
DA:152,2
DA:153,2
DA:157,7
DA:159,7
DA:160,1
DA:163,6
DA:164,1
DA:167,5
DA:171,7
DA:172,7
DA:176,5
DA:180,0
DA:181,0
DA:186,9
DA:187,0
DA:192,0
DA:193,0
DA:194,0
DA:198,12
DA:217,10097
DA:218,10097
DA:219,10097
DA:220,10097
DA:228,10097
DA:230,10091
DA:233,3
DA:236,3
DA:239,0
DA:240,0
DA:243,0
DA:246,0
DA:251,10097
DA:253,87
DA:256,10
DA:259,0
DA:263,10000
DA:264,10000
DA:267,0
DA:278,46
DA:279,2
DA:283,44
DA:284,1
DA:288,43
DA:289,39
DA:293,4
DA:294,4
DA:297,4
DA:298,4
DA:302,0
DA:303,0
DA:307,0
DA:316,0
DA:318,0
DA:322,0
DA:323,0
DA:327,0
DA:328,0
DA:336,5
DA:337,5
DA:338,5
DA:344,2
DA:351,2
DA:360,1
DA:362,1
DA:371,0
DA:380,0
DA:388,2
DA:390,1
DA:400,1
DA:410,0
DA:418,1
DA:425,1
DA:439,19
DA:440,19
DA:441,19
DA:451,124
DA:452,124
DA:456,124
DA:457,112
DA:458,112
DA:463,124
DA:464,2
DA:467,2
DA:472,124
DA:473,161
DA:474,161
DA:475,161
DA:478,161
DA:479,0
DA:488,161
DA:496,161
DA:497,7
DA:500,161
DA:502,161
DA:507,114
DA:508,114
DA:509,114
DA:512,114
DA:514,114
DA:515,114
DA:528,47
DA:529,4
DA:532,43
DA:533,43
DA:534,43
DA:536,43
DA:546,47
DA:550,47
DA:551,47
DA:554,47
DA:555,20
DA:559,47
DA:561,1
DA:562,1
DA:563,1
DA:571,0
DA:574,46
DA:575,46
DA:576,6
DA:578,6
DA:579,0
DA:587,6
DA:591,40
DA:594,40
DA:595,2
DA:596,2
DA:606,38
DA:607,1
DA:608,1
DA:618,37
DA:619,37
DA:620,37
DA:623,37
DA:626,37
DA:628,5
DA:629,5
DA:632,37
DA:635,37
DA:636,37
DA:642,6
DA:648,6
DA:652,124
DA:672,10
DA:674,10
DA:691,37
DA:692,34
DA:695,3
DA:698,3
DA:699,3
DA:706,112
DA:707,10
DA:709,112
DA:713,2
DA:714,2
DA:716,2
DA:720,37
DA:727,0
DA:728,0
DA:729,0
DA:731,0
DA:738,0
DA:739,0
DA:740,0
DA:742,0
DA:749,0
DA:756,0
DA:764,10020
DA:774,10020
LF:209
LH:170
BRDA:88,0,0,4
BRDA:89,1,0,2
BRDA:89,1,1,2
BRDA:109,2,0,3
BRDA:111,3,0,1
BRDA:121,4,0,0
BRDA:121,4,1,31
BRDA:123,5,0,5
BRDA:159,6,0,1
BRDA:159,7,0,7
BRDA:159,7,1,7
BRDA:163,8,0,1
BRDA:163,9,0,6
BRDA:163,9,1,4
BRDA:180,10,0,0
BRDA:186,11,0,0
BRDA:186,12,0,9
BRDA:186,12,1,9
BRDA:228,13,0,10091
BRDA:228,13,1,3
BRDA:228,13,2,3
BRDA:228,13,3,0
BRDA:228,13,4,0
BRDA:239,14,0,0
BRDA:251,15,0,87
BRDA:251,15,1,10
BRDA:251,15,2,0
BRDA:251,15,3,10000
BRDA:251,15,4,0
BRDA:278,16,0,2
BRDA:283,17,0,1
BRDA:288,18,0,39
BRDA:297,19,0,4
BRDA:297,20,0,4
BRDA:297,20,1,4
BRDA:302,21,0,0
BRDA:302,22,0,0
BRDA:302,22,1,0
BRDA:316,23,0,0
BRDA:316,24,0,0
BRDA:316,24,1,0
BRDA:322,25,0,0
BRDA:322,26,0,0
BRDA:322,26,1,0
BRDA:351,27,0,2
BRDA:351,27,1,1
BRDA:360,28,0,1
BRDA:360,28,1,0
BRDA:360,28,2,0
BRDA:388,29,0,1
BRDA:388,29,1,1
BRDA:388,29,2,0
BRDA:418,30,0,1
BRDA:418,30,1,1
BRDA:456,31,0,112
BRDA:457,32,0,112
BRDA:457,32,1,112
BRDA:457,33,0,112
BRDA:457,33,1,112
BRDA:463,34,0,2
BRDA:464,35,0,2
BRDA:464,35,1,0
BRDA:465,36,0,2
BRDA:465,36,1,2
BRDA:466,37,0,0
BRDA:466,37,1,0
BRDA:466,38,0,0
BRDA:466,38,1,0
BRDA:478,39,0,0
BRDA:478,40,0,161
BRDA:478,40,1,7
BRDA:478,41,0,7
BRDA:478,41,1,0
BRDA:481,42,0,0
BRDA:481,42,1,0
BRDA:496,43,0,7
BRDA:502,44,0,124
BRDA:502,44,1,37
BRDA:528,45,0,4
BRDA:528,45,1,43
BRDA:532,46,0,43
BRDA:532,46,1,3
BRDA:533,47,0,43
BRDA:533,47,1,3
BRDA:533,47,2,3
BRDA:534,48,0,43
BRDA:534,48,1,0
BRDA:546,49,0,47
BRDA:546,49,1,44
BRDA:546,49,2,44
BRDA:554,50,0,20
BRDA:559,51,0,1
BRDA:562,52,0,1
BRDA:575,53,0,6
BRDA:578,54,0,0
BRDA:594,55,0,2
BRDA:594,56,0,40
BRDA:594,56,1,7
BRDA:606,57,0,1
BRDA:620,58,0,37
BRDA:620,58,1,0
BRDA:626,59,0,5
BRDA:635,60,0,37
BRDA:642,61,0,6
BRDA:642,61,1,0
BRDA:653,62,0,124
BRDA:653,62,1,124
BRDA:670,63,0,6
BRDA:691,64,0,34
BRDA:706,65,0,10
BRDA:713,66,0,2
BRF:111
BRH:78
end_of_record
TN:
SF:lib/retry/types.ts
FNF:0
FNH:0
DA:249,0
DA:271,0
LF:2
LH:0
BRF:0
BRH:0
end_of_record
TN:
SF:lib/sanitization/client.tsx
FN:94,containsDangerousClientContent
FN:117,(anonymous_16)
FN:123,sanitizeHtmlClient
FN:145,sanitizeStringClient
FN:198,sanitizeFilenameClient
FN:222,useSanitizedInput
FN:226,(anonymous_21)
FN:231,(anonymous_22)
FN:235,(anonymous_23)
FN:252,(anonymous_24)
FN:259,useSanitizedFile
FN:260,(anonymous_26)
FN:264,(anonymous_27)
FN:281,(anonymous_28)
FN:294,SanitizedInput
FN:302,(anonymous_30)
FNF:16
FNH:0
FNDA:0,containsDangerousClientContent
FNDA:0,(anonymous_16)
FNDA:0,sanitizeHtmlClient
FNDA:0,sanitizeStringClient
FNDA:0,sanitizeFilenameClient
FNDA:0,useSanitizedInput
FNDA:0,(anonymous_21)
FNDA:0,(anonymous_22)
FNDA:0,(anonymous_23)
FNDA:0,(anonymous_24)
FNDA:0,useSanitizedFile
FNDA:0,(anonymous_26)
FNDA:0,(anonymous_27)
FNDA:0,(anonymous_28)
FNDA:0,SanitizedInput
FNDA:0,(anonymous_30)
DA:4,0
DA:5,0
DA:10,0
DA:58,0
DA:94,0
DA:95,0
DA:96,0
DA:99,0
DA:117,0
DA:123,0
DA:127,0
DA:128,0
DA:131,0
DA:133,0
DA:145,0
DA:149,0
DA:150,0
DA:154,0
DA:155,0
DA:156,0
DA:159,0
DA:162,0
DA:163,0
DA:167,0
DA:169,0
DA:173,0
DA:174,0
DA:178,0
DA:179,0
DA:183,0
DA:184,0
DA:188,0
DA:189,0
DA:192,0
DA:198,0
DA:199,0
DA:200,0
DA:203,0
DA:206,0
DA:207,0
DA:208,0
DA:209,0
DA:212,0
DA:213,0
DA:216,0
DA:222,0
DA:226,0
DA:231,0
DA:232,0
DA:235,0
DA:238,0
DA:239,0
DA:242,0
DA:243,0
DA:246,0
DA:249,0
DA:252,0
DA:259,0
DA:260,0
DA:261,0
DA:264,0
DA:265,0
DA:267,0
DA:268,0
DA:272,0
DA:278,0
DA:281,0
DA:294,0
DA:300,0
DA:302,0
DA:303,0
DA:306,0
DA:307,0
DA:310,0
DA:311,0
DA:325,0
LF:76
LH:0
BRDA:95,0,0,0
BRDA:95,1,0,0
BRDA:95,1,1,0
BRDA:125,2,0,0
BRDA:127,3,0,0
BRDA:127,4,0,0
BRDA:127,4,1,0
BRDA:147,5,0,0
BRDA:149,6,0,0
BRDA:149,7,0,0
BRDA:149,7,1,0
BRDA:154,8,0,0
BRDA:154,9,0,0
BRDA:154,9,1,0
BRDA:162,10,0,0
BRDA:167,11,0,0
BRDA:173,12,0,0
BRDA:178,13,0,0
BRDA:183,14,0,0
BRDA:188,15,0,0
BRDA:188,16,0,0
BRDA:188,16,1,0
BRDA:199,17,0,0
BRDA:199,18,0,0
BRDA:199,18,1,0
BRDA:212,19,0,0
BRDA:212,20,0,0
BRDA:212,20,1,0
BRDA:212,20,2,0
BRDA:223,21,0,0
BRDA:224,22,0,0
BRDA:242,23,0,0
BRDA:267,24,0,0
BRDA:306,25,0,0
BRF:34
BRH:0
end_of_record
TN:
SF:lib/sanitization/index.ts
FN:115,sanitizeHtml
FN:136,sanitizeString
FN:196,sanitizeFilename
FN:203,sanitizeUrl
FN:221,sanitizeEmail
FN:235,sanitizeTextInput
FN:242,sanitizeContentInput
FN:249,sanitizeObject
FN:263,(anonymous_26)
FN:281,sanitizeJsonInput
FN:307,containsDangerousContent
FN:336,(anonymous_29)
FN:342,sanitizeFilenameEnhanced
FN:385,createSanitizationLimiter
FN:390,checkSanitizationRate
FNF:15
FNH:0
FNDA:0,sanitizeHtml
FNDA:0,sanitizeString
FNDA:0,sanitizeFilename
FNDA:0,sanitizeUrl
FNDA:0,sanitizeEmail
FNDA:0,sanitizeTextInput
FNDA:0,sanitizeContentInput
FNDA:0,sanitizeObject
FNDA:0,(anonymous_26)
FNDA:0,sanitizeJsonInput
FNDA:0,containsDangerousContent
FNDA:0,(anonymous_29)
FNDA:0,sanitizeFilenameEnhanced
FNDA:0,createSanitizationLimiter
FNDA:0,checkSanitizationRate
DA:2,0
DA:3,0
DA:8,0
DA:58,0
DA:115,0
DA:119,0
DA:120,0
DA:123,0
DA:125,0
DA:136,0
DA:140,0
DA:141,0
DA:144,0
DA:147,0
DA:148,0
DA:152,0
DA:153,0
DA:155,0
DA:159,0
DA:160,0
DA:164,0
DA:165,0
DA:169,0
DA:170,0
DA:174,0
DA:175,0
DA:176,0
DA:181,0
DA:182,0
DA:186,0
DA:187,0
DA:190,0
DA:196,0
DA:197,0
DA:203,0
DA:204,0
DA:207,0
DA:212,0
DA:215,0
DA:221,0
DA:222,0
DA:225,0
DA:226,0
DA:229,0
DA:235,0
DA:236,0
DA:242,0
DA:243,0
DA:249,0
DA:253,0
DA:254,0
DA:257,0
DA:259,0
DA:260,0
DA:261,0
DA:262,0
DA:263,0
DA:264,0
DA:270,0
DA:271,0
DA:275,0
DA:281,0
DA:285,0
DA:287,0
DA:294,0
DA:297,0
DA:299,0
DA:300,0
DA:307,0
DA:308,0
DA:309,0
DA:312,0
DA:336,0
DA:342,0
DA:343,0
DA:344,0
DA:347,0
DA:350,0
DA:353,0
DA:356,0
DA:359,0
DA:362,0
DA:363,0
DA:364,0
DA:368,0
DA:369,0
DA:370,0
DA:371,0
DA:375,0
DA:376,0
DA:379,0
DA:385,0
DA:386,0
DA:387,0
DA:388,0
DA:390,0
DA:391,0
DA:392,0
DA:395,0
DA:396,0
DA:397,0
DA:401,0
DA:403,0
DA:404,0
DA:407,0
DA:408,0
DA:415,0
DA:431,0
LF:108
LH:0
BRDA:117,0,0,0
BRDA:119,1,0,0
BRDA:119,2,0,0
BRDA:119,2,1,0
BRDA:138,3,0,0
BRDA:140,4,0,0
BRDA:140,5,0,0
BRDA:140,5,1,0
BRDA:147,6,0,0
BRDA:152,7,0,0
BRDA:159,8,0,0
BRDA:164,9,0,0
BRDA:169,10,0,0
BRDA:174,11,0,0
BRDA:181,12,0,0
BRDA:186,13,0,0
BRDA:186,14,0,0
BRDA:186,14,1,0
BRDA:207,15,0,0
BRDA:225,16,0,0
BRDA:251,17,0,0
BRDA:253,18,0,0
BRDA:253,19,0,0
BRDA:253,19,1,0
BRDA:260,20,0,0
BRDA:260,20,1,0
BRDA:262,21,0,0
BRDA:262,21,1,0
BRDA:264,22,0,0
BRDA:264,22,1,0
BRDA:266,23,0,0
BRDA:266,23,1,0
BRDA:266,24,0,0
BRDA:266,24,1,0
BRDA:270,25,0,0
BRDA:270,26,0,0
BRDA:270,26,1,0
BRDA:283,27,0,0
BRDA:308,28,0,0
BRDA:308,29,0,0
BRDA:308,29,1,0
BRDA:343,30,0,0
BRDA:343,31,0,0
BRDA:343,31,1,0
BRDA:363,32,0,0
BRDA:368,33,0,0
BRDA:375,34,0,0
BRDA:375,35,0,0
BRDA:375,35,1,0
BRDA:375,35,2,0
BRDA:396,36,0,0
BRDA:401,37,0,0
BRDA:401,37,1,0
BRDA:403,38,0,0
BRF:54
BRH:0
end_of_record
TN:
SF:lib/sanitization/middleware.ts
FN:42,sanitizeQueryParams
FN:63,sanitizeHeaders
FN:86,sanitizeRequestBody
FN:167,checkForDangerousContent
FN:204,(anonymous_15)
FN:241,withSanitization
FN:330,createSanitizedHandler
FN:334,(anonymous_18)
FN:342,sanitized
FN:343,(anonymous_20)
FN:351,(anonymous_21)
FN:354,(anonymous_22)
FN:370,hasSanitizedData
FNF:13
FNH:0
FNDA:0,sanitizeQueryParams
FNDA:0,sanitizeHeaders
FNDA:0,sanitizeRequestBody
FNDA:0,checkForDangerousContent
FNDA:0,(anonymous_15)
FNDA:0,withSanitization
FNDA:0,createSanitizedHandler
FNDA:0,(anonymous_18)
FNDA:0,sanitized
FNDA:0,(anonymous_20)
FNDA:0,(anonymous_21)
FNDA:0,(anonymous_22)
FNDA:0,hasSanitizedData
DA:2,0
DA:3,0
DA:4,0
DA:29,0
DA:42,0
DA:46,0
DA:48,0
DA:49,0
DA:50,0
DA:52,0
DA:53,0
DA:57,0
DA:63,0
DA:68,0
DA:70,0
DA:71,0
DA:72,0
DA:73,0
DA:74,0
DA:75,0
DA:80,0
DA:86,0
DA:91,0
DA:94,0
DA:95,0
DA:96,0
DA:102,0
DA:103,0
DA:105,0
DA:107,0
DA:108,0
DA:114,0
DA:116,0
DA:118,0
DA:119,0
DA:121,0
DA:122,0
DA:124,0
DA:126,0
DA:127,0
DA:133,0
DA:137,0
DA:141,0
DA:143,0
DA:144,0
DA:150,0
DA:153,0
DA:154,0
DA:157,0
DA:167,0
DA:173,0
DA:174,0
DA:175,0
DA:184,0
DA:185,0
DA:186,0
DA:195,0
DA:196,0
DA:197,0
DA:203,0
DA:204,0
DA:205,0
DA:206,0
DA:207,0
DA:208,0
DA:209,0
DA:210,0
DA:214,0
DA:217,0
DA:218,0
DA:226,0
DA:241,0
DA:246,0
DA:248,0
DA:249,0
DA:256,0
DA:257,0
DA:258,0
DA:262,0
DA:263,0
DA:271,0
DA:273,0
DA:274,0
DA:282,0
DA:283,0
DA:289,0
DA:290,0
DA:302,0
DA:305,0
DA:306,0
DA:317,0
DA:330,0
DA:334,0
DA:335,0
DA:342,0
DA:343,0
DA:348,0
DA:349,0
DA:351,0
DA:352,0
DA:356,0
DA:357,0
DA:363,0
DA:370,0
DA:371,0
DA:377,0
LF:106
LH:0
BRDA:44,0,0,0
BRDA:52,1,0,0
BRDA:52,2,0,0
BRDA:52,2,1,0
BRDA:65,3,0,0
BRDA:66,4,0,0
BRDA:72,5,0,0
BRDA:74,6,0,0
BRDA:88,7,0,0
BRDA:89,8,0,0
BRDA:91,9,0,0
BRDA:91,9,1,0
BRDA:95,10,0,0
BRDA:95,11,0,0
BRDA:95,11,1,0
BRDA:103,12,0,0
BRDA:103,12,1,0
BRDA:107,13,0,0
BRDA:116,14,0,0
BRDA:116,14,1,0
BRDA:116,15,0,0
BRDA:116,15,1,0
BRDA:124,16,0,0
BRDA:124,16,1,0
BRDA:143,17,0,0
BRDA:153,18,0,0
BRDA:159,19,0,0
BRDA:159,19,1,0
BRDA:174,20,0,0
BRDA:174,21,0,0
BRDA:174,21,1,0
BRDA:185,22,0,0
BRDA:185,23,0,0
BRDA:185,23,1,0
BRDA:195,24,0,0
BRDA:195,24,1,0
BRDA:196,25,0,0
BRDA:203,26,0,0
BRDA:203,27,0,0
BRDA:203,27,1,0
BRDA:204,28,0,0
BRDA:206,29,0,0
BRDA:206,29,1,0
BRDA:206,30,0,0
BRDA:206,30,1,0
BRDA:208,31,0,0
BRDA:208,32,0,0
BRDA:208,32,1,0
BRDA:209,33,0,0
BRDA:217,34,0,0
BRDA:244,35,0,0
BRDA:256,36,0,0
BRDA:262,37,0,0
BRDA:271,38,0,0
BRDA:271,39,0,0
BRDA:271,39,1,0
BRDA:271,39,2,0
BRDA:271,39,3,0
BRDA:282,40,0,0
BRDA:289,41,0,0
BRDA:305,42,0,0
BRDA:332,43,0,0
BRDA:342,44,0,0
BRDA:349,45,0,0
BRDA:371,46,0,0
BRDA:371,46,1,0
BRDA:371,46,2,0
BRF:67
BRH:0
end_of_record
TN:
SF:lib/validation/index.ts
FN:34,validateFile
FN:91,validateFileDetailed
FN:160,validateRequestParams
FN:177,validateBooleanParam
FN:204,validateNumericParam
FN:253,validateStringParam
FN:313,validateEnumParam
FN:335,containsSuspiciousPatterns
FN:344,(anonymous_18)
FN:348,formatBytes
FN:357,sanitizeFilename
FNF:11
FNH:4
FNDA:25,validateFile
FNDA:0,validateFileDetailed
FNDA:0,validateRequestParams
FNDA:0,validateBooleanParam
FNDA:0,validateNumericParam
FNDA:0,validateStringParam
FNDA:0,validateEnumParam
FNDA:14,containsSuspiciousPatterns
FNDA:70,(anonymous_18)
FNDA:3,formatBytes
FNDA:0,sanitizeFilename
DA:11,1
DA:14,1
DA:34,25
DA:35,25
DA:36,1
DA:40,24
DA:41,4
DA:49,20
DA:50,3
DA:57,17
DA:58,3
DA:69,14
DA:70,0
DA:81,14
DA:82,0
DA:91,0
DA:92,0
DA:98,0
DA:99,0
DA:100,0
DA:101,0
DA:104,0
DA:111,0
DA:112,0
DA:113,0
DA:119,0
DA:120,0
DA:121,0
DA:126,0
DA:127,0
DA:128,0
DA:134,0
DA:135,0
DA:136,0
DA:142,0
DA:143,0
DA:144,0
DA:148,0
DA:149,0
DA:152,0
DA:153,0
DA:156,0
DA:160,0
DA:165,0
DA:166,0
DA:167,0
DA:177,0
DA:182,0
DA:183,0
DA:186,0
DA:187,0
DA:188,0
DA:189,0
DA:192,0
DA:204,0
DA:211,0
DA:213,0
DA:214,0
DA:225,0
DA:226,0
DA:237,0
DA:238,0
DA:249,0
DA:253,0
DA:261,0
DA:262,0
DA:273,0
DA:274,0
DA:285,0
DA:286,0
DA:297,0
DA:298,0
DA:309,0
DA:313,0
DA:319,0
DA:320,0
DA:331,0
DA:336,14
DA:344,70
DA:349,3
DA:350,3
DA:351,3
DA:352,3
DA:353,3
DA:357,0
DA:358,0
LF:86
LH:20
BRDA:35,0,0,1
BRDA:40,1,0,4
BRDA:49,2,0,3
BRDA:57,3,0,3
BRDA:69,4,0,0
BRDA:81,5,0,0
BRDA:98,6,0,0
BRDA:111,7,0,0
BRDA:119,8,0,0
BRDA:126,9,0,0
BRDA:134,10,0,0
BRDA:142,11,0,0
BRDA:148,12,0,0
BRDA:152,13,0,0
BRDA:166,14,0,0
BRDA:166,15,0,0
BRDA:166,15,1,0
BRDA:166,15,2,0
BRDA:182,16,0,0
BRDA:186,17,0,0
BRDA:188,18,0,0
BRDA:188,19,0,0
BRDA:188,19,1,0
BRDA:189,20,0,0
BRDA:189,21,0,0
BRDA:189,21,1,0
BRDA:213,22,0,0
BRDA:225,23,0,0
BRDA:225,24,0,0
BRDA:225,24,1,0
BRDA:237,25,0,0
BRDA:237,26,0,0
BRDA:237,26,1,0
BRDA:261,27,0,0
BRDA:273,28,0,0
BRDA:273,29,0,0
BRDA:273,29,1,0
BRDA:285,30,0,0
BRDA:285,31,0,0
BRDA:285,31,1,0
BRDA:297,32,0,0
BRDA:297,33,0,0
BRDA:297,33,1,0
BRDA:319,34,0,0
BRDA:349,35,0,0
BRF:45
BRH:4
end_of_record
