TN:
SF:app/api/cleanup/route.ts
FN:7,POST
FN:11,(anonymous_4)
FN:108,GET
FN:170,formatBytes
FNF:4
FNH:0
FNDA:0,POST
FNDA:0,(anonymous_4)
FNDA:0,GET
FNDA:0,formatBytes
DA:2,0
DA:3,0
DA:4,0
DA:5,0
DA:7,0
DA:8,0
DA:10,0
DA:11,0
DA:19,0
DA:22,0
DA:23,0
DA:29,0
DA:34,0
DA:36,0
DA:37,0
DA:40,0
DA:41,0
DA:44,0
DA:45,0
DA:50,0
DA:51,0
DA:55,0
DA:61,0
DA:62,0
DA:66,0
DA:88,0
DA:89,0
DA:92,0
DA:94,0
DA:96,0
DA:108,0
DA:109,0
DA:111,0
DA:112,0
DA:113,0
DA:116,0
DA:119,0
DA:122,0
DA:124,0
DA:150,0
DA:153,0
DA:155,0
DA:157,0
DA:171,0
DA:173,0
DA:174,0
DA:175,0
DA:177,0
LF:48
LH:0
BRDA:14,0,0,0
BRDA:15,1,0,0
BRDA:16,2,0,0
BRDA:17,3,0,0
BRDA:18,4,0,0
BRDA:22,5,0,0
BRDA:22,6,0,0
BRDA:22,6,1,0
BRDA:34,7,0,0
BRDA:34,7,1,0
BRDA:34,7,2,0
BRDA:34,7,3,0
BRDA:34,7,4,0
BRDA:44,8,0,0
BRDA:88,9,0,0
BRDA:88,9,1,0
BRDA:94,10,0,0
BRDA:94,10,1,0
BRDA:113,11,0,0
BRDA:113,11,1,0
BRDA:155,12,0,0
BRDA:155,12,1,0
BRDA:171,13,0,0
BRF:23
BRH:0
end_of_record
TN:
SF:app/api/cleanup/status/route.ts
FN:5,GET
FN:58,POST
FN:60,(anonymous_5)
FNF:3
FNH:0
FNDA:0,GET
FNDA:0,POST
FNDA:0,(anonymous_5)
DA:2,0
DA:3,0
DA:5,0
DA:6,0
DA:7,0
DA:10,0
DA:11,0
DA:13,0
DA:39,0
DA:42,0
DA:44,0
DA:46,0
DA:58,0
DA:59,0
DA:60,0
DA:61,0
DA:63,0
DA:67,0
DA:69,0
DA:70,0
DA:71,0
DA:74,0
DA:75,0
DA:76,0
DA:77,0
DA:80,0
DA:81,0
DA:82,0
DA:85,0
DA:91,0
DA:99,0
DA:101,0
DA:103,0
LF:33
LH:0
BRDA:30,0,0,0
BRDA:30,0,1,0
BRDA:31,1,0,0
BRDA:31,1,1,0
BRDA:44,2,0,0
BRDA:44,2,1,0
BRDA:67,3,0,0
BRDA:67,3,1,0
BRDA:67,3,2,0
BRDA:67,3,3,0
BRDA:74,4,0,0
BRDA:76,5,0,0
BRDA:76,5,1,0
BRDA:101,6,0,0
BRDA:101,6,1,0
BRF:15
BRH:0
end_of_record
TN:
SF:app/api/health/route.ts
FN:44,GET
FN:129,checkVideoProcessorHealth
FN:174,checkErrorHandlingHealth
FN:181,(anonymous_4)
FN:187,(anonymous_5)
FN:194,(anonymous_6)
FN:200,(anonymous_7)
FN:219,transformCircuitBreakerMetrics
FN:246,determineOverallStatus
FN:250,(anonymous_10)
FN:253,(anonymous_11)
FN:255,(anonymous_12)
FNF:12
FNH:0
FNDA:0,GET
FNDA:0,checkVideoProcessorHealth
FNDA:0,checkErrorHandlingHealth
FNDA:0,(anonymous_4)
FNDA:0,(anonymous_5)
FNDA:0,(anonymous_6)
FNDA:0,(anonymous_7)
FNDA:0,transformCircuitBreakerMetrics
FNDA:0,determineOverallStatus
FNDA:0,(anonymous_10)
FNDA:0,(anonymous_11)
FNDA:0,(anonymous_12)
DA:2,0
DA:3,0
DA:4,0
DA:5,0
DA:42,0
DA:44,0
DA:45,0
DA:46,0
DA:48,0
DA:50,0
DA:53,0
DA:56,0
DA:57,0
DA:60,0
DA:66,0
DA:68,0
DA:88,0
DA:91,0
DA:95,0
DA:125,0
DA:130,0
DA:131,0
DA:134,0
DA:137,0
DA:138,0
DA:143,0
DA:144,0
DA:152,0
DA:153,0
DA:160,0
DA:166,0
DA:175,0
DA:176,0
DA:179,0
DA:181,0
DA:184,0
DA:185,0
DA:187,0
DA:193,0
DA:194,0
DA:197,0
DA:198,0
DA:200,0
DA:205,0
DA:211,0
DA:222,0
DA:224,0
DA:227,0
DA:228,0
DA:229,0
DA:230,0
DA:232,0
DA:235,0
DA:243,0
DA:247,0
DA:250,0
DA:253,0
DA:254,0
DA:255,0
DA:256,0
DA:258,0
LF:61
LH:0
BRDA:80,0,0,0
BRDA:80,0,1,0
BRDA:88,1,0,0
BRDA:88,1,1,0
BRDA:89,2,0,0
BRDA:89,2,1,0
BRDA:134,3,0,0
BRDA:134,3,1,0
BRDA:137,4,0,0
BRDA:137,4,1,0
BRDA:143,5,0,0
BRDA:152,6,0,0
BRDA:168,7,0,0
BRDA:168,7,1,0
BRDA:184,8,0,0
BRDA:197,9,0,0
BRDA:213,10,0,0
BRDA:213,10,1,0
BRDA:227,11,0,0
BRDA:227,11,1,0
BRDA:229,12,0,0
BRDA:229,12,1,0
BRDA:229,13,0,0
BRDA:229,13,1,0
BRDA:253,14,0,0
BRDA:253,14,1,0
BRDA:255,15,0,0
BRDA:255,15,1,0
BRF:28
BRH:0
end_of_record
TN:
SF:app/api/openai/cost-monitoring/route.ts
FN:126,GET
FN:198,(anonymous_4)
FN:203,(anonymous_5)
FN:214,(anonymous_6)
FN:221,(anonymous_7)
FN:273,(anonymous_8)
FN:301,POST
FN:385,parseTimeRange
FN:399,calculatePercentage
FN:406,calculateCostTrends
FN:423,(anonymous_13)
FN:427,(anonymous_14)
FN:428,(anonymous_15)
FN:445,(anonymous_16)
FN:446,(anonymous_17)
FNF:15
FNH:0
FNDA:0,GET
FNDA:0,(anonymous_4)
FNDA:0,(anonymous_5)
FNDA:0,(anonymous_6)
FNDA:0,(anonymous_7)
FNDA:0,(anonymous_8)
FNDA:0,POST
FNDA:0,parseTimeRange
FNDA:0,calculatePercentage
FNDA:0,calculateCostTrends
FNDA:0,(anonymous_13)
FNDA:0,(anonymous_14)
FNDA:0,(anonymous_15)
FNDA:0,(anonymous_16)
FNDA:0,(anonymous_17)
DA:2,0
DA:3,0
DA:4,0
DA:5,0
DA:126,0
DA:127,0
DA:129,0
DA:131,0
DA:132,0
DA:133,0
DA:134,0
DA:137,0
DA:138,0
DA:139,0
DA:140,0
DA:143,0
DA:144,0
DA:145,0
DA:148,0
DA:151,0
DA:154,0
DA:157,0
DA:160,0
DA:162,0
DA:198,0
DA:203,0
DA:214,0
DA:221,0
DA:265,0
DA:266,0
DA:272,0
DA:273,0
DA:289,0
DA:292,0
DA:293,0
DA:301,0
DA:302,0
DA:304,0
DA:306,0
DA:307,0
DA:308,0
DA:309,0
DA:312,0
DA:313,0
DA:315,0
DA:317,0
DA:318,0
DA:325,0
DA:341,0
DA:351,0
DA:352,0
DA:353,0
DA:355,0
DA:363,0
DA:365,0
DA:371,0
DA:377,0
DA:378,0
DA:386,0
DA:393,0
DA:400,0
DA:413,0
DA:414,0
DA:423,0
DA:424,0
DA:427,0
DA:428,0
DA:431,0
DA:432,0
DA:441,0
DA:442,0
DA:443,0
DA:445,0
DA:446,0
DA:448,0
DA:452,0
DA:453,0
DA:454,0
DA:457,0
LF:79
LH:0
BRDA:132,0,0,0
BRDA:133,1,0,0
BRDA:133,1,1,0
BRDA:139,2,0,0
BRDA:139,2,1,0
BRDA:140,3,0,0
BRDA:140,3,1,0
BRDA:218,4,0,0
BRDA:218,4,1,0
BRDA:219,5,0,0
BRDA:219,5,1,0
BRDA:225,6,0,0
BRDA:225,6,1,0
BRDA:226,7,0,0
BRDA:226,7,1,0
BRDA:241,8,0,0
BRDA:241,8,1,0
BRDA:253,9,0,0
BRDA:253,9,1,0
BRDA:254,10,0,0
BRDA:254,10,1,0
BRDA:254,11,0,0
BRDA:254,11,1,0
BRDA:257,12,0,0
BRDA:257,12,1,0
BRDA:265,13,0,0
BRDA:307,14,0,0
BRDA:308,15,0,0
BRDA:308,15,1,0
BRDA:315,16,0,0
BRDA:315,16,1,0
BRDA:315,16,2,0
BRDA:315,16,3,0
BRDA:315,16,4,0
BRDA:351,17,0,0
BRDA:351,17,1,0
BRDA:352,18,0,0
BRDA:352,18,1,0
BRDA:393,19,0,0
BRDA:393,19,1,0
BRDA:400,20,0,0
BRDA:400,20,1,0
BRDA:413,21,0,0
BRDA:427,22,0,0
BRDA:427,22,1,0
BRDA:428,23,0,0
BRDA:428,23,1,0
BRDA:431,24,0,0
BRDA:448,25,0,0
BRDA:448,25,1,0
BRDA:453,26,0,0
BRDA:454,27,0,0
BRDA:454,27,1,0
BRF:53
BRH:0
end_of_record
TN:
SF:app/api/openai/debug/route.ts
FN:3,GET
FN:14,(anonymous_2)
FNF:2
FNH:0
FNDA:0,GET
FNDA:0,(anonymous_2)
DA:1,0
DA:3,0
DA:4,0
DA:5,0
DA:7,0
DA:14,0
DA:19,0
LF:7
LH:0
BRDA:10,0,0,0
BRDA:10,0,1,0
BRDA:11,1,0,0
BRDA:11,1,1,0
BRDA:12,2,0,0
BRDA:12,2,1,0
BRDA:13,3,0,0
BRDA:13,3,1,0
BRDA:23,4,0,0
BRDA:23,4,1,0
BRF:10
BRH:0
end_of_record
TN:
SF:app/api/openai/rate-limit/route.ts
FN:10,GET
FN:30,(anonymous_5)
FN:31,(anonymous_6)
FN:56,POST
FN:131,PATCH
FNF:5
FNH:0
FNDA:0,GET
FNDA:0,(anonymous_5)
FNDA:0,(anonymous_6)
FNDA:0,POST
FNDA:0,PATCH
DA:2,0
DA:3,0
DA:4,0
DA:10,0
DA:11,0
DA:13,0
DA:15,0
DA:16,0
DA:17,0
DA:18,0
DA:21,0
DA:22,0
DA:24,0
DA:30,0
DA:31,0
DA:44,0
DA:47,0
DA:48,0
DA:56,0
DA:57,0
DA:59,0
DA:61,0
DA:62,0
DA:63,0
DA:64,0
DA:71,0
DA:72,0
DA:74,0
DA:75,0
DA:79,0
DA:81,0
DA:83,0
DA:89,0
DA:91,0
DA:94,0
DA:102,0
DA:104,0
DA:105,0
DA:107,0
DA:117,0
DA:118,0
DA:122,0
DA:123,0
DA:131,0
DA:132,0
DA:134,0
DA:136,0
DA:137,0
DA:138,0
DA:139,0
DA:145,0
DA:146,0
DA:148,0
DA:149,0
DA:153,0
DA:154,0
DA:156,0
DA:157,0
DA:159,0
DA:160,0
DA:162,0
DA:163,0
DA:165,0
DA:166,0
DA:169,0
DA:171,0
DA:179,0
DA:180,0
DA:183,0
DA:184,0
LF:70
LH:0
BRDA:16,0,0,0
BRDA:17,1,0,0
BRDA:17,1,1,0
BRDA:62,2,0,0
BRDA:63,3,0,0
BRDA:63,3,1,0
BRDA:79,4,0,0
BRDA:79,4,1,0
BRDA:89,5,0,0
BRDA:89,5,1,0
BRDA:91,6,0,0
BRDA:102,7,0,0
BRDA:102,7,1,0
BRDA:137,8,0,0
BRDA:138,9,0,0
BRDA:138,9,1,0
BRDA:153,10,0,0
BRDA:156,11,0,0
BRDA:159,12,0,0
BRDA:162,13,0,0
BRDA:165,14,0,0
BRF:21
BRH:0
end_of_record
TN:
SF:app/api/openai/setup/route.ts
FN:4,GET
FN:31,POST
FNF:2
FNH:0
FNDA:0,GET
FNDA:0,POST
DA:1,0
DA:2,0
DA:4,0
DA:5,0
DA:7,0
DA:8,0
DA:10,0
DA:18,0
DA:20,0
DA:31,0
DA:32,0
DA:33,0
DA:34,0
DA:36,0
DA:37,0
DA:39,0
DA:47,0
DA:48,0
DA:50,0
DA:57,0
DA:67,0
DA:69,0
LF:22
LH:0
BRDA:24,0,0,0
BRDA:24,0,1,0
BRDA:36,1,0,0
BRDA:47,2,0,0
BRDA:73,3,0,0
BRDA:73,3,1,0
BRF:6
BRH:0
end_of_record
TN:
SF:app/api/openai/test/route.ts
FN:4,GET
FN:66,POST
FNF:2
FNH:0
FNDA:0,GET
FNDA:0,POST
DA:1,0
DA:2,0
DA:4,0
DA:5,0
DA:7,0
DA:9,0
DA:10,0
DA:21,0
DA:22,0
DA:33,0
DA:35,0
DA:36,0
DA:43,0
DA:53,0
DA:55,0
DA:66,0
DA:67,0
DA:68,0
DA:69,0
DA:71,0
DA:72,0
DA:83,0
DA:84,0
DA:94,0
DA:102,0
DA:104,0
LF:26
LH:0
BRDA:9,0,0,0
BRDA:21,1,0,0
BRDA:35,2,0,0
BRDA:35,2,1,0
BRDA:59,3,0,0
BRDA:59,3,1,0
BRDA:71,4,0,0
BRDA:83,5,0,0
BRDA:108,6,0,0
BRDA:108,6,1,0
BRF:10
BRH:0
end_of_record
TN:
SF:app/api/openai/vision/route.ts
FN:41,POST
FN:90,(anonymous_5)
FN:125,GET
FN:163,validateRequestBody
FN:253,OPTIONS
FNF:5
FNH:0
FNDA:0,POST
FNDA:0,(anonymous_5)
FNDA:0,GET
FNDA:0,validateRequestBody
FNDA:0,OPTIONS
DA:2,0
DA:3,0
DA:4,0
DA:41,0
DA:42,0
DA:44,0
DA:46,0
DA:47,0
DA:48,0
DA:49,0
DA:54,0
DA:55,0
DA:57,0
DA:58,0
DA:62,0
DA:63,0
DA:64,0
DA:65,0
DA:69,0
DA:71,0
DA:78,0
DA:80,0
DA:87,0
DA:89,0
DA:90,0
DA:101,0
DA:103,0
DA:111,0
DA:112,0
DA:116,0
DA:117,0
DA:125,0
DA:126,0
DA:128,0
DA:129,0
DA:137,0
DA:144,0
DA:152,0
DA:155,0
DA:156,0
DA:164,0
DA:165,0
DA:168,0
DA:170,0
DA:171,0
DA:174,0
DA:175,0
DA:178,0
DA:186,0
DA:187,0
DA:190,0
DA:191,0
DA:192,0
DA:195,0
DA:196,0
DA:200,0
DA:201,0
DA:203,0
DA:206,0
DA:207,0
DA:208,0
DA:211,0
DA:212,0
DA:215,0
DA:216,0
DA:220,0
DA:221,0
DA:223,0
DA:224,0
DA:227,0
DA:228,0
DA:231,0
DA:232,0
DA:234,0
DA:239,0
DA:240,0
DA:244,0
DA:247,0
DA:253,0
DA:254,0
LF:80
LH:0
BRDA:47,0,0,0
BRDA:48,1,0,0
BRDA:48,1,1,0
BRDA:63,2,0,0
BRDA:69,3,0,0
BRDA:69,3,1,0
BRDA:87,4,0,0
BRDA:87,4,1,0
BRDA:164,5,0,0
BRDA:164,6,0,0
BRDA:164,6,1,0
BRDA:170,7,0,0
BRDA:174,8,0,0
BRDA:186,9,0,0
BRDA:190,10,0,0
BRDA:190,10,1,0
BRDA:191,11,0,0
BRDA:191,12,0,0
BRDA:191,12,1,0
BRDA:195,13,0,0
BRDA:206,14,0,0
BRDA:206,14,1,0
BRDA:207,15,0,0
BRDA:211,16,0,0
BRDA:215,17,0,0
BRDA:223,18,0,0
BRDA:223,19,0,0
BRDA:223,19,1,0
BRDA:227,20,0,0
BRDA:239,21,0,0
BRDA:239,22,0,0
BRDA:239,22,1,0
BRDA:239,22,2,0
BRDA:239,22,3,0
BRF:34
BRH:0
end_of_record
TN:
SF:app/api/storage/analytics/route.ts
FN:17,formatBytes
FN:26,calculatePercentage
FN:31,GET
FN:71,(anonymous_6)
FN:125,(anonymous_7)
FN:192,POST
FNF:6
FNH:0
FNDA:0,formatBytes
FNDA:0,calculatePercentage
FNDA:0,GET
FNDA:0,(anonymous_6)
FNDA:0,(anonymous_7)
FNDA:0,POST
DA:3,0
DA:4,0
DA:5,0
DA:11,0
DA:14,0
DA:18,0
DA:19,0
DA:20,0
DA:21,0
DA:22,0
DA:27,0
DA:31,0
DA:32,0
DA:34,0
DA:35,0
DA:36,0
DA:37,0
DA:40,0
DA:44,0
DA:45,0
DA:47,0
DA:48,0
DA:57,0
DA:60,0
DA:71,0
DA:125,0
DA:140,0
DA:141,0
DA:148,0
DA:149,0
DA:156,0
DA:157,0
DA:165,0
DA:172,0
DA:173,0
DA:180,0
DA:183,0
DA:187,0
DA:192,0
DA:193,0
DA:195,0
DA:196,0
DA:202,0
DA:205,0
DA:227,0
DA:230,0
DA:234,0
LF:47
LH:0
BRDA:18,0,0,0
BRDA:27,1,0,0
BRDA:27,1,1,0
BRDA:37,2,0,0
BRDA:37,2,1,0
BRDA:140,3,0,0
BRDA:148,4,0,0
BRDA:156,5,0,0
BRDA:172,6,0,0
BRDA:183,7,0,0
BRDA:183,7,1,0
BRDA:198,8,0,0
BRDA:199,9,0,0
BRDA:200,10,0,0
BRDA:201,11,0,0
BRDA:230,12,0,0
BRDA:230,12,1,0
BRF:17
BRH:0
end_of_record
TN:
SF:app/api/storage/delivery/route.ts
FN:18,GET
FN:68,POST
FN:73,(anonymous_6)
FN:121,DELETE
FNF:4
FNH:0
FNDA:0,GET
FNDA:0,POST
FNDA:0,(anonymous_6)
FNDA:0,DELETE
DA:3,0
DA:10,0
DA:15,0
DA:18,0
DA:19,0
DA:21,0
DA:22,0
DA:23,0
DA:24,0
DA:25,0
DA:26,0
DA:27,0
DA:29,0
DA:30,0
DA:37,0
DA:44,0
DA:46,0
DA:47,0
DA:52,0
DA:59,0
DA:63,0
DA:68,0
DA:69,0
DA:71,0
DA:72,0
DA:73,0
DA:78,0
DA:80,0
DA:81,0
DA:88,0
DA:89,0
DA:96,0
DA:103,0
DA:105,0
DA:112,0
DA:116,0
DA:121,0
DA:122,0
DA:124,0
DA:125,0
DA:126,0
DA:127,0
DA:129,0
DA:130,0
DA:137,0
DA:139,0
DA:140,0
DA:145,0
DA:152,0
DA:156,0
LF:50
LH:0
BRDA:27,0,0,0
BRDA:27,0,1,0
BRDA:29,1,0,0
BRDA:46,2,0,0
BRDA:48,3,0,0
BRDA:48,3,1,0
BRDA:59,4,0,0
BRDA:59,4,1,0
BRDA:78,5,0,0
BRDA:80,6,0,0
BRDA:80,7,0,0
BRDA:80,7,1,0
BRDA:83,8,0,0
BRDA:83,8,1,0
BRDA:88,9,0,0
BRDA:97,10,0,0
BRDA:97,10,1,0
BRDA:98,11,0,0
BRDA:98,11,1,0
BRDA:112,12,0,0
BRDA:112,12,1,0
BRDA:129,13,0,0
BRDA:139,14,0,0
BRDA:141,15,0,0
BRDA:141,15,1,0
BRDA:152,16,0,0
BRDA:152,16,1,0
BRF:27
BRH:0
end_of_record
TN:
SF:app/api/storage/video/[videoId]/route.ts
FN:17,GET
FN:95,(anonymous_4)
FN:96,(anonymous_5)
FN:97,(anonymous_6)
FN:120,DELETE
FNF:5
FNH:0
FNDA:0,GET
FNDA:0,(anonymous_4)
FNDA:0,(anonymous_5)
FNDA:0,(anonymous_6)
FNDA:0,DELETE
DA:3,0
DA:10,0
DA:14,0
DA:17,0
DA:21,0
DA:23,0
DA:24,0
DA:25,0
DA:27,0
DA:28,0
DA:29,0
DA:30,0
DA:32,0
DA:33,0
DA:42,0
DA:43,0
DA:44,0
DA:45,0
DA:51,0
DA:54,0
DA:60,0
DA:62,0
DA:64,0
DA:69,0
DA:72,0
DA:74,0
DA:75,0
DA:76,0
DA:81,0
DA:82,0
DA:86,0
DA:92,0
DA:95,0
DA:97,0
DA:98,0
DA:103,0
DA:111,0
DA:115,0
DA:120,0
DA:124,0
DA:126,0
DA:127,0
DA:128,0
DA:130,0
DA:131,0
DA:133,0
DA:134,0
DA:143,0
DA:144,0
DA:145,0
DA:146,0
DA:152,0
DA:155,0
DA:156,0
DA:157,0
DA:159,0
DA:163,0
DA:164,0
DA:166,0
DA:168,0
DA:177,0
DA:178,0
DA:179,0
DA:180,0
DA:185,0
DA:186,0
DA:187,0
DA:189,0
DA:190,0
DA:191,0
DA:192,0
DA:196,0
DA:197,0
DA:198,0
DA:203,0
DA:206,0
DA:216,0
DA:224,0
DA:231,0
DA:235,0
LF:80
LH:0
BRDA:32,0,0,0
BRDA:32,1,0,0
BRDA:32,1,1,0
BRDA:42,2,0,0
BRDA:44,3,0,0
BRDA:62,4,0,0
BRDA:62,4,1,0
BRDA:81,5,0,0
BRDA:98,6,0,0
BRDA:98,6,1,0
BRDA:111,7,0,0
BRDA:111,7,1,0
BRDA:133,8,0,0
BRDA:133,9,0,0
BRDA:133,9,1,0
BRDA:143,10,0,0
BRDA:145,11,0,0
BRDA:159,12,0,0
BRDA:159,12,1,0
BRDA:178,13,0,0
BRDA:178,14,0,0
BRDA:178,14,1,0
BRDA:185,15,0,0
BRDA:185,15,1,0
BRDA:191,16,0,0
BRDA:218,17,0,0
BRDA:218,17,1,0
BRDA:231,18,0,0
BRDA:231,18,1,0
BRF:29
BRH:0
end_of_record
TN:
SF:app/api/upload/route.ts
FN:27,POST
FN:50,(anonymous_2)
FN:93,(anonymous_3)
FN:154,(anonymous_4)
FNF:4
FNH:0
FNDA:0,POST
FNDA:0,(anonymous_2)
FNDA:0,(anonymous_3)
FNDA:0,(anonymous_4)
DA:1,0
DA:3,0
DA:4,0
DA:5,0
DA:17,0
DA:18,0
DA:25,0
DA:27,0
DA:28,0
DA:29,0
DA:30,0
DA:32,0
DA:34,0
DA:35,0
DA:36,0
DA:37,0
DA:41,0
DA:44,0
DA:46,0
DA:49,0
DA:50,0
DA:55,0
DA:58,0
DA:61,0
DA:64,0
DA:65,0
DA:66,0
DA:68,0
DA:70,0
DA:71,0
DA:72,0
DA:74,0
DA:75,0
DA:76,0
DA:79,0
DA:80,0
DA:92,0
DA:93,0
DA:94,0
DA:95,0
DA:96,0
DA:97,0
DA:99,0
DA:101,0
DA:102,0
DA:114,0
DA:115,0
DA:124,0
DA:125,0
DA:129,0
DA:133,0
DA:134,0
DA:135,0
DA:145,0
DA:146,0
DA:154,0
DA:155,0
DA:156,0
DA:163,0
DA:180,0
DA:184,0
DA:185,0
DA:191,0
DA:196,0
DA:204,0
LF:65
LH:0
BRDA:35,0,0,0
BRDA:41,1,0,0
BRDA:41,1,1,0
BRDA:41,1,2,0
BRDA:72,2,0,0
BRDA:83,3,0,0
BRDA:83,3,1,0
BRDA:105,4,0,0
BRDA:105,4,1,0
BRDA:184,5,0,0
BRDA:186,6,0,0
BRDA:186,6,1,0
BRDA:191,7,0,0
BRDA:191,7,1,0
BRDA:199,8,0,0
BRDA:199,8,1,0
BRF:16
BRH:0
end_of_record
TN:
SF:app/api/upload/progress/route.ts
FN:4,GET
FN:16,(anonymous_2)
FN:17,(anonymous_3)
FN:42,(anonymous_4)
FN:52,(anonymous_5)
FNF:5
FNH:0
FNDA:0,GET
FNDA:0,(anonymous_2)
FNDA:0,(anonymous_3)
FNDA:0,(anonymous_4)
FNDA:0,(anonymous_5)
DA:2,0
DA:4,0
DA:5,0
DA:6,0
DA:8,0
DA:9,0
DA:13,0
DA:15,0
DA:17,0
DA:18,0
DA:20,0
DA:21,0
DA:24,0
DA:25,0
DA:26,0
DA:29,0
DA:38,0
DA:41,0
DA:42,0
DA:43,0
DA:46,0
DA:47,0
DA:52,0
DA:53,0
DA:54,0
DA:59,0
LF:26
LH:0
BRDA:8,0,0,0
BRDA:20,1,0,0
BRDA:33,2,0,0
BRDA:33,2,1,0
BRDA:41,3,0,0
BRDA:41,4,0,0
BRDA:41,4,1,0
BRF:7
BRH:0
end_of_record
TN:
SF:app/api/video/enhanced/route.ts
FN:20,POST
FN:25,(anonymous_4)
FN:88,GET
FN:106,(anonymous_6)
FN:125,(anonymous_7)
FNF:5
FNH:0
FNDA:0,POST
FNDA:0,(anonymous_4)
FNDA:0,GET
FNDA:0,(anonymous_6)
FNDA:0,(anonymous_7)
DA:6,0
DA:13,0
DA:17,0
DA:20,0
DA:21,0
DA:23,0
DA:24,0
DA:25,0
DA:30,0
DA:32,0
DA:33,0
DA:41,0
DA:59,0
DA:62,0
DA:64,0
DA:79,0
DA:83,0
DA:88,0
DA:89,0
DA:91,0
DA:92,0
DA:93,0
DA:94,0
DA:97,0
DA:101,0
DA:102,0
DA:105,0
DA:106,0
DA:126,0
DA:127,0
DA:135,0
DA:139,0
LF:32
LH:0
BRDA:30,0,0,0
BRDA:32,1,0,0
BRDA:32,2,0,0
BRDA:32,2,1,0
BRDA:42,3,0,0
BRDA:42,3,1,0
BRDA:43,4,0,0
BRDA:43,4,1,0
BRDA:44,5,0,0
BRDA:44,5,1,0
BRDA:45,6,0,0
BRDA:45,6,1,0
BRDA:46,7,0,0
BRDA:46,7,1,0
BRDA:48,8,0,0
BRDA:48,8,1,0
BRDA:53,9,0,0
BRDA:53,9,1,0
BRDA:54,10,0,0
BRDA:54,10,1,0
BRDA:69,11,0,0
BRDA:69,11,1,0
BRDA:79,12,0,0
BRDA:79,12,1,0
BRDA:101,13,0,0
BRDA:126,14,0,0
BRDA:126,14,1,0
BRDA:129,15,0,0
BRDA:129,15,1,0
BRDA:135,16,0,0
BRDA:135,16,1,0
BRF:31
BRH:0
end_of_record
TN:
SF:app/api/video/jobs/route.ts
FN:69,GET
FN:80,(anonymous_2)
FN:88,(anonymous_3)
FN:174,(anonymous_4)
FN:197,(anonymous_5)
FNF:5
FNH:0
FNDA:0,GET
FNDA:0,(anonymous_2)
FNDA:0,(anonymous_3)
FNDA:0,(anonymous_4)
FNDA:0,(anonymous_5)
DA:2,0
DA:3,0
DA:4,0
DA:69,0
DA:70,0
DA:71,0
DA:74,0
DA:77,0
DA:78,0
DA:79,0
DA:80,0
DA:85,0
DA:86,0
DA:87,0
DA:88,0
DA:90,0
DA:94,0
DA:95,0
DA:96,0
DA:97,0
DA:98,0
DA:100,0
DA:101,0
DA:111,0
DA:112,0
DA:122,0
DA:126,0
DA:127,0
DA:129,0
DA:130,0
DA:132,0
DA:133,0
DA:143,0
DA:144,0
DA:155,0
DA:156,0
DA:158,0
DA:159,0
DA:161,0
DA:164,0
DA:165,0
DA:167,0
DA:171,0
DA:174,0
DA:197,0
DA:213,0
DA:234,0
DA:237,0
DA:238,0
DA:242,0
DA:243,0
LF:51
LH:0
BRDA:78,0,0,0
BRDA:79,1,0,0
BRDA:79,1,1,0
BRDA:86,2,0,0
BRDA:87,3,0,0
BRDA:87,3,1,0
BRDA:96,4,0,0
BRDA:96,5,0,0
BRDA:96,5,1,0
BRDA:100,6,0,0
BRDA:100,7,0,0
BRDA:100,7,1,0
BRDA:111,8,0,0
BRDA:129,9,0,0
BRDA:129,9,1,0
BRDA:130,10,0,0
BRDA:130,10,1,0
BRDA:132,11,0,0
BRDA:143,12,0,0
BRDA:158,13,0,0
BRDA:158,13,1,0
BRDA:158,14,0,0
BRDA:158,14,1,0
BRDA:164,15,0,0
BRDA:164,15,1,0
BRDA:164,16,0,0
BRDA:164,16,1,0
BRDA:191,17,0,0
BRDA:191,17,1,0
BRDA:205,18,0,0
BRDA:205,18,1,0
BRDA:224,19,0,0
BRDA:224,19,1,0
BRDA:237,20,0,0
BRF:34
BRH:0
end_of_record
TN:
SF:app/api/video/metrics/route.ts
FN:34,GET
FN:79,(anonymous_2)
FNF:2
FNH:0
FNDA:0,GET
FNDA:0,(anonymous_2)
DA:2,0
DA:3,0
DA:4,0
DA:34,0
DA:35,0
DA:36,0
DA:40,0
DA:41,0
DA:43,0
DA:44,0
DA:50,0
DA:51,0
DA:61,0
DA:62,0
DA:73,0
DA:75,0
DA:79,0
DA:89,0
DA:92,0
DA:93,0
DA:97,0
DA:98,0
LF:22
LH:0
BRDA:43,0,0,0
BRDA:43,1,0,0
BRDA:43,1,1,0
BRDA:50,2,0,0
BRDA:50,3,0,0
BRDA:50,3,1,0
BRDA:61,4,0,0
BRDA:92,5,0,0
BRF:8
BRH:0
end_of_record
TN:
SF:app/api/video/optimized-status/[jobId]/route.ts
FN:13,GET
FNF:1
FNH:0
FNDA:0,GET
DA:3,0
DA:4,0
DA:5,0
DA:13,0
DA:14,0
DA:16,0
DA:17,0
DA:19,0
DA:21,0
DA:22,0
DA:29,0
DA:50,0
DA:53,0
DA:54,0
LF:14
LH:0
BRDA:21,0,0,0
BRDA:40,1,0,0
BRDA:40,1,1,0
BRF:3
BRH:0
end_of_record
TN:
SF:app/api/video/process/route.ts
FN:23,POST
FNF:1
FNH:0
FNDA:0,POST
DA:2,0
DA:3,0
DA:8,0
DA:9,0
DA:23,0
DA:24,0
DA:25,0
DA:28,0
DA:29,0
DA:36,0
DA:37,0
DA:39,0
DA:46,0
DA:52,0
DA:54,0
DA:61,0
DA:64,0
DA:65,0
DA:69,0
DA:70,0
LF:20
LH:0
BRDA:28,0,0,0
BRDA:48,1,0,0
BRDA:48,1,1,0
BRDA:64,2,0,0
BRF:4
BRH:0
end_of_record
TN:
SF:app/api/video/process-optimized/route.ts
FN:7,POST
FN:50,GET
FN:61,(anonymous_5)
FNF:3
FNH:0
FNDA:0,POST
FNDA:0,GET
FNDA:0,(anonymous_5)
DA:3,0
DA:4,0
DA:5,0
DA:7,0
DA:8,0
DA:10,0
DA:11,0
DA:12,0
DA:14,0
DA:15,0
DA:23,0
DA:24,0
DA:26,0
DA:33,0
DA:35,0
DA:45,0
DA:46,0
DA:50,0
DA:51,0
DA:53,0
DA:54,0
DA:55,0
DA:57,0
DA:58,0
DA:60,0
DA:61,0
DA:83,0
DA:84,0
LF:28
LH:0
BRDA:12,0,0,0
BRDA:14,1,0,0
BRDA:57,2,0,0
BRDA:57,2,1,0
BRF:4
BRH:0
end_of_record
TN:
SF:app/api/video/result/[jobId]/route.ts
FN:18,GET
FNF:1
FNH:0
FNDA:0,GET
DA:2,0
DA:3,0
DA:8,0
DA:9,0
DA:18,0
DA:22,0
DA:23,0
DA:25,0
DA:26,0
DA:32,0
DA:33,0
DA:34,0
DA:41,0
DA:42,0
DA:52,0
DA:53,0
DA:59,0
DA:66,0
DA:69,0
DA:70,0
DA:74,0
DA:75,0
LF:22
LH:0
BRDA:25,0,0,0
BRDA:33,1,0,0
BRDA:41,2,0,0
BRDA:52,3,0,0
BRDA:63,4,0,0
BRDA:63,4,1,0
BRDA:69,5,0,0
BRF:7
BRH:0
end_of_record
TN:
SF:app/api/video/status/[jobId]/route.ts
FN:23,GET
FNF:1
FNH:0
FNDA:0,GET
DA:2,0
DA:3,0
DA:8,0
DA:9,0
DA:23,0
DA:27,0
DA:28,0
DA:30,0
DA:31,0
DA:37,0
DA:38,0
DA:39,0
DA:46,0
DA:47,0
DA:48,0
DA:49,0
DA:50,0
DA:51,0
DA:52,0
DA:53,0
DA:55,0
DA:57,0
DA:58,0
DA:59,0
DA:60,0
DA:65,0
DA:66,0
DA:67,0
DA:68,0
DA:71,0
DA:81,0
DA:82,0
DA:83,0
DA:84,0
DA:87,0
DA:90,0
DA:91,0
DA:95,0
DA:96,0
LF:39
LH:0
BRDA:30,0,0,0
BRDA:38,1,0,0
BRDA:47,2,0,0
BRDA:47,2,1,0
BRDA:48,3,0,0
BRDA:48,3,1,0
BRDA:50,4,0,0
BRDA:50,4,1,0
BRDA:52,5,0,0
BRDA:52,5,1,0
BRDA:57,6,0,0
BRDA:57,6,1,0
BRDA:59,7,0,0
BRDA:65,8,0,0
BRDA:65,9,0,0
BRDA:65,9,1,0
BRDA:81,10,0,0
BRDA:84,11,0,0
BRDA:84,11,1,0
BRDA:90,12,0,0
BRDA:90,13,0,0
BRDA:90,13,1,0
BRF:22
BRH:0
end_of_record
TN:
SF:app/api/whisper/route.ts
FN:23,POST
FN:40,(anonymous_4)
FN:114,(anonymous_5)
FN:174,GET
FNF:4
FNH:0
FNDA:0,POST
FNDA:0,(anonymous_4)
FNDA:0,(anonymous_5)
FNDA:0,GET
DA:2,0
DA:3,0
DA:4,0
DA:5,0
DA:6,0
DA:15,0
DA:21,0
DA:23,0
DA:24,0
DA:26,0
DA:28,0
DA:29,0
DA:34,0
DA:35,0
DA:39,0
DA:40,0
DA:45,0
DA:46,0
DA:47,0
DA:48,0
DA:49,0
DA:50,0
DA:53,0
DA:54,0
DA:62,0
DA:65,0
DA:74,0
DA:81,0
DA:82,0
DA:93,0
DA:94,0
DA:95,0
DA:105,0
DA:106,0
DA:114,0
DA:115,0
DA:116,0
DA:123,0
DA:126,0
DA:153,0
DA:157,0
DA:162,0
DA:169,0
DA:174,0
DA:175,0
DA:177,0
DA:179,0
DA:181,0
DA:182,0
DA:192,0
DA:193,0
DA:196,0
DA:230,0
DA:233,0
DA:234,0
LF:55
LH:0
BRDA:28,0,0,0
BRDA:46,1,0,0
BRDA:46,1,1,0
BRDA:47,2,0,0
BRDA:47,2,1,0
BRDA:48,3,0,0
BRDA:48,3,1,0
BRDA:49,4,0,0
BRDA:49,4,1,0
BRDA:53,5,0,0
BRDA:66,6,0,0
BRDA:66,6,1,0
BRDA:70,7,0,0
BRDA:70,7,1,0
BRDA:81,8,0,0
BRDA:83,9,0,0
BRDA:83,9,1,0
BRDA:147,10,0,0
BRDA:147,10,1,0
BRDA:148,11,0,0
BRDA:148,11,1,0
BRDA:149,12,0,0
BRDA:149,12,1,0
BRDA:157,13,0,0
BRDA:157,13,1,0
BRDA:164,14,0,0
BRDA:164,14,1,0
BRDA:181,15,0,0
BRDA:213,16,0,0
BRDA:213,16,1,0
BRDA:214,17,0,0
BRDA:214,17,1,0
BRDA:215,18,0,0
BRDA:215,18,1,0
BRDA:216,19,0,0
BRDA:216,19,1,0
BRF:36
BRH:0
end_of_record
TN:
SF:lib/audio-utils.ts
FN:50,isValidAudioFormat
FN:64,getFileExtension
FN:72,validateAudioFile
FN:146,estimateAudioDuration
FN:166,formatFileSize
FN:179,formatDuration
FN:196,getRecommendedTranscriptionOptions
FNF:7
FNH:0
FNDA:0,isValidAudioFormat
FNDA:0,getFileExtension
FNDA:0,validateAudioFile
FNDA:0,estimateAudioDuration
FNDA:0,formatFileSize
FNDA:0,formatDuration
FNDA:0,getRecommendedTranscriptionOptions
DA:2,0
DA:5,0
DA:16,0
DA:26,0
DA:50,0
DA:52,0
DA:53,0
DA:57,0
DA:58,0
DA:64,0
DA:65,0
DA:66,0
DA:72,0
DA:73,0
DA:75,0
DA:84,0
DA:85,0
DA:93,0
DA:94,0
DA:105,0
DA:106,0
DA:119,0
DA:120,0
DA:134,0
DA:137,0
DA:139,0
DA:148,0
DA:159,0
DA:160,0
DA:166,0
DA:167,0
DA:169,0
DA:170,0
DA:171,0
DA:173,0
DA:179,0
DA:180,0
DA:181,0
DA:182,0
DA:183,0
DA:184,0
DA:185,0
DA:187,0
DA:188,0
DA:189,0
DA:196,0
DA:201,0
DA:207,0
DA:208,0
DA:211,0
LF:50
LH:0
BRDA:52,0,0,0
BRDA:66,1,0,0
BRDA:66,1,1,0
BRDA:84,2,0,0
BRDA:93,3,0,0
BRDA:105,4,0,0
BRDA:119,5,0,0
BRDA:159,6,0,0
BRDA:159,6,1,0
BRDA:167,7,0,0
BRDA:180,8,0,0
BRDA:180,8,1,0
BRDA:182,9,0,0
BRDA:182,9,1,0
BRDA:207,10,0,0
BRDA:207,11,0,0
BRDA:207,11,1,0
BRF:17
BRH:0
end_of_record
TN:
SF:lib/blob-manager.ts
FN:49,(anonymous_1)
FN:82,(anonymous_2)
FN:108,(anonymous_3)
FN:168,(anonymous_4)
FN:248,(anonymous_5)
FN:278,(anonymous_6)
FN:307,(anonymous_7)
FN:308,(anonymous_8)
FN:311,(anonymous_9)
FN:321,(anonymous_10)
FN:358,(anonymous_11)
FN:362,(anonymous_12)
FN:365,(anonymous_13)
FN:366,(anonymous_14)
FN:380,(anonymous_15)
FN:401,(anonymous_16)
FN:412,(anonymous_17)
FN:423,(anonymous_18)
FNF:18
FNH:3
FNDA:1,(anonymous_1)
FNDA:0,(anonymous_2)
FNDA:4,(anonymous_3)
FNDA:3,(anonymous_4)
FNDA:0,(anonymous_5)
FNDA:0,(anonymous_6)
FNDA:0,(anonymous_7)
FNDA:0,(anonymous_8)
FNDA:0,(anonymous_9)
FNDA:0,(anonymous_10)
FNDA:0,(anonymous_11)
FNDA:0,(anonymous_12)
FNDA:0,(anonymous_13)
FNDA:0,(anonymous_14)
FNDA:0,(anonymous_15)
FNDA:0,(anonymous_16)
FNDA:0,(anonymous_17)
FNDA:0,(anonymous_18)
DA:2,1
DA:3,1
DA:11,1
DA:18,1
DA:43,12
DA:44,1
DA:59,1
DA:61,1
DA:62,1
DA:63,0
DA:70,1
DA:81,0
DA:82,0
DA:92,1
DA:96,1
DA:101,1
DA:114,4
DA:116,4
DA:117,4
DA:118,0
DA:125,4
DA:131,0
DA:139,4
DA:140,4
DA:141,4
DA:142,0
DA:152,4
DA:156,4
DA:161,4
DA:169,3
DA:170,3
DA:176,3
DA:177,3
DA:178,0
DA:183,0
DA:184,0
DA:189,3
DA:190,3
DA:192,3
DA:195,3
DA:196,3
DA:199,0
DA:200,0
DA:201,0
DA:205,0
DA:211,0
DA:212,0
DA:215,0
DA:216,0
DA:217,0
DA:220,0
DA:221,0
DA:227,0
DA:230,0
DA:234,0
DA:236,0
DA:241,0
DA:249,0
DA:250,0
DA:259,0
DA:260,0
DA:263,0
DA:264,0
DA:265,0
DA:266,0
DA:268,0
DA:269,0
DA:271,0
DA:272,0
DA:273,0
DA:278,0
DA:281,0
DA:282,0
DA:286,0
DA:287,0
DA:294,0
DA:301,0
DA:308,0
DA:311,0
DA:312,0
DA:315,0
DA:327,0
DA:328,0
DA:329,0
DA:331,0
DA:332,0
DA:333,0
DA:335,0
DA:336,0
DA:338,0
DA:339,0
DA:340,0
DA:344,0
DA:347,0
DA:359,0
DA:360,0
DA:361,0
DA:362,0
DA:364,0
DA:365,0
DA:366,0
DA:368,0
DA:369,0
DA:372,0
DA:373,0
DA:381,0
DA:383,0
DA:384,0
DA:394,0
DA:395,0
DA:402,0
DA:403,0
DA:405,0
DA:406,0
DA:418,0
DA:419,0
DA:420,0
DA:421,0
DA:423,0
DA:425,0
DA:432,0
DA:433,0
LF:122
LH:32
BRDA:49,0,0,1
BRDA:62,1,0,0
BRDA:73,2,0,1
BRDA:73,2,1,1
BRDA:92,3,0,0
BRDA:92,3,1,1
BRDA:117,4,0,0
BRDA:139,5,0,4
BRDA:141,6,0,0
BRDA:141,7,0,4
BRDA:141,7,1,4
BRDA:152,8,0,0
BRDA:152,8,1,4
BRDA:177,9,0,0
BRDA:192,10,0,3
BRDA:192,10,1,0
BRDA:199,11,0,0
BRDA:230,12,0,0
BRDA:230,12,1,0
BRDA:259,13,0,0
BRDA:268,14,0,0
BRDA:268,14,1,0
BRDA:272,15,0,0
BRDA:282,16,0,0
BRDA:282,16,1,0
BRDA:335,17,0,0
BRDA:335,17,1,0
BRDA:339,18,0,0
BRDA:344,19,0,0
BRDA:344,19,1,0
BRDA:383,20,0,0
BRDA:406,21,0,0
BRDA:406,21,1,0
BRF:33
BRH:9
end_of_record
TN:
SF:lib/cleanup-scheduler.ts
FN:28,(anonymous_1)
FN:36,(anonymous_2)
FN:88,(anonymous_3)
FN:101,(anonymous_4)
FN:112,(anonymous_5)
FN:127,(anonymous_6)
FN:141,(anonymous_7)
FN:192,(anonymous_8)
FN:201,(anonymous_9)
FNF:9
FNH:0
FNDA:0,(anonymous_1)
FNDA:0,(anonymous_2)
FNDA:0,(anonymous_3)
FNDA:0,(anonymous_4)
FNDA:0,(anonymous_5)
FNDA:0,(anonymous_6)
FNDA:0,(anonymous_7)
FNDA:0,(anonymous_8)
FNDA:0,(anonymous_9)
DA:2,0
DA:3,0
DA:13,0
DA:14,0
DA:22,0
DA:23,0
DA:29,0
DA:30,0
DA:37,0
DA:38,0
DA:41,0
DA:42,0
DA:43,0
DA:46,0
DA:47,0
DA:49,0
DA:51,0
DA:55,0
DA:56,0
DA:57,0
DA:58,0
DA:61,0
DA:62,0
DA:63,0
DA:65,0
DA:67,0
DA:73,0
DA:75,0
DA:78,0
DA:79,0
DA:81,0
DA:90,0
DA:92,0
DA:93,0
DA:94,0
DA:103,0
DA:106,0
DA:114,0
DA:115,0
DA:118,0
DA:119,0
DA:120,0
DA:128,0
DA:129,0
DA:131,0
DA:132,0
DA:134,0
DA:153,0
DA:154,0
DA:156,0
DA:158,0
DA:159,0
DA:162,0
DA:163,0
DA:166,0
DA:167,0
DA:170,0
DA:171,0
DA:175,0
DA:193,0
DA:194,0
DA:195,0
DA:202,0
LF:63
LH:0
BRDA:36,0,0,0
BRDA:37,1,0,0
BRDA:37,2,0,0
BRDA:37,2,1,0
BRDA:41,3,0,0
BRDA:49,4,0,0
BRDA:49,5,0,0
BRDA:49,5,1,0
BRDA:56,6,0,0
BRDA:92,7,0,0
BRDA:114,8,0,0
BRDA:114,8,1,0
BRDA:118,9,0,0
BRDA:127,10,0,0
BRDA:158,11,0,0
BRDA:162,12,0,0
BRDA:166,13,0,0
BRDA:170,14,0,0
BRDA:170,14,1,0
BRDA:171,15,0,0
BRDA:171,15,1,0
BRDA:182,16,0,0
BRDA:182,16,1,0
BRF:23
BRH:0
end_of_record
TN:
SF:lib/cleanup-service.ts
FN:34,(anonymous_1)
FN:71,(anonymous_2)
FN:97,(anonymous_3)
FN:98,(anonymous_4)
FN:108,(anonymous_5)
FN:171,(anonymous_6)
FN:174,(anonymous_7)
FN:192,(anonymous_8)
FN:195,(anonymous_9)
FN:208,(anonymous_10)
FN:213,(anonymous_11)
FN:227,(anonymous_12)
FN:242,(anonymous_13)
FN:250,(anonymous_14)
FN:273,(anonymous_15)
FN:279,(anonymous_16)
FN:309,(anonymous_17)
FN:322,(anonymous_18)
FNF:18
FNH:0
FNDA:0,(anonymous_1)
FNDA:0,(anonymous_2)
FNDA:0,(anonymous_3)
FNDA:0,(anonymous_4)
FNDA:0,(anonymous_5)
FNDA:0,(anonymous_6)
FNDA:0,(anonymous_7)
FNDA:0,(anonymous_8)
FNDA:0,(anonymous_9)
FNDA:0,(anonymous_10)
FNDA:0,(anonymous_11)
FNDA:0,(anonymous_12)
FNDA:0,(anonymous_13)
FNDA:0,(anonymous_14)
FNDA:0,(anonymous_15)
FNDA:0,(anonymous_16)
FNDA:0,(anonymous_17)
FNDA:0,(anonymous_18)
DA:2,0
DA:3,0
DA:29,0
DA:35,0
DA:42,0
DA:44,0
DA:46,0
DA:60,0
DA:62,0
DA:63,0
DA:65,0
DA:68,0
DA:71,0
DA:72,0
DA:73,0
DA:75,0
DA:76,0
DA:77,0
DA:78,0
DA:83,0
DA:85,0
DA:86,0
DA:87,0
DA:88,0
DA:90,0
DA:92,0
DA:93,0
DA:94,0
DA:97,0
DA:98,0
DA:99,0
DA:104,0
DA:105,0
DA:108,0
DA:118,0
DA:119,0
DA:120,0
DA:121,0
DA:122,0
DA:124,0
DA:125,0
DA:127,0
DA:128,0
DA:129,0
DA:130,0
DA:132,0
DA:133,0
DA:136,0
DA:140,0
DA:141,0
DA:142,0
DA:147,0
DA:148,0
DA:152,0
DA:153,0
DA:154,0
DA:157,0
DA:158,0
DA:160,0
DA:161,0
DA:162,0
DA:163,0
DA:165,0
DA:172,0
DA:175,0
DA:176,0
DA:177,0
DA:182,0
DA:193,0
DA:195,0
DA:198,0
DA:209,0
DA:211,0
DA:213,0
DA:216,0
DA:238,0
DA:239,0
DA:240,0
DA:242,0
DA:244,0
DA:250,0
DA:251,0
DA:252,0
DA:254,0
DA:255,0
DA:256,0
DA:257,0
DA:261,0
DA:274,0
DA:276,0
DA:278,0
DA:279,0
DA:281,0
DA:282,0
DA:283,0
DA:284,0
DA:285,0
DA:286,0
DA:287,0
DA:296,0
DA:297,0
DA:300,0
DA:301,0
DA:302,0
DA:310,0
DA:311,0
DA:313,0
DA:314,0
DA:316,0
DA:323,0
DA:325,0
DA:326,0
DA:327,0
DA:329,0
LF:114
LH:0
BRDA:34,0,0,0
BRDA:37,1,0,0
BRDA:38,2,0,0
BRDA:39,3,0,0
BRDA:40,4,0,0
BRDA:41,5,0,0
BRDA:44,6,0,0
BRDA:44,6,1,0
BRDA:75,7,0,0
BRDA:75,7,1,0
BRDA:77,8,0,0
BRDA:85,9,0,0
BRDA:90,10,0,0
BRDA:90,10,1,0
BRDA:98,11,0,0
BRDA:104,12,0,0
BRDA:118,13,0,0
BRDA:124,14,0,0
BRDA:127,15,0,0
BRDA:127,15,1,0
BRDA:132,16,0,0
BRDA:140,17,0,0
BRDA:140,17,1,0
BRDA:147,18,0,0
BRDA:147,19,0,0
BRDA:147,19,1,0
BRDA:152,20,0,0
BRDA:152,20,1,0
BRDA:171,21,0,0
BRDA:192,22,0,0
BRDA:208,23,0,0
BRDA:227,24,0,0
BRDA:254,25,0,0
BRDA:254,25,1,0
BRDA:256,26,0,0
BRDA:278,27,0,0
BRDA:284,28,0,0
BRDA:300,29,0,0
BRDA:300,29,1,0
BRDA:313,30,0,0
BRDA:323,31,0,0
BRF:41
BRH:0
end_of_record
TN:
SF:lib/enhanced-error-handling.ts
FN:49,(anonymous_8)
FN:60,(anonymous_9)
FN:90,(anonymous_10)
FN:101,(anonymous_11)
FN:117,(anonymous_12)
FN:124,(anonymous_13)
FN:128,(anonymous_14)
FN:148,(anonymous_15)
FN:164,(anonymous_16)
FN:204,(anonymous_17)
FN:208,(anonymous_18)
FN:219,(anonymous_19)
FN:220,(anonymous_20)
FN:229,(anonymous_21)
FN:238,(anonymous_22)
FN:247,(anonymous_23)
FN:262,(anonymous_24)
FN:287,(anonymous_25)
FN:293,(anonymous_26)
FN:303,(anonymous_27)
FN:309,(anonymous_28)
FN:328,(anonymous_29)
FN:336,(anonymous_30)
FN:343,(anonymous_31)
FN:352,(anonymous_32)
FN:362,(anonymous_33)
FNF:26
FNH:0
FNDA:0,(anonymous_8)
FNDA:0,(anonymous_9)
FNDA:0,(anonymous_10)
FNDA:0,(anonymous_11)
FNDA:0,(anonymous_12)
FNDA:0,(anonymous_13)
FNDA:0,(anonymous_14)
FNDA:0,(anonymous_15)
FNDA:0,(anonymous_16)
FNDA:0,(anonymous_17)
FNDA:0,(anonymous_18)
FNDA:0,(anonymous_19)
FNDA:0,(anonymous_20)
FNDA:0,(anonymous_21)
FNDA:0,(anonymous_22)
FNDA:0,(anonymous_23)
FNDA:0,(anonymous_24)
FNDA:0,(anonymous_25)
FNDA:0,(anonymous_26)
FNDA:0,(anonymous_27)
FNDA:0,(anonymous_28)
FNDA:0,(anonymous_29)
FNDA:0,(anonymous_30)
FNDA:0,(anonymous_31)
FNDA:0,(anonymous_32)
FNDA:0,(anonymous_33)
DA:5,0
DA:6,0
DA:9,0
DA:40,0
DA:41,0
DA:42,0
DA:43,0
DA:44,0
DA:45,0
DA:50,0
DA:51,0
DA:61,0
DA:62,0
DA:63,0
DA:64,0
DA:66,0
DA:78,0
DA:80,0
DA:81,0
DA:82,0
DA:83,0
DA:85,0
DA:86,0
DA:91,0
DA:93,0
DA:94,0
DA:95,0
DA:96,0
DA:102,0
DA:103,0
DA:105,0
DA:106,0
DA:107,0
DA:118,0
DA:125,0
DA:134,0
DA:145,0
DA:149,0
DA:171,0
DA:172,0
DA:173,0
DA:175,0
DA:178,0
DA:179,0
DA:183,0
DA:184,0
DA:188,0
DA:190,0
DA:197,0
DA:201,0
DA:205,0
DA:209,0
DA:213,0
DA:214,0
DA:216,0
DA:220,0
DA:225,0
DA:226,0
DA:230,0
DA:239,0
DA:240,0
DA:243,0
DA:246,0
DA:247,0
DA:250,0
DA:251,0
DA:254,0
DA:255,0
DA:259,0
DA:263,0
DA:265,0
DA:276,0
DA:279,0
DA:288,0
DA:289,0
DA:290,0
DA:292,0
DA:293,0
DA:294,0
DA:295,0
DA:297,0
DA:304,0
DA:305,0
DA:306,0
DA:308,0
DA:309,0
DA:310,0
DA:312,0
DA:318,0
DA:323,0
DA:324,0
DA:332,0
DA:333,0
DA:337,0
DA:338,0
DA:340,0
DA:349,0
DA:351,0
DA:352,0
DA:353,0
DA:356,0
DA:357,0
DA:358,0
DA:366,0
DA:368,0
DA:369,0
DA:372,0
DA:380,0
LF:108
LH:0
BRDA:49,0,0,0
BRDA:61,1,0,0
BRDA:62,2,0,0
BRDA:62,2,1,0
BRDA:93,3,0,0
BRDA:95,4,0,0
BRDA:105,5,0,0
BRDA:119,6,0,0
BRDA:119,6,1,0
BRDA:138,7,0,0
BRDA:138,7,1,0
BRDA:148,8,0,0
BRDA:178,9,0,0
BRDA:183,10,0,0
BRDA:191,11,0,0
BRDA:191,11,1,0
BRDA:229,12,0,0
BRDA:240,13,0,0
BRDA:240,13,1,0
BRDA:243,14,0,0
BRDA:243,14,1,0
BRDA:254,15,0,0
BRDA:263,16,0,0
BRDA:288,17,0,0
BRDA:294,18,0,0
BRDA:294,18,1,0
BRDA:337,19,0,0
BRF:27
BRH:0
end_of_record
TN:
SF:lib/enhanced-video-processor.ts
FN:177,(anonymous_5)
FN:185,(anonymous_6)
FN:222,(anonymous_7)
FN:232,(anonymous_8)
FN:239,(anonymous_9)
FN:241,(anonymous_10)
FN:247,(anonymous_11)
FN:281,(anonymous_12)
FN:329,(anonymous_13)
FN:354,(anonymous_14)
FN:365,(anonymous_15)
FN:415,(anonymous_16)
FN:426,(anonymous_17)
FN:433,(anonymous_18)
FN:436,(anonymous_19)
FN:440,(anonymous_20)
FN:442,(anonymous_21)
FN:517,(anonymous_22)
FN:541,(anonymous_23)
FN:554,(anonymous_24)
FN:556,(anonymous_25)
FN:562,(anonymous_26)
FN:588,(anonymous_27)
FN:591,(anonymous_28)
FN:595,(anonymous_29)
FN:618,(anonymous_30)
FN:650,(anonymous_31)
FN:674,(anonymous_32)
FN:675,(anonymous_33)
FN:676,(anonymous_34)
FN:682,(anonymous_35)
FN:700,(anonymous_36)
FN:705,(anonymous_37)
FN:718,(anonymous_38)
FN:728,(anonymous_39)
FN:735,(anonymous_40)
FN:736,(anonymous_41)
FN:752,(anonymous_42)
FN:753,(anonymous_43)
FN:758,(anonymous_44)
FN:764,(anonymous_45)
FN:776,(anonymous_46)
FN:784,(anonymous_47)
FN:801,(anonymous_48)
FNF:44
FNH:0
FNDA:0,(anonymous_5)
FNDA:0,(anonymous_6)
FNDA:0,(anonymous_7)
FNDA:0,(anonymous_8)
FNDA:0,(anonymous_9)
FNDA:0,(anonymous_10)
FNDA:0,(anonymous_11)
FNDA:0,(anonymous_12)
FNDA:0,(anonymous_13)
FNDA:0,(anonymous_14)
FNDA:0,(anonymous_15)
FNDA:0,(anonymous_16)
FNDA:0,(anonymous_17)
FNDA:0,(anonymous_18)
FNDA:0,(anonymous_19)
FNDA:0,(anonymous_20)
FNDA:0,(anonymous_21)
FNDA:0,(anonymous_22)
FNDA:0,(anonymous_23)
FNDA:0,(anonymous_24)
FNDA:0,(anonymous_25)
FNDA:0,(anonymous_26)
FNDA:0,(anonymous_27)
FNDA:0,(anonymous_28)
FNDA:0,(anonymous_29)
FNDA:0,(anonymous_30)
FNDA:0,(anonymous_31)
FNDA:0,(anonymous_32)
FNDA:0,(anonymous_33)
FNDA:0,(anonymous_34)
FNDA:0,(anonymous_35)
FNDA:0,(anonymous_36)
FNDA:0,(anonymous_37)
FNDA:0,(anonymous_38)
FNDA:0,(anonymous_39)
FNDA:0,(anonymous_40)
FNDA:0,(anonymous_41)
FNDA:0,(anonymous_42)
FNDA:0,(anonymous_43)
FNDA:0,(anonymous_44)
FNDA:0,(anonymous_45)
FNDA:0,(anonymous_46)
FNDA:0,(anonymous_47)
FNDA:0,(anonymous_48)
DA:2,0
DA:3,0
DA:4,0
DA:5,0
DA:6,0
DA:12,0
DA:20,0
DA:21,0
DA:22,0
DA:25,0
DA:26,0
DA:146,0
DA:148,0
DA:149,0
DA:171,0
DA:172,0
DA:178,0
DA:179,0
DA:189,0
DA:190,0
DA:193,0
DA:194,0
DA:201,0
DA:203,0
DA:218,0
DA:221,0
DA:223,0
DA:226,0
DA:233,0
DA:240,0
DA:241,0
DA:255,0
DA:257,0
DA:258,0
DA:279,0
DA:281,0
DA:282,0
DA:289,0
DA:292,0
DA:297,0
DA:304,0
DA:333,0
DA:334,0
DA:335,0
DA:338,0
DA:340,0
DA:341,0
DA:342,0
DA:345,0
DA:346,0
DA:349,0
DA:354,0
DA:359,0
DA:360,0
DA:365,0
DA:368,0
DA:369,0
DA:373,0
DA:374,0
DA:376,0
DA:379,0
DA:380,0
DA:400,0
DA:406,0
DA:408,0
DA:422,0
DA:423,0
DA:425,0
DA:426,0
DA:427,0
DA:434,0
DA:437,0
DA:438,0
DA:441,0
DA:442,0
DA:443,0
DA:446,0
DA:447,0
DA:448,0
DA:449,0
DA:452,0
DA:455,0
DA:470,0
DA:471,0
DA:483,0
DA:484,0
DA:485,0
DA:491,0
DA:492,0
DA:494,0
DA:499,0
DA:503,0
DA:504,0
DA:507,0
DA:510,0
DA:518,0
DA:525,0
DA:530,0
DA:531,0
DA:533,0
DA:548,0
DA:549,0
DA:550,0
DA:551,0
DA:553,0
DA:554,0
DA:556,0
DA:557,0
DA:558,0
DA:559,0
DA:562,0
DA:564,0
DA:566,0
DA:567,0
DA:571,0
DA:573,0
DA:574,0
DA:579,0
DA:585,0
DA:589,0
DA:592,0
DA:593,0
DA:596,0
DA:598,0
DA:601,0
DA:616,0
DA:618,0
DA:619,0
DA:620,0
DA:621,0
DA:623,0
DA:635,0
DA:636,0
DA:639,0
DA:643,0
DA:651,0
DA:658,0
DA:664,0
DA:665,0
DA:667,0
DA:675,0
DA:676,0
DA:677,0
DA:678,0
DA:679,0
DA:682,0
DA:683,0
DA:684,0
DA:685,0
DA:688,0
DA:701,0
DA:702,0
DA:706,0
DA:719,0
DA:720,0
DA:729,0
DA:731,0
DA:732,0
DA:735,0
DA:736,0
DA:740,0
DA:741,0
DA:749,0
DA:753,0
DA:754,0
DA:755,0
DA:761,0
DA:769,0
DA:770,0
DA:771,0
DA:772,0
DA:777,0
DA:778,0
DA:779,0
DA:780,0
DA:785,0
DA:786,0
DA:787,0
DA:788,0
DA:789,0
DA:790,0
DA:791,0
DA:793,0
DA:812,0
DA:813,0
DA:831,0
DA:832,0
DA:833,0
DA:834,0
DA:835,0
DA:836,0
DA:840,0
DA:841,0
DA:842,0
DA:845,0
LF:195
LH:0
BRDA:177,0,0,0
BRDA:187,1,0,0
BRDA:193,2,0,0
BRDA:211,3,0,0
BRDA:211,3,1,0
BRDA:212,4,0,0
BRDA:212,4,1,0
BRDA:213,5,0,0
BRDA:213,5,1,0
BRDA:214,6,0,0
BRDA:214,6,1,0
BRDA:241,7,0,0
BRDA:241,7,1,0
BRDA:249,8,0,0
BRDA:257,9,0,0
BRDA:257,10,0,0
BRDA:257,10,1,0
BRDA:274,11,0,0
BRDA:274,11,1,0
BRDA:334,12,0,0
BRDA:359,13,0,0
BRDA:359,13,1,0
BRDA:437,14,0,0
BRDA:437,14,1,0
BRDA:470,15,0,0
BRDA:483,16,0,0
BRDA:483,17,0,0
BRDA:483,17,1,0
BRDA:488,18,0,0
BRDA:488,18,1,0
BRDA:512,19,0,0
BRDA:512,19,1,0
BRDA:549,20,0,0
BRDA:549,20,1,0
BRDA:557,21,0,0
BRDA:562,22,0,0
BRDA:562,22,1,0
BRDA:564,23,0,0
BRDA:573,24,0,0
BRDA:573,24,1,0
BRDA:592,25,0,0
BRDA:592,25,1,0
BRDA:616,26,0,0
BRDA:616,26,1,0
BRDA:619,27,0,0
BRDA:619,27,1,0
BRDA:620,28,0,0
BRDA:620,28,1,0
BRDA:621,29,0,0
BRDA:621,29,1,0
BRDA:645,30,0,0
BRDA:645,30,1,0
BRDA:677,31,0,0
BRDA:683,32,0,0
BRDA:689,33,0,0
BRDA:689,33,1,0
BRDA:691,34,0,0
BRDA:691,34,1,0
BRDA:692,35,0,0
BRDA:692,35,1,0
BRDA:693,36,0,0
BRDA:693,36,1,0
BRDA:694,37,0,0
BRDA:694,37,1,0
BRDA:702,38,0,0
BRDA:702,38,1,0
BRDA:702,39,0,0
BRDA:702,39,1,0
BRDA:731,40,0,0
BRDA:740,41,0,0
BRDA:754,42,0,0
BRDA:754,42,1,0
BRDA:767,43,0,0
BRDA:770,44,0,0
BRDA:778,45,0,0
BRDA:786,46,0,0
BRDA:833,47,0,0
BRDA:841,48,0,0
BRF:78
BRH:0
end_of_record
TN:
SF:lib/file-tracking.ts
FN:31,(anonymous_3)
FN:61,(anonymous_4)
FN:92,(anonymous_5)
FN:105,(anonymous_6)
FN:119,(anonymous_7)
FN:127,(anonymous_8)
FN:146,(anonymous_9)
FN:153,(anonymous_10)
FN:173,(anonymous_11)
FN:197,(anonymous_12)
FN:210,(anonymous_13)
FN:219,(anonymous_14)
FN:228,(anonymous_15)
FN:240,(anonymous_16)
FNF:14
FNH:0
FNDA:0,(anonymous_3)
FNDA:0,(anonymous_4)
FNDA:0,(anonymous_5)
FNDA:0,(anonymous_6)
FNDA:0,(anonymous_7)
FNDA:0,(anonymous_8)
FNDA:0,(anonymous_9)
FNDA:0,(anonymous_10)
FNDA:0,(anonymous_11)
FNDA:0,(anonymous_12)
FNDA:0,(anonymous_13)
FNDA:0,(anonymous_14)
FNDA:0,(anonymous_15)
FNDA:0,(anonymous_16)
DA:24,1
DA:26,0
DA:39,0
DA:41,0
DA:54,0
DA:55,0
DA:66,0
DA:67,0
DA:68,0
DA:71,0
DA:79,0
DA:80,0
DA:81,0
DA:82,0
DA:85,0
DA:86,0
DA:93,0
DA:94,0
DA:96,0
DA:97,0
DA:99,0
DA:106,0
DA:107,0
DA:108,0
DA:109,0
DA:110,0
DA:113,0
DA:120,0
DA:121,0
DA:128,0
DA:129,0
DA:131,0
DA:132,0
DA:133,0
DA:134,0
DA:135,0
DA:140,0
DA:147,0
DA:160,0
DA:161,0
DA:171,0
DA:173,0
DA:174,0
DA:175,0
DA:177,0
DA:178,0
DA:180,0
DA:181,0
DA:185,0
DA:199,0
DA:200,0
DA:203,0
DA:204,0
DA:211,0
DA:216,1
DA:220,0
DA:221,0
DA:222,0
DA:230,0
DA:231,0
DA:233,0
DA:234,0
DA:235,0
DA:242,0
DA:243,0
DA:245,0
DA:246,0
DA:247,0
LF:68
LH:2
BRDA:67,0,0,0
BRDA:79,1,0,0
BRDA:79,1,1,0
BRDA:79,2,0,0
BRDA:79,2,1,0
BRDA:81,3,0,0
BRDA:81,4,0,0
BRDA:81,4,1,0
BRDA:94,5,0,0
BRDA:107,6,0,0
BRDA:121,7,0,0
BRDA:121,7,1,0
BRDA:133,8,0,0
BRDA:177,9,0,0
BRDA:177,10,0,0
BRDA:177,10,1,0
BRDA:180,11,0,0
BRDA:180,12,0,0
BRDA:180,12,1,0
BRDA:204,13,0,0
BRDA:204,13,1,0
BRDA:230,14,0,0
BRDA:230,15,0,0
BRDA:230,15,1,0
BRDA:242,16,0,0
BRF:25
BRH:0
end_of_record
TN:
SF:lib/openai-auth.ts
FN:13,validateEnvironment
FN:45,checkAuthentication
FN:62,(anonymous_8)
FN:99,getAuthenticatedClient
FN:135,getSetupStatus
FNF:5
FNH:4
FNDA:10,validateEnvironment
FNDA:5,checkAuthentication
FNDA:0,(anonymous_8)
FNDA:2,getAuthenticatedClient
FNDA:2,getSetupStatus
DA:1,1
DA:13,3
DA:18,10
DA:19,10
DA:22,10
DA:23,10
DA:24,4
DA:25,4
DA:26,6
DA:27,1
DA:28,1
DA:32,10
DA:33,0
DA:34,0
DA:37,10
DA:45,3
DA:46,5
DA:48,5
DA:50,5
DA:51,5
DA:52,2
DA:61,3
DA:62,3
DA:64,0
DA:72,3
DA:74,3
DA:75,3
DA:78,3
DA:79,0
DA:80,3
DA:81,0
DA:82,3
DA:83,0
DA:84,3
DA:85,0
DA:89,3
DA:99,2
DA:100,2
DA:102,2
DA:103,2
DA:106,0
DA:110,5
DA:135,2
DA:136,2
DA:137,2
LF:45
LH:37
BRDA:23,0,0,4
BRDA:23,0,1,6
BRDA:26,1,0,1
BRDA:32,2,0,0
BRDA:51,3,0,2
BRDA:74,4,0,3
BRDA:78,5,0,0
BRDA:78,5,1,3
BRDA:80,6,0,0
BRDA:80,6,1,3
BRDA:82,7,0,0
BRDA:82,7,1,3
BRDA:84,8,0,0
BRDA:102,9,0,2
BRDA:140,10,0,1
BRDA:140,10,1,1
BRF:16
BRH:11
end_of_record
TN:
SF:lib/openai-config.ts
FN:55,validateApiKey
FN:60,testOpenAIConnection
FN:68,(anonymous_9)
FNF:3
FNH:0
FNDA:0,validateApiKey
FNDA:0,testOpenAIConnection
FNDA:0,(anonymous_9)
DA:1,0
DA:4,0
DA:6,0
DA:7,0
DA:14,0
DA:19,0
DA:55,0
DA:56,0
DA:60,0
DA:65,0
DA:67,0
DA:68,0
DA:70,0
DA:75,0
DA:83,0
LF:15
LH:0
BRDA:6,0,0,0
BRDA:56,1,0,0
BRDA:56,1,1,0
BRDA:77,2,0,0
BRDA:77,2,1,0
BRF:5
BRH:0
end_of_record
TN:
SF:lib/openai-cost-tracker.ts
FN:32,(anonymous_3)
FN:42,(anonymous_4)
FN:116,(anonymous_5)
FN:147,(anonymous_6)
FN:185,(anonymous_7)
FN:223,(anonymous_8)
FN:253,(anonymous_9)
FN:288,(anonymous_10)
FN:295,(anonymous_11)
FN:302,(anonymous_12)
FN:309,(anonymous_13)
FN:326,(anonymous_14)
FN:342,(anonymous_15)
FN:343,(anonymous_16)
FN:348,(anonymous_17)
FN:359,(anonymous_18)
FN:380,(anonymous_19)
FN:393,(anonymous_20)
FNF:18
FNH:0
FNDA:0,(anonymous_3)
FNDA:0,(anonymous_4)
FNDA:0,(anonymous_5)
FNDA:0,(anonymous_6)
FNDA:0,(anonymous_7)
FNDA:0,(anonymous_8)
FNDA:0,(anonymous_9)
FNDA:0,(anonymous_10)
FNDA:0,(anonymous_11)
FNDA:0,(anonymous_12)
FNDA:0,(anonymous_13)
FNDA:0,(anonymous_14)
FNDA:0,(anonymous_15)
FNDA:0,(anonymous_16)
FNDA:0,(anonymous_17)
FNDA:0,(anonymous_18)
FNDA:0,(anonymous_19)
FNDA:0,(anonymous_20)
DA:2,0
DA:3,0
DA:4,0
DA:26,0
DA:33,0
DA:34,0
DA:36,0
DA:53,0
DA:55,0
DA:57,0
DA:60,0
DA:82,0
DA:85,0
DA:88,0
DA:127,0
DA:159,0
DA:197,0
DA:233,0
DA:254,0
DA:255,0
DA:257,0
DA:258,0
DA:259,0
DA:269,0
DA:272,0
DA:274,0
DA:276,0
DA:289,0
DA:296,0
DA:303,0
DA:314,0
DA:320,0
DA:333,0
DA:334,0
DA:335,0
DA:337,0
DA:342,0
DA:343,0
DA:344,0
DA:347,0
DA:348,0
DA:349,0
DA:350,0
DA:352,0
DA:353,0
DA:354,0
DA:358,0
DA:359,0
DA:360,0
DA:361,0
DA:363,0
DA:364,0
DA:365,0
DA:368,0
DA:386,0
DA:387,0
DA:394,0
DA:402,0
LF:58
LH:0
BRDA:33,0,0,0
BRDA:51,1,0,0
BRDA:53,2,0,0
BRDA:53,2,1,0
BRDA:107,3,0,0
BRDA:107,3,1,0
BRDA:122,4,0,0
BRDA:125,5,0,0
BRDA:153,6,0,0
BRDA:156,7,0,0
BRDA:191,8,0,0
BRDA:192,9,0,0
BRDA:195,10,0,0
BRDA:228,11,0,0
BRDA:231,12,0,0
BRDA:257,13,0,0
BRDA:269,14,0,0
BRDA:269,14,1,0
BRDA:272,15,0,0
BRDA:272,15,1,0
BRDA:295,16,0,0
BRDA:312,17,0,0
BRDA:349,18,0,0
BRDA:360,19,0,0
BRF:24
BRH:0
end_of_record
TN:
SF:lib/openai-error-handler.ts
FN:31,(anonymous_3)
FN:35,(anonymous_4)
FN:45,(anonymous_5)
FN:71,(anonymous_6)
FN:180,(anonymous_7)
FN:192,(anonymous_8)
FN:211,(anonymous_9)
FN:229,(anonymous_10)
FN:246,(anonymous_11)
FN:263,(anonymous_12)
FN:296,(anonymous_13)
FN:324,(anonymous_14)
FN:328,(anonymous_15)
FN:333,(anonymous_16)
FN:337,(anonymous_17)
FN:346,(anonymous_18)
FN:369,(anonymous_19)
FNF:17
FNH:0
FNDA:0,(anonymous_3)
FNDA:0,(anonymous_4)
FNDA:0,(anonymous_5)
FNDA:0,(anonymous_6)
FNDA:0,(anonymous_7)
FNDA:0,(anonymous_8)
FNDA:0,(anonymous_9)
FNDA:0,(anonymous_10)
FNDA:0,(anonymous_11)
FNDA:0,(anonymous_12)
FNDA:0,(anonymous_13)
FNDA:0,(anonymous_14)
FNDA:0,(anonymous_15)
FNDA:0,(anonymous_16)
FNDA:0,(anonymous_17)
FNDA:0,(anonymous_18)
FNDA:0,(anonymous_19)
DA:1,0
DA:2,0
DA:4,0
DA:5,0
DA:6,0
DA:27,0
DA:32,0
DA:36,0
DA:37,0
DA:39,0
DA:49,0
DA:50,0
DA:51,0
DA:52,0
DA:53,0
DA:56,0
DA:57,0
DA:59,0
DA:60,0
DA:61,0
DA:62,0
DA:63,0
DA:64,0
DA:67,0
DA:71,0
DA:72,0
DA:74,0
DA:76,0
DA:84,0
DA:85,0
DA:87,0
DA:90,0
DA:91,0
DA:94,0
DA:99,0
DA:100,0
DA:101,0
DA:102,0
DA:103,0
DA:104,0
DA:105,0
DA:106,0
DA:110,0
DA:117,0
DA:121,0
DA:123,0
DA:130,0
DA:132,0
DA:143,0
DA:144,0
DA:147,0
DA:157,0
DA:169,0
DA:173,0
DA:181,0
DA:198,0
DA:216,0
DA:233,0
DA:252,0
DA:275,0
DA:279,0
DA:303,0
DA:304,0
DA:306,0
DA:307,0
DA:309,0
DA:310,0
DA:311,0
DA:313,0
DA:315,0
DA:325,0
DA:326,0
DA:327,0
DA:328,0
DA:331,0
DA:332,0
DA:333,0
DA:334,0
DA:338,0
DA:343,0
DA:347,0
DA:349,0
DA:351,0
DA:352,0
DA:353,0
DA:355,0
DA:356,0
DA:357,0
DA:359,0
DA:360,0
DA:361,0
DA:363,0
DA:366,0
DA:370,0
DA:371,0
DA:372,0
DA:373,0
DA:374,0
DA:380,0
LF:99
LH:0
BRDA:36,0,0,0
BRDA:50,1,0,0
BRDA:50,1,1,0
BRDA:59,2,0,0
BRDA:59,2,1,0
BRDA:59,3,0,0
BRDA:59,3,1,0
BRDA:61,4,0,0
BRDA:80,5,0,0
BRDA:80,5,1,0
BRDA:94,6,0,0
BRDA:94,6,1,0
BRDA:99,7,0,0
BRDA:99,8,0,0
BRDA:99,8,1,0
BRDA:101,9,0,0
BRDA:143,10,0,0
BRDA:275,11,0,0
BRDA:275,11,1,0
BRDA:287,12,0,0
BRDA:287,12,1,0
BRDA:306,13,0,0
BRDA:306,13,1,0
BRDA:310,14,0,0
BRDA:310,14,1,0
BRDA:311,15,0,0
BRDA:311,15,1,0
BRDA:326,16,0,0
BRDA:326,16,1,0
BRDA:328,17,0,0
BRDA:328,17,1,0
BRDA:331,18,0,0
BRDA:332,19,0,0
BRDA:333,20,0,0
BRDA:343,21,0,0
BRDA:343,21,1,0
BRDA:349,22,0,0
BRDA:349,22,1,0
BRDA:349,22,2,0
BRDA:349,22,3,0
BRDA:370,23,0,0
BRDA:370,23,1,0
BRDA:370,23,2,0
BRDA:370,23,3,0
BRF:44
BRH:0
end_of_record
TN:
SF:lib/openai-errors.ts
FN:38,(anonymous_14)
FN:53,(anonymous_15)
FN:112,(anonymous_16)
FN:128,(anonymous_17)
FN:144,(anonymous_18)
FN:160,(anonymous_19)
FN:176,(anonymous_20)
FN:192,(anonymous_21)
FN:208,(anonymous_22)
FN:224,(anonymous_23)
FN:240,(anonymous_24)
FN:256,(anonymous_25)
FN:272,(anonymous_26)
FN:285,extractModelFromError
FN:290,extractRateLimitInfo
FN:304,isRetryableOpenAIError
FN:311,getOpenAIErrorRecoveryStrategy
FNF:17
FNH:0
FNDA:0,(anonymous_14)
FNDA:0,(anonymous_15)
FNDA:0,(anonymous_16)
FNDA:0,(anonymous_17)
FNDA:0,(anonymous_18)
FNDA:0,(anonymous_19)
FNDA:0,(anonymous_20)
FNDA:0,(anonymous_21)
FNDA:0,(anonymous_22)
FNDA:0,(anonymous_23)
FNDA:0,(anonymous_24)
FNDA:0,(anonymous_25)
FNDA:0,(anonymous_26)
FNDA:0,extractModelFromError
FNDA:0,extractRateLimitInfo
FNDA:0,isRetryableOpenAIError
FNDA:0,getOpenAIErrorRecoveryStrategy
DA:1,0
DA:30,0
DA:46,0
DA:47,0
DA:48,0
DA:49,0
DA:50,0
DA:54,0
DA:55,0
DA:56,0
DA:59,0
DA:60,0
DA:67,0
DA:68,0
DA:74,0
DA:75,0
DA:78,0
DA:79,0
DA:85,0
DA:86,0
DA:92,0
DA:93,0
DA:96,0
DA:97,0
DA:100,0
DA:101,0
DA:104,0
DA:105,0
DA:109,0
DA:113,0
DA:124,0
DA:129,0
DA:140,0
DA:145,0
DA:156,0
DA:161,0
DA:172,0
DA:177,0
DA:188,0
DA:193,0
DA:204,0
DA:209,0
DA:220,0
DA:225,0
DA:236,0
DA:241,0
DA:252,0
DA:257,0
DA:268,0
DA:273,0
DA:286,0
DA:287,0
DA:291,0
DA:293,0
DA:304,0
DA:305,0
DA:306,0
DA:308,0
DA:311,0
DA:318,0
DA:326,0
DA:329,0
DA:337,0
DA:345,0
DA:355,0
DA:362,0
LF:66
LH:0
BRDA:42,0,0,0
BRDA:43,1,0,0
BRDA:54,2,0,0
BRDA:54,2,1,0
BRDA:54,2,2,0
BRDA:55,3,0,0
BRDA:55,3,1,0
BRDA:56,4,0,0
BRDA:56,4,1,0
BRDA:56,4,2,0
BRDA:59,5,0,0
BRDA:67,6,0,0
BRDA:67,7,0,0
BRDA:67,7,1,0
BRDA:74,8,0,0
BRDA:74,9,0,0
BRDA:74,9,1,0
BRDA:78,10,0,0
BRDA:78,11,0,0
BRDA:78,11,1,0
BRDA:85,12,0,0
BRDA:85,13,0,0
BRDA:85,13,1,0
BRDA:92,14,0,0
BRDA:92,15,0,0
BRDA:92,15,1,0
BRDA:96,16,0,0
BRDA:96,17,0,0
BRDA:96,17,1,0
BRDA:96,17,2,0
BRDA:100,18,0,0
BRDA:100,19,0,0
BRDA:100,19,1,0
BRDA:104,20,0,0
BRDA:128,21,0,0
BRDA:144,22,0,0
BRDA:160,23,0,0
BRDA:176,24,0,0
BRDA:192,25,0,0
BRDA:208,26,0,0
BRDA:224,27,0,0
BRDA:240,28,0,0
BRDA:256,29,0,0
BRDA:272,30,0,0
BRDA:291,31,0,0
BRDA:291,31,1,0
BRDA:291,31,2,0
BRDA:294,32,0,0
BRDA:294,32,1,0
BRDA:296,33,0,0
BRDA:296,33,1,0
BRDA:298,34,0,0
BRDA:298,34,1,0
BRDA:305,35,0,0
BRDA:326,36,0,0
BRDA:326,36,1,0
BRDA:326,36,2,0
BRDA:326,36,3,0
BRDA:326,36,4,0
BRDA:326,36,5,0
BRDA:326,36,6,0
BRDA:326,36,7,0
BRDA:326,36,8,0
BRDA:326,36,9,0
BRF:64
BRH:0
end_of_record
TN:
SF:lib/openai-model-manager.ts
FN:39,(anonymous_3)
FN:44,(anonymous_4)
FN:54,(anonymous_5)
FN:132,(anonymous_6)
FN:165,(anonymous_7)
FN:193,(anonymous_8)
FN:234,(anonymous_9)
FN:246,(anonymous_10)
FN:257,(anonymous_11)
FN:290,(anonymous_12)
FN:297,(anonymous_13)
FN:298,(anonymous_14)
FN:304,(anonymous_15)
FN:311,(anonymous_16)
FN:318,(anonymous_17)
FN:377,(anonymous_18)
FNF:16
FNH:0
FNDA:0,(anonymous_3)
FNDA:0,(anonymous_4)
FNDA:0,(anonymous_5)
FNDA:0,(anonymous_6)
FNDA:0,(anonymous_7)
FNDA:0,(anonymous_8)
FNDA:0,(anonymous_9)
FNDA:0,(anonymous_10)
FNDA:0,(anonymous_11)
FNDA:0,(anonymous_12)
FNDA:0,(anonymous_13)
FNDA:0,(anonymous_14)
FNDA:0,(anonymous_15)
FNDA:0,(anonymous_16)
FNDA:0,(anonymous_17)
FNDA:0,(anonymous_18)
DA:1,0
DA:2,0
DA:32,0
DA:34,0
DA:35,0
DA:36,0
DA:37,0
DA:40,0
DA:41,0
DA:45,0
DA:46,0
DA:48,0
DA:56,0
DA:66,0
DA:76,0
DA:87,0
DA:96,0
DA:106,0
DA:117,0
DA:126,0
DA:134,0
DA:141,0
DA:148,0
DA:155,0
DA:166,0
DA:167,0
DA:168,0
DA:171,0
DA:172,0
DA:173,0
DA:177,0
DA:178,0
DA:179,0
DA:180,0
DA:184,0
DA:194,0
DA:196,0
DA:197,0
DA:204,0
DA:205,0
DA:206,0
DA:208,0
DA:219,0
DA:220,0
DA:221,0
DA:228,0
DA:236,0
DA:237,0
DA:238,0
DA:241,0
DA:242,0
DA:243,0
DA:246,0
DA:247,0
DA:248,0
DA:251,0
DA:258,0
DA:267,0
DA:268,0
DA:270,0
DA:272,0
DA:273,0
DA:276,0
DA:279,0
DA:280,0
DA:281,0
DA:284,0
DA:291,0
DA:298,0
DA:305,0
DA:312,0
DA:324,0
DA:325,0
DA:326,0
DA:327,0
DA:330,0
DA:331,0
DA:332,0
DA:333,0
DA:335,0
DA:336,0
DA:337,0
DA:341,0
DA:342,0
DA:343,0
DA:344,0
DA:349,0
DA:350,0
DA:359,0
DA:360,0
DA:362,0
DA:363,0
DA:366,0
DA:378,0
DA:379,0
DA:380,0
DA:381,0
DA:382,0
DA:383,0
DA:384,0
DA:386,0
DA:392,0
LF:102
LH:0
BRDA:45,0,0,0
BRDA:167,1,0,0
BRDA:172,2,0,0
BRDA:172,3,0,0
BRDA:172,3,1,0
BRDA:179,4,0,0
BRDA:179,5,0,0
BRDA:179,5,1,0
BRDA:196,6,0,0
BRDA:204,7,0,0
BRDA:205,8,0,0
BRDA:205,8,1,0
BRDA:219,9,0,0
BRDA:237,10,0,0
BRDA:242,11,0,0
BRDA:242,12,0,0
BRDA:242,12,1,0
BRDA:248,13,0,0
BRDA:248,13,1,0
BRDA:248,13,2,0
BRDA:251,14,0,0
BRDA:251,14,1,0
BRDA:258,15,0,0
BRDA:258,15,1,0
BRDA:270,16,0,0
BRDA:270,16,1,0
BRDA:291,17,0,0
BRDA:291,17,1,0
BRDA:312,18,0,0
BRDA:312,18,1,0
BRDA:331,19,0,0
BRDA:331,19,1,0
BRDA:332,20,0,0
BRDA:336,21,0,0
BRDA:342,22,0,0
BRDA:343,23,0,0
BRDA:349,24,0,0
BRDA:359,25,0,0
BRDA:362,26,0,0
BRDA:379,27,0,0
BRDA:381,28,0,0
BRDA:381,29,0,0
BRDA:381,29,1,0
BRF:43
BRH:0
end_of_record
TN:
SF:lib/openai-rate-limiter.ts
FN:127,(anonymous_4)
FN:132,(anonymous_5)
FN:142,(anonymous_6)
FN:145,(anonymous_7)
FN:160,(anonymous_8)
FN:168,(anonymous_9)
FN:190,(anonymous_10)
FN:212,(anonymous_11)
FN:239,(anonymous_12)
FN:267,(anonymous_13)
FN:275,(anonymous_14)
FN:281,(anonymous_15)
FN:282,(anonymous_16)
FN:298,(anonymous_17)
FN:309,(anonymous_18)
FN:329,(anonymous_19)
FN:335,(anonymous_20)
FN:336,(anonymous_21)
FN:352,(anonymous_22)
FN:365,(anonymous_23)
FN:368,(anonymous_24)
FN:378,(anonymous_25)
FN:407,(anonymous_26)
FN:433,(anonymous_27)
FN:460,(anonymous_28)
FN:461,(anonymous_29)
FN:462,(anonymous_30)
FN:470,(anonymous_31)
FN:480,(anonymous_32)
FN:495,(anonymous_33)
FN:501,(anonymous_34)
FN:511,(anonymous_35)
FN:521,(anonymous_36)
FN:531,(anonymous_37)
FN:550,withRateLimit
FNF:35
FNH:0
FNDA:0,(anonymous_4)
FNDA:0,(anonymous_5)
FNDA:0,(anonymous_6)
FNDA:0,(anonymous_7)
FNDA:0,(anonymous_8)
FNDA:0,(anonymous_9)
FNDA:0,(anonymous_10)
FNDA:0,(anonymous_11)
FNDA:0,(anonymous_12)
FNDA:0,(anonymous_13)
FNDA:0,(anonymous_14)
FNDA:0,(anonymous_15)
FNDA:0,(anonymous_16)
FNDA:0,(anonymous_17)
FNDA:0,(anonymous_18)
FNDA:0,(anonymous_19)
FNDA:0,(anonymous_20)
FNDA:0,(anonymous_21)
FNDA:0,(anonymous_22)
FNDA:0,(anonymous_23)
FNDA:0,(anonymous_24)
FNDA:0,(anonymous_25)
FNDA:0,(anonymous_26)
FNDA:0,(anonymous_27)
FNDA:0,(anonymous_28)
FNDA:0,(anonymous_29)
FNDA:0,(anonymous_30)
FNDA:0,(anonymous_31)
FNDA:0,(anonymous_32)
FNDA:0,(anonymous_33)
FNDA:0,(anonymous_34)
FNDA:0,(anonymous_35)
FNDA:0,(anonymous_36)
FNDA:0,(anonymous_37)
FNDA:0,withRateLimit
DA:1,0
DA:2,0
DA:3,0
DA:51,0
DA:91,0
DA:119,0
DA:121,0
DA:122,0
DA:123,0
DA:128,0
DA:129,0
DA:133,0
DA:134,0
DA:136,0
DA:143,0
DA:145,0
DA:146,0
DA:166,0
DA:168,0
DA:169,0
DA:181,0
DA:182,0
DA:183,0
DA:191,0
DA:192,0
DA:195,0
DA:197,0
DA:198,0
DA:200,0
DA:201,0
DA:202,0
DA:205,0
DA:207,0
DA:209,0
DA:210,0
DA:212,0
DA:213,0
DA:214,0
DA:218,0
DA:233,0
DA:240,0
DA:241,0
DA:242,0
DA:246,0
DA:248,0
DA:249,0
DA:252,0
DA:254,0
DA:255,0
DA:267,0
DA:268,0
DA:276,0
DA:277,0
DA:278,0
DA:281,0
DA:282,0
DA:285,0
DA:286,0
DA:289,0
DA:290,0
DA:294,0
DA:295,0
DA:298,0
DA:299,0
DA:300,0
DA:303,0
DA:310,0
DA:311,0
DA:313,0
DA:314,0
DA:315,0
DA:316,0
DA:319,0
DA:320,0
DA:321,0
DA:322,0
DA:330,0
DA:331,0
DA:332,0
DA:335,0
DA:336,0
DA:338,0
DA:342,0
DA:346,0
DA:353,0
DA:354,0
DA:355,0
DA:358,0
DA:359,0
DA:366,0
DA:368,0
DA:369,0
DA:370,0
DA:371,0
DA:379,0
DA:380,0
DA:381,0
DA:382,0
DA:384,0
DA:386,0
DA:391,0
DA:394,0
DA:412,0
DA:413,0
DA:415,0
DA:417,0
DA:418,0
DA:420,0
DA:423,0
DA:424,0
DA:427,0
DA:448,0
DA:457,0
DA:458,0
DA:460,0
DA:461,0
DA:462,0
DA:464,0
DA:470,0
DA:474,0
DA:485,0
DA:487,0
DA:495,0
DA:502,0
DA:503,0
DA:504,0
DA:505,0
DA:512,0
DA:513,0
DA:514,0
DA:515,0
DA:527,0
DA:528,0
DA:529,0
DA:531,0
DA:532,0
DA:533,0
DA:534,0
DA:537,0
DA:547,0
DA:550,0
DA:556,0
DA:558,0
DA:559,0
DA:560,0
DA:563,0
DA:564,0
DA:565,0
DA:566,0
DA:567,0
DA:569,0
LF:151
LH:0
BRDA:128,0,0,0
BRDA:128,0,1,0
BRDA:133,1,0,0
BRDA:163,2,0,0
BRDA:164,3,0,0
BRDA:191,4,0,0
BRDA:191,5,0,0
BRDA:191,5,1,0
BRDA:207,6,0,0
BRDA:207,6,1,0
BRDA:241,7,0,0
BRDA:246,8,0,0
BRDA:246,8,1,0
BRDA:254,9,0,0
BRDA:285,10,0,0
BRDA:285,11,0,0
BRDA:285,11,1,0
BRDA:289,12,0,0
BRDA:289,13,0,0
BRDA:289,13,1,0
BRDA:294,14,0,0
BRDA:299,15,0,0
BRDA:319,16,0,0
BRDA:338,17,0,0
BRDA:338,17,1,0
BRDA:342,18,0,0
BRDA:342,18,1,0
BRDA:353,19,0,0
BRDA:353,19,1,0
BRDA:370,20,0,0
BRDA:384,21,0,0
BRDA:384,22,0,0
BRDA:384,22,1,0
BRDA:397,23,0,0
BRDA:397,23,1,0
BRDA:398,24,0,0
BRDA:398,24,1,0
BRDA:415,25,0,0
BRDA:415,25,1,0
BRDA:423,26,0,0
BRDA:485,27,0,0
BRDA:485,27,1,0
BRDA:532,28,0,0
BRDA:532,28,1,0
BRDA:533,29,0,0
BRDA:533,29,1,0
BRDA:541,30,0,0
BRDA:541,30,1,0
BRDA:554,31,0,0
BRDA:564,32,0,0
BRDA:564,33,0,0
BRDA:564,33,1,0
BRDA:566,34,0,0
BRDA:566,34,1,0
BRF:54
BRH:0
end_of_record
TN:
SF:lib/openai-usage-store.ts
FN:84,(anonymous_1)
FN:103,(anonymous_2)
FN:116,(anonymous_3)
FN:119,(anonymous_4)
FN:122,(anonymous_5)
FN:125,(anonymous_6)
FN:128,(anonymous_7)
FN:132,(anonymous_8)
FN:143,(anonymous_9)
FN:162,(anonymous_10)
FN:163,(anonymous_11)
FN:164,(anonymous_12)
FN:171,(anonymous_13)
FN:172,(anonymous_14)
FN:178,(anonymous_15)
FN:184,(anonymous_16)
FN:185,(anonymous_17)
FN:186,(anonymous_18)
FN:201,(anonymous_19)
FN:203,(anonymous_20)
FN:206,(anonymous_21)
FN:208,(anonymous_22)
FN:216,(anonymous_23)
FN:237,(anonymous_24)
FN:238,(anonymous_25)
FN:239,(anonymous_26)
FN:240,(anonymous_27)
FN:244,(anonymous_28)
FN:254,(anonymous_29)
FN:255,(anonymous_30)
FN:256,(anonymous_31)
FN:262,(anonymous_32)
FN:272,(anonymous_33)
FN:273,(anonymous_34)
FN:274,(anonymous_35)
FN:280,(anonymous_36)
FN:305,(anonymous_37)
FN:314,(anonymous_38)
FN:318,(anonymous_39)
FN:322,(anonymous_40)
FN:326,(anonymous_41)
FN:330,(anonymous_42)
FN:334,(anonymous_43)
FN:338,(anonymous_44)
FN:342,(anonymous_45)
FN:351,(anonymous_46)
FN:355,(anonymous_47)
FN:368,(anonymous_48)
FN:377,(anonymous_49)
FN:384,(anonymous_50)
FN:388,(anonymous_51)
FN:394,(anonymous_52)
FN:402,(anonymous_53)
FN:409,(anonymous_54)
FN:410,(anonymous_55)
FNF:55
FNH:0
FNDA:0,(anonymous_1)
FNDA:0,(anonymous_2)
FNDA:0,(anonymous_3)
FNDA:0,(anonymous_4)
FNDA:0,(anonymous_5)
FNDA:0,(anonymous_6)
FNDA:0,(anonymous_7)
FNDA:0,(anonymous_8)
FNDA:0,(anonymous_9)
FNDA:0,(anonymous_10)
FNDA:0,(anonymous_11)
FNDA:0,(anonymous_12)
FNDA:0,(anonymous_13)
FNDA:0,(anonymous_14)
FNDA:0,(anonymous_15)
FNDA:0,(anonymous_16)
FNDA:0,(anonymous_17)
FNDA:0,(anonymous_18)
FNDA:0,(anonymous_19)
FNDA:0,(anonymous_20)
FNDA:0,(anonymous_21)
FNDA:0,(anonymous_22)
FNDA:0,(anonymous_23)
FNDA:0,(anonymous_24)
FNDA:0,(anonymous_25)
FNDA:0,(anonymous_26)
FNDA:0,(anonymous_27)
FNDA:0,(anonymous_28)
FNDA:0,(anonymous_29)
FNDA:0,(anonymous_30)
FNDA:0,(anonymous_31)
FNDA:0,(anonymous_32)
FNDA:0,(anonymous_33)
FNDA:0,(anonymous_34)
FNDA:0,(anonymous_35)
FNDA:0,(anonymous_36)
FNDA:0,(anonymous_37)
FNDA:0,(anonymous_38)
FNDA:0,(anonymous_39)
FNDA:0,(anonymous_40)
FNDA:0,(anonymous_41)
FNDA:0,(anonymous_42)
FNDA:0,(anonymous_43)
FNDA:0,(anonymous_44)
FNDA:0,(anonymous_45)
FNDA:0,(anonymous_46)
FNDA:0,(anonymous_47)
FNDA:0,(anonymous_48)
FNDA:0,(anonymous_49)
FNDA:0,(anonymous_50)
FNDA:0,(anonymous_51)
FNDA:0,(anonymous_52)
FNDA:0,(anonymous_53)
FNDA:0,(anonymous_54)
FNDA:0,(anonymous_55)
DA:77,0
DA:79,0
DA:85,0
DA:90,0
DA:93,0
DA:94,0
DA:97,0
DA:112,0
DA:115,0
DA:116,0
DA:118,0
DA:119,0
DA:121,0
DA:122,0
DA:124,0
DA:125,0
DA:127,0
DA:128,0
DA:132,0
DA:135,0
DA:136,0
DA:137,0
DA:144,0
DA:146,0
DA:147,0
DA:162,0
DA:163,0
DA:164,0
DA:167,0
DA:168,0
DA:169,0
DA:171,0
DA:172,0
DA:175,0
DA:176,0
DA:178,0
DA:179,0
DA:180,0
DA:184,0
DA:185,0
DA:186,0
DA:188,0
DA:201,0
DA:203,0
DA:206,0
DA:208,0
DA:221,0
DA:223,0
DA:224,0
DA:236,0
DA:237,0
DA:238,0
DA:239,0
DA:240,0
DA:243,0
DA:244,0
DA:245,0
DA:246,0
DA:248,0
DA:249,0
DA:250,0
DA:254,0
DA:255,0
DA:256,0
DA:257,0
DA:261,0
DA:262,0
DA:263,0
DA:264,0
DA:266,0
DA:267,0
DA:268,0
DA:272,0
DA:273,0
DA:274,0
DA:275,0
DA:279,0
DA:280,0
DA:281,0
DA:282,0
DA:283,0
DA:285,0
DA:286,0
DA:287,0
DA:290,0
DA:311,0
DA:312,0
DA:314,0
DA:317,0
DA:318,0
DA:319,0
DA:322,0
DA:326,0
DA:329,0
DA:330,0
DA:331,0
DA:334,0
DA:338,0
DA:341,0
DA:342,0
DA:343,0
DA:344,0
DA:345,0
DA:347,0
DA:348,0
DA:351,0
DA:355,0
DA:357,0
DA:369,0
DA:370,0
DA:371,0
DA:378,0
DA:385,0
DA:388,0
DA:391,0
DA:394,0
DA:395,0
DA:403,0
DA:410,0
DA:411,0
DA:413,0
LF:121
LH:0
BRDA:93,0,0,0
BRDA:103,1,0,0
BRDA:115,2,0,0
BRDA:118,3,0,0
BRDA:121,4,0,0
BRDA:124,5,0,0
BRDA:127,6,0,0
BRDA:135,7,0,0
BRDA:135,7,1,0
BRDA:136,8,0,0
BRDA:136,8,1,0
BRDA:146,9,0,0
BRDA:179,10,0,0
BRDA:179,10,1,0
BRDA:180,11,0,0
BRDA:180,11,1,0
BRDA:193,12,0,0
BRDA:193,12,1,0
BRDA:194,13,0,0
BRDA:194,13,1,0
BRDA:195,14,0,0
BRDA:195,14,1,0
BRDA:219,15,0,0
BRDA:223,16,0,0
BRDA:245,17,0,0
BRDA:263,18,0,0
BRDA:282,19,0,0
BRDA:305,20,0,0
BRDA:319,21,0,0
BRDA:319,21,1,0
BRDA:325,22,0,0
BRDA:325,22,1,0
BRDA:331,23,0,0
BRDA:331,23,1,0
BRDA:337,24,0,0
BRDA:337,24,1,0
BRDA:344,25,0,0
BRF:37
BRH:0
end_of_record
TN:
SF:lib/optimized-video-processor.ts
FN:126,(anonymous_2)
FN:154,(anonymous_3)
FN:189,(anonymous_4)
FN:199,(anonymous_5)
FN:206,(anonymous_6)
FN:208,(anonymous_7)
FN:214,(anonymous_8)
FN:231,(anonymous_9)
FN:372,(anonymous_10)
FN:373,(anonymous_11)
FN:377,(anonymous_12)
FN:396,(anonymous_13)
FN:414,(anonymous_14)
FN:424,(anonymous_15)
FN:444,(anonymous_16)
FN:445,(anonymous_17)
FN:453,(anonymous_18)
FN:461,(anonymous_19)
FN:487,(anonymous_20)
FN:501,(anonymous_21)
FN:515,(anonymous_22)
FN:525,(anonymous_23)
FN:541,(anonymous_24)
FN:552,(anonymous_25)
FN:559,(anonymous_26)
FNF:25
FNH:0
FNDA:0,(anonymous_2)
FNDA:0,(anonymous_3)
FNDA:0,(anonymous_4)
FNDA:0,(anonymous_5)
FNDA:0,(anonymous_6)
FNDA:0,(anonymous_7)
FNDA:0,(anonymous_8)
FNDA:0,(anonymous_9)
FNDA:0,(anonymous_10)
FNDA:0,(anonymous_11)
FNDA:0,(anonymous_12)
FNDA:0,(anonymous_13)
FNDA:0,(anonymous_14)
FNDA:0,(anonymous_15)
FNDA:0,(anonymous_16)
FNDA:0,(anonymous_17)
FNDA:0,(anonymous_18)
FNDA:0,(anonymous_19)
FNDA:0,(anonymous_20)
FNDA:0,(anonymous_21)
FNDA:0,(anonymous_22)
FNDA:0,(anonymous_23)
FNDA:0,(anonymous_24)
FNDA:0,(anonymous_25)
FNDA:0,(anonymous_26)
DA:2,0
DA:3,0
DA:9,0
DA:10,0
DA:11,0
DA:12,0
DA:15,0
DA:16,0
DA:104,0
DA:105,0
DA:120,0
DA:121,0
DA:127,0
DA:129,0
DA:132,0
DA:135,0
DA:136,0
DA:145,0
DA:147,0
DA:148,0
DA:158,0
DA:159,0
DA:162,0
DA:163,0
DA:164,0
DA:166,0
DA:176,0
DA:179,0
DA:188,0
DA:190,0
DA:193,0
DA:200,0
DA:207,0
DA:208,0
DA:220,0
DA:235,0
DA:236,0
DA:237,0
DA:240,0
DA:241,0
DA:242,0
DA:245,0
DA:251,0
DA:254,0
DA:255,0
DA:256,0
DA:259,0
DA:260,0
DA:261,0
DA:264,0
DA:273,0
DA:276,0
DA:277,0
DA:287,0
DA:288,0
DA:291,0
DA:292,0
DA:293,0
DA:303,0
DA:304,0
DA:308,0
DA:310,0
DA:311,0
DA:312,0
DA:316,0
DA:317,0
DA:319,0
DA:320,0
DA:323,0
DA:324,0
DA:328,0
DA:330,0
DA:354,0
DA:360,0
DA:362,0
DA:365,0
DA:373,0
DA:374,0
DA:375,0
DA:377,0
DA:378,0
DA:380,0
DA:381,0
DA:382,0
DA:383,0
DA:384,0
DA:385,0
DA:388,0
DA:397,0
DA:399,0
DA:401,0
DA:405,0
DA:408,0
DA:415,0
DA:417,0
DA:419,0
DA:420,0
DA:424,0
DA:425,0
DA:426,0
DA:427,0
DA:428,0
DA:434,0
DA:435,0
DA:438,0
DA:445,0
DA:447,0
DA:448,0
DA:449,0
DA:453,0
DA:454,0
DA:462,0
DA:463,0
DA:465,0
DA:467,0
DA:469,0
DA:470,0
DA:472,0
DA:473,0
DA:475,0
DA:476,0
DA:479,0
DA:480,0
DA:488,0
DA:506,0
DA:507,0
DA:508,0
DA:516,0
DA:517,0
DA:518,0
DA:526,0
DA:527,0
DA:528,0
DA:529,0
DA:530,0
DA:531,0
DA:534,0
DA:535,0
DA:542,0
DA:543,0
DA:545,0
DA:546,0
DA:558,0
DA:559,0
DA:560,0
DA:561,0
DA:564,0
LF:147
LH:0
BRDA:126,0,0,0
BRDA:127,1,0,0
BRDA:135,2,0,0
BRDA:135,2,1,0
BRDA:156,3,0,0
BRDA:158,4,0,0
BRDA:208,5,0,0
BRDA:208,5,1,0
BRDA:236,6,0,0
BRDA:255,7,0,0
BRDA:291,8,0,0
BRDA:311,9,0,0
BRDA:319,10,0,0
BRDA:323,11,0,0
BRDA:323,12,0,0
BRDA:323,12,1,0
BRDA:331,13,0,0
BRDA:331,13,1,0
BRDA:332,14,0,0
BRDA:332,14,1,0
BRDA:335,15,0,0
BRDA:335,15,1,0
BRDA:336,16,0,0
BRDA:336,16,1,0
BRDA:337,17,0,0
BRDA:337,17,1,0
BRDA:343,18,0,0
BRDA:343,18,1,0
BRDA:346,19,0,0
BRDA:346,19,1,0
BRDA:348,20,0,0
BRDA:348,20,1,0
BRDA:372,21,0,0
BRDA:380,22,0,0
BRDA:380,22,1,0
BRDA:383,23,0,0
BRDA:397,24,0,0
BRDA:401,25,0,0
BRDA:401,25,1,0
BRDA:402,26,0,0
BRDA:402,26,1,0
BRDA:403,27,0,0
BRDA:403,27,1,0
BRDA:405,28,0,0
BRDA:405,28,1,0
BRDA:408,29,0,0
BRDA:408,29,1,0
BRDA:417,30,0,0
BRDA:420,31,0,0
BRDA:420,31,1,0
BRDA:425,32,0,0
BRDA:425,33,0,0
BRDA:425,33,1,0
BRDA:427,34,0,0
BRDA:434,35,0,0
BRDA:447,36,0,0
BRDA:463,37,0,0
BRDA:467,38,0,0
BRDA:467,38,1,0
BRDA:467,38,2,0
BRDA:479,39,0,0
BRDA:504,40,0,0
BRDA:507,41,0,0
BRDA:517,42,0,0
BRDA:527,43,0,0
BRDA:534,44,0,0
BRDA:534,44,1,0
BRDA:542,45,0,0
BRDA:560,46,0,0
BRDA:560,46,1,0
BRDA:568,47,0,0
BRDA:568,47,1,0
BRF:72
BRH:0
end_of_record
TN:
SF:lib/performance-monitor.ts
FN:63,(anonymous_1)
FN:68,(anonymous_2)
FN:76,(anonymous_3)
FN:86,(anonymous_4)
FN:117,(anonymous_5)
FN:138,(anonymous_6)
FN:154,(anonymous_7)
FN:178,(anonymous_8)
FN:204,(anonymous_9)
FN:225,(anonymous_10)
FN:232,(anonymous_11)
FN:240,(anonymous_12)
FN:250,(anonymous_13)
FN:279,(anonymous_14)
FN:309,(anonymous_15)
FN:327,(anonymous_16)
FN:351,(anonymous_17)
FN:371,(anonymous_18)
FN:382,(anonymous_19)
FN:384,(anonymous_20)
FN:385,(anonymous_21)
FN:389,(anonymous_22)
FN:392,(anonymous_23)
FN:397,(anonymous_24)
FNF:24
FNH:0
FNDA:0,(anonymous_1)
FNDA:0,(anonymous_2)
FNDA:0,(anonymous_3)
FNDA:0,(anonymous_4)
FNDA:0,(anonymous_5)
FNDA:0,(anonymous_6)
FNDA:0,(anonymous_7)
FNDA:0,(anonymous_8)
FNDA:0,(anonymous_9)
FNDA:0,(anonymous_10)
FNDA:0,(anonymous_11)
FNDA:0,(anonymous_12)
FNDA:0,(anonymous_13)
FNDA:0,(anonymous_14)
FNDA:0,(anonymous_15)
FNDA:0,(anonymous_16)
FNDA:0,(anonymous_17)
FNDA:0,(anonymous_18)
FNDA:0,(anonymous_19)
FNDA:0,(anonymous_20)
FNDA:0,(anonymous_21)
FNDA:0,(anonymous_22)
FNDA:0,(anonymous_23)
FNDA:0,(anonymous_24)
DA:54,0
DA:55,0
DA:56,0
DA:57,0
DA:58,0
DA:64,0
DA:65,0
DA:68,0
DA:69,0
DA:77,0
DA:78,0
DA:79,0
DA:87,0
DA:89,0
DA:122,0
DA:123,0
DA:125,0
DA:127,0
DA:128,0
DA:130,0
DA:131,0
DA:139,0
DA:140,0
DA:142,0
DA:145,0
DA:146,0
DA:148,0
DA:155,0
DA:156,0
DA:158,0
DA:159,0
DA:162,0
DA:163,0
DA:166,0
DA:167,0
DA:170,0
DA:171,0
DA:179,0
DA:180,0
DA:182,0
DA:183,0
DA:184,0
DA:186,0
DA:204,0
DA:211,0
DA:214,0
DA:215,0
DA:218,0
DA:226,0
DA:233,0
DA:234,0
DA:241,0
DA:242,0
DA:244,0
DA:251,0
DA:252,0
DA:254,0
DA:255,0
DA:256,0
DA:259,0
DA:262,0
DA:263,0
DA:264,0
DA:265,0
DA:269,0
DA:270,0
DA:273,0
DA:280,0
DA:281,0
DA:283,0
DA:284,0
DA:285,0
DA:288,0
DA:289,0
DA:292,0
DA:293,0
DA:296,0
DA:297,0
DA:298,0
DA:301,0
DA:302,0
DA:305,0
DA:310,0
DA:311,0
DA:313,0
DA:315,0
DA:316,0
DA:317,0
DA:318,0
DA:319,0
DA:320,0
DA:323,0
DA:324,0
DA:328,0
DA:329,0
DA:330,0
DA:332,0
DA:333,0
DA:334,0
DA:336,0
DA:337,0
DA:338,0
DA:339,0
DA:340,0
DA:341,0
DA:345,0
DA:347,0
DA:352,0
DA:353,0
DA:355,0
DA:356,0
DA:357,0
DA:359,0
DA:360,0
DA:361,0
DA:362,0
DA:365,0
DA:367,0
DA:372,0
DA:374,0
DA:375,0
DA:376,0
DA:378,0
DA:383,0
DA:384,0
DA:385,0
DA:387,0
DA:389,0
DA:393,0
DA:394,0
DA:396,0
DA:397,0
DA:399,0
LF:133
LH:0
BRDA:63,0,0,0
BRDA:64,1,0,0
BRDA:77,2,0,0
BRDA:105,3,0,0
BRDA:105,3,1,0
BRDA:106,4,0,0
BRDA:106,4,1,0
BRDA:107,5,0,0
BRDA:107,5,1,0
BRDA:108,6,0,0
BRDA:108,6,1,0
BRDA:109,7,0,0
BRDA:109,7,1,0
BRDA:123,8,0,0
BRDA:127,9,0,0
BRDA:127,9,1,0
BRDA:140,10,0,0
BRDA:146,11,0,0
BRDA:146,11,1,0
BRDA:156,12,0,0
BRDA:158,13,0,0
BRDA:158,14,0,0
BRDA:158,14,1,0
BRDA:162,15,0,0
BRDA:166,16,0,0
BRDA:170,17,0,0
BRDA:214,18,0,0
BRDA:226,19,0,0
BRDA:226,19,1,0
BRDA:234,20,0,0
BRDA:234,20,1,0
BRDA:241,21,0,0
BRDA:252,22,0,0
BRDA:262,23,0,0
BRDA:262,23,1,0
BRDA:264,24,0,0
BRDA:269,25,0,0
BRDA:283,26,0,0
BRDA:288,27,0,0
BRDA:292,28,0,0
BRDA:297,29,0,0
BRDA:301,30,0,0
BRDA:338,31,0,0
BRDA:338,32,0,0
BRDA:338,32,1,0
BRDA:341,33,0,0
BRDA:341,33,1,0
BRDA:362,34,0,0
BRDA:362,34,1,0
BRDA:376,35,0,0
BRDA:376,35,1,0
BRDA:387,36,0,0
BRDA:397,37,0,0
BRDA:397,37,1,0
BRF:54
BRH:0
end_of_record
TN:
SF:lib/storage-delivery-manager.ts
FN:141,(anonymous_4)
FN:149,(anonymous_5)
FN:266,(anonymous_6)
FN:356,(anonymous_7)
FN:376,(anonymous_8)
FN:413,(anonymous_9)
FN:446,(anonymous_10)
FN:481,(anonymous_11)
FN:512,(anonymous_12)
FN:523,(anonymous_13)
FN:527,(anonymous_14)
FN:538,(anonymous_15)
FN:543,(anonymous_16)
FN:555,(anonymous_17)
FN:563,(anonymous_18)
FN:568,(anonymous_19)
FN:573,(anonymous_20)
FN:579,(anonymous_21)
FN:584,(anonymous_22)
FN:600,(anonymous_23)
FN:605,(anonymous_24)
FN:610,(anonymous_25)
FN:619,(anonymous_26)
FN:624,(anonymous_27)
FN:636,(anonymous_28)
FNF:25
FNH:0
FNDA:0,(anonymous_4)
FNDA:0,(anonymous_5)
FNDA:0,(anonymous_6)
FNDA:0,(anonymous_7)
FNDA:0,(anonymous_8)
FNDA:0,(anonymous_9)
FNDA:0,(anonymous_10)
FNDA:0,(anonymous_11)
FNDA:0,(anonymous_12)
FNDA:0,(anonymous_13)
FNDA:0,(anonymous_14)
FNDA:0,(anonymous_15)
FNDA:0,(anonymous_16)
FNDA:0,(anonymous_17)
FNDA:0,(anonymous_18)
FNDA:0,(anonymous_19)
FNDA:0,(anonymous_20)
FNDA:0,(anonymous_21)
FNDA:0,(anonymous_22)
FNDA:0,(anonymous_23)
FNDA:0,(anonymous_24)
FNDA:0,(anonymous_25)
FNDA:0,(anonymous_26)
FNDA:0,(anonymous_27)
FNDA:0,(anonymous_28)
DA:2,0
DA:3,0
DA:4,0
DA:5,0
DA:11,0
DA:17,0
DA:31,0
DA:124,0
DA:125,0
DA:135,0
DA:136,0
DA:142,0
DA:143,0
DA:160,0
DA:161,0
DA:163,0
DA:165,0
DA:168,0
DA:169,0
DA:171,0
DA:172,0
DA:173,0
DA:174,0
DA:177,0
DA:186,0
DA:198,0
DA:199,0
DA:203,0
DA:204,0
DA:213,0
DA:220,0
DA:222,0
DA:236,0
DA:239,0
DA:240,0
DA:247,0
DA:270,0
DA:272,0
DA:274,0
DA:276,0
DA:277,0
DA:281,0
DA:285,0
DA:286,0
DA:292,0
DA:293,0
DA:297,0
DA:298,0
DA:302,0
DA:305,0
DA:307,0
DA:325,0
DA:326,0
DA:329,0
DA:332,0
DA:333,0
DA:335,0
DA:360,0
DA:361,0
DA:362,0
DA:363,0
DA:365,0
DA:366,0
DA:367,0
DA:368,0
DA:370,0
DA:371,0
DA:372,0
DA:376,0
DA:379,0
DA:397,0
DA:418,0
DA:420,0
DA:422,0
DA:427,0
DA:429,0
DA:430,0
DA:431,0
DA:434,0
DA:437,0
DA:438,0
DA:439,0
DA:450,0
DA:452,0
DA:453,0
DA:455,0
DA:457,0
DA:460,0
DA:467,0
DA:468,0
DA:470,0
DA:483,0
DA:518,0
DA:519,0
DA:520,0
DA:524,0
DA:528,0
DA:535,0
DA:539,0
DA:540,0
DA:552,0
DA:559,0
DA:560,0
DA:565,0
DA:570,0
DA:576,0
DA:580,0
DA:581,0
DA:585,0
DA:586,0
DA:597,0
DA:602,0
DA:607,0
DA:612,0
DA:626,0
DA:627,0
DA:628,0
DA:630,0
DA:631,0
DA:632,0
DA:633,0
DA:638,0
DA:639,0
DA:640,0
DA:642,0
DA:643,0
DA:644,0
DA:645,0
LF:128
LH:0
BRDA:141,0,0,0
BRDA:154,1,0,0
BRDA:171,2,0,0
BRDA:171,3,0,0
BRDA:171,3,1,0
BRDA:198,4,0,0
BRDA:268,5,0,0
BRDA:276,6,0,0
BRDA:285,7,0,0
BRDA:288,8,0,0
BRDA:288,8,1,0
BRDA:292,9,0,0
BRDA:292,10,0,0
BRDA:292,10,1,0
BRDA:297,11,0,0
BRDA:325,12,0,0
BRDA:358,13,0,0
BRDA:370,14,0,0
BRDA:416,15,0,0
BRDA:448,16,0,0
BRDA:455,17,0,0
BRDA:535,18,0,0
BRDA:535,18,1,0
BRDA:540,19,0,0
BRDA:540,19,1,0
BRDA:565,20,0,0
BRDA:565,20,1,0
BRDA:565,20,2,0
BRDA:580,21,0,0
BRDA:580,21,1,0
BRDA:597,22,0,0
BRDA:597,22,1,0
BRDA:602,23,0,0
BRDA:602,23,1,0
BRDA:607,24,0,0
BRDA:607,24,1,0
BRDA:627,25,0,0
BRDA:639,26,0,0
BRF:38
BRH:0
end_of_record
TN:
SF:lib/transcription-results.ts
FN:32,storeTranscriptionResult
FN:78,getStoredTranscriptionResult
FN:85,listStoredTranscriptionResults
FN:87,(anonymous_12)
FN:94,deleteStoredTranscriptionResult
FN:101,clearAllStoredTranscriptionResults
FN:108,formatTranscriptionOutput
FN:143,formatAsSRT
FN:148,(anonymous_17)
FN:159,formatAsVTT
FN:164,(anonymous_19)
FN:177,formatAsSegmentedText
FN:182,(anonymous_21)
FN:193,formatSRTTimestamp
FN:205,formatVTTTimestamp
FN:217,generateTranscriptionSummary
FN:239,(anonymous_25)
FN:241,(anonymous_26)
FN:245,(anonymous_27)
FN:249,(anonymous_28)
FN:279,searchTranscriptions
FN:321,(anonymous_30)
FN:355,formatFileSize
FNF:23
FNH:0
FNDA:0,storeTranscriptionResult
FNDA:0,getStoredTranscriptionResult
FNDA:0,listStoredTranscriptionResults
FNDA:0,(anonymous_12)
FNDA:0,deleteStoredTranscriptionResult
FNDA:0,clearAllStoredTranscriptionResults
FNDA:0,formatTranscriptionOutput
FNDA:0,formatAsSRT
FNDA:0,(anonymous_17)
FNDA:0,formatAsVTT
FNDA:0,(anonymous_19)
FNDA:0,formatAsSegmentedText
FNDA:0,(anonymous_21)
FNDA:0,formatSRTTimestamp
FNDA:0,formatVTTTimestamp
FNDA:0,generateTranscriptionSummary
FNDA:0,(anonymous_25)
FNDA:0,(anonymous_26)
FNDA:0,(anonymous_27)
FNDA:0,(anonymous_28)
FNDA:0,searchTranscriptions
FNDA:0,(anonymous_30)
FNDA:0,formatFileSize
DA:3,0
DA:27,0
DA:32,0
DA:36,0
DA:39,0
DA:43,0
DA:47,0
DA:51,0
DA:71,0
DA:72,0
DA:78,0
DA:79,0
DA:85,0
DA:86,0
DA:87,0
DA:94,0
DA:95,0
DA:101,0
DA:102,0
DA:108,0
DA:112,0
DA:114,0
DA:117,0
DA:127,0
DA:130,0
DA:133,0
DA:136,0
DA:144,0
DA:145,0
DA:148,0
DA:149,0
DA:150,0
DA:152,0
DA:160,0
DA:161,0
DA:164,0
DA:165,0
DA:166,0
DA:168,0
DA:171,0
DA:178,0
DA:179,0
DA:182,0
DA:183,0
DA:184,0
DA:186,0
DA:194,0
DA:195,0
DA:196,0
DA:197,0
DA:199,0
DA:206,0
DA:207,0
DA:208,0
DA:209,0
DA:211,0
DA:217,0
DA:239,0
DA:240,0
DA:241,0
DA:244,0
DA:245,0
DA:248,0
DA:249,0
DA:252,0
DA:279,0
DA:305,0
DA:307,0
DA:308,0
DA:309,0
DA:311,0
DA:317,0
DA:319,0
DA:321,0
DA:322,0
DA:323,0
DA:333,0
DA:334,0
DA:340,0
DA:341,0
DA:349,0
DA:356,0
DA:358,0
DA:359,0
DA:360,0
DA:362,0
LF:86
LH:0
BRDA:36,0,0,0
BRDA:36,0,1,0
BRDA:39,1,0,0
BRDA:39,1,1,0
BRDA:41,2,0,0
BRDA:41,2,1,0
BRDA:43,3,0,0
BRDA:43,3,1,0
BRDA:45,4,0,0
BRDA:45,4,1,0
BRDA:47,5,0,0
BRDA:47,5,1,0
BRDA:49,6,0,0
BRDA:49,6,1,0
BRDA:56,7,0,0
BRDA:56,7,1,0
BRDA:57,8,0,0
BRDA:57,8,1,0
BRDA:79,9,0,0
BRDA:79,9,1,0
BRDA:112,10,0,0
BRDA:112,10,1,0
BRDA:112,10,2,0
BRDA:112,10,3,0
BRDA:112,10,4,0
BRDA:112,10,5,0
BRDA:144,11,0,0
BRDA:160,12,0,0
BRDA:178,13,0,0
BRDA:240,14,0,0
BRDA:240,14,1,0
BRDA:244,15,0,0
BRDA:244,15,1,0
BRDA:248,16,0,0
BRDA:248,16,1,0
BRDA:265,17,0,0
BRDA:265,17,1,0
BRDA:281,18,0,0
BRDA:307,19,0,0
BRDA:307,19,1,0
BRDA:308,20,0,0
BRDA:308,20,1,0
BRDA:319,21,0,0
BRDA:319,21,1,0
BRDA:319,22,0,0
BRDA:319,22,1,0
BRDA:322,23,0,0
BRDA:333,24,0,0
BRDA:340,25,0,0
BRDA:356,26,0,0
BRF:50
BRH:0
end_of_record
TN:
SF:lib/upload-progress.ts
FN:15,(anonymous_3)
FN:20,(anonymous_4)
FN:28,(anonymous_5)
FN:39,(anonymous_6)
FN:49,(anonymous_7)
FN:60,(anonymous_8)
FN:64,(anonymous_9)
FN:70,generateUploadId
FNF:8
FNH:0
FNDA:0,(anonymous_3)
FNDA:0,(anonymous_4)
FNDA:0,(anonymous_5)
FNDA:0,(anonymous_6)
FNDA:0,(anonymous_7)
FNDA:0,(anonymous_8)
FNDA:0,(anonymous_9)
FNDA:0,generateUploadId
DA:10,0
DA:12,0
DA:16,0
DA:17,0
DA:21,0
DA:29,0
DA:30,0
DA:31,0
DA:40,0
DA:41,0
DA:42,0
DA:50,0
DA:51,0
DA:52,0
DA:61,0
DA:65,0
DA:70,0
DA:71,0
LF:18
LH:0
BRDA:30,0,0,0
BRDA:41,1,0,0
BRDA:51,2,0,0
BRF:3
BRH:0
end_of_record
TN:
SF:lib/utils.ts
FN:4,cn
FNF:1
FNH:0
FNDA:0,cn
DA:1,0
DA:2,0
DA:4,0
DA:5,0
LF:4
LH:0
BRF:0
BRH:0
end_of_record
TN:
SF:lib/video-processor.ts
FN:107,(anonymous_5)
FN:136,(anonymous_6)
FN:146,(anonymous_7)
FN:153,(anonymous_8)
FN:155,(anonymous_9)
FN:161,(anonymous_10)
FN:183,(anonymous_11)
FN:193,(anonymous_12)
FN:235,(anonymous_13)
FN:239,(anonymous_14)
FN:240,(anonymous_15)
FN:241,(anonymous_16)
FN:258,(anonymous_17)
FN:291,(anonymous_18)
FN:305,(anonymous_19)
FN:331,(anonymous_20)
FN:334,(anonymous_21)
FN:339,(anonymous_22)
FN:347,(anonymous_23)
FN:430,(anonymous_24)
FN:458,(anonymous_25)
FN:468,(anonymous_26)
FN:470,(anonymous_27)
FN:480,(anonymous_28)
FN:543,(anonymous_29)
FN:546,(anonymous_30)
FN:551,(anonymous_31)
FN:586,(anonymous_32)
FN:592,(anonymous_33)
FN:650,(anonymous_34)
FN:679,(anonymous_35)
FN:690,(anonymous_36)
FN:705,(anonymous_37)
FN:712,(anonymous_38)
FN:733,(anonymous_39)
FN:753,(anonymous_40)
FN:767,(anonymous_41)
FNF:37
FNH:0
FNDA:0,(anonymous_5)
FNDA:0,(anonymous_6)
FNDA:0,(anonymous_7)
FNDA:0,(anonymous_8)
FNDA:0,(anonymous_9)
FNDA:0,(anonymous_10)
FNDA:0,(anonymous_11)
FNDA:0,(anonymous_12)
FNDA:0,(anonymous_13)
FNDA:0,(anonymous_14)
FNDA:0,(anonymous_15)
FNDA:0,(anonymous_16)
FNDA:0,(anonymous_17)
FNDA:0,(anonymous_18)
FNDA:0,(anonymous_19)
FNDA:0,(anonymous_20)
FNDA:0,(anonymous_21)
FNDA:0,(anonymous_22)
FNDA:0,(anonymous_23)
FNDA:0,(anonymous_24)
FNDA:0,(anonymous_25)
FNDA:0,(anonymous_26)
FNDA:0,(anonymous_27)
FNDA:0,(anonymous_28)
FNDA:0,(anonymous_29)
FNDA:0,(anonymous_30)
FNDA:0,(anonymous_31)
FNDA:0,(anonymous_32)
FNDA:0,(anonymous_33)
FNDA:0,(anonymous_34)
FNDA:0,(anonymous_35)
FNDA:0,(anonymous_36)
FNDA:0,(anonymous_37)
FNDA:0,(anonymous_38)
FNDA:0,(anonymous_39)
FNDA:0,(anonymous_40)
FNDA:0,(anonymous_41)
DA:2,0
DA:3,0
DA:4,0
DA:5,0
DA:6,0
DA:7,0
DA:15,0
DA:16,0
DA:17,0
DA:20,0
DA:21,0
DA:88,0
DA:90,0
DA:91,0
DA:101,0
DA:102,0
DA:111,0
DA:112,0
DA:115,0
DA:116,0
DA:123,0
DA:132,0
DA:135,0
DA:137,0
DA:140,0
DA:147,0
DA:154,0
DA:155,0
DA:165,0
DA:166,0
DA:167,0
DA:170,0
DA:171,0
DA:172,0
DA:175,0
DA:176,0
DA:179,0
DA:183,0
DA:188,0
DA:189,0
DA:193,0
DA:196,0
DA:200,0
DA:219,0
DA:226,0
DA:228,0
DA:236,0
DA:238,0
DA:240,0
DA:241,0
DA:242,0
DA:243,0
DA:247,0
DA:250,0
DA:251,0
DA:255,0
DA:258,0
DA:259,0
DA:260,0
DA:264,0
DA:267,0
DA:268,0
DA:269,0
DA:271,0
DA:297,0
DA:298,0
DA:299,0
DA:301,0
DA:302,0
DA:305,0
DA:306,0
DA:309,0
DA:311,0
DA:313,0
DA:314,0
DA:317,0
DA:321,0
DA:324,0
DA:332,0
DA:336,0
DA:337,0
DA:340,0
DA:342,0
DA:343,0
DA:346,0
DA:347,0
DA:350,0
DA:351,0
DA:354,0
DA:355,0
DA:356,0
DA:357,0
DA:359,0
DA:361,0
DA:362,0
DA:367,0
DA:368,0
DA:370,0
DA:371,0
DA:374,0
DA:382,0
DA:386,0
DA:394,0
DA:395,0
DA:398,0
DA:399,0
DA:402,0
DA:407,0
DA:408,0
DA:411,0
DA:417,0
DA:418,0
DA:419,0
DA:420,0
DA:421,0
DA:423,0
DA:426,0
DA:432,0
DA:433,0
DA:434,0
DA:435,0
DA:436,0
DA:438,0
DA:441,0
DA:444,0
DA:451,0
DA:464,0
DA:465,0
DA:466,0
DA:468,0
DA:470,0
DA:471,0
DA:472,0
DA:476,0
DA:480,0
DA:482,0
DA:484,0
DA:485,0
DA:487,0
DA:496,0
DA:497,0
DA:501,0
DA:504,0
DA:505,0
DA:507,0
DA:509,0
DA:510,0
DA:513,0
DA:517,0
DA:521,0
DA:524,0
DA:525,0
DA:529,0
DA:530,0
DA:537,0
DA:540,0
DA:544,0
DA:548,0
DA:549,0
DA:552,0
DA:554,0
DA:555,0
DA:559,0
DA:560,0
DA:565,0
DA:566,0
DA:568,0
DA:569,0
DA:572,0
DA:574,0
DA:582,0
DA:586,0
DA:587,0
DA:588,0
DA:589,0
DA:591,0
DA:592,0
DA:593,0
DA:594,0
DA:595,0
DA:600,0
DA:609,0
DA:610,0
DA:611,0
DA:614,0
DA:616,0
DA:625,0
DA:626,0
DA:631,0
DA:637,0
DA:638,0
DA:639,0
DA:640,0
DA:641,0
DA:643,0
DA:646,0
DA:652,0
DA:653,0
DA:654,0
DA:655,0
DA:656,0
DA:658,0
DA:661,0
DA:664,0
DA:671,0
DA:680,0
DA:681,0
DA:682,0
DA:684,0
DA:695,0
DA:696,0
DA:697,0
DA:698,0
DA:706,0
DA:713,0
DA:714,0
DA:715,0
DA:716,0
DA:721,0
DA:722,0
DA:734,0
DA:735,0
DA:737,0
DA:738,0
DA:742,0
DA:743,0
DA:747,0
DA:759,0
DA:760,0
DA:767,0
DA:768,0
DA:771,0
LF:232
LH:0
BRDA:109,0,0,0
BRDA:115,1,0,0
BRDA:155,2,0,0
BRDA:155,2,1,0
BRDA:166,3,0,0
BRDA:188,4,0,0
BRDA:188,4,1,0
BRDA:202,5,0,0
BRDA:202,5,1,0
BRDA:212,6,0,0
BRDA:212,6,1,0
BRDA:242,7,0,0
BRDA:250,8,0,0
BRDA:250,9,0,0
BRDA:250,9,1,0
BRDA:250,9,2,0
BRDA:259,10,0,0
BRDA:267,11,0,0
BRDA:267,11,1,0
BRDA:268,12,0,0
BRDA:268,12,1,0
BRDA:269,13,0,0
BRDA:269,13,1,0
BRDA:275,14,0,0
BRDA:275,14,1,0
BRDA:277,15,0,0
BRDA:277,15,1,0
BRDA:301,16,0,0
BRDA:313,17,0,0
BRDA:319,18,0,0
BRDA:319,18,1,0
BRDA:336,19,0,0
BRDA:336,19,1,0
BRDA:342,20,0,0
BRDA:350,21,0,0
BRDA:368,22,0,0
BRDA:368,22,1,0
BRDA:368,23,0,0
BRDA:368,23,1,0
BRDA:413,24,0,0
BRDA:413,24,1,0
BRDA:418,25,0,0
BRDA:433,26,0,0
BRDA:471,27,0,0
BRDA:482,28,0,0
BRDA:509,29,0,0
BRDA:515,30,0,0
BRDA:515,30,1,0
BRDA:524,31,0,0
BRDA:524,31,1,0
BRDA:529,32,0,0
BRDA:548,33,0,0
BRDA:548,33,1,0
BRDA:554,34,0,0
BRDA:566,35,0,0
BRDA:566,35,1,0
BRDA:566,36,0,0
BRDA:566,36,1,0
BRDA:591,37,0,0
BRDA:591,38,0,0
BRDA:591,38,1,0
BRDA:593,39,0,0
BRDA:594,40,0,0
BRDA:594,40,1,0
BRDA:595,41,0,0
BRDA:595,41,1,0
BRDA:633,42,0,0
BRDA:633,42,1,0
BRDA:638,43,0,0
BRDA:653,44,0,0
BRDA:681,45,0,0
BRDA:684,46,0,0
BRDA:684,46,1,0
BRDA:693,47,0,0
BRDA:696,48,0,0
BRDA:714,49,0,0
BRDA:715,50,0,0
BRDA:715,50,1,0
BRDA:733,51,0,0
BRDA:738,52,0,0
BRDA:739,53,0,0
BRDA:739,53,1,0
BRDA:739,53,2,0
BRF:83
BRH:0
end_of_record
TN:
SF:lib/video-status-tracker.ts
FN:120,(anonymous_3)
FN:125,(anonymous_4)
FN:135,(anonymous_5)
FN:180,(anonymous_6)
FN:248,(anonymous_7)
FN:285,(anonymous_8)
FN:295,(anonymous_9)
FN:298,(anonymous_10)
FN:308,(anonymous_11)
FN:315,(anonymous_12)
FN:330,(anonymous_13)
FN:335,(anonymous_14)
FN:339,(anonymous_15)
FN:349,(anonymous_16)
FN:391,(anonymous_17)
FN:399,(anonymous_18)
FN:420,(anonymous_19)
FN:429,(anonymous_20)
FN:435,(anonymous_21)
FN:450,(anonymous_22)
FN:451,(anonymous_23)
FN:456,(anonymous_24)
FN:457,(anonymous_25)
FN:458,(anonymous_26)
FN:461,(anonymous_27)
FN:462,(anonymous_28)
FN:463,(anonymous_29)
FN:465,(anonymous_30)
FN:498,(anonymous_31)
FN:516,(anonymous_32)
FN:519,(anonymous_33)
FN:528,(anonymous_34)
FN:547,(anonymous_35)
FN:555,(anonymous_36)
FN:562,(anonymous_37)
FN:563,(anonymous_38)
FN:566,(anonymous_39)
FN:567,(anonymous_40)
FN:570,(anonymous_41)
FN:571,(anonymous_42)
FN:575,(anonymous_43)
FN:583,(anonymous_44)
FN:586,(anonymous_45)
FN:600,(anonymous_46)
FN:607,(anonymous_47)
FN:608,(anonymous_48)
FN:616,(anonymous_49)
FN:623,(anonymous_50)
FNF:48
FNH:0
FNDA:0,(anonymous_3)
FNDA:0,(anonymous_4)
FNDA:0,(anonymous_5)
FNDA:0,(anonymous_6)
FNDA:0,(anonymous_7)
FNDA:0,(anonymous_8)
FNDA:0,(anonymous_9)
FNDA:0,(anonymous_10)
FNDA:0,(anonymous_11)
FNDA:0,(anonymous_12)
FNDA:0,(anonymous_13)
FNDA:0,(anonymous_14)
FNDA:0,(anonymous_15)
FNDA:0,(anonymous_16)
FNDA:0,(anonymous_17)
FNDA:0,(anonymous_18)
FNDA:0,(anonymous_19)
FNDA:0,(anonymous_20)
FNDA:0,(anonymous_21)
FNDA:0,(anonymous_22)
FNDA:0,(anonymous_23)
FNDA:0,(anonymous_24)
FNDA:0,(anonymous_25)
FNDA:0,(anonymous_26)
FNDA:0,(anonymous_27)
FNDA:0,(anonymous_28)
FNDA:0,(anonymous_29)
FNDA:0,(anonymous_30)
FNDA:0,(anonymous_31)
FNDA:0,(anonymous_32)
FNDA:0,(anonymous_33)
FNDA:0,(anonymous_34)
FNDA:0,(anonymous_35)
FNDA:0,(anonymous_36)
FNDA:0,(anonymous_37)
FNDA:0,(anonymous_38)
FNDA:0,(anonymous_39)
FNDA:0,(anonymous_40)
FNDA:0,(anonymous_41)
FNDA:0,(anonymous_42)
FNDA:0,(anonymous_43)
FNDA:0,(anonymous_44)
FNDA:0,(anonymous_45)
FNDA:0,(anonymous_46)
FNDA:0,(anonymous_47)
FNDA:0,(anonymous_48)
FNDA:0,(anonymous_49)
FNDA:0,(anonymous_50)
DA:6,0
DA:110,0
DA:112,0
DA:113,0
DA:115,0
DA:116,0
DA:121,0
DA:122,0
DA:126,0
DA:127,0
DA:129,0
DA:145,0
DA:147,0
DA:171,0
DA:172,0
DA:174,0
DA:187,0
DA:188,0
DA:189,0
DA:192,0
DA:195,0
DA:196,0
DA:199,0
DA:200,0
DA:201,0
DA:202,0
DA:204,0
DA:205,0
DA:207,0
DA:208,0
DA:210,0
DA:211,0
DA:212,0
DA:213,0
DA:214,0
DA:215,0
DA:216,0
DA:217,0
DA:222,0
DA:229,0
DA:232,0
DA:233,0
DA:237,0
DA:238,0
DA:241,0
DA:242,0
DA:255,0
DA:256,0
DA:257,0
DA:260,0
DA:268,0
DA:269,0
DA:271,0
DA:272,0
DA:274,0
DA:276,0
DA:279,0
DA:286,0
DA:287,0
DA:288,0
DA:291,0
DA:294,0
DA:295,0
DA:296,0
DA:298,0
DA:302,0
DA:309,0
DA:320,0
DA:325,0
DA:328,0
DA:329,0
DA:330,0
DA:333,0
DA:334,0
DA:335,0
DA:338,0
DA:339,0
DA:340,0
DA:346,0
DA:347,0
DA:349,0
DA:352,0
DA:354,0
DA:355,0
DA:356,0
DA:358,0
DA:359,0
DA:360,0
DA:362,0
DA:363,0
DA:364,0
DA:366,0
DA:367,0
DA:370,0
DA:374,0
DA:375,0
DA:376,0
DA:378,0
DA:379,0
DA:381,0
DA:392,0
DA:393,0
DA:411,0
DA:412,0
DA:415,0
DA:420,0
DA:421,0
DA:425,0
DA:426,0
DA:427,0
DA:429,0
DA:430,0
DA:431,0
DA:432,0
DA:435,0
DA:436,0
DA:437,0
DA:438,0
DA:439,0
DA:440,0
DA:441,0
DA:444,0
DA:449,0
DA:450,0
DA:451,0
DA:455,0
DA:456,0
DA:457,0
DA:458,0
DA:460,0
DA:461,0
DA:462,0
DA:463,0
DA:465,0
DA:466,0
DA:467,0
DA:468,0
DA:471,0
DA:499,0
DA:500,0
DA:502,0
DA:503,0
DA:507,0
DA:508,0
DA:509,0
DA:514,0
DA:515,0
DA:516,0
DA:518,0
DA:519,0
DA:520,0
DA:524,0
DA:525,0
DA:529,0
DA:530,0
DA:532,0
DA:533,0
DA:542,0
DA:543,0
DA:548,0
DA:549,0
DA:550,0
DA:551,0
DA:556,0
DA:557,0
DA:562,0
DA:563,0
DA:565,0
DA:566,0
DA:567,0
DA:569,0
DA:570,0
DA:571,0
DA:573,0
DA:574,0
DA:575,0
DA:577,0
DA:583,0
DA:586,0
DA:601,0
DA:602,0
DA:603,0
DA:604,0
DA:608,0
DA:609,0
DA:617,0
DA:618,0
DA:619,0
DA:624,0
DA:643,0
LF:190
LH:0
BRDA:126,0,0,0
BRDA:138,1,0,0
BRDA:162,2,0,0
BRDA:162,2,1,0
BRDA:188,3,0,0
BRDA:199,4,0,0
BRDA:199,4,1,0
BRDA:204,5,0,0
BRDA:207,6,0,0
BRDA:208,7,0,0
BRDA:208,7,1,0
BRDA:210,8,0,0
BRDA:210,8,1,0
BRDA:210,9,0,0
BRDA:210,9,1,0
BRDA:210,9,2,0
BRDA:213,10,0,0
BRDA:215,11,0,0
BRDA:232,12,0,0
BRDA:237,13,0,0
BRDA:237,14,0,0
BRDA:237,14,1,0
BRDA:237,14,2,0
BRDA:253,15,0,0
BRDA:256,16,0,0
BRDA:271,17,0,0
BRDA:271,17,1,0
BRDA:271,18,0,0
BRDA:271,18,1,0
BRDA:286,19,0,0
BRDA:286,19,1,0
BRDA:287,20,0,0
BRDA:294,21,0,0
BRDA:309,22,0,0
BRDA:309,22,1,0
BRDA:315,23,0,0
BRDA:328,24,0,0
BRDA:329,25,0,0
BRDA:329,25,1,0
BRDA:333,26,0,0
BRDA:334,27,0,0
BRDA:334,27,1,0
BRDA:338,28,0,0
BRDA:340,29,0,0
BRDA:340,29,1,0
BRDA:346,30,0,0
BRDA:346,30,1,0
BRDA:347,31,0,0
BRDA:347,31,1,0
BRDA:352,32,0,0
BRDA:352,32,1,0
BRDA:352,32,2,0
BRDA:352,32,3,0
BRDA:358,33,0,0
BRDA:358,33,1,0
BRDA:359,34,0,0
BRDA:359,34,1,0
BRDA:362,35,0,0
BRDA:362,35,1,0
BRDA:363,36,0,0
BRDA:363,36,1,0
BRDA:370,37,0,0
BRDA:370,37,1,0
BRDA:375,38,0,0
BRDA:375,38,1,0
BRDA:376,39,0,0
BRDA:376,39,1,0
BRDA:411,40,0,0
BRDA:411,40,1,0
BRDA:431,41,0,0
BRDA:431,42,0,0
BRDA:431,42,1,0
BRDA:436,43,0,0
BRDA:436,43,1,0
BRDA:438,44,0,0
BRDA:438,44,1,0
BRDA:440,45,0,0
BRDA:466,46,0,0
BRDA:498,47,0,0
BRDA:503,48,0,0
BRDA:504,49,0,0
BRDA:504,49,1,0
BRDA:504,49,2,0
BRDA:514,50,0,0
BRDA:530,51,0,0
BRDA:542,52,0,0
BRDA:549,53,0,0
BRDA:582,54,0,0
BRDA:582,54,1,0
BRDA:585,55,0,0
BRDA:585,55,1,0
BRDA:588,56,0,0
BRDA:588,56,1,0
BRDA:604,57,0,0
BRDA:604,57,1,0
BRDA:617,58,0,0
BRF:96
BRH:0
end_of_record
TN:
SF:lib/vision-analysis.ts
FN:162,(anonymous_3)
FN:180,(anonymous_4)
FN:292,(anonymous_5)
FN:307,(anonymous_6)
FN:312,(anonymous_7)
FN:322,(anonymous_8)
FN:368,(anonymous_9)
FN:394,(anonymous_10)
FN:421,(anonymous_11)
FN:446,(anonymous_12)
FN:456,(anonymous_13)
FN:467,(anonymous_14)
FN:472,(anonymous_15)
FN:480,(anonymous_16)
FN:485,(anonymous_17)
FN:496,(anonymous_18)
FN:500,(anonymous_19)
FN:501,(anonymous_20)
FN:521,(anonymous_21)
FN:531,(anonymous_22)
FN:542,(anonymous_23)
FNF:21
FNH:6
FNDA:25,(anonymous_3)
FNDA:0,(anonymous_4)
FNDA:2,(anonymous_5)
FNDA:17,(anonymous_6)
FNDA:17,(anonymous_7)
FNDA:17,(anonymous_8)
FNDA:4,(anonymous_9)
FNDA:0,(anonymous_10)
FNDA:0,(anonymous_11)
FNDA:0,(anonymous_12)
FNDA:0,(anonymous_13)
FNDA:0,(anonymous_14)
FNDA:0,(anonymous_15)
FNDA:0,(anonymous_16)
FNDA:0,(anonymous_17)
FNDA:0,(anonymous_18)
FNDA:0,(anonymous_19)
FNDA:0,(anonymous_20)
FNDA:0,(anonymous_21)
FNDA:0,(anonymous_22)
FNDA:0,(anonymous_23)
DA:1,1
DA:2,1
DA:3,1
DA:4,1
DA:5,1
DA:108,1
DA:154,11
DA:157,1
DA:163,25
DA:164,25
DA:165,25
DA:167,25
DA:169,25
DA:172,0
DA:175,0
DA:180,0
DA:207,0
DA:208,0
DA:211,0
DA:214,0
DA:234,0
DA:237,0
DA:239,0
DA:251,25
DA:252,25
DA:253,25
DA:256,25
DA:257,25
DA:277,25
DA:293,2
DA:294,2
DA:295,2
DA:297,2
DA:298,2
DA:299,2
DA:301,2
DA:303,2
DA:304,4
DA:307,4
DA:308,17
DA:313,17
DA:314,17
DA:315,17
DA:319,4
DA:322,4
DA:323,17
DA:324,0
DA:325,0
DA:332,2
DA:335,2
DA:337,2
DA:348,0
DA:349,0
DA:350,0
DA:352,0
DA:369,4
DA:370,4
DA:372,4
DA:373,0
DA:376,0
DA:377,0
DA:378,0
DA:381,0
DA:382,0
DA:383,0
DA:387,4
DA:399,0
DA:401,0
DA:402,0
DA:403,0
DA:405,0
DA:406,0
DA:408,0
DA:409,0
DA:413,0
DA:415,0
DA:422,0
DA:424,0
DA:425,0
DA:427,0
DA:430,0
DA:432,0
DA:435,0
DA:436,0
DA:439,0
DA:447,0
DA:450,0
DA:451,0
DA:455,0
DA:456,0
DA:457,0
DA:459,0
DA:461,0
DA:472,0
DA:475,0
DA:476,0
DA:479,0
DA:480,0
DA:483,0
DA:484,0
DA:485,0
DA:487,0
DA:489,0
DA:490,0
DA:495,0
DA:496,0
DA:499,0
DA:500,0
DA:501,0
DA:503,0
DA:504,0
DA:506,0
DA:507,0
DA:511,0
DA:523,0
DA:524,0
DA:532,0
DA:539,0
DA:543,0
DA:592,0
DA:596,1
LF:121
LH:44
BRDA:207,0,0,0
BRDA:207,0,1,0
BRDA:256,1,0,25
BRDA:256,1,1,0
BRDA:272,2,0,25
BRDA:272,2,1,0
BRDA:280,3,0,25
BRDA:280,3,1,0
BRDA:295,4,0,2
BRDA:295,4,1,2
BRDA:323,5,0,0
BRDA:335,6,0,0
BRDA:335,6,1,2
BRDA:355,7,0,0
BRDA:355,7,1,0
BRDA:372,8,0,0
BRDA:377,9,0,0
BRDA:377,10,0,0
BRDA:377,10,1,0
BRDA:382,11,0,0
BRDA:387,12,0,4
BRDA:387,12,1,0
BRDA:401,13,0,0
BRDA:402,14,0,0
BRDA:405,15,0,0
BRDA:408,16,0,0
BRDA:408,17,0,0
BRDA:408,17,1,0
BRDA:425,18,0,0
BRDA:425,18,1,0
BRDA:450,19,0,0
BRDA:450,20,0,0
BRDA:450,20,1,0
BRDA:457,21,0,0
BRDA:457,21,1,0
BRDA:457,21,2,0
BRDA:483,22,0,0
BRDA:485,23,0,0
BRDA:485,23,1,0
BRDA:489,24,0,0
BRDA:499,25,0,0
BRDA:503,26,0,0
BRDA:506,27,0,0
BRDA:523,28,0,0
BRDA:523,29,0,0
BRDA:523,29,1,0
BRDA:539,30,0,0
BRDA:539,30,1,0
BRDA:592,31,0,0
BRDA:592,31,1,0
BRF:50
BRH:7
end_of_record
TN:
SF:lib/whisper-service.ts
FN:77,transcribeAudio
FN:127,(anonymous_8)
FN:287,validateTranscriptionOptions
FN:322,extractTextFromTranscription
FN:338,extractSegmentsFromTranscription
FN:349,extractWordsFromTranscription
FN:360,formatTranscriptionForDisplay
FN:380,(anonymous_14)
FNF:8
FNH:2
FNDA:10,transcribeAudio
FNDA:0,(anonymous_8)
FNDA:8,validateTranscriptionOptions
FNDA:0,extractTextFromTranscription
FNDA:0,extractSegmentsFromTranscription
FNDA:0,extractWordsFromTranscription
FNDA:0,formatTranscriptionForDisplay
FNDA:0,(anonymous_14)
DA:2,1
DA:3,1
DA:4,1
DA:5,1
DA:6,1
DA:7,1
DA:10,6
DA:77,10
DA:83,10
DA:84,10
DA:87,10
DA:89,10
DA:90,1
DA:98,9
DA:99,7
DA:102,2
DA:112,8
DA:113,8
DA:119,8
DA:122,8
DA:127,0
DA:144,0
DA:149,0
DA:150,0
DA:153,0
DA:154,0
DA:155,0
DA:157,0
DA:177,0
DA:180,0
DA:196,0
DA:199,0
DA:201,0
DA:202,0
DA:204,0
DA:223,0
DA:226,0
DA:238,0
DA:241,10
DA:244,10
DA:245,10
DA:246,10
DA:264,0
DA:268,10
DA:270,10
DA:288,8
DA:289,0
DA:299,8
DA:300,0
DA:310,8
DA:311,0
DA:322,0
DA:323,0
DA:324,0
DA:327,0
DA:328,0
DA:332,0
DA:338,0
DA:339,0
DA:340,0
DA:343,0
DA:349,0
DA:350,0
DA:351,0
DA:354,0
DA:360,0
DA:366,0
DA:367,0
DA:369,0
DA:376,0
DA:380,0
LF:71
LH:29
BRDA:80,0,0,9
BRDA:84,1,0,10
BRDA:84,1,1,10
BRDA:89,2,0,1
BRDA:98,3,0,7
BRDA:98,3,1,2
BRDA:129,4,0,0
BRDA:129,4,1,0
BRDA:131,5,0,0
BRDA:131,5,1,0
BRDA:132,6,0,0
BRDA:132,6,1,0
BRDA:149,7,0,0
BRDA:149,7,1,0
BRDA:155,8,0,0
BRDA:155,8,1,0
BRDA:196,9,0,0
BRDA:196,9,1,0
BRDA:196,10,0,0
BRDA:196,10,1,0
BRDA:201,11,0,0
BRDA:201,11,1,0
BRDA:202,12,0,0
BRDA:202,12,1,0
BRDA:210,13,0,0
BRDA:210,13,1,0
BRDA:245,14,0,8
BRDA:245,14,1,2
BRDA:254,15,0,10
BRDA:254,15,1,0
BRDA:258,16,0,10
BRDA:258,16,1,2
BRDA:259,17,0,10
BRDA:259,17,1,0
BRDA:268,18,0,10
BRDA:268,18,1,0
BRDA:275,19,0,10
BRDA:275,19,1,2
BRDA:288,20,0,0
BRDA:288,21,0,8
BRDA:288,21,1,3
BRDA:288,21,2,3
BRDA:299,22,0,0
BRDA:299,23,0,8
BRDA:299,23,1,6
BRDA:310,24,0,0
BRDA:310,25,0,8
BRDA:310,25,1,1
BRDA:310,25,2,1
BRDA:323,26,0,0
BRDA:327,27,0,0
BRDA:332,28,0,0
BRDA:332,28,1,0
BRDA:339,29,0,0
BRDA:339,30,0,0
BRDA:339,30,1,0
BRDA:343,31,0,0
BRDA:343,31,1,0
BRDA:350,32,0,0
BRDA:350,33,0,0
BRDA:350,33,1,0
BRDA:354,34,0,0
BRDA:354,34,1,0
BRDA:370,35,0,0
BRDA:370,35,1,0
BRDA:371,36,0,0
BRDA:371,36,1,0
BRDA:372,37,0,0
BRDA:372,37,1,0
BRF:69
BRH:23
end_of_record
TN:
SF:lib/worker-pool.ts
FN:48,(anonymous_4)
FN:75,(anonymous_5)
FN:87,(anonymous_6)
FN:103,(anonymous_7)
FN:110,(anonymous_8)
FN:131,(anonymous_9)
FN:135,(anonymous_10)
FN:141,(anonymous_11)
FN:142,(anonymous_12)
FN:143,(anonymous_13)
FN:160,(anonymous_14)
FN:173,(anonymous_15)
FN:174,(anonymous_16)
FN:185,(anonymous_17)
FN:194,(anonymous_18)
FN:203,(anonymous_19)
FN:222,(anonymous_20)
FN:233,(anonymous_21)
FN:237,(anonymous_22)
FN:259,(anonymous_23)
FN:271,(anonymous_24)
FN:274,(anonymous_25)
FN:282,(anonymous_26)
FN:287,(anonymous_27)
FN:288,(anonymous_28)
FN:324,(anonymous_29)
FN:340,(anonymous_30)
FN:345,(anonymous_31)
FN:368,(anonymous_32)
FN:392,(anonymous_33)
FN:410,(anonymous_34)
FN:440,(anonymous_35)
FN:461,(anonymous_36)
FN:462,(anonymous_37)
FN:464,(anonymous_38)
FN:465,(anonymous_39)
FN:471,(anonymous_40)
FN:472,(anonymous_41)
FN:495,(anonymous_42)
FN:508,(anonymous_43)
FN:526,(anonymous_44)
FN:544,(anonymous_45)
FN:555,(anonymous_46)
FN:581,(anonymous_47)
FN:582,(anonymous_48)
FN:592,(anonymous_49)
FN:599,(anonymous_50)
FN:606,(anonymous_51)
FN:607,(anonymous_52)
FNF:49
FNH:0
FNDA:0,(anonymous_4)
FNDA:0,(anonymous_5)
FNDA:0,(anonymous_6)
FNDA:0,(anonymous_7)
FNDA:0,(anonymous_8)
FNDA:0,(anonymous_9)
FNDA:0,(anonymous_10)
FNDA:0,(anonymous_11)
FNDA:0,(anonymous_12)
FNDA:0,(anonymous_13)
FNDA:0,(anonymous_14)
FNDA:0,(anonymous_15)
FNDA:0,(anonymous_16)
FNDA:0,(anonymous_17)
FNDA:0,(anonymous_18)
FNDA:0,(anonymous_19)
FNDA:0,(anonymous_20)
FNDA:0,(anonymous_21)
FNDA:0,(anonymous_22)
FNDA:0,(anonymous_23)
FNDA:0,(anonymous_24)
FNDA:0,(anonymous_25)
FNDA:0,(anonymous_26)
FNDA:0,(anonymous_27)
FNDA:0,(anonymous_28)
FNDA:0,(anonymous_29)
FNDA:0,(anonymous_30)
FNDA:0,(anonymous_31)
FNDA:0,(anonymous_32)
FNDA:0,(anonymous_33)
FNDA:0,(anonymous_34)
FNDA:0,(anonymous_35)
FNDA:0,(anonymous_36)
FNDA:0,(anonymous_37)
FNDA:0,(anonymous_38)
FNDA:0,(anonymous_39)
FNDA:0,(anonymous_40)
FNDA:0,(anonymous_41)
FNDA:0,(anonymous_42)
FNDA:0,(anonymous_43)
FNDA:0,(anonymous_44)
FNDA:0,(anonymous_45)
FNDA:0,(anonymous_46)
FNDA:0,(anonymous_47)
FNDA:0,(anonymous_48)
FNDA:0,(anonymous_49)
FNDA:0,(anonymous_50)
FNDA:0,(anonymous_51)
FNDA:0,(anonymous_52)
DA:2,0
DA:3,0
DA:36,0
DA:57,0
DA:58,0
DA:59,0
DA:60,0
DA:61,0
DA:64,0
DA:67,0
DA:68,0
DA:76,0
DA:77,0
DA:80,0
DA:87,0
DA:88,0
DA:89,0
DA:91,0
DA:94,0
DA:95,0
DA:97,0
DA:104,0
DA:127,0
DA:128,0
DA:130,0
DA:131,0
DA:134,0
DA:135,0
DA:138,0
DA:141,0
DA:142,0
DA:143,0
DA:161,0
DA:162,0
DA:164,0
DA:166,0
DA:167,0
DA:169,0
DA:171,0
DA:172,0
DA:173,0
DA:174,0
DA:176,0
DA:177,0
DA:186,0
DA:187,0
DA:188,0
DA:195,0
DA:196,0
DA:204,0
DA:213,0
DA:214,0
DA:216,0
DA:223,0
DA:224,0
DA:225,0
DA:226,0
DA:234,0
DA:236,0
DA:237,0
DA:239,0
DA:240,0
DA:242,0
DA:243,0
DA:247,0
DA:248,0
DA:249,0
DA:250,0
DA:251,0
DA:260,0
DA:261,0
DA:262,0
DA:264,0
DA:265,0
DA:267,0
DA:270,0
DA:272,0
DA:275,0
DA:283,0
DA:284,0
DA:287,0
DA:288,0
DA:289,0
DA:294,0
DA:296,0
DA:297,0
DA:298,0
DA:299,0
DA:301,0
DA:309,0
DA:311,0
DA:325,0
DA:327,0
DA:329,0
DA:331,0
DA:333,0
DA:341,0
DA:345,0
DA:347,0
DA:349,0
DA:355,0
DA:361,0
DA:369,0
DA:371,0
DA:373,0
DA:379,0
DA:385,0
DA:393,0
DA:395,0
DA:396,0
DA:398,0
DA:403,0
DA:417,0
DA:418,0
DA:420,0
DA:421,0
DA:422,0
DA:432,0
DA:434,0
DA:446,0
DA:448,0
DA:462,0
DA:464,0
DA:465,0
DA:466,0
DA:467,0
DA:468,0
DA:471,0
DA:472,0
DA:474,0
DA:475,0
DA:476,0
DA:479,0
DA:496,0
DA:497,0
DA:498,0
DA:499,0
DA:500,0
DA:502,0
DA:509,0
DA:510,0
DA:511,0
DA:512,0
DA:514,0
DA:515,0
DA:517,0
DA:520,0
DA:527,0
DA:528,0
DA:529,0
DA:530,0
DA:532,0
DA:540,0
DA:541,0
DA:544,0
DA:545,0
DA:546,0
DA:547,0
DA:556,0
DA:557,0
DA:560,0
DA:562,0
DA:564,0
DA:565,0
DA:567,0
DA:571,0
DA:573,0
DA:574,0
DA:582,0
DA:583,0
DA:584,0
DA:593,0
DA:600,0
DA:607,0
LF:174
LH:0
BRDA:48,0,0,0
BRDA:57,1,0,0
BRDA:57,1,1,0
BRDA:58,2,0,0
BRDA:58,2,1,0
BRDA:59,3,0,0
BRDA:59,3,1,0
BRDA:60,4,0,0
BRDA:60,4,1,0
BRDA:67,5,0,0
BRDA:76,6,0,0
BRDA:88,7,0,0
BRDA:88,7,1,0
BRDA:130,8,0,0
BRDA:130,8,1,0
BRDA:134,9,0,0
BRDA:134,9,1,0
BRDA:164,10,0,0
BRDA:164,10,1,0
BRDA:169,11,0,0
BRDA:224,12,0,0
BRDA:224,13,0,0
BRDA:224,13,1,0
BRDA:234,14,0,0
BRDA:240,15,0,0
BRDA:247,16,0,0
BRDA:247,17,0,0
BRDA:247,17,1,0
BRDA:247,17,2,0
BRDA:249,18,0,0
BRDA:289,19,0,0
BRDA:289,19,1,0
BRDA:290,20,0,0
BRDA:290,20,1,0
BRDA:314,21,0,0
BRDA:314,21,1,0
BRDA:325,22,0,0
BRDA:325,22,1,0
BRDA:325,22,2,0
BRDA:325,22,3,0
BRDA:361,23,0,0
BRDA:361,23,1,0
BRDA:385,24,0,0
BRDA:385,24,1,0
BRDA:403,25,0,0
BRDA:403,25,1,0
BRDA:417,26,0,0
BRDA:417,26,1,0
BRDA:426,27,0,0
BRDA:426,27,1,0
BRDA:427,28,0,0
BRDA:427,28,1,0
BRDA:451,29,0,0
BRDA:451,29,1,0
BRDA:466,30,0,0
BRDA:474,31,0,0
BRDA:480,32,0,0
BRDA:480,32,1,0
BRDA:482,33,0,0
BRDA:482,33,1,0
BRDA:483,34,0,0
BRDA:483,34,1,0
BRDA:484,35,0,0
BRDA:484,35,1,0
BRDA:485,36,0,0
BRDA:485,36,1,0
BRDA:497,37,0,0
BRDA:500,38,0,0
BRDA:500,38,1,0
BRDA:502,39,0,0
BRDA:502,39,1,0
BRDA:535,40,0,0
BRDA:535,40,1,0
BRDA:536,41,0,0
BRDA:536,41,1,0
BRDA:545,42,0,0
BRDA:562,43,0,0
BRDA:562,43,1,0
BRDA:565,44,0,0
BRDA:565,45,0,0
BRDA:565,45,1,0
BRDA:573,46,0,0
BRDA:583,47,0,0
BRF:83
BRH:0
end_of_record
TN:
SF:lib/errors/handlers.ts
FN:36,generateRequestId
FN:41,normalizeError
FN:94,createErrorResponse
FN:110,createSuccessResponse
FN:122,logError
FN:140,handleBlobSDKError
FN:191,validateStorageConfig
FN:193,(anonymous_20)
FN:206,withErrorHandling
FN:221,withTimeout
FN:226,(anonymous_23)
FN:227,(anonymous_24)
FN:242,checkRateLimit
FN:255,(anonymous_26)
FN:278,(anonymous_27)
FN:289,withRetry
FN:315,(anonymous_29)
FN:334,(anonymous_30)
FN:338,(anonymous_31)
FN:346,(anonymous_32)
FN:350,(anonymous_33)
FN:354,(anonymous_34)
FN:357,(anonymous_35)
FN:359,(anonymous_36)
FN:367,(anonymous_37)
FNF:25
FNH:4
FNDA:8,generateRequestId
FNDA:5,normalizeError
FNDA:0,createErrorResponse
FNDA:0,createSuccessResponse
FNDA:5,logError
FNDA:5,handleBlobSDKError
FNDA:0,validateStorageConfig
FNDA:0,(anonymous_20)
FNDA:0,withErrorHandling
FNDA:0,withTimeout
FNDA:0,(anonymous_23)
FNDA:0,(anonymous_24)
FNDA:0,checkRateLimit
FNDA:0,(anonymous_26)
FNDA:0,(anonymous_27)
FNDA:0,withRetry
FNDA:0,(anonymous_29)
FNDA:0,(anonymous_30)
FNDA:0,(anonymous_31)
FNDA:0,(anonymous_32)
FNDA:0,(anonymous_33)
FNDA:0,(anonymous_34)
FNDA:0,(anonymous_35)
FNDA:0,(anonymous_36)
FNDA:0,(anonymous_37)
DA:3,1
DA:4,1
DA:15,1
DA:36,8
DA:37,8
DA:41,0
DA:42,5
DA:44,0
DA:47,5
DA:49,5
DA:50,0
DA:53,5
DA:54,0
DA:61,5
DA:62,0
DA:69,5
DA:70,0
DA:78,5
DA:86,0
DA:94,0
DA:95,0
DA:106,0
DA:110,0
DA:111,0
DA:118,0
DA:122,5
DA:123,5
DA:136,5
DA:140,5
DA:141,5
DA:143,5
DA:145,5
DA:146,0
DA:156,5
DA:157,0
DA:164,5
DA:165,0
DA:175,5
DA:176,0
DA:187,5
DA:191,0
DA:192,0
DA:193,0
DA:195,0
DA:196,0
DA:202,0
DA:206,0
DA:211,0
DA:212,0
DA:214,0
DA:215,0
DA:216,0
DA:221,5
DA:226,0
DA:227,0
DA:228,0
DA:236,0
DA:240,1
DA:242,0
DA:248,0
DA:249,0
DA:252,0
DA:255,0
DA:258,0
DA:259,0
DA:272,0
DA:273,0
DA:276,0
DA:277,0
DA:278,0
DA:279,0
DA:280,0
DA:282,0
DA:289,0
DA:297,0
DA:298,0
DA:299,0
DA:301,0
DA:304,0
DA:305,0
DA:309,0
DA:310,0
DA:314,0
DA:315,0
DA:317,0
DA:326,0
DA:330,0
DA:331,0
DA:335,0
DA:339,0
DA:340,0
DA:341,0
DA:343,0
DA:347,0
DA:351,0
DA:355,0
DA:356,0
DA:357,0
DA:359,0
DA:368,0
DA:369,0
DA:370,0
DA:372,0
LF:103
LH:25
BRDA:42,0,0,0
BRDA:47,1,0,5
BRDA:49,2,0,0
BRDA:49,3,0,5
BRDA:49,3,1,5
BRDA:53,4,0,0
BRDA:53,5,0,5
BRDA:53,5,1,5
BRDA:61,6,0,0
BRDA:61,7,0,5
BRDA:61,7,1,5
BRDA:69,8,0,0
BRDA:69,9,0,5
BRDA:69,9,1,5
BRDA:79,10,0,5
BRDA:79,10,1,0
BRDA:101,11,0,0
BRDA:101,11,1,0
BRDA:141,12,0,5
BRDA:145,13,0,0
BRDA:145,14,0,5
BRDA:145,14,1,5
BRDA:156,15,0,0
BRDA:156,16,0,5
BRDA:156,16,1,5
BRDA:164,17,0,0
BRDA:164,18,0,5
BRDA:164,18,1,5
BRDA:175,19,0,0
BRDA:195,20,0,0
BRDA:223,21,0,0
BRDA:244,22,0,0
BRDA:245,23,0,0
BRDA:252,24,0,0
BRDA:252,24,1,0
BRDA:258,25,0,0
BRDA:276,26,0,0
BRDA:279,27,0,0
BRDA:279,27,1,0
BRDA:291,28,0,0
BRDA:292,29,0,0
BRDA:304,30,0,0
BRDA:304,31,0,0
BRDA:304,31,1,0
BRDA:309,32,0,0
BRDA:321,33,0,0
BRDA:321,33,1,0
BRDA:340,34,0,0
BRDA:355,35,0,0
BRDA:370,36,0,0
BRDA:370,36,1,0
BRF:51
BRH:17
end_of_record
TN:
SF:lib/errors/types.ts
FN:20,(anonymous_35)
FN:28,(anonymous_36)
FN:45,(anonymous_37)
FN:54,(anonymous_38)
FN:64,(anonymous_39)
FN:73,(anonymous_40)
FN:82,(anonymous_41)
FN:92,(anonymous_42)
FN:101,(anonymous_43)
FN:110,(anonymous_44)
FN:120,(anonymous_45)
FN:129,(anonymous_46)
FN:139,(anonymous_47)
FN:149,(anonymous_48)
FN:158,(anonymous_49)
FN:168,(anonymous_50)
FN:177,(anonymous_51)
FN:187,(anonymous_52)
FN:197,(anonymous_53)
FN:207,(anonymous_54)
FN:216,(anonymous_55)
FN:225,(anonymous_56)
FN:234,(anonymous_57)
FN:243,(anonymous_58)
FN:252,(anonymous_59)
FN:261,(anonymous_60)
FN:270,(anonymous_61)
FN:276,isStorageError
FN:280,isBlobError
FN:285,isValidationError
FN:290,isNetworkError
FN:296,createBlobTokenError
FN:304,createFileTooLargeError
FN:312,createUnsupportedFileError
FN:320,createMissingFileError
FN:329,formatBytes
FNF:36
FNH:12
FNDA:42,(anonymous_35)
FNDA:0,(anonymous_36)
FNDA:0,(anonymous_37)
FNDA:0,(anonymous_38)
FNDA:4,(anonymous_39)
FNDA:6,(anonymous_40)
FNDA:0,(anonymous_41)
FNDA:0,(anonymous_42)
FNDA:0,(anonymous_43)
FNDA:0,(anonymous_44)
FNDA:0,(anonymous_45)
FNDA:0,(anonymous_46)
FNDA:0,(anonymous_47)
FNDA:0,(anonymous_48)
FNDA:1,(anonymous_49)
FNDA:0,(anonymous_50)
FNDA:0,(anonymous_51)
FNDA:1,(anonymous_52)
FNDA:5,(anonymous_53)
FNDA:25,(anonymous_54)
FNDA:0,(anonymous_55)
FNDA:0,(anonymous_56)
FNDA:0,(anonymous_57)
FNDA:0,(anonymous_58)
FNDA:0,(anonymous_59)
FNDA:0,(anonymous_60)
FNDA:0,(anonymous_61)
FNDA:13,isStorageError
FNDA:0,isBlobError
FNDA:0,isValidationError
FNDA:0,isNetworkError
FNDA:0,createBlobTokenError
FNDA:3,createFileTooLargeError
FNDA:4,createUnsupportedFileError
FNDA:1,createMissingFileError
FNDA:6,formatBytes
DA:13,0
DA:21,42
DA:22,42
DA:23,42
DA:24,42
DA:25,42
DA:29,0
DA:41,0
DA:46,0
DA:50,0
DA:55,0
DA:60,2
DA:65,4
DA:69,7
DA:74,6
DA:78,0
DA:83,0
DA:88,0
DA:93,0
DA:97,0
DA:102,0
DA:106,0
DA:111,0
DA:116,0
DA:121,0
DA:125,0
DA:130,0
DA:135,0
DA:140,0
DA:145,0
DA:150,0
DA:154,1
DA:159,1
DA:164,0
DA:169,0
DA:173,0
DA:178,0
DA:183,1
DA:188,1
DA:193,5
DA:198,5
DA:203,25
DA:208,25
DA:212,0
DA:217,0
DA:221,0
DA:226,0
DA:230,0
DA:235,0
DA:239,0
DA:244,0
DA:248,0
DA:253,0
DA:257,0
DA:262,0
DA:266,0
DA:271,0
DA:276,13
DA:277,13
DA:280,0
DA:281,0
DA:285,0
DA:286,0
DA:290,0
DA:291,0
DA:296,0
DA:297,0
DA:304,3
DA:305,3
DA:312,4
DA:313,4
DA:320,1
DA:321,1
DA:330,6
DA:331,6
DA:332,6
DA:333,6
LF:77
LH:29
BRDA:45,0,0,0
BRDA:54,1,0,0
BRDA:64,2,0,0
BRDA:73,3,0,0
BRDA:82,4,0,0
BRDA:92,5,0,0
BRDA:101,6,0,0
BRDA:110,7,0,0
BRDA:120,8,0,0
BRDA:129,9,0,0
BRDA:139,10,0,0
BRDA:149,11,0,0
BRDA:158,12,0,0
BRDA:168,13,0,0
BRDA:177,14,0,0
BRDA:187,15,0,0
BRDA:197,16,0,0
BRDA:207,17,0,0
BRDA:216,18,0,0
BRDA:225,19,0,0
BRDA:234,20,0,0
BRDA:243,21,0,0
BRDA:252,22,0,0
BRDA:261,23,0,0
BRDA:270,24,0,0
BRDA:281,25,0,0
BRDA:281,25,1,0
BRDA:286,26,0,0
BRDA:286,26,1,0
BRDA:291,27,0,0
BRDA:291,27,1,0
BRDA:331,28,0,0
BRF:32
BRH:0
end_of_record
TN:
SF:lib/validation/index.ts
FN:34,validateFile
FN:91,validateFileDetailed
FN:160,validateRequestParams
FN:177,validateBooleanParam
FN:204,validateNumericParam
FN:253,validateStringParam
FN:313,validateEnumParam
FN:335,containsSuspiciousPatterns
FN:344,(anonymous_18)
FN:348,formatBytes
FN:357,sanitizeFilename
FNF:11
FNH:4
FNDA:25,validateFile
FNDA:0,validateFileDetailed
FNDA:0,validateRequestParams
FNDA:0,validateBooleanParam
FNDA:0,validateNumericParam
FNDA:0,validateStringParam
FNDA:0,validateEnumParam
FNDA:14,containsSuspiciousPatterns
FNDA:70,(anonymous_18)
FNDA:3,formatBytes
FNDA:0,sanitizeFilename
DA:11,1
DA:14,1
DA:34,25
DA:35,25
DA:36,1
DA:40,24
DA:41,4
DA:49,20
DA:50,3
DA:57,17
DA:58,3
DA:69,14
DA:70,0
DA:81,14
DA:82,0
DA:91,0
DA:92,0
DA:98,0
DA:99,0
DA:100,0
DA:101,0
DA:104,0
DA:111,0
DA:112,0
DA:113,0
DA:119,0
DA:120,0
DA:121,0
DA:126,0
DA:127,0
DA:128,0
DA:134,0
DA:135,0
DA:136,0
DA:142,0
DA:143,0
DA:144,0
DA:148,0
DA:149,0
DA:152,0
DA:153,0
DA:156,0
DA:160,0
DA:165,0
DA:166,0
DA:167,0
DA:177,0
DA:182,0
DA:183,0
DA:186,0
DA:187,0
DA:188,0
DA:189,0
DA:192,0
DA:204,0
DA:211,0
DA:213,0
DA:214,0
DA:225,0
DA:226,0
DA:237,0
DA:238,0
DA:249,0
DA:253,0
DA:261,0
DA:262,0
DA:273,0
DA:274,0
DA:285,0
DA:286,0
DA:297,0
DA:298,0
DA:309,0
DA:313,0
DA:319,0
DA:320,0
DA:331,0
DA:336,14
DA:344,70
DA:349,3
DA:350,3
DA:351,3
DA:352,3
DA:353,3
DA:357,0
DA:358,0
LF:86
LH:20
BRDA:35,0,0,1
BRDA:40,1,0,4
BRDA:49,2,0,3
BRDA:57,3,0,3
BRDA:69,4,0,0
BRDA:81,5,0,0
BRDA:98,6,0,0
BRDA:111,7,0,0
BRDA:119,8,0,0
BRDA:126,9,0,0
BRDA:134,10,0,0
BRDA:142,11,0,0
BRDA:148,12,0,0
BRDA:152,13,0,0
BRDA:166,14,0,0
BRDA:166,15,0,0
BRDA:166,15,1,0
BRDA:166,15,2,0
BRDA:182,16,0,0
BRDA:186,17,0,0
BRDA:188,18,0,0
BRDA:188,19,0,0
BRDA:188,19,1,0
BRDA:189,20,0,0
BRDA:189,21,0,0
BRDA:189,21,1,0
BRDA:213,22,0,0
BRDA:225,23,0,0
BRDA:225,24,0,0
BRDA:225,24,1,0
BRDA:237,25,0,0
BRDA:237,26,0,0
BRDA:237,26,1,0
BRDA:261,27,0,0
BRDA:273,28,0,0
BRDA:273,29,0,0
BRDA:273,29,1,0
BRDA:285,30,0,0
BRDA:285,31,0,0
BRDA:285,31,1,0
BRDA:297,32,0,0
BRDA:297,33,0,0
BRDA:297,33,1,0
BRDA:319,34,0,0
BRDA:349,35,0,0
BRF:45
BRH:4
end_of_record
